Timestamp, GPU Util (%), Memory Used (MiB), Power (W)
2025-03-26 22:22:19, 0,, 21,, 39.10
2025-03-26 22:22:29, 0,, 21,, 39.10
2025-03-26 22:22:39, 0,, 21,, 39.10
2025-03-26 22:22:49, 0,, 21,, 39.10
2025-03-26 22:22:59, 73,, 8189,, 191.35
2025-03-26 22:23:09, 22,, 8331,, 214.59
2025-03-26 22:23:19, 39,, 8331,, 223.05
2025-03-26 22:23:29, 37,, 8333,, 118.68
2025-03-26 22:23:39, 34,, 8333,, 145.94
2025-03-26 22:23:49, 26,, 8333,, 130.59
2025-03-26 22:23:59, 55,, 8333,, 108.60
2025-03-26 22:24:09, 63,, 8333,, 237.57
2025-03-26 22:24:19, 23,, 8333,, 90.00
2025-03-26 22:24:29, 39,, 8333,, 147.38
2025-03-26 22:24:39, 21,, 8333,, 171.14
2025-03-26 22:24:49, 16,, 8333,, 213.15
2025-03-26 22:24:59, 27,, 8333,, 90.48
2025-03-26 22:25:09, 51,, 8333,, 162.14
2025-03-26 22:25:19, 31,, 8333,, 188.38
2025-03-26 22:25:29, 25,, 8333,, 157.35
2025-03-26 22:25:39, 64,, 8333,, 222.10
2025-03-26 22:25:49, 54,, 8333,, 195.57
2025-03-26 22:26:00, 35,, 8333,, 214.11
2025-03-26 22:26:10, 30,, 8333,, 104.35
2025-03-26 22:26:20, 18,, 8333,, 82.79
2025-03-26 22:26:30, 40,, 8333,, 191.61
2025-03-26 22:26:40, 27,, 8333,, 71.25
2025-03-26 22:26:50, 19,, 8333,, 82.85
2025-03-26 22:27:00, 78,, 8333,, 69.38
2025-03-26 22:27:10, 43,, 8333,, 236.29
2025-03-26 22:27:20, 36,, 8333,, 189.34
2025-03-26 22:27:30, 29,, 8333,, 176.04
2025-03-26 22:27:40, 38,, 8333,, 213.63
2025-03-26 22:27:50, 77,, 8333,, 72.26
2025-03-26 22:28:00, 17,, 8333,, 90.96
2025-03-26 22:28:10, 58,, 8333,, 111.55
2025-03-26 22:28:20, 22,, 8333,, 144.98
2025-03-26 22:28:30, 45,, 8333,, 99.00
2025-03-26 22:28:40, 65,, 8333,, 94.74
2025-03-26 22:28:50, 51,, 8333,, 162.14
2025-03-26 22:29:00, 30,, 8333,, 79.00
2025-03-26 22:29:10, 59,, 8333,, 114.44
2025-03-26 22:29:20, 27,, 8333,, 87.60
2025-03-26 22:29:30, 42,, 8333,, 94.81
2025-03-26 22:29:40, 37,, 8333,, 228.01
2025-03-26 22:29:50, 42,, 8333,, 121.56
2025-03-26 22:30:00, 27,, 8333,, 91.44
2025-03-26 22:30:11, 61,, 8333,, 240.76
2025-03-26 22:30:21, 55,, 8333,, 167.42
2025-03-26 22:30:31, 71,, 8333,, 231.34
2025-03-26 22:30:41, 32,, 8333,, 213.63
2025-03-26 22:30:51, 28,, 8333,, 189.95
2025-03-26 22:31:01, 54,, 8333,, 117.72
2025-03-26 22:31:11, 34,, 8333,, 150.74
2025-03-26 22:31:21, 54,, 8333,, 223.53
2025-03-26 22:31:31, 28,, 8335,, 177.96
2025-03-26 22:31:41, 71,, 8335,, 247.76
2025-03-26 22:31:51, 29,, 8335,, 118.68
2025-03-26 22:32:01, 62,, 8335,, 197.48
2025-03-26 22:32:11, 52,, 8335,, 147.38
2025-03-26 22:32:21, 61,, 8335,, 182.63
2025-03-26 22:32:31, 45,, 8335,, 157.46
2025-03-26 22:32:41, 18,, 8335,, 81.29
2025-03-26 22:32:51, 36,, 8335,, 91.86
2025-03-26 22:33:01, 54,, 8335,, 220.99
2025-03-26 22:33:11, 51,, 8335,, 104.35
2025-03-26 22:33:21, 37,, 8335,, 84.66
2025-03-26 22:33:31, 28,, 8335,, 203.30
2025-03-26 22:33:41, 36,, 8335,, 74.62
2025-03-26 22:33:51, 10,, 8335,, 76.06
2025-03-26 22:34:01, 53,, 8335,, 209.66
2025-03-26 22:34:11, 38,, 8337,, 91.92
2025-03-26 22:34:21, 39,, 8337,, 239.16
2025-03-26 22:34:32, 59,, 8337,, 72.70
2025-03-26 22:34:42, 27,, 8337,, 141.53
2025-03-26 22:34:52, 53,, 8337,, 116.68
2025-03-26 22:35:02, 45,, 8337,, 170.66
2025-03-26 22:35:12, 36,, 8337,, 197.48
2025-03-26 22:35:22, 50,, 8337,, 92.82
2025-03-26 22:35:32, 77,, 8337,, 221.95
2025-03-26 22:35:42, 29,, 8337,, 216.21
2025-03-26 22:35:52, 40,, 8337,, 84.18
2025-03-26 22:36:02, 62,, 8337,, 93.30
2025-03-26 22:36:12, 30,, 8337,, 88.08
2025-03-26 22:36:22, 35,, 8337,, 220.81
2025-03-26 22:36:32, 30,, 8337,, 74.62
2025-03-26 22:36:42, 61,, 8337,, 219.08
2025-03-26 22:36:52, 61,, 8337,, 238.68
2025-03-26 22:37:02, 79,, 8337,, 218.27
2025-03-26 22:37:12, 36,, 8337,, 218.90
2025-03-26 22:37:22, 31,, 8337,, 122.75
2025-03-26 22:37:32, 28,, 8337,, 99.00
2025-03-26 22:37:42, 53,, 8337,, 100.51
2025-03-26 22:37:52, 58,, 8337,, 173.42
2025-03-26 22:38:02, 46,, 8337,, 98.59
2025-03-26 22:38:12, 18,, 8337,, 73.66
2025-03-26 22:38:22, 59,, 8337,, 170.29
2025-03-26 22:38:32, 22,, 8337,, 89.94
2025-03-26 22:38:43, 53,, 8337,, 199.75
2025-03-26 22:38:53, 56,, 8337,, 90.00
2025-03-26 22:39:03, 50,, 8337,, 127.80
2025-03-26 22:39:13, 27,, 8337,, 99.13
2025-03-26 22:39:23, 18,, 8337,, 79.43
2025-03-26 22:39:33, 38,, 8337,, 102.91
2025-03-26 22:39:43, 63,, 8337,, 213.77
2025-03-26 22:39:53, 31,, 8337,, 126.93
2025-03-26 22:40:03, 37,, 8337,, 247.45
2025-03-26 22:40:13, 26,, 8337,, 114.92
2025-03-26 22:40:23, 62,, 8337,, 244.10
2025-03-26 22:40:33, 75,, 8337,, 227.69
2025-03-26 22:40:43, 53,, 8337,, 203.10
2025-03-26 22:40:53, 27,, 8337,, 97.62
2025-03-26 22:41:03, 17,, 8337,, 220.81
2025-03-26 22:41:13, 21,, 8337,, 82.36
2025-03-26 22:41:23, 62,, 8337,, 171.73
2025-03-26 22:41:33, 27,, 8337,, 133.95
2025-03-26 22:41:43, 29,, 8337,, 76.06
2025-03-26 22:41:53, 51,, 8337,, 221.62
2025-03-26 22:42:03, 33,, 8337,, 144.98
2025-03-26 22:42:13, 26,, 8337,, 125.40
2025-03-26 22:42:23, 64,, 8337,, 165.02
2025-03-26 22:42:33, 55,, 8337,, 130.77
2025-03-26 22:42:43, 27,, 8337,, 229.27
2025-03-26 22:42:54, 40,, 8337,, 110.11
2025-03-26 22:43:04, 54,, 8337,, 140.19
2025-03-26 22:43:14, 58,, 8337,, 92.88
2025-03-26 22:43:24, 61,, 8337,, 160.81
2025-03-26 22:43:34, 68,, 8337,, 224.16
2025-03-26 22:43:44, 36,, 8337,, 88.56
2025-03-26 22:43:54, 35,, 8337,, 184.07
2025-03-26 22:44:04, 28,, 8337,, 116.76
2025-03-26 22:44:14, 54,, 8337,, 243.62
2025-03-26 22:44:24, 50,, 8337,, 244.90
2025-03-26 22:44:34, 60,, 8337,, 177.37
2025-03-26 22:44:44, 36,, 8337,, 95.29
2025-03-26 22:44:54, 30,, 8337,, 72.75
2025-03-26 22:45:04, 28,, 8337,, 161.18
2025-03-26 22:45:14, 62,, 8337,, 108.67
2025-03-26 22:45:24, 49,, 8337,, 237.25
2025-03-26 22:45:34, 32,, 8337,, 227.84
2025-03-26 22:45:44, 27,, 8337,, 184.07
2025-03-26 22:45:54, 55,, 8337,, 163.58
2025-03-26 22:46:04, 18,, 8337,, 176.52
2025-03-26 22:46:14, 44,, 8337,, 81.83
2025-03-26 22:46:24, 58,, 8337,, 167.30
2025-03-26 22:46:34, 63,, 8337,, 218.90
2025-03-26 22:46:44, 47,, 8337,, 95.22
2025-03-26 22:46:54, 30,, 8337,, 162.04
2025-03-26 22:47:04, 62,, 8337,, 232.47
2025-03-26 22:47:15, 60,, 8337,, 243.78
2025-03-26 22:47:25, 36,, 8337,, 86.58
2025-03-26 22:47:35, 30,, 8337,, 98.11
2025-03-26 22:47:45, 61,, 8337,, 233.10
2025-03-26 22:47:55, 37,, 8337,, 113.88
2025-03-26 22:48:05, 36,, 8337,, 235.81
2025-03-26 22:48:15, 55,, 8337,, 120.60
2025-03-26 22:48:25, 31,, 8337,, 158.41
2025-03-26 22:48:35, 37,, 8337,, 104.83
2025-03-26 22:48:45, 54,, 8337,, 246.81
2025-03-26 22:48:55, 56,, 8337,, 76.54
2025-03-26 22:49:05, 32,, 8337,, 135.39
2025-03-26 22:49:15, 61,, 8337,, 209.18
2025-03-26 22:49:25, 25,, 8337,, 134.43
2025-03-26 22:49:35, 39,, 8337,, 72.75
2025-03-26 22:49:45, 36,, 8337,, 222.90
2025-03-26 22:49:55, 27,, 8337,, 170.18
2025-03-26 22:50:05, 36,, 8337,, 78.46
2025-03-26 22:50:15, 46,, 8337,, 223.86
2025-03-26 22:50:25, 47,, 8337,, 215.40
2025-03-26 22:50:35, 45,, 8337,, 231.99
2025-03-26 22:50:45, 27,, 8337,, 176.89
2025-03-26 22:50:55, 41,, 8337,, 230.08
2025-03-26 22:51:05, 22,, 8337,, 231.83
2025-03-26 22:51:15, 36,, 8337,, 245.85
2025-03-26 22:51:25, 37,, 8337,, 192.69
2025-03-26 22:51:36, 64,, 8337,, 249.68
2025-03-26 22:51:46, 18,, 8337,, 162.14
2025-03-26 22:51:56, 75,, 8337,, 199.75
2025-03-26 22:52:06, 34,, 8337,, 214.16
2025-03-26 22:52:16, 53,, 8337,, 147.86
2025-03-26 22:52:26, 37,, 8337,, 118.68
2025-03-26 22:52:36, 28,, 8337,, 93.30
2025-03-26 22:52:46, 27,, 8337,, 170.18
2025-03-26 22:52:56, 58,, 8337,, 92.34
2025-03-26 22:53:06, 60,, 8337,, 121.08
2025-03-26 22:53:16, 35,, 8337,, 137.70
2025-03-26 22:53:26, 52,, 8337,, 249.68
2025-03-26 22:53:36, 36,, 8337,, 179.64
2025-03-26 22:53:46, 39,, 8337,, 246.79
2025-03-26 22:53:56, 63,, 8337,, 160.49
2025-03-26 22:54:06, 36,, 8337,, 131.94
2025-03-26 22:54:16, 32,, 8337,, 91.92
2025-03-26 22:54:26, 31,, 8337,, 213.34
2025-03-26 22:54:36, 27,, 8337,, 216.50
2025-03-26 22:54:46, 63,, 8337,, 202.75
2025-03-26 22:54:56, 74,, 8337,, 163.10
2025-03-26 22:55:06, 39,, 8337,, 249.03
2025-03-26 22:55:16, 37,, 8337,, 236.61
2025-03-26 22:55:27, 58,, 8337,, 232.79
2025-03-26 22:55:37, 54,, 8337,, 76.54
2025-03-26 22:55:47, 27,, 8337,, 189.69
2025-03-26 22:55:57, 74,, 8337,, 178.80
2025-03-26 22:56:07, 24,, 8337,, 74.14
2025-03-26 22:56:17, 35,, 8337,, 218.60
2025-03-26 22:56:27, 61,, 8337,, 167.42
2025-03-26 22:56:37, 59,, 8337,, 89.88
2025-03-26 22:56:47, 24,, 8337,, 74.14
2025-03-26 22:56:57, 54,, 8337,, 106.20
2025-03-26 22:57:07, 36,, 8337,, 97.14
2025-03-26 22:57:17, 35,, 8337,, 160.23
2025-03-26 22:57:27, 72,, 8337,, 154.47
2025-03-26 22:57:37, 31,, 8337,, 131.64
2025-03-26 22:57:47, 56,, 8337,, 225.45
2025-03-26 22:57:57, 52,, 8337,, 150.26
2025-03-26 22:58:07, 37,, 8337,, 136.74
2025-03-26 22:58:17, 20,, 8337,, 86.64
2025-03-26 22:58:27, 47,, 8337,, 254.29
2025-03-26 22:58:37, 59,, 8337,, 149.58
2025-03-26 22:58:47, 34,, 8337,, 94.33
2025-03-26 22:58:57, 49,, 8337,, 250.63
2025-03-26 22:59:07, 47,, 8337,, 170.66
2025-03-26 22:59:17, 63,, 8337,, 200.97
2025-03-26 22:59:27, 21,, 8337,, 213.15
2025-03-26 22:59:37, 27,, 8337,, 200.84
2025-03-26 22:59:48, 61,, 8337,, 222.90
2025-03-26 22:59:58, 35,, 8337,, 229.75
2025-03-26 23:00:08, 31,, 8337,, 203.10
2025-03-26 23:00:18, 40,, 8337,, 97.62
2025-03-26 23:00:28, 51,, 8337,, 161.18
2025-03-26 23:00:38, 36,, 8337,, 209.80
2025-03-26 23:00:48, 42,, 8337,, 157.46
2025-03-26 23:00:58, 30,, 8337,, 118.28
2025-03-26 23:01:08, 37,, 8337,, 219.71
2025-03-26 23:01:18, 68,, 8337,, 74.67
2025-03-26 23:01:28, 52,, 8337,, 219.56
2025-03-26 23:01:38, 36,, 8337,, 194.96
2025-03-26 23:01:48, 27,, 8337,, 82.25
2025-03-26 23:01:58, 26,, 8337,, 225.29
2025-03-26 23:02:08, 27,, 8337,, 92.28
2025-03-26 23:02:18, 60,, 8337,, 198.79
2025-03-26 23:02:28, 71,, 8337,, 203.58
2025-03-26 23:02:38, 39,, 8337,, 179.64
2025-03-26 23:02:48, 59,, 8337,, 76.06
2025-03-26 23:02:58, 37,, 8337,, 85.62
2025-03-26 23:03:08, 60,, 8337,, 235.01
2025-03-26 23:03:18, 45,, 8337,, 145.46
2025-03-26 23:03:28, 37,, 8337,, 158.89
2025-03-26 23:03:38, 58,, 8337,, 200.23
2025-03-26 23:03:48, 28,, 8337,, 203.58
2025-03-26 23:03:59, 37,, 8337,, 238.52
2025-03-26 23:04:09, 36,, 8337,, 230.40
2025-03-26 23:04:19, 38,, 8337,, 91.86
2025-03-26 23:04:29, 18,, 8337,, 201.87
2025-03-26 23:04:39, 40,, 8337,, 179.04
2025-03-26 23:04:49, 37,, 8337,, 229.44
2025-03-26 23:04:59, 61,, 8337,, 166.35
2025-03-26 23:05:09, 62,, 8337,, 215.26
2025-03-26 23:05:19, 32,, 8337,, 95.16
2025-03-26 23:05:29, 29,, 8337,, 166.01
2025-03-26 23:05:39, 19,, 8337,, 106.20
2025-03-26 23:05:49, 31,, 8337,, 178.20
2025-03-26 23:05:59, 37,, 8337,, 205.49
2025-03-26 23:06:09, 22,, 8337,, 79.85
2025-03-26 23:06:19, 57,, 8337,, 257.94
2025-03-26 23:06:29, 27,, 8337,, 237.25
2025-03-26 23:06:39, 34,, 8337,, 97.08
2025-03-26 23:06:49, 71,, 8337,, 186.34
2025-03-26 23:06:59, 27,, 8337,, 145.27
2025-03-26 23:07:09, 27,, 8337,, 117.64
2025-03-26 23:07:19, 18,, 8337,, 194.96
2025-03-26 23:07:29, 58,, 8337,, 258.59
2025-03-26 23:07:39, 61,, 8337,, 169.81
2025-03-26 23:07:49, 41,, 8337,, 198.31
2025-03-26 23:07:59, 27,, 8337,, 153.04
2025-03-26 23:08:09, 36,, 8337,, 89.94
2025-03-26 23:08:19, 37,, 8337,, 147.28
2025-03-26 23:08:29, 54,, 8337,, 211.24
2025-03-26 23:08:40, 61,, 8337,, 246.64
2025-03-26 23:08:50, 75,, 8337,, 214.44
2025-03-26 23:09:00, 27,, 8337,, 146.04
2025-03-26 23:09:10, 18,, 8337,, 73.13
2025-03-26 23:09:20, 27,, 8337,, 86.64
2025-03-26 23:09:30, 24,, 8337,, 108.60
2025-03-26 23:09:40, 31,, 8337,, 219.71
2025-03-26 23:09:50, 18,, 8337,, 158.89
2025-03-26 23:10:00, 51,, 8337,, 248.08
2025-03-26 23:10:10, 59,, 8337,, 194.48
2025-03-26 23:10:20, 30,, 8337,, 153.04
2025-03-26 23:10:30, 64,, 8337,, 172.57
2025-03-26 23:10:40, 27,, 8337,, 219.08
2025-03-26 23:10:50, 27,, 8337,, 99.07
2025-03-26 23:11:00, 27,, 8337,, 99.07
2025-03-26 23:11:10, 54,, 8337,, 153.14
2025-03-26 23:11:20, 63,, 8337,, 206.93
2025-03-26 23:11:30, 29,, 8337,, 222.90
2025-03-26 23:11:40, 41,, 8337,, 207.74
2025-03-26 23:11:50, 52,, 8337,, 94.74
2025-03-26 23:12:00, 37,, 8337,, 128.76
2025-03-26 23:12:10, 21,, 8337,, 153.99
2025-03-26 23:12:20, 46,, 8337,, 185.62
2025-03-26 23:12:31, 52,, 8337,, 82.25
2025-03-26 23:12:41, 57,, 8337,, 230.08
2025-03-26 23:12:51, 24,, 8337,, 151.60
2025-03-26 23:13:01, 18,, 8337,, 73.13
2025-03-26 23:13:11, 43,, 8337,, 124.44
2025-03-26 23:13:21, 32,, 8337,, 104.83
2025-03-26 23:13:31, 36,, 8337,, 128.19
2025-03-26 23:13:41, 54,, 8337,, 178.80
2025-03-26 23:13:51, 55,, 8337,, 194.48
2025-03-26 23:14:01, 18,, 8337,, 135.87
2025-03-26 23:14:11, 26,, 8337,, 222.58
2025-03-26 23:14:21, 53,, 8337,, 209.32
2025-03-26 23:14:31, 47,, 8337,, 176.41
2025-03-26 23:14:41, 33,, 8337,, 219.89
2025-03-26 23:14:51, 36,, 8337,, 138.75
2025-03-26 23:15:01, 36,, 8337,, 76.54
2025-03-26 23:15:11, 77,, 8337,, 122.44
2025-03-26 23:15:21, 43,, 8337,, 136.35
2025-03-26 23:15:31, 29,, 8337,, 85.62
2025-03-26 23:15:41, 60,, 8337,, 121.08
2025-03-26 23:15:51, 36,, 8337,, 162.14
2025-03-26 23:16:01, 36,, 8337,, 163.95
2025-03-26 23:16:11, 51,, 8337,, 248.24
2025-03-26 23:16:21, 88,, 8337,, 80.87
2025-03-26 23:16:31, 58,, 8337,, 236.93
2025-03-26 23:16:41, 31,, 8337,, 170.41
2025-03-26 23:16:52, 55,, 8337,, 245.21
2025-03-26 23:17:02, 58,, 8337,, 197.48
2025-03-26 23:17:12, 27,, 8337,, 234.86
2025-03-26 23:17:22, 32,, 8337,, 79.48
2025-03-26 23:17:32, 70,, 8337,, 103.80
2025-03-26 23:17:42, 32,, 8337,, 120.20
2025-03-26 23:17:52, 27,, 8337,, 128.28
2025-03-26 23:18:02, 20,, 8337,, 201.05
2025-03-26 23:18:12, 24,, 8337,, 80.39
2025-03-26 23:18:22, 29,, 8337,, 193.39
2025-03-26 23:18:32, 18,, 8337,, 74.14
2025-03-26 23:18:42, 53,, 8337,, 149.30
2025-03-26 23:18:52, 74,, 8337,, 128.67
2025-03-26 23:19:02, 23,, 8337,, 73.66
2025-03-26 23:19:12, 59,, 8337,, 114.92
2025-03-26 23:19:22, 46,, 8337,, 213.49
2025-03-26 23:19:32, 36,, 8337,, 178.68
2025-03-26 23:19:42, 31,, 8337,, 224.34
2025-03-26 23:19:52, 36,, 8337,, 107.16
2025-03-26 23:20:02, 50,, 8337,, 210.14
2025-03-26 23:20:12, 36,, 8337,, 144.98
2025-03-26 23:20:22, 51,, 8337,, 210.76
2025-03-26 23:20:32, 72,, 8337,, 94.74
2025-03-26 23:20:42, 53,, 8337,, 249.37
2025-03-26 23:20:52, 36,, 8337,, 154.58
2025-03-26 23:21:02, 38,, 8337,, 99.07
2025-03-26 23:21:13, 58,, 8337,, 194.48
2025-03-26 23:21:23, 54,, 8337,, 91.32
2025-03-26 23:21:33, 61,, 8337,, 192.69
2025-03-26 23:21:43, 17,, 8337,, 224.01
2025-03-26 23:21:53, 50,, 8337,, 77.02
2025-03-26 23:22:03, 40,, 8337,, 223.05
2025-03-26 23:22:13, 27,, 8337,, 237.88
2025-03-26 23:22:23, 18,, 8337,, 115.72
2025-03-26 23:22:33, 62,, 8337,, 211.71
2025-03-26 23:22:43, 29,, 8337,, 160.81
2025-03-26 23:22:53, 48,, 8337,, 200.23
2025-03-26 23:23:03, 21,, 8337,, 86.64
2025-03-26 23:23:13, 53,, 8337,, 94.81
2025-03-26 23:23:23, 47,, 8337,, 210.62
2025-03-26 23:23:33, 62,, 8337,, 132.12
2025-03-26 23:23:43, 67,, 8337,, 225.14
2025-03-26 23:23:53, 31,, 8337,, 93.78
2025-03-26 23:24:03, 67,, 8337,, 226.10
2025-03-26 23:24:13, 48,, 8337,, 245.85
2025-03-26 23:24:23, 46,, 8337,, 174.61
2025-03-26 23:24:33, 18,, 8337,, 177.84
2025-03-26 23:24:43, 55,, 8337,, 175.57
2025-03-26 23:24:53, 50,, 8337,, 150.74
2025-03-26 23:25:03, 27,, 8337,, 216.84
2025-03-26 23:25:14, 59,, 8337,, 178.32
2025-03-26 23:25:24, 27,, 8337,, 102.91
2025-03-26 23:25:34, 24,, 8337,, 143.45
2025-03-26 23:25:44, 37,, 8337,, 92.88
2025-03-26 23:25:54, 37,, 8337,, 91.86
2025-03-26 23:26:04, 30,, 8337,, 164.91
2025-03-26 23:26:14, 46,, 8337,, 205.49
2025-03-26 23:26:24, 46,, 8337,, 119.64
2025-03-26 23:26:34, 35,, 8337,, 108.19
2025-03-26 23:26:44, 24,, 8337,, 77.45
2025-03-26 23:26:54, 54,, 8337,, 204.88
2025-03-26 23:27:04, 47,, 8337,, 181.68
2025-03-26 23:27:14, 47,, 8337,, 190.78
2025-03-26 23:27:24, 21,, 8337,, 178.92
2025-03-26 23:27:34, 54,, 8337,, 166.94
2025-03-26 23:27:44, 44,, 8337,, 175.45
2025-03-26 23:27:54, 26,, 8337,, 177.13
2025-03-26 23:28:04, 37,, 8337,, 138.65
2025-03-26 23:28:14, 45,, 8337,, 111.96
2025-03-26 23:28:24, 15,, 8337,, 202.35
2025-03-26 23:28:34, 21,, 8337,, 127.24
2025-03-26 23:28:44, 64,, 8337,, 111.07
2025-03-26 23:28:54, 46,, 8337,, 213.20
2025-03-26 23:29:04, 36,, 8337,, 215.88
2025-03-26 23:29:14, 52,, 8337,, 181.68
2025-03-26 23:29:25, 44,, 8337,, 72.22
2025-03-26 23:29:35, 56,, 8337,, 103.80
2025-03-26 23:29:45, 43,, 8337,, 159.75
2025-03-26 23:29:55, 47,, 8337,, 75.05
2025-03-26 23:30:05, 46,, 8337,, 89.94
2025-03-26 23:30:15, 44,, 8337,, 177.73
2025-03-26 23:30:25, 37,, 8337,, 212.05
2025-03-26 23:30:35, 76,, 8337,, 155.91
2025-03-26 23:30:45, 71,, 8337,, 175.57
2025-03-26 23:30:55, 61,, 8337,, 181.32
2025-03-26 23:31:05, 27,, 8337,, 113.96
2025-03-26 23:31:15, 18,, 8337,, 74.14
2025-03-26 23:31:25, 30,, 8337,, 175.45
2025-03-26 23:31:35, 29,, 8337,, 181.08
2025-03-26 23:31:45, 36,, 8337,, 109.63
2025-03-26 23:31:55, 31,, 8337,, 159.75
2025-03-26 23:32:05, 39,, 8337,, 191.61
2025-03-26 23:32:15, 48,, 8337,, 181.32
2025-03-26 23:32:25, 37,, 8337,, 84.66
2025-03-26 23:32:35, 22,, 8337,, 77.50
2025-03-26 23:32:45, 34,, 8337,, 230.23
2025-03-26 23:32:55, 30,, 8337,, 132.03
2025-03-26 23:33:05, 18,, 8337,, 84.18
2025-03-26 23:33:15, 47,, 8337,, 191.26
2025-03-26 23:33:25, 54,, 8337,, 215.59
2025-03-26 23:33:35, 54,, 8337,, 254.12
2025-03-26 23:33:45, 28,, 8337,, 142.97
2025-03-26 23:33:56, 48,, 8337,, 226.88
2025-03-26 23:34:06, 28,, 8337,, 114.84
2025-03-26 23:34:16, 37,, 8337,, 214.44
2025-03-26 23:34:26, 59,, 8337,, 135.00
2025-03-26 23:34:36, 32,, 8337,, 76.54
2025-03-26 23:34:46, 59,, 8337,, 235.81
2025-03-26 23:34:56, 44,, 8337,, 182.39
2025-03-26 23:35:06, 44,, 8337,, 155.91
2025-03-26 23:35:16, 45,, 8337,, 169.47
2025-03-26 23:35:26, 43,, 8337,, 197.35
2025-03-26 23:35:36, 31,, 8337,, 158.79
2025-03-26 23:35:46, 18,, 8337,, 123.48
2025-03-26 23:35:56, 49,, 8337,, 230.08
2025-03-26 23:36:06, 32,, 8337,, 262.71
2025-03-26 23:36:16, 18,, 8337,, 106.20
2025-03-26 23:36:26, 13,, 8337,, 147.28
2025-03-26 23:36:36, 35,, 8337,, 85.67
2025-03-26 23:36:46, 41,, 8337,, 216.50
2025-03-26 23:36:56, 24,, 8337,, 93.78
2025-03-26 23:37:06, 27,, 8337,, 72.75
2025-03-26 23:37:16, 59,, 8337,, 168.85
2025-03-26 23:37:26, 43,, 8337,, 253.16
2025-03-26 23:37:36, 31,, 8337,, 123.79
2025-03-26 23:37:46, 33,, 8337,, 149.78
2025-03-26 23:37:56, 21,, 8337,, 177.13
2025-03-26 23:38:07, 38,, 8337,, 245.21
2025-03-26 23:38:17, 59,, 8337,, 213.63
2025-03-26 23:38:27, 42,, 8337,, 242.82
2025-03-26 23:38:37, 46,, 8337,, 72.75
2025-03-26 23:38:47, 43,, 8337,, 174.37
2025-03-26 23:38:57, 27,, 8337,, 86.58
2025-03-26 23:39:07, 30,, 8337,, 118.20
2025-03-26 23:39:17, 27,, 8337,, 221.95
2025-03-26 23:39:27, 39,, 8337,, 185.86
2025-03-26 23:39:37, 54,, 8337,, 168.38
2025-03-26 23:39:47, 28,, 8337,, 214.11
2025-03-26 23:39:57, 65,, 8337,, 216.36
2025-03-26 23:40:07, 43,, 8337,, 184.07
2025-03-26 23:40:17, 45,, 8337,, 189.82
2025-03-26 23:40:27, 18,, 8337,, 168.01
2025-03-26 23:40:37, 36,, 8337,, 134.43
2025-03-26 23:40:47, 28,, 8337,, 99.96
2025-03-26 23:40:57, 51,, 8337,, 182.15
2025-03-26 23:41:07, 26,, 8337,, 199.75
2025-03-26 23:41:17, 27,, 8337,, 91.38
2025-03-26 23:41:27, 27,, 8337,, 80.39
2025-03-26 23:41:37, 36,, 8337,, 160.23
2025-03-26 23:41:47, 48,, 8337,, 115.40
2025-03-26 23:41:57, 59,, 8337,, 176.52
2025-03-26 23:42:07, 28,, 8337,, 139.23
2025-03-26 23:42:17, 55,, 8337,, 174.01
2025-03-26 23:42:27, 31,, 8337,, 90.42
2025-03-26 23:42:38, 39,, 8337,, 142.10
2025-03-26 23:42:48, 19,, 8337,, 213.34
2025-03-26 23:42:58, 24,, 8337,, 101.95
2025-03-26 23:43:08, 31,, 8337,, 205.83
2025-03-26 23:43:18, 42,, 8337,, 222.72
2025-03-26 23:43:28, 27,, 8337,, 132.12
2025-03-26 23:43:38, 22,, 8337,, 79.91
2025-03-26 23:43:48, 53,, 8337,, 204.40
2025-03-26 23:43:58, 59,, 8337,, 244.73
2025-03-26 23:44:08, 48,, 8337,, 214.44
2025-03-26 23:44:18, 27,, 8337,, 92.88
2025-03-26 23:44:28, 37,, 8337,, 89.88
2025-03-26 23:44:38, 55,, 8337,, 246.02
2025-03-26 23:44:48, 64,, 8337,, 206.93
2025-03-26 23:44:58, 55,, 8337,, 190.52
2025-03-26 23:45:08, 63,, 8337,, 189.21
2025-03-26 23:45:18, 37,, 8337,, 196.74
2025-03-26 23:45:28, 19,, 8337,, 74.14
2025-03-26 23:45:38, 28,, 8337,, 86.15
2025-03-26 23:45:48, 27,, 8337,, 185.86
2025-03-26 23:45:58, 56,, 8337,, 180.72
2025-03-26 23:46:08, 70,, 8337,, 152.08
2025-03-26 23:46:18, 41,, 8337,, 217.46
2025-03-26 23:46:28, 46,, 8337,, 241.07
2025-03-26 23:46:38, 45,, 8337,, 249.37
2025-03-26 23:46:49, 30,, 8337,, 125.80
2025-03-26 23:46:59, 29,, 8337,, 170.66
2025-03-26 23:47:09, 66,, 8337,, 236.93
2025-03-26 23:47:19, 67,, 8337,, 185.99
2025-03-26 23:47:29, 36,, 8337,, 94.74
2025-03-26 23:47:39, 35,, 8337,, 233.90
2025-03-26 23:47:49, 22,, 8337,, 96.60
2025-03-26 23:47:59, 18,, 8337,, 75.63
2025-03-26 23:48:09, 42,, 8337,, 87.06
2025-03-26 23:48:19, 36,, 8337,, 127.71
2025-03-26 23:48:29, 58,, 8337,, 232.94
2025-03-26 23:48:39, 56,, 8337,, 234.54
2025-03-26 23:48:49, 49,, 8337,, 251.42
2025-03-26 23:48:59, 26,, 8337,, 187.78
2025-03-26 23:49:09, 59,, 8337,, 177.37
2025-03-26 23:49:19, 29,, 8337,, 96.18
2025-03-26 23:49:29, 60,, 8337,, 233.42
2025-03-26 23:49:39, 28,, 8337,, 126.84
2025-03-26 23:49:49, 27,, 8337,, 230.71
2025-03-26 23:49:59, 27,, 8337,, 95.22
2025-03-26 23:50:09, 35,, 8337,, 206.93
2025-03-26 23:50:19, 49,, 8337,, 134.91
2025-03-26 23:50:29, 46,, 8337,, 83.64
2025-03-26 23:50:39, 35,, 8337,, 98.04
2025-03-26 23:50:49, 42,, 8337,, 100.57
2025-03-26 23:50:59, 27,, 8337,, 79.37
2025-03-26 23:51:10, 29,, 8337,, 90.00
2025-03-26 23:51:20, 48,, 8337,, 165.50
2025-03-26 23:51:30, 70,, 8337,, 78.94
2025-03-26 23:51:40, 47,, 8337,, 221.62
2025-03-26 23:51:50, 11,, 8337,, 71.78
2025-03-26 23:52:00, 55,, 8337,, 168.99
2025-03-26 23:52:10, 51,, 8343,, 83.27
2025-03-26 23:52:20, 51,, 8343,, 172.94
2025-03-26 23:52:30, 56,, 8343,, 186.22
2025-03-26 23:52:40, 50,, 8343,, 243.78
2025-03-26 23:52:50, 27,, 8343,, 196.53
2025-03-26 23:53:00, 37,, 8343,, 150.16
2025-03-26 23:53:10, 24,, 8343,, 97.21
2025-03-26 23:53:20, 69,, 8343,, 229.60
2025-03-26 23:53:30, 43,, 8343,, 257.46
2025-03-26 23:53:40, 31,, 8343,, 243.30
2025-03-26 23:53:50, 29,, 8343,, 181.55
2025-03-26 23:54:00, 19,, 8343,, 166.09
2025-03-26 23:54:10, 38,, 8343,, 119.64
2025-03-26 23:54:20, 43,, 8343,, 220.33
2025-03-26 23:54:30, 25,, 8343,, 115.40
2025-03-26 23:54:40, 47,, 8343,, 164.91
2025-03-26 23:54:50, 19,, 8343,, 220.99
2025-03-26 23:55:00, 19,, 8343,, 87.12
2025-03-26 23:55:10, 70,, 8343,, 226.55
2025-03-26 23:55:21, 42,, 8343,, 112.04
2025-03-26 23:55:31, 33,, 8343,, 75.10
2025-03-26 23:55:41, 59,, 8343,, 85.19
2025-03-26 23:55:51, 28,, 8343,, 232.30
2025-03-26 23:56:01, 28,, 8343,, 92.82
2025-03-26 23:56:11, 30,, 8343,, 242.51
2025-03-26 23:56:21, 35,, 8343,, 194.61
2025-03-26 23:56:31, 34,, 8343,, 73.61
2025-03-26 23:56:41, 46,, 8343,, 222.72
2025-03-26 23:56:51, 22,, 8343,, 72.75
2025-03-26 23:57:01, 69,, 8343,, 141.05
2025-03-26 23:57:11, 41,, 8343,, 88.02
2025-03-26 23:57:21, 45,, 8343,, 92.88
2025-03-26 23:57:31, 29,, 8343,, 176.52
2025-03-26 23:57:41, 31,, 8343,, 178.32
2025-03-26 23:57:51, 35,, 8343,, 167.53
2025-03-26 23:58:01, 50,, 8343,, 243.94
2025-03-26 23:58:11, 51,, 8343,, 207.74
2025-03-26 23:58:21, 39,, 8343,, 83.70
2025-03-26 23:58:31, 50,, 8343,, 84.71
2025-03-26 23:58:41, 28,, 8343,, 71.30
2025-03-26 23:58:51, 34,, 8343,, 204.19
2025-03-26 23:59:01, 54,, 8343,, 114.76
2025-03-26 23:59:11, 49,, 8343,, 216.98
2025-03-26 23:59:21, 36,, 8343,, 137.31
2025-03-26 23:59:32, 28,, 8343,, 85.67
2025-03-26 23:59:42, 76,, 8343,, 90.96
2025-03-26 23:59:52, 26,, 8343,, 165.98
2025-03-27 00:00:02, 53,, 8343,, 200.23
2025-03-27 00:00:12, 18,, 8343,, 209.80
2025-03-27 00:00:22, 18,, 8343,, 239.64
2025-03-27 00:00:32, 43,, 8343,, 77.02
2025-03-27 00:00:42, 78,, 8343,, 100.51
2025-03-27 00:00:52, 28,, 8343,, 75.10
2025-03-27 00:01:02, 31,, 8343,, 106.75
2025-03-27 00:01:12, 50,, 8343,, 218.46
2025-03-27 00:01:22, 56,, 8343,, 211.09
2025-03-27 00:01:32, 69,, 8343,, 128.28
2025-03-27 00:01:42, 30,, 8343,, 235.49
2025-03-27 00:01:52, 50,, 8343,, 99.00
2025-03-27 00:02:02, 63,, 8343,, 211.57
2025-03-27 00:02:12, 28,, 8343,, 186.82
2025-03-27 00:02:22, 81,, 8343,, 203.58
2025-03-27 00:02:32, 36,, 8343,, 158.31
2025-03-27 00:02:42, 38,, 8343,, 161.18
2025-03-27 00:02:52, 63,, 8343,, 221.95
2025-03-27 00:03:02, 60,, 8343,, 190.17
2025-03-27 00:03:12, 55,, 8343,, 199.27
2025-03-27 00:03:22, 47,, 8343,, 94.20
2025-03-27 00:03:32, 47,, 8343,, 92.40
2025-03-27 00:03:42, 19,, 8343,, 84.23
2025-03-27 00:03:53, 62,, 8343,, 246.33
2025-03-27 00:04:03, 19,, 8343,, 244.42
2025-03-27 00:04:13, 35,, 8343,, 82.31
2025-03-27 00:04:23, 31,, 8343,, 89.52
2025-03-27 00:04:33, 42,, 8343,, 162.14
2025-03-27 00:04:43, 42,, 8343,, 207.13
2025-03-27 00:04:53, 29,, 8343,, 91.92
2025-03-27 00:05:03, 47,, 8343,, 122.52
2025-03-27 00:05:13, 78,, 8343,, 166.94
2025-03-27 00:05:23, 41,, 8343,, 88.08
2025-03-27 00:05:33, 28,, 8343,, 75.15
2025-03-27 00:05:43, 47,, 8343,, 128.67
2025-03-27 00:05:53, 22,, 8343,, 148.14
2025-03-27 00:06:03, 40,, 8343,, 203.10
2025-03-27 00:06:13, 27,, 8343,, 101.40
2025-03-27 00:06:23, 47,, 8343,, 217.94
2025-03-27 00:06:33, 27,, 8343,, 232.94
2025-03-27 00:06:43, 52,, 8343,, 88.02
2025-03-27 00:06:53, 49,, 8343,, 256.68
2025-03-27 00:07:03, 51,, 8343,, 210.00
2025-03-27 00:07:13, 57,, 8343,, 168.97
2025-03-27 00:07:23, 50,, 8343,, 110.59
2025-03-27 00:07:33, 56,, 8343,, 227.69
2025-03-27 00:07:43, 55,, 8343,, 251.59
2025-03-27 00:07:54, 64,, 8343,, 137.79
2025-03-27 00:08:04, 56,, 8343,, 92.88
2025-03-27 00:08:14, 52,, 8343,, 202.14
2025-03-27 00:08:24, 43,, 8343,, 87.06
2025-03-27 00:08:34, 29,, 8343,, 90.00
2025-03-27 00:08:44, 40,, 8343,, 191.26
2025-03-27 00:08:54, 25,, 8343,, 81.24
2025-03-27 00:09:04, 65,, 8343,, 96.12
2025-03-27 00:09:14, 38,, 8343,, 115.32
2025-03-27 00:09:24, 30,, 8343,, 102.91
2025-03-27 00:09:34, 50,, 8343,, 209.80
2025-03-27 00:09:44, 44,, 8343,, 227.84
2025-03-27 00:09:54, 22,, 8343,, 92.88
2025-03-27 00:10:04, 58,, 8343,, 180.72
2025-03-27 00:10:14, 42,, 8343,, 154.95
2025-03-27 00:10:24, 37,, 8343,, 89.94
2025-03-27 00:10:34, 19,, 8343,, 85.19
2025-03-27 00:10:44, 28,, 8343,, 89.94
2025-03-27 00:10:54, 37,, 8343,, 92.34
2025-03-27 00:11:04, 37,, 8343,, 160.23
2025-03-27 00:11:14, 28,, 8343,, 169.22
2025-03-27 00:11:24, 46,, 8343,, 75.10
2025-03-27 00:11:34, 39,, 8343,, 207.88
2025-03-27 00:11:44, 28,, 8343,, 191.13
2025-03-27 00:11:54, 18,, 8343,, 96.60
2025-03-27 00:12:04, 41,, 8343,, 209.80
2025-03-27 00:12:14, 56,, 8343,, 101.95
2025-03-27 00:12:25, 55,, 8343,, 186.95
2025-03-27 00:12:35, 28,, 8343,, 94.26
2025-03-27 00:12:45, 37,, 8343,, 180.24
2025-03-27 00:12:55, 31,, 8343,, 144.60
2025-03-27 00:13:05, 36,, 8343,, 155.43
2025-03-27 00:13:15, 17,, 8343,, 76.06
2025-03-27 00:13:25, 23,, 8343,, 114.36
2025-03-27 00:13:35, 37,, 8343,, 136.35
2025-03-27 00:13:45, 27,, 8343,, 83.27
2025-03-27 00:13:55, 77,, 8343,, 200.23
2025-03-27 00:14:05, 52,, 8343,, 165.02
2025-03-27 00:14:15, 44,, 8343,, 196.40
2025-03-27 00:14:25, 33,, 8343,, 109.97
2025-03-27 00:14:35, 38,, 8343,, 173.53
2025-03-27 00:14:45, 33,, 8343,, 211.09
2025-03-27 00:14:55, 48,, 8343,, 165.02
2025-03-27 00:15:05, 37,, 8343,, 207.74
2025-03-27 00:15:15, 53,, 8343,, 185.99
2025-03-27 00:15:25, 47,, 8343,, 114.44
2025-03-27 00:15:35, 46,, 8343,, 205.49
2025-03-27 00:15:45, 39,, 8343,, 73.13
2025-03-27 00:15:55, 38,, 8343,, 252.85
2025-03-27 00:16:05, 42,, 8343,, 188.26
2025-03-27 00:16:15, 37,, 8343,, 180.36
2025-03-27 00:16:25, 37,, 8343,, 197.83
2025-03-27 00:16:35, 67,, 8343,, 223.86
2025-03-27 00:16:46, 27,, 8343,, 216.84
2025-03-27 00:16:56, 56,, 8343,, 250.47
2025-03-27 00:17:06, 44,, 8343,, 204.19
2025-03-27 00:17:16, 51,, 8343,, 93.30
2025-03-27 00:17:26, 53,, 8343,, 237.25
2025-03-27 00:17:36, 19,, 8343,, 75.53
2025-03-27 00:17:46, 47,, 8343,, 84.23
2025-03-27 00:17:56, 27,, 8343,, 136.26
2025-03-27 00:18:06, 51,, 8343,, 118.20
2025-03-27 00:18:16, 62,, 8343,, 231.82
2025-03-27 00:18:26, 47,, 8343,, 92.34
2025-03-27 00:18:36, 18,, 8343,, 240.12
2025-03-27 00:18:46, 21,, 8343,, 151.22
2025-03-27 00:18:56, 55,, 8343,, 233.27
2025-03-27 00:19:06, 59,, 8343,, 225.92
2025-03-27 00:19:16, 28,, 8343,, 100.99
2025-03-27 00:19:26, 28,, 8343,, 229.43
2025-03-27 00:19:36, 53,, 8343,, 213.49
2025-03-27 00:19:46, 38,, 8343,, 99.07
2025-03-27 00:19:56, 19,, 8343,, 78.94
2025-03-27 00:20:06, 46,, 8343,, 160.23
2025-03-27 00:20:16, 28,, 8343,, 183.35
2025-03-27 00:20:26, 33,, 8343,, 141.15
2025-03-27 00:20:36, 22,, 8343,, 178.92
2025-03-27 00:20:46, 62,, 8343,, 150.64
2025-03-27 00:20:56, 19,, 8343,, 201.18
2025-03-27 00:21:06, 25,, 8343,, 197.35
2025-03-27 00:21:17, 68,, 8343,, 193.65
2025-03-27 00:21:27, 19,, 8343,, 129.72
2025-03-27 00:21:37, 24,, 8343,, 95.22
2025-03-27 00:21:47, 46,, 8343,, 200.23
2025-03-27 00:21:57, 58,, 8343,, 244.42
2025-03-27 00:22:07, 53,, 8343,, 242.03
2025-03-27 00:22:17, 26,, 8343,, 185.86
2025-03-27 00:22:27, 46,, 8343,, 108.19
2025-03-27 00:22:37, 37,, 8343,, 170.29
2025-03-27 00:22:47, 27,, 8343,, 81.35
2025-03-27 00:22:57, 28,, 8343,, 98.59
2025-03-27 00:23:07, 78,, 8343,, 229.75
2025-03-27 00:23:17, 39,, 8343,, 252.07
2025-03-27 00:23:27, 39,, 8343,, 217.02
2025-03-27 00:23:37, 52,, 8343,, 94.74
2025-03-27 00:23:47, 32,, 8343,, 130.90
2025-03-27 00:23:57, 55,, 8343,, 219.71
2025-03-27 00:24:07, 36,, 8343,, 213.96
2025-03-27 00:24:17, 28,, 8343,, 249.68
2025-03-27 00:24:27, 28,, 8343,, 97.69
2025-03-27 00:24:37, 40,, 8343,, 158.31
2025-03-27 00:24:47, 18,, 8343,, 77.07
2025-03-27 00:24:57, 47,, 8343,, 106.75
2025-03-27 00:25:07, 28,, 8343,, 101.47
2025-03-27 00:25:17, 39,, 8343,, 212.19
2025-03-27 00:25:27, 21,, 8343,, 75.10
2025-03-27 00:25:38, 45,, 8343,, 117.24
2025-03-27 00:25:48, 42,, 8343,, 73.23
2025-03-27 00:25:58, 30,, 8343,, 193.17
2025-03-27 00:26:08, 53,, 8343,, 208.98
2025-03-27 00:26:18, 52,, 8343,, 188.86
2025-03-27 00:26:28, 31,, 8343,, 228.97
2025-03-27 00:26:38, 40,, 8343,, 168.38
2025-03-27 00:26:48, 31,, 8343,, 210.62
2025-03-27 00:26:58, 51,, 8343,, 114.44
2025-03-27 00:27:08, 37,, 8343,, 179.40
2025-03-27 00:27:18, 46,, 8343,, 91.92
2025-03-27 00:27:28, 35,, 8343,, 235.01
2025-03-27 00:27:38, 62,, 8343,, 184.55
2025-03-27 00:27:48, 43,, 8343,, 180.24
2025-03-27 00:27:58, 35,, 8343,, 73.66
2025-03-27 00:28:08, 46,, 8343,, 76.01
2025-03-27 00:28:18, 27,, 8343,, 188.86
2025-03-27 00:28:28, 78,, 8343,, 111.00
2025-03-27 00:28:38, 51,, 8343,, 107.23
2025-03-27 00:28:48, 54,, 8343,, 239.48
2025-03-27 00:28:58, 18,, 8343,, 199.61
2025-03-27 00:29:08, 37,, 8343,, 151.12
2025-03-27 00:29:18, 46,, 8343,, 235.65
2025-03-27 00:29:28, 59,, 8343,, 108.12
2025-03-27 00:29:38, 49,, 8343,, 252.07
2025-03-27 00:29:48, 45,, 8343,, 180.60
2025-03-27 00:29:59, 65,, 8343,, 224.82
2025-03-27 00:30:09, 39,, 8343,, 206.65
2025-03-27 00:30:19, 65,, 8343,, 162.04
2025-03-27 00:30:29, 19,, 8343,, 110.11
2025-03-27 00:30:39, 28,, 8343,, 171.02
2025-03-27 00:30:49, 29,, 8343,, 209.32
2025-03-27 00:30:59, 56,, 8343,, 107.23
2025-03-27 00:31:09, 55,, 8343,, 90.42
2025-03-27 00:31:19, 54,, 8343,, 160.23
2025-03-27 00:31:29, 26,, 8343,, 220.18
2025-03-27 00:31:39, 27,, 8343,, 92.76
2025-03-27 00:31:49, 28,, 8343,, 153.04
2025-03-27 00:31:59, 59,, 8343,, 251.42
2025-03-27 00:32:09, 28,, 8343,, 85.67
2025-03-27 00:32:19, 46,, 8343,, 155.91
2025-03-27 00:32:29, 20,, 8343,, 226.40
2025-03-27 00:32:39, 59,, 8343,, 115.24
2025-03-27 00:32:49, 18,, 8343,, 77.02
2025-03-27 00:32:59, 28,, 8343,, 78.94
2025-03-27 00:33:09, 63,, 8343,, 145.37
2025-03-27 00:33:19, 47,, 8343,, 218.93
2025-03-27 00:33:29, 51,, 8343,, 155.91
2025-03-27 00:33:39, 42,, 8343,, 115.32
2025-03-27 00:33:49, 19,, 8343,, 93.24
2025-03-27 00:33:59, 24,, 8343,, 88.50
2025-03-27 00:34:09, 76,, 8343,, 80.33
2025-03-27 00:34:20, 77,, 8343,, 187.30
2025-03-27 00:34:30, 51,, 8343,, 172.21
2025-03-27 00:34:40, 37,, 8343,, 185.86
2025-03-27 00:34:50, 28,, 8343,, 207.54
2025-03-27 00:35:00, 46,, 8343,, 164.06
2025-03-27 00:35:10, 37,, 8343,, 136.83
2025-03-27 00:35:20, 23,, 8343,, 219.89
2025-03-27 00:35:30, 50,, 8343,, 243.61
2025-03-27 00:35:40, 28,, 8343,, 180.72
2025-03-27 00:35:50, 36,, 8343,, 159.16
2025-03-27 00:36:00, 37,, 8343,, 109.01
2025-03-27 00:36:10, 38,, 8343,, 192.09
2025-03-27 00:36:20, 45,, 8343,, 188.51
2025-03-27 00:36:30, 47,, 8343,, 132.99
2025-03-27 00:36:40, 29,, 8343,, 204.05
2025-03-27 00:36:50, 41,, 8343,, 218.27
2025-03-27 00:37:00, 37,, 8343,, 120.52
2025-03-27 00:37:10, 42,, 8343,, 93.36
2025-03-27 00:37:20, 23,, 8343,, 244.42
2025-03-27 00:37:30, 55,, 8343,, 153.14
2025-03-27 00:37:40, 43,, 8343,, 237.25
2025-03-27 00:37:50, 55,, 8343,, 176.89
2025-03-27 00:38:00, 40,, 8343,, 221.62
2025-03-27 00:38:10, 32,, 8343,, 233.74
2025-03-27 00:38:20, 29,, 8343,, 249.51
2025-03-27 00:38:31, 53,, 8343,, 168.01
2025-03-27 00:38:41, 60,, 8343,, 245.38
2025-03-27 00:38:51, 39,, 8343,, 90.42
2025-03-27 00:39:01, 76,, 8343,, 247.12
2025-03-27 00:39:11, 27,, 8343,, 223.86
2025-03-27 00:39:21, 28,, 8343,, 95.70
2025-03-27 00:39:31, 42,, 8343,, 143.54
2025-03-27 00:39:41, 45,, 8343,, 224.97
2025-03-27 00:39:51, 46,, 8343,, 213.77
2025-03-27 00:40:01, 37,, 8343,, 107.16
2025-03-27 00:40:11, 49,, 8343,, 199.13
2025-03-27 00:40:21, 32,, 8343,, 179.52
2025-03-27 00:40:31, 54,, 8343,, 145.94
2025-03-27 00:40:41, 46,, 8343,, 167.42
2025-03-27 00:40:51, 37,, 8343,, 108.93
2025-03-27 00:41:01, 37,, 8343,, 135.48
2025-03-27 00:41:11, 22,, 8343,, 132.03
2025-03-27 00:41:21, 68,, 8343,, 177.84
2025-03-27 00:41:31, 28,, 8343,, 77.56
2025-03-27 00:41:41, 20,, 8343,, 234.06
2025-03-27 00:41:51, 46,, 8343,, 114.84
2025-03-27 00:42:01, 30,, 8343,, 148.82
2025-03-27 00:42:11, 37,, 8343,, 170.77
2025-03-27 00:42:21, 36,, 8343,, 131.07
2025-03-27 00:42:32, 29,, 8343,, 225.45
2025-03-27 00:42:42, 52,, 8343,, 233.26
2025-03-27 00:42:52, 32,, 8343,, 88.08
2025-03-27 00:43:02, 50,, 8343,, 253.50
2025-03-27 00:43:12, 28,, 8343,, 170.66
2025-03-27 00:43:22, 50,, 8343,, 204.33
2025-03-27 00:43:32, 53,, 8343,, 232.14
2025-03-27 00:43:42, 35,, 8343,, 186.34
2025-03-27 00:43:52, 62,, 8343,, 242.98
2025-03-27 00:44:02, 39,, 8343,, 162.14
2025-03-27 00:44:12, 26,, 8343,, 166.09
2025-03-27 00:44:22, 28,, 8343,, 133.86
2025-03-27 00:44:32, 50,, 8343,, 156.50
2025-03-27 00:44:42, 29,, 8343,, 87.60
2025-03-27 00:44:52, 28,, 8343,, 113.96
2025-03-27 00:45:02, 56,, 8343,, 84.71
2025-03-27 00:45:12, 47,, 8343,, 89.46
2025-03-27 00:45:22, 47,, 8343,, 168.38
2025-03-27 00:45:32, 34,, 8343,, 230.08
2025-03-27 00:45:42, 63,, 8343,, 213.15
2025-03-27 00:45:52, 69,, 8343,, 186.95
2025-03-27 00:46:02, 26,, 8343,, 228.79
2025-03-27 00:46:12, 50,, 8343,, 75.10
2025-03-27 00:46:22, 28,, 8343,, 191.48
2025-03-27 00:46:32, 37,, 8343,, 77.56
2025-03-27 00:46:42, 30,, 8343,, 75.58
2025-03-27 00:46:52, 57,, 8343,, 128.76
2025-03-27 00:47:03, 64,, 8343,, 172.10
2025-03-27 00:47:13, 60,, 8343,, 159.85
2025-03-27 00:47:23, 61,, 8343,, 195.09
2025-03-27 00:47:33, 34,, 8343,, 129.72
2025-03-27 00:47:43, 51,, 8343,, 172.10
2025-03-27 00:47:53, 46,, 8343,, 87.60
2025-03-27 00:48:03, 47,, 8343,, 172.10
2025-03-27 00:48:13, 28,, 8343,, 83.64
2025-03-27 00:48:23, 23,, 8343,, 133.86
2025-03-27 00:48:33, 30,, 8343,, 176.29
2025-03-27 00:48:43, 38,, 8343,, 184.55
2025-03-27 00:48:53, 37,, 8343,, 110.59
2025-03-27 00:49:03, 36,, 8343,, 110.59
2025-03-27 00:49:13, 30,, 8343,, 190.04
2025-03-27 00:49:23, 49,, 8343,, 212.53
2025-03-27 00:49:33, 47,, 8343,, 140.76
2025-03-27 00:49:43, 52,, 8343,, 107.23
2025-03-27 00:49:53, 50,, 8343,, 93.24
2025-03-27 00:50:03, 80,, 8343,, 171.14
2025-03-27 00:50:13, 28,, 8343,, 135.87
2025-03-27 00:50:23, 59,, 8343,, 92.82
2025-03-27 00:50:33, 58,, 8343,, 147.00
2025-03-27 00:50:43, 35,, 8343,, 169.81
2025-03-27 00:50:53, 60,, 8343,, 201.66
2025-03-27 00:51:03, 29,, 8343,, 89.46
2025-03-27 00:51:13, 61,, 8343,, 206.93
2025-03-27 00:51:24, 64,, 8343,, 169.81
2025-03-27 00:51:34, 16,, 8343,, 138.75
2025-03-27 00:51:44, 19,, 8343,, 141.72
2025-03-27 00:51:54, 36,, 8343,, 244.26
2025-03-27 00:52:04, 30,, 8343,, 75.10
2025-03-27 00:52:14, 63,, 8343,, 85.14
2025-03-27 00:52:24, 37,, 8343,, 232.62
2025-03-27 00:52:34, 50,, 8343,, 167.53
2025-03-27 00:52:44, 35,, 8343,, 144.98
2025-03-27 00:52:54, 37,, 8343,, 231.35
2025-03-27 00:53:04, 28,, 8343,, 102.43
2025-03-27 00:53:14, 48,, 8343,, 135.39
2025-03-27 00:53:24, 56,, 8343,, 151.22
2025-03-27 00:53:34, 49,, 8343,, 217.17
2025-03-27 00:53:44, 50,, 8343,, 135.39
2025-03-27 00:53:54, 51,, 8343,, 124.04
2025-03-27 00:54:04, 28,, 8343,, 75.10
2025-03-27 00:54:14, 30,, 8343,, 92.82
2025-03-27 00:54:24, 22,, 8343,, 86.58
2025-03-27 00:54:34, 29,, 8343,, 194.48
2025-03-27 00:54:44, 45,, 8343,, 164.32
2025-03-27 00:54:54, 32,, 8343,, 121.40
2025-03-27 00:55:04, 17,, 8343,, 244.42
2025-03-27 00:55:14, 29,, 8343,, 109.15
2025-03-27 00:55:24, 57,, 8343,, 186.95
2025-03-27 00:55:35, 21,, 8343,, 103.80
2025-03-27 00:55:45, 60,, 8343,, 231.19
2025-03-27 00:55:55, 35,, 8343,, 127.32
2025-03-27 00:56:05, 75,, 8343,, 243.14
2025-03-27 00:56:15, 45,, 8343,, 160.81
2025-03-27 00:56:25, 23,, 8343,, 71.78
2025-03-27 00:56:35, 27,, 8343,, 192.69
2025-03-27 00:56:45, 22,, 8343,, 94.26
2025-03-27 00:56:55, 38,, 8343,, 222.58
2025-03-27 00:57:05, 46,, 8343,, 150.36
2025-03-27 00:57:15, 28,, 8343,, 216.98
2025-03-27 00:57:25, 21,, 8343,, 162.14
2025-03-27 00:57:35, 24,, 8343,, 207.74
2025-03-27 00:57:45, 19,, 8343,, 156.50
2025-03-27 00:57:55, 42,, 8343,, 92.40
2025-03-27 00:58:05, 20,, 8343,, 170.07
2025-03-27 00:58:15, 27,, 8343,, 118.76
2025-03-27 00:58:25, 64,, 8343,, 250.47
2025-03-27 00:58:35, 41,, 8343,, 251.59
2025-03-27 00:58:45, 49,, 8343,, 246.81
2025-03-27 00:58:55, 23,, 8343,, 73.66
2025-03-27 00:59:05, 37,, 8343,, 181.32
2025-03-27 00:59:15, 41,, 8343,, 80.92
2025-03-27 00:59:25, 31,, 8343,, 216.21
2025-03-27 00:59:35, 70,, 8343,, 161.29
2025-03-27 00:59:45, 38,, 8343,, 202.75
2025-03-27 00:59:56, 37,, 8343,, 161.66
2025-03-27 01:00:06, 37,, 8343,, 183.59
2025-03-27 01:00:16, 58,, 8343,, 88.98
2025-03-27 01:00:26, 53,, 8343,, 160.81
2025-03-27 01:00:36, 47,, 8343,, 228.79
2025-03-27 01:00:46, 19,, 8343,, 88.56
2025-03-27 01:00:56, 28,, 8343,, 150.16
2025-03-27 01:01:06, 58,, 8343,, 257.94
2025-03-27 01:01:16, 23,, 8343,, 100.03
2025-03-27 01:01:26, 37,, 8343,, 91.92
2025-03-27 01:01:36, 43,, 8343,, 187.78
2025-03-27 01:01:46, 37,, 8343,, 143.07
2025-03-27 01:01:56, 52,, 8343,, 147.28
2025-03-27 01:02:06, 60,, 8343,, 166.71
2025-03-27 01:02:16, 49,, 8343,, 166.71
2025-03-27 01:02:26, 28,, 8343,, 228.34
2025-03-27 01:02:36, 70,, 8343,, 134.91
2025-03-27 01:02:46, 77,, 8343,, 198.31
2025-03-27 01:02:56, 34,, 8343,, 197.35
2025-03-27 01:03:06, 45,, 8343,, 168.74
2025-03-27 01:03:16, 35,, 8343,, 120.20
2025-03-27 01:03:26, 36,, 8343,, 223.20
2025-03-27 01:03:36, 51,, 8343,, 247.93
2025-03-27 01:03:46, 20,, 8343,, 240.12
2025-03-27 01:03:56, 19,, 8343,, 161.45
2025-03-27 01:04:06, 62,, 8343,, 239.64
2025-03-27 01:04:17, 64,, 8343,, 240.59
2025-03-27 01:04:27, 35,, 8343,, 243.46
2025-03-27 01:04:37, 28,, 8343,, 199.13
2025-03-27 01:04:47, 41,, 8343,, 200.23
2025-03-27 01:04:57, 28,, 8343,, 209.80
2025-03-27 01:05:07, 17,, 8343,, 246.97
2025-03-27 01:05:17, 32,, 8343,, 164.91
2025-03-27 01:05:27, 34,, 8343,, 126.36
2025-03-27 01:05:37, 36,, 8343,, 187.42
2025-03-27 01:05:47, 28,, 8343,, 159.27
2025-03-27 01:05:57, 28,, 8343,, 134.91
2025-03-27 01:06:07, 27,, 8343,, 223.68
2025-03-27 01:06:17, 41,, 8343,, 202.00
2025-03-27 01:06:27, 42,, 8343,, 247.76
2025-03-27 01:06:37, 28,, 8343,, 72.75
2025-03-27 01:06:47, 45,, 8343,, 200.23
2025-03-27 01:06:57, 46,, 8343,, 135.48
2025-03-27 01:07:07, 38,, 8343,, 231.66
2025-03-27 01:07:17, 63,, 8343,, 207.54
2025-03-27 01:07:27, 29,, 8343,, 179.88
2025-03-27 01:07:37, 28,, 8343,, 73.71
2025-03-27 01:07:47, 47,, 8343,, 223.68
2025-03-27 01:07:57, 11,, 8343,, 99.61
2025-03-27 01:08:07, 65,, 8343,, 168.01
2025-03-27 01:08:17, 25,, 8343,, 84.66
2025-03-27 01:08:27, 60,, 8343,, 210.48
2025-03-27 01:08:38, 53,, 8343,, 155.33
2025-03-27 01:08:48, 19,, 8343,, 212.39
2025-03-27 01:08:58, 51,, 8343,, 171.62
2025-03-27 01:09:08, 28,, 8343,, 156.87
2025-03-27 01:09:18, 28,, 8343,, 74.14
2025-03-27 01:09:28, 64,, 8343,, 121.48
2025-03-27 01:09:38, 59,, 8343,, 256.37
2025-03-27 01:09:48, 23,, 8343,, 202.62
2025-03-27 01:09:58, 28,, 8343,, 90.00
2025-03-27 01:10:08, 44,, 8343,, 169.33
2025-03-27 01:10:18, 39,, 8343,, 144.02
2025-03-27 01:10:28, 43,, 8343,, 202.75
2025-03-27 01:10:38, 48,, 8343,, 108.53
2025-03-27 01:10:48, 37,, 8343,, 238.68
2025-03-27 01:10:58, 77,, 8343,, 243.30
2025-03-27 01:11:08, 28,, 8343,, 201.53
2025-03-27 01:11:18, 19,, 8343,, 88.56
2025-03-27 01:11:28, 73,, 8343,, 187.78
2025-03-27 01:11:38, 28,, 8343,, 104.28
2025-03-27 01:11:48, 59,, 8343,, 208.22
2025-03-27 01:11:58, 28,, 8343,, 213.34
2025-03-27 01:12:08, 52,, 8343,, 86.64
2025-03-27 01:12:18, 30,, 8343,, 92.76
2025-03-27 01:12:28, 43,, 8343,, 111.00
2025-03-27 01:12:38, 30,, 8343,, 229.92
2025-03-27 01:12:49, 30,, 8343,, 88.50
2025-03-27 01:12:59, 61,, 8343,, 92.76
2025-03-27 01:13:09, 62,, 8343,, 158.68
2025-03-27 01:13:19, 49,, 8343,, 160.97
2025-03-27 01:13:29, 27,, 8343,, 149.20
2025-03-27 01:13:39, 63,, 8343,, 230.88
2025-03-27 01:13:49, 29,, 8343,, 235.01
2025-03-27 01:13:59, 28,, 8343,, 176.77
2025-03-27 01:14:09, 62,, 8343,, 239.16
2025-03-27 01:14:19, 69,, 8343,, 192.91
2025-03-27 01:14:29, 40,, 8343,, 215.40
2025-03-27 01:14:39, 45,, 8343,, 103.39
2025-03-27 01:14:49, 32,, 8343,, 103.87
2025-03-27 01:14:59, 54,, 8343,, 102.91
2025-03-27 01:15:09, 30,, 8343,, 220.18
2025-03-27 01:15:19, 63,, 8343,, 222.10
2025-03-27 01:15:29, 19,, 8343,, 84.66
2025-03-27 01:15:39, 47,, 8343,, 191.48
2025-03-27 01:15:49, 35,, 8343,, 102.91
2025-03-27 01:15:59, 63,, 8343,, 224.67
2025-03-27 01:16:09, 18,, 8343,, 189.95
2025-03-27 01:16:19, 47,, 8343,, 108.19
2025-03-27 01:16:29, 56,, 8343,, 184.19
2025-03-27 01:16:39, 44,, 8343,, 197.35
2025-03-27 01:16:50, 25,, 8343,, 86.64
2025-03-27 01:17:00, 21,, 8343,, 186.34
2025-03-27 01:17:10, 52,, 8343,, 73.23
2025-03-27 01:17:20, 29,, 8343,, 182.51
2025-03-27 01:17:30, 42,, 8343,, 223.05
2025-03-27 01:17:40, 28,, 8343,, 107.16
2025-03-27 01:17:50, 47,, 8343,, 71.78
2025-03-27 01:18:00, 28,, 8343,, 223.23
2025-03-27 01:18:10, 19,, 8343,, 74.19
2025-03-27 01:18:20, 27,, 8343,, 161.29
2025-03-27 01:18:30, 74,, 8343,, 86.15
2025-03-27 01:18:40, 50,, 8343,, 89.40
2025-03-27 01:18:50, 28,, 8343,, 71.74
2025-03-27 01:19:00, 31,, 8343,, 175.57
2025-03-27 01:19:10, 37,, 8343,, 181.20
2025-03-27 01:19:20, 28,, 8343,, 84.23
2025-03-27 01:19:30, 43,, 8343,, 127.24
2025-03-27 01:19:40, 35,, 8343,, 99.07
2025-03-27 01:19:50, 25,, 8343,, 125.71
2025-03-27 01:20:00, 46,, 8343,, 131.55
2025-03-27 01:20:10, 42,, 8343,, 86.15
2025-03-27 01:20:20, 32,, 8343,, 197.83
2025-03-27 01:20:30, 36,, 8343,, 220.18
2025-03-27 01:20:40, 51,, 8343,, 199.13
2025-03-27 01:20:50, 83,, 8343,, 162.41
2025-03-27 01:21:00, 40,, 8343,, 154.95
2025-03-27 01:21:10, 79,, 8343,, 125.88
2025-03-27 01:21:21, 29,, 8343,, 190.52
2025-03-27 01:21:31, 23,, 8343,, 236.77
2025-03-27 01:21:41, 19,, 8343,, 106.75
2025-03-27 01:21:51, 19,, 8343,, 76.06
2025-03-27 01:22:01, 45,, 8343,, 76.06
2025-03-27 01:22:11, 46,, 8343,, 84.18
2025-03-27 01:22:21, 50,, 8343,, 102.84
2025-03-27 01:22:31, 28,, 8343,, 87.12
2025-03-27 01:22:41, 49,, 8343,, 241.07
2025-03-27 01:22:51, 19,, 8343,, 245.06
2025-03-27 01:23:01, 28,, 8343,, 73.23
2025-03-27 01:23:11, 80,, 8343,, 239.48
2025-03-27 01:23:21, 35,, 8343,, 107.64
2025-03-27 01:23:31, 38,, 8343,, 172.46
2025-03-27 01:23:41, 56,, 8343,, 200.57
2025-03-27 01:23:51, 25,, 8343,, 95.64
2025-03-27 01:24:01, 76,, 8343,, 222.76
2025-03-27 01:24:11, 57,, 8343,, 88.92
2025-03-27 01:24:21, 28,, 8343,, 132.60
2025-03-27 01:24:31, 36,, 8343,, 87.60
2025-03-27 01:24:41, 38,, 8343,, 83.70
2025-03-27 01:24:51, 45,, 8343,, 196.18
2025-03-27 01:25:01, 37,, 8343,, 180.72
