Timestamp, GPU Util (%), Memory Used (MiB), Power (W)
2025-03-28 14:34:13, 0,, 21,, 42.42
2025-03-28 14:34:23, 37,, 7521,, 79.85
2025-03-28 14:34:33, 63,, 7523,, 166.71
2025-03-28 14:34:43, 53,, 7525,, 134.43
2025-03-28 14:34:53, 55,, 7525,, 179.16
2025-03-28 14:35:03, 43,, 7525,, 155.43
2025-03-28 14:35:13, 54,, 7525,, 131.55
2025-03-28 14:35:23, 67,, 7525,, 140.57
2025-03-28 14:35:33, 51,, 7525,, 104.83
2025-03-28 14:35:43, 54,, 7527,, 146.90
2025-03-28 14:35:53, 40,, 7527,, 146.80
2025-03-28 14:36:03, 53,, 7527,, 162.88
2025-03-28 14:36:13, 46,, 7527,, 145.75
2025-03-28 14:36:23, 54,, 7527,, 133.95
2025-03-28 14:36:33, 44,, 7527,, 136.26
2025-03-28 14:36:43, 49,, 7527,, 77.45
2025-03-28 14:36:53, 50,, 7527,, 143.45
2025-03-28 14:37:03, 38,, 7527,, 173.53
2025-03-28 14:37:13, 46,, 7527,, 173.53
2025-03-28 14:37:23, 50,, 7527,, 135.00
2025-03-28 14:37:33, 46,, 7527,, 134.82
2025-03-28 14:37:44, 48,, 7527,, 188.26
2025-03-28 14:37:54, 57,, 7527,, 206.17
2025-03-28 14:38:04, 49,, 7527,, 135.39
2025-03-28 14:38:14, 55,, 7527,, 156.29
2025-03-28 14:38:24, 47,, 7527,, 119.64
2025-03-28 14:38:34, 46,, 7527,, 172.10
2025-03-28 14:38:44, 58,, 7527,, 90.36
2025-03-28 14:38:54, 43,, 7527,, 140.09
2025-03-28 14:39:04, 55,, 7527,, 135.30
2025-03-28 14:39:14, 57,, 7527,, 172.10
2025-03-28 14:39:24, 47,, 7527,, 154.58
2025-03-28 14:39:34, 53,, 7527,, 160.81
2025-03-28 14:39:44, 46,, 7527,, 171.02
2025-03-28 14:39:54, 47,, 7527,, 183.95
2025-03-28 14:40:04, 45,, 7527,, 178.20
2025-03-28 14:40:14, 51,, 7527,, 183.95
2025-03-28 14:40:24, 43,, 7527,, 119.64
2025-03-28 14:40:34, 44,, 7527,, 184.30
2025-03-28 14:40:44, 47,, 7527,, 170.66
2025-03-28 14:40:54, 54,, 7527,, 163.10
2025-03-28 14:41:04, 49,, 7527,, 192.57
2025-03-28 14:41:14, 57,, 7527,, 78.89
2025-03-28 14:41:24, 66,, 7527,, 140.48
2025-03-28 14:41:34, 58,, 7527,, 90.36
2025-03-28 14:41:45, 50,, 7527,, 147.28
2025-03-28 14:41:55, 46,, 7527,, 194.00
2025-03-28 14:42:05, 56,, 7527,, 146.80
2025-03-28 14:42:15, 37,, 7527,, 157.72
2025-03-28 14:42:25, 45,, 7527,, 175.21
2025-03-28 14:42:35, 34,, 7527,, 158.79
2025-03-28 14:42:45, 50,, 7527,, 127.71
2025-03-28 14:42:55, 41,, 7527,, 163.21
2025-03-28 14:43:05, 52,, 7527,, 81.24
2025-03-28 14:43:15, 46,, 7527,, 92.70
2025-03-28 14:43:25, 38,, 7527,, 169.22
2025-03-28 14:43:35, 49,, 7527,, 179.16
2025-03-28 14:43:45, 53,, 7527,, 153.99
2025-03-28 14:43:55, 54,, 7527,, 134.91
2025-03-28 14:44:05, 41,, 7527,, 135.87
2025-03-28 14:44:15, 51,, 7527,, 151.50
2025-03-28 14:44:25, 55,, 7527,, 135.30
2025-03-28 14:44:35, 60,, 7527,, 170.66
2025-03-28 14:44:45, 54,, 7527,, 106.20
2025-03-28 14:44:55, 47,, 7527,, 165.02
2025-03-28 14:45:05, 49,, 7527,, 173.90
2025-03-28 14:45:15, 48,, 7527,, 117.64
2025-03-28 14:45:25, 37,, 7527,, 195.44
2025-03-28 14:45:35, 51,, 7527,, 101.88
2025-03-28 14:45:45, 56,, 7527,, 119.64
2025-03-28 14:45:56, 57,, 7527,, 90.90
2025-03-28 14:46:06, 49,, 7527,, 145.27
2025-03-28 14:46:16, 55,, 7527,, 152.56
2025-03-28 14:46:26, 70,, 7527,, 177.84
2025-03-28 14:46:36, 62,, 7527,, 176.29
2025-03-28 14:46:46, 52,, 7529,, 185.86
2025-03-28 14:46:56, 42,, 7529,, 182.63
2025-03-28 14:47:06, 46,, 7529,, 170.18
2025-03-28 14:47:16, 60,, 7529,, 181.55
2025-03-28 14:47:26, 54,, 7529,, 158.31
2025-03-28 14:47:36, 46,, 7529,, 163.95
2025-03-28 14:47:46, 60,, 7529,, 151.12
2025-03-28 14:47:56, 56,, 7529,, 190.17
2025-03-28 14:48:06, 54,, 7529,, 184.91
2025-03-28 14:48:16, 47,, 7529,, 158.41
2025-03-28 14:48:26, 57,, 7529,, 165.50
2025-03-28 14:48:36, 53,, 7529,, 159.53
2025-03-28 14:48:46, 52,, 7529,, 161.18
2025-03-28 14:48:56, 45,, 7529,, 143.54
2025-03-28 14:49:06, 52,, 7529,, 176.41
2025-03-28 14:49:16, 37,, 7529,, 131.07
2025-03-28 14:49:26, 55,, 7529,, 185.03
2025-03-28 14:49:36, 54,, 7529,, 153.04
2025-03-28 14:49:46, 45,, 7529,, 160.71
2025-03-28 14:49:57, 42,, 7529,, 160.60
2025-03-28 14:50:07, 38,, 7529,, 191.61
2025-03-28 14:50:17, 50,, 7529,, 158.79
2025-03-28 14:50:27, 27,, 7529,, 144.31
2025-03-28 14:50:37, 42,, 7529,, 144.41
2025-03-28 14:50:47, 52,, 7529,, 181.08
2025-03-28 14:50:57, 52,, 7529,, 162.62
2025-03-28 14:51:07, 48,, 7529,, 92.28
2025-03-28 14:51:17, 55,, 7529,, 195.31
2025-03-28 14:51:27, 46,, 7529,, 107.57
2025-03-28 14:51:37, 43,, 7529,, 130.99
2025-03-28 14:51:47, 45,, 7529,, 162.62
2025-03-28 14:51:57, 51,, 7529,, 145.27
2025-03-28 14:52:07, 55,, 7529,, 163.58
2025-03-28 14:52:17, 35,, 7529,, 202.75
2025-03-28 14:52:27, 67,, 7529,, 170.66
2025-03-28 14:52:37, 52,, 7529,, 187.78
2025-03-28 14:52:47, 49,, 7529,, 144.89
2025-03-28 14:52:57, 47,, 7529,, 178.44
2025-03-28 14:53:07, 48,, 7529,, 179.76
2025-03-28 14:53:17, 51,, 7529,, 164.54
2025-03-28 14:53:27, 57,, 7529,, 126.67
2025-03-28 14:53:37, 52,, 7529,, 148.62
2025-03-28 14:53:47, 58,, 7529,, 177.25
2025-03-28 14:53:57, 52,, 7529,, 143.93
2025-03-28 14:54:07, 49,, 7529,, 174.13
2025-03-28 14:54:18, 61,, 7529,, 148.62
2025-03-28 14:54:28, 54,, 7529,, 192.57
2025-03-28 14:54:38, 53,, 7529,, 185.03
2025-03-28 14:54:48, 49,, 7529,, 146.32
2025-03-28 14:54:58, 44,, 7529,, 193.13
2025-03-28 14:55:08, 55,, 7529,, 174.49
2025-03-28 14:55:18, 50,, 7529,, 191.13
2025-03-28 14:55:28, 54,, 7529,, 96.60
2025-03-28 14:55:38, 49,, 7529,, 164.91
2025-03-28 14:55:48, 46,, 7529,, 193.87
2025-03-28 14:55:58, 55,, 7529,, 156.39
2025-03-28 14:56:08, 51,, 7529,, 170.07
2025-03-28 14:56:18, 55,, 7529,, 85.62
2025-03-28 14:56:28, 50,, 7529,, 141.63
2025-03-28 14:56:38, 51,, 7529,, 181.20
2025-03-28 14:56:48, 50,, 7529,, 186.34
2025-03-28 14:56:58, 49,, 7529,, 154.37
2025-03-28 14:57:08, 53,, 7529,, 116.28
2025-03-28 14:57:18, 45,, 7529,, 163.58
2025-03-28 14:57:28, 51,, 7529,, 152.66
2025-03-28 14:57:38, 51,, 7529,, 152.18
2025-03-28 14:57:48, 48,, 7529,, 192.82
2025-03-28 14:57:58, 48,, 7529,, 163.25
2025-03-28 14:58:08, 56,, 7529,, 143.35
2025-03-28 14:58:19, 54,, 7529,, 176.89
2025-03-28 14:58:29, 54,, 7529,, 166.35
2025-03-28 14:58:39, 54,, 7529,, 203.78
2025-03-28 14:58:49, 62,, 7529,, 206.31
2025-03-28 14:58:59, 49,, 7529,, 194.96
2025-03-28 14:59:09, 42,, 7529,, 160.01
2025-03-28 14:59:19, 48,, 7529,, 151.98
2025-03-28 14:59:29, 51,, 7529,, 152.56
2025-03-28 14:59:39, 52,, 7529,, 92.82
2025-03-28 14:59:49, 37,, 7529,, 153.51
2025-03-28 14:59:59, 51,, 7529,, 97.62
2025-03-28 15:00:09, 55,, 7529,, 152.93
2025-03-28 15:00:19, 40,, 7529,, 142.40
2025-03-28 15:00:29, 42,, 7529,, 187.90
2025-03-28 15:00:39, 48,, 7529,, 177.37
2025-03-28 15:00:49, 47,, 7529,, 142.97
2025-03-28 15:00:59, 48,, 7529,, 94.26
2025-03-28 15:01:09, 47,, 7529,, 180.96
2025-03-28 15:01:19, 46,, 7529,, 152.25
2025-03-28 15:01:29, 41,, 7529,, 194.35
2025-03-28 15:01:39, 55,, 7529,, 165.39
2025-03-28 15:01:49, 46,, 7529,, 95.22
2025-03-28 15:01:59, 40,, 7529,, 161.93
2025-03-28 15:02:09, 55,, 7529,, 210.14
2025-03-28 15:02:19, 35,, 7529,, 158.20
2025-03-28 15:02:29, 42,, 7529,, 176.89
2025-03-28 15:02:39, 37,, 7529,, 145.27
2025-03-28 15:02:50, 47,, 7529,, 139.52
2025-03-28 15:03:00, 41,, 7529,, 90.42
2025-03-28 15:03:10, 45,, 7529,, 164.43
2025-03-28 15:03:20, 52,, 7529,, 158.31
2025-03-28 15:03:30, 54,, 7529,, 218.60
2025-03-28 15:03:40, 51,, 7529,, 190.30
2025-03-28 15:03:50, 45,, 7529,, 160.12
2025-03-28 15:04:00, 50,, 7529,, 157.35
2025-03-28 15:04:10, 56,, 7529,, 97.62
2025-03-28 15:04:20, 47,, 7529,, 168.74
2025-03-28 15:04:30, 44,, 7529,, 200.23
2025-03-28 15:04:40, 43,, 7529,, 170.43
2025-03-28 15:04:50, 56,, 7529,, 125.71
2025-03-28 15:05:00, 53,, 7529,, 123.88
2025-03-28 15:05:10, 49,, 7529,, 123.96
2025-03-28 15:05:20, 52,, 7529,, 198.44
2025-03-28 15:05:30, 66,, 7529,, 202.35
2025-03-28 15:05:40, 53,, 7529,, 181.80
2025-03-28 15:05:50, 56,, 7529,, 152.56
2025-03-28 15:06:00, 55,, 7529,, 196.40
2025-03-28 15:06:10, 57,, 7529,, 177.00
2025-03-28 15:06:20, 54,, 7529,, 138.18
2025-03-28 15:06:30, 48,, 7529,, 163.10
2025-03-28 15:06:40, 44,, 7529,, 151.98
2025-03-28 15:06:50, 47,, 7529,, 149.20
2025-03-28 15:07:00, 50,, 7529,, 127.71
2025-03-28 15:07:10, 52,, 7529,, 152.66
2025-03-28 15:07:21, 45,, 7529,, 126.19
2025-03-28 15:07:31, 52,, 7529,, 175.45
2025-03-28 15:07:41, 49,, 7529,, 142.59
2025-03-28 15:07:51, 55,, 7529,, 189.47
2025-03-28 15:08:01, 59,, 7529,, 198.79
2025-03-28 15:08:11, 49,, 7529,, 145.17
2025-03-28 15:08:21, 54,, 7529,, 154.95
2025-03-28 15:08:31, 42,, 7529,, 174.97
2025-03-28 15:08:41, 42,, 7529,, 157.35
2025-03-28 15:08:51, 68,, 7529,, 175.09
2025-03-28 15:09:01, 61,, 7529,, 98.52
2025-03-28 15:09:11, 55,, 7529,, 130.59
2025-03-28 15:09:21, 55,, 7529,, 155.33
2025-03-28 15:09:31, 53,, 7529,, 151.60
2025-03-28 15:09:41, 55,, 7529,, 170.07
2025-03-28 15:09:51, 58,, 7529,, 135.87
2025-03-28 15:10:01, 50,, 7529,, 170.66
2025-03-28 15:10:11, 51,, 7529,, 183.95
2025-03-28 15:10:21, 48,, 7529,, 187.65
2025-03-28 15:10:31, 54,, 7529,, 195.92
2025-03-28 15:10:41, 57,, 7529,, 192.44
2025-03-28 15:10:51, 67,, 7529,, 176.29
2025-03-28 15:11:01, 56,, 7529,, 168.74
2025-03-28 15:11:11, 54,, 7529,, 119.16
2025-03-28 15:11:22, 50,, 7529,, 144.79
2025-03-28 15:11:32, 50,, 7529,, 95.16
2025-03-28 15:11:42, 55,, 7529,, 199.61
2025-03-28 15:11:52, 53,, 7529,, 142.49
2025-03-28 15:12:02, 42,, 7529,, 100.92
2025-03-28 15:12:12, 58,, 7529,, 153.51
2025-03-28 15:12:22, 40,, 7529,, 136.35
2025-03-28 15:12:32, 45,, 7529,, 173.42
2025-03-28 15:12:42, 53,, 7529,, 202.62
2025-03-28 15:12:52, 53,, 7529,, 167.42
2025-03-28 15:13:02, 62,, 7529,, 157.72
2025-03-28 15:13:12, 51,, 7529,, 202.00
2025-03-28 15:13:22, 47,, 7529,, 148.24
2025-03-28 15:13:32, 54,, 7529,, 144.02
2025-03-28 15:13:42, 46,, 7529,, 157.72
2025-03-28 15:13:52, 54,, 7529,, 153.04
2025-03-28 15:14:02, 53,, 7529,, 150.06
2025-03-28 15:14:12, 55,, 7529,, 176.41
2025-03-28 15:14:22, 45,, 7529,, 144.41
2025-03-28 15:14:32, 44,, 7529,, 167.30
2025-03-28 15:14:42, 38,, 7529,, 159.27
2025-03-28 15:14:52, 27,, 7529,, 168.97
2025-03-28 15:15:02, 55,, 7529,, 146.80
2025-03-28 15:15:12, 51,, 7529,, 158.58
2025-03-28 15:15:22, 36,, 7529,, 111.00
2025-03-28 15:15:33, 52,, 7529,, 142.10
2025-03-28 15:15:43, 53,, 7529,, 189.69
2025-03-28 15:15:53, 54,, 7529,, 144.02
2025-03-28 15:16:03, 46,, 7529,, 143.45
2025-03-28 15:16:13, 42,, 7529,, 187.53
2025-03-28 15:16:23, 55,, 7529,, 170.07
2025-03-28 15:16:33, 38,, 7529,, 195.44
2025-03-28 15:16:43, 48,, 7529,, 122.44
2025-03-28 15:16:53, 55,, 7529,, 181.68
2025-03-28 15:17:03, 52,, 7529,, 165.87
2025-03-28 15:17:13, 56,, 7529,, 146.23
2025-03-28 15:17:23, 54,, 7529,, 184.43
2025-03-28 15:17:33, 54,, 7529,, 177.13
2025-03-28 15:17:43, 41,, 7529,, 154.27
2025-03-28 15:17:53, 54,, 7529,, 152.66
2025-03-28 15:18:03, 52,, 7529,, 185.38
2025-03-28 15:18:13, 55,, 7529,, 147.28
2025-03-28 15:18:23, 46,, 7529,, 182.03
2025-03-28 15:18:33, 50,, 7529,, 145.46
2025-03-28 15:18:43, 52,, 7529,, 114.36
2025-03-28 15:18:53, 38,, 7529,, 147.66
2025-03-28 15:19:03, 53,, 7529,, 172.94
2025-03-28 15:19:13, 66,, 7529,, 110.52
2025-03-28 15:19:23, 62,, 7529,, 147.76
2025-03-28 15:19:33, 45,, 7529,, 166.24
2025-03-28 15:19:43, 48,, 7529,, 189.21
2025-03-28 15:19:54, 48,, 7529,, 161.45
2025-03-28 15:20:04, 54,, 7529,, 169.11
2025-03-28 15:20:14, 44,, 7529,, 171.50
2025-03-28 15:20:24, 63,, 7529,, 118.60
2025-03-28 15:20:34, 57,, 7529,, 154.47
2025-03-28 15:20:44, 43,, 7529,, 145.85
2025-03-28 15:20:54, 51,, 7529,, 167.19
2025-03-28 15:21:04, 52,, 7529,, 163.36
2025-03-28 15:21:14, 46,, 7529,, 151.60
2025-03-28 15:21:24, 55,, 7529,, 134.82
2025-03-28 15:21:34, 48,, 7529,, 176.04
2025-03-28 15:21:44, 55,, 7529,, 143.83
2025-03-28 15:21:54, 58,, 7529,, 184.30
2025-03-28 15:22:04, 48,, 7529,, 175.33
2025-03-28 15:22:14, 52,, 7529,, 202.96
2025-03-28 15:22:24, 46,, 7529,, 97.62
2025-03-28 15:22:34, 47,, 7529,, 99.48
2025-03-28 15:22:44, 53,, 7529,, 153.41
2025-03-28 15:22:54, 48,, 7529,, 151.02
2025-03-28 15:23:04, 52,, 7529,, 185.26
2025-03-28 15:23:14, 50,, 7529,, 182.99
2025-03-28 15:23:24, 59,, 7529,, 143.35
2025-03-28 15:23:34, 47,, 7529,, 206.31
2025-03-28 15:23:44, 53,, 7529,, 167.30
2025-03-28 15:23:54, 45,, 7529,, 152.08
2025-03-28 15:24:05, 53,, 7529,, 169.59
2025-03-28 15:24:15, 45,, 7529,, 133.38
2025-03-28 15:24:25, 43,, 7529,, 113.32
2025-03-28 15:24:35, 43,, 7529,, 139.13
2025-03-28 15:24:45, 44,, 7529,, 155.91
2025-03-28 15:24:55, 32,, 7529,, 185.86
2025-03-28 15:25:05, 53,, 7529,, 187.30
2025-03-28 15:25:15, 51,, 7529,, 148.14
2025-03-28 15:25:25, 46,, 7529,, 152.18
2025-03-28 15:25:35, 37,, 7529,, 152.66
2025-03-28 15:25:45, 46,, 7529,, 87.96
2025-03-28 15:25:55, 45,, 7529,, 154.95
2025-03-28 15:26:05, 42,, 7529,, 169.59
2025-03-28 15:26:15, 41,, 7529,, 204.67
2025-03-28 15:26:25, 53,, 7529,, 110.04
2025-03-28 15:26:35, 55,, 7529,, 139.13
2025-03-28 15:26:45, 48,, 7529,, 162.62
2025-03-28 15:26:55, 48,, 7529,, 164.43
2025-03-28 15:27:05, 41,, 7529,, 155.91
2025-03-28 15:27:15, 61,, 7529,, 192.57
2025-03-28 15:27:25, 48,, 7529,, 193.04
2025-03-28 15:27:35, 45,, 7529,, 157.35
2025-03-28 15:27:45, 52,, 7529,, 94.68
2025-03-28 15:27:55, 29,, 7529,, 176.89
2025-03-28 15:28:05, 55,, 7529,, 157.83
2025-03-28 15:28:16, 54,, 7529,, 144.02
2025-03-28 15:28:26, 55,, 7529,, 151.50
2025-03-28 15:28:36, 34,, 7529,, 159.16
2025-03-28 15:28:46, 54,, 7529,, 185.51
2025-03-28 15:28:56, 42,, 7529,, 194.35
2025-03-28 15:29:06, 51,, 7529,, 172.10
2025-03-28 15:29:16, 46,, 7529,, 142.59
2025-03-28 15:29:26, 46,, 7529,, 162.99
2025-03-28 15:29:36, 46,, 7529,, 158.31
2025-03-28 15:29:46, 40,, 7529,, 126.19
2025-03-28 15:29:56, 51,, 7529,, 92.28
2025-03-28 15:30:06, 53,, 7529,, 142.97
2025-03-28 15:30:16, 54,, 7529,, 141.05
2025-03-28 15:30:26, 55,, 7529,, 130.51
2025-03-28 15:30:36, 47,, 7529,, 180.00
2025-03-28 15:30:46, 52,, 7529,, 172.94
2025-03-28 15:30:56, 47,, 7529,, 154.27
2025-03-28 15:31:06, 52,, 7529,, 151.02
2025-03-28 15:31:16, 43,, 7529,, 188.13
2025-03-28 15:31:26, 48,, 7529,, 184.55
2025-03-28 15:31:36, 51,, 7529,, 143.45
2025-03-28 15:31:46, 52,, 7529,, 202.48
2025-03-28 15:31:56, 51,, 7529,, 175.33
2025-03-28 15:32:06, 39,, 7529,, 113.40
2025-03-28 15:32:17, 42,, 7529,, 165.76
2025-03-28 15:32:27, 36,, 7529,, 181.08
2025-03-28 15:32:37, 50,, 7529,, 182.03
2025-03-28 15:32:47, 55,, 7529,, 146.32
2025-03-28 15:32:57, 51,, 7529,, 163.95
2025-03-28 15:33:07, 44,, 7529,, 142.97
2025-03-28 15:33:17, 47,, 7529,, 166.71
2025-03-28 15:33:27, 42,, 7529,, 182.99
2025-03-28 15:33:37, 61,, 7529,, 171.98
2025-03-28 15:33:47, 50,, 7529,, 172.94
2025-03-28 15:33:57, 63,, 7529,, 88.50
2025-03-28 15:34:07, 53,, 7529,, 132.90
2025-03-28 15:34:17, 55,, 7529,, 173.90
2025-03-28 15:34:27, 50,, 7529,, 140.67
2025-03-28 15:34:37, 55,, 7529,, 164.91
2025-03-28 15:34:47, 53,, 7529,, 153.99
2025-03-28 15:34:57, 56,, 7529,, 191.48
2025-03-28 15:35:07, 55,, 7533,, 185.86
2025-03-28 15:35:17, 54,, 7533,, 109.56
2025-03-28 15:35:27, 51,, 7533,, 176.77
2025-03-28 15:35:37, 55,, 7533,, 183.95
2025-03-28 15:35:47, 53,, 7533,, 175.81
2025-03-28 15:35:57, 50,, 7533,, 101.40
2025-03-28 15:36:07, 39,, 7533,, 151.98
2025-03-28 15:36:17, 41,, 7533,, 179.16
2025-03-28 15:36:28, 45,, 7533,, 164.06
2025-03-28 15:36:38, 57,, 7533,, 206.79
2025-03-28 15:36:48, 50,, 7533,, 181.08
2025-03-28 15:36:58, 48,, 7533,, 100.03
2025-03-28 15:37:08, 48,, 7533,, 197.35
2025-03-28 15:37:18, 56,, 7533,, 186.34
2025-03-28 15:37:28, 69,, 7533,, 180.24
2025-03-28 15:37:38, 44,, 7533,, 207.47
2025-03-28 15:37:48, 41,, 7533,, 179.16
2025-03-28 15:37:58, 40,, 7533,, 148.72
2025-03-28 15:38:08, 62,, 7533,, 200.36
2025-03-28 15:38:18, 66,, 7533,, 150.16
2025-03-28 15:38:28, 55,, 7533,, 149.58
2025-03-28 15:38:38, 45,, 7533,, 178.32
2025-03-28 15:38:48, 49,, 7533,, 199.75
2025-03-28 15:38:58, 46,, 7533,, 141.15
2025-03-28 15:39:08, 35,, 7533,, 124.75
2025-03-28 15:39:18, 55,, 7533,, 89.04
2025-03-28 15:39:28, 48,, 7533,, 146.71
2025-03-28 15:39:38, 58,, 7533,, 206.65
2025-03-28 15:39:48, 50,, 7533,, 91.80
2025-03-28 15:39:58, 61,, 7533,, 93.72
2025-03-28 15:40:08, 53,, 7533,, 145.46
2025-03-28 15:40:18, 60,, 7533,, 83.70
2025-03-28 15:40:29, 48,, 7533,, 166.94
2025-03-28 15:40:39, 56,, 7533,, 124.92
2025-03-28 15:40:49, 56,, 7533,, 156.39
2025-03-28 15:40:59, 52,, 7533,, 180.24
2025-03-28 15:41:09, 58,, 7533,, 182.51
2025-03-28 15:41:19, 65,, 7533,, 159.05
2025-03-28 15:41:29, 50,, 7533,, 154.47
2025-03-28 15:41:39, 62,, 7533,, 144.41
2025-03-28 15:41:49, 43,, 7533,, 188.74
2025-03-28 15:41:59, 55,, 7533,, 101.40
2025-03-28 15:42:09, 40,, 7533,, 191.96
2025-03-28 15:42:19, 55,, 7533,, 200.91
2025-03-28 15:42:29, 46,, 7533,, 158.79
2025-03-28 15:42:39, 51,, 7533,, 192.09
2025-03-28 15:42:49, 51,, 7533,, 205.01
2025-03-28 15:42:59, 50,, 7533,, 150.54
2025-03-28 15:43:09, 51,, 7533,, 183.47
2025-03-28 15:43:19, 38,, 7533,, 142.49
2025-03-28 15:43:29, 66,, 7533,, 96.18
2025-03-28 15:43:39, 59,, 7533,, 148.82
2025-03-28 15:43:49, 49,, 7533,, 159.64
2025-03-28 15:43:59, 46,, 7533,, 177.73
2025-03-28 15:44:09, 56,, 7533,, 185.03
2025-03-28 15:44:19, 49,, 7533,, 167.30
2025-03-28 15:44:29, 39,, 7533,, 149.78
2025-03-28 15:44:40, 49,, 7533,, 105.24
2025-03-28 15:44:50, 55,, 7533,, 168.26
2025-03-28 15:45:00, 38,, 7533,, 159.16
2025-03-28 15:45:10, 52,, 7533,, 153.04
2025-03-28 15:45:20, 46,, 7533,, 125.32
2025-03-28 15:45:30, 55,, 7533,, 153.99
2025-03-28 15:45:40, 44,, 7533,, 164.32
2025-03-28 15:45:50, 56,, 7533,, 139.04
2025-03-28 15:46:00, 43,, 7533,, 217.31
2025-03-28 15:46:10, 56,, 7533,, 96.60
2025-03-28 15:46:20, 59,, 7533,, 202.00
2025-03-28 15:46:30, 40,, 7533,, 169.81
2025-03-28 15:46:40, 52,, 7533,, 162.04
2025-03-28 15:46:50, 55,, 7533,, 177.13
2025-03-28 15:47:00, 47,, 7533,, 172.46
2025-03-28 15:47:10, 49,, 7533,, 130.99
2025-03-28 15:47:20, 49,, 7533,, 177.96
2025-03-28 15:47:30, 48,, 7533,, 91.38
2025-03-28 15:47:40, 48,, 7533,, 180.60
2025-03-28 15:47:50, 44,, 7533,, 140.96
2025-03-28 15:48:00, 55,, 7533,, 148.62
2025-03-28 15:48:10, 55,, 7533,, 183.59
2025-03-28 15:48:20, 50,, 7533,, 181.08
2025-03-28 15:48:30, 44,, 7533,, 162.51
2025-03-28 15:48:40, 51,, 7533,, 142.49
2025-03-28 15:48:50, 45,, 7533,, 163.36
2025-03-28 15:49:00, 56,, 7533,, 99.48
2025-03-28 15:49:11, 50,, 7533,, 156.77
2025-03-28 15:49:21, 55,, 7533,, 137.22
2025-03-28 15:49:31, 42,, 7533,, 152.08
2025-03-28 15:49:41, 40,, 7533,, 177.73
2025-03-28 15:49:51, 54,, 7533,, 80.81
2025-03-28 15:50:01, 56,, 7533,, 183.47
2025-03-28 15:50:11, 49,, 7533,, 199.13
2025-03-28 15:50:21, 67,, 7533,, 138.75
2025-03-28 15:50:31, 47,, 7533,, 171.14
2025-03-28 15:50:41, 55,, 7533,, 104.28
2025-03-28 15:50:51, 39,, 7533,, 192.09
2025-03-28 15:51:01, 50,, 7533,, 190.78
2025-03-28 15:51:11, 55,, 7533,, 147.76
2025-03-28 15:51:21, 55,, 7533,, 112.44
2025-03-28 15:51:31, 38,, 7533,, 154.95
2025-03-28 15:51:41, 57,, 7533,, 165.28
2025-03-28 15:51:51, 46,, 7533,, 190.65
2025-03-28 15:52:01, 55,, 7533,, 107.64
2025-03-28 15:52:11, 51,, 7533,, 193.87
2025-03-28 15:52:21, 38,, 7533,, 132.03
2025-03-28 15:52:31, 45,, 7533,, 150.16
2025-03-28 15:52:41, 45,, 7533,, 223.38
2025-03-28 15:52:51, 64,, 7533,, 167.30
2025-03-28 15:53:01, 52,, 7533,, 188.13
2025-03-28 15:53:11, 44,, 7533,, 98.52
2025-03-28 15:53:22, 44,, 7533,, 176.29
2025-03-28 15:53:32, 42,, 7533,, 137.70
2025-03-28 15:53:42, 54,, 7533,, 202.96
2025-03-28 15:53:52, 44,, 7533,, 150.54
2025-03-28 15:54:02, 47,, 7533,, 186.47
2025-03-28 15:54:12, 37,, 7533,, 172.94
2025-03-28 15:54:22, 60,, 7533,, 94.74
2025-03-28 15:54:32, 57,, 7533,, 215.73
2025-03-28 15:54:42, 51,, 7533,, 186.34
2025-03-28 15:54:52, 45,, 7533,, 174.01
2025-03-28 15:55:02, 37,, 7533,, 128.11
2025-03-28 15:55:12, 59,, 7533,, 167.08
2025-03-28 15:55:22, 55,, 7533,, 135.48
2025-03-28 15:55:32, 37,, 7533,, 178.80
2025-03-28 15:55:42, 57,, 7533,, 188.61
2025-03-28 15:55:52, 47,, 7533,, 145.94
2025-03-28 15:56:02, 55,, 7533,, 160.60
2025-03-28 15:56:12, 44,, 7533,, 150.06
2025-03-28 15:56:22, 49,, 7533,, 163.47
2025-03-28 15:56:32, 50,, 7533,, 163.47
2025-03-28 15:56:42, 59,, 7533,, 136.74
2025-03-28 15:56:52, 35,, 7533,, 173.90
2025-03-28 15:57:02, 47,, 7533,, 142.01
2025-03-28 15:57:12, 57,, 7533,, 148.72
2025-03-28 15:57:22, 50,, 7533,, 189.57
2025-03-28 15:57:33, 49,, 7533,, 96.18
2025-03-28 15:57:43, 44,, 7533,, 113.88
2025-03-28 15:57:53, 54,, 7533,, 155.33
2025-03-28 15:58:03, 46,, 7533,, 159.16
2025-03-28 15:58:13, 55,, 7533,, 181.08
2025-03-28 15:58:23, 40,, 7533,, 140.09
2025-03-28 15:58:33, 52,, 7533,, 175.81
2025-03-28 15:58:43, 41,, 7533,, 176.41
2025-03-28 15:58:53, 42,, 7533,, 168.04
2025-03-28 15:59:03, 50,, 7533,, 134.82
2025-03-28 15:59:13, 47,, 7533,, 157.93
2025-03-28 15:59:23, 50,, 7533,, 111.41
2025-03-28 15:59:33, 46,, 7533,, 159.75
2025-03-28 15:59:43, 60,, 7533,, 190.52
2025-03-28 15:59:53, 45,, 7533,, 144.89
2025-03-28 16:00:03, 45,, 7533,, 167.19
2025-03-28 16:00:13, 57,, 7533,, 148.72
2025-03-28 16:00:23, 56,, 7533,, 149.10
2025-03-28 16:00:33, 52,, 7533,, 134.91
2025-03-28 16:00:43, 43,, 7533,, 178.32
2025-03-28 16:00:53, 48,, 7533,, 162.04
2025-03-28 16:01:03, 52,, 7533,, 102.36
2025-03-28 16:01:13, 44,, 7533,, 151.98
2025-03-28 16:01:23, 39,, 7533,, 171.02
2025-03-28 16:01:33, 56,, 7533,, 155.91
2025-03-28 16:01:43, 44,, 7533,, 197.22
2025-03-28 16:01:53, 85,, 7533,, 128.19
2025-03-28 16:02:04, 37,, 7533,, 155.06
2025-03-28 16:02:14, 48,, 7533,, 156.87
2025-03-28 16:02:24, 37,, 7533,, 138.75
2025-03-28 16:02:34, 61,, 7533,, 167.90
2025-03-28 16:02:44, 66,, 7533,, 186.95
2025-03-28 16:02:54, 56,, 7533,, 169.22
2025-03-28 16:03:04, 50,, 7533,, 93.36
2025-03-28 16:03:14, 50,, 7533,, 165.87
2025-03-28 16:03:24, 38,, 7533,, 171.25
2025-03-28 16:03:34, 55,, 7533,, 148.24
2025-03-28 16:03:44, 46,, 7533,, 196.26
2025-03-28 16:03:54, 51,, 7533,, 130.99
2025-03-28 16:04:04, 56,, 7533,, 161.08
2025-03-28 16:04:14, 51,, 7533,, 190.65
2025-03-28 16:04:24, 48,, 7533,, 184.07
2025-03-28 16:04:34, 55,, 7533,, 183.59
2025-03-28 16:04:44, 54,, 7533,, 151.60
2025-03-28 16:04:54, 48,, 7533,, 167.90
2025-03-28 16:05:04, 46,, 7533,, 132.99
2025-03-28 16:05:14, 45,, 7533,, 190.52
2025-03-28 16:05:24, 67,, 7533,, 220.66
2025-03-28 16:05:34, 49,, 7533,, 135.39
2025-03-28 16:05:44, 50,, 7533,, 96.60
2025-03-28 16:05:54, 42,, 7533,, 109.56
2025-03-28 16:06:05, 45,, 7533,, 169.33
2025-03-28 16:06:15, 58,, 7533,, 186.82
2025-03-28 16:06:25, 56,, 7533,, 190.52
2025-03-28 16:06:35, 72,, 7533,, 107.16
2025-03-28 16:06:45, 62,, 7533,, 99.48
2025-03-28 16:06:55, 51,, 7533,, 159.75
2025-03-28 16:07:05, 51,, 7533,, 189.69
2025-03-28 16:07:15, 43,, 7533,, 176.41
2025-03-28 16:07:25, 45,, 7533,, 147.28
2025-03-28 16:07:35, 40,, 7533,, 140.19
2025-03-28 16:07:45, 43,, 7533,, 191.13
2025-03-28 16:07:55, 57,, 7533,, 213.96
2025-03-28 16:08:05, 48,, 7533,, 140.09
2025-03-28 16:08:15, 49,, 7533,, 165.39
2025-03-28 16:08:25, 73,, 7533,, 82.25
2025-03-28 16:08:35, 64,, 7533,, 119.08
2025-03-28 16:08:45, 57,, 7533,, 192.57
2025-03-28 16:08:55, 54,, 7533,, 153.99
2025-03-28 16:09:05, 52,, 7533,, 168.74
2025-03-28 16:09:15, 50,, 7533,, 161.08
2025-03-28 16:09:25, 58,, 7533,, 185.99
2025-03-28 16:09:35, 43,, 7533,, 152.93
2025-03-28 16:09:45, 55,, 7533,, 218.60
2025-03-28 16:09:55, 33,, 7533,, 183.47
2025-03-28 16:10:06, 52,, 7533,, 163.10
2025-03-28 16:10:16, 44,, 7533,, 170.07
2025-03-28 16:10:26, 58,, 7533,, 192.09
2025-03-28 16:10:36, 53,, 7533,, 150.16
2025-03-28 16:10:46, 54,, 7533,, 163.47
2025-03-28 16:10:56, 59,, 7533,, 98.45
2025-03-28 16:11:06, 48,, 7533,, 92.82
2025-03-28 16:11:16, 48,, 7533,, 180.24
2025-03-28 16:11:26, 47,, 7533,, 144.89
2025-03-28 16:11:36, 51,, 7533,, 163.47
2025-03-28 16:11:46, 43,, 7533,, 195.79
2025-03-28 16:11:56, 48,, 7533,, 151.12
2025-03-28 16:12:06, 57,, 7533,, 113.40
2025-03-28 16:12:16, 51,, 7533,, 162.99
2025-03-28 16:12:26, 45,, 7533,, 173.30
2025-03-28 16:12:36, 57,, 7533,, 179.76
2025-03-28 16:12:46, 30,, 7533,, 141.05
2025-03-28 16:12:56, 45,, 7533,, 145.46
2025-03-28 16:13:06, 67,, 7533,, 142.97
2025-03-28 16:13:16, 60,, 7533,, 180.12
2025-03-28 16:13:26, 61,, 7533,, 144.41
2025-03-28 16:13:36, 52,, 7533,, 194.22
2025-03-28 16:13:46, 47,, 7533,, 161.56
2025-03-28 16:13:56, 56,, 7533,, 200.09
2025-03-28 16:14:06, 49,, 7533,, 140.19
2025-03-28 16:14:16, 46,, 7533,, 171.02
2025-03-28 16:14:26, 46,, 7533,, 151.98
2025-03-28 16:14:37, 45,, 7533,, 159.27
2025-03-28 16:14:47, 60,, 7533,, 179.52
2025-03-28 16:14:57, 42,, 7533,, 111.33
2025-03-28 16:15:07, 46,, 7533,, 111.00
2025-03-28 16:15:17, 55,, 7533,, 163.95
2025-03-28 16:15:27, 62,, 7533,, 82.31
2025-03-28 16:15:37, 65,, 7533,, 186.95
2025-03-28 16:15:47, 42,, 7533,, 162.99
2025-03-28 16:15:57, 48,, 7533,, 166.35
2025-03-28 16:16:07, 35,, 7533,, 97.50
2025-03-28 16:16:17, 56,, 7533,, 151.02
2025-03-28 16:16:27, 46,, 7533,, 136.74
2025-03-28 16:16:37, 51,, 7533,, 158.20
2025-03-28 16:16:47, 50,, 7533,, 96.12
2025-03-28 16:16:57, 48,, 7533,, 136.74
2025-03-28 16:17:07, 48,, 7533,, 187.17
2025-03-28 16:17:17, 41,, 7533,, 159.16
2025-03-28 16:17:27, 39,, 7533,, 165.76
2025-03-28 16:17:37, 57,, 7533,, 110.04
2025-03-28 16:17:47, 49,, 7533,, 155.33
2025-03-28 16:17:57, 35,, 7533,, 185.86
2025-03-28 16:18:07, 55,, 7533,, 177.25
2025-03-28 16:18:17, 51,, 7533,, 99.96
2025-03-28 16:18:27, 50,, 7533,, 140.09
2025-03-28 16:18:38, 56,, 7533,, 154.95
2025-03-28 16:18:48, 58,, 7533,, 144.98
2025-03-28 16:18:58, 55,, 7533,, 149.96
2025-03-28 16:19:08, 53,, 7533,, 177.37
2025-03-28 16:19:18, 66,, 7533,, 168.26
2025-03-28 16:19:28, 23,, 7533,, 141.53
2025-03-28 16:19:38, 50,, 7533,, 141.44
2025-03-28 16:19:48, 58,, 7533,, 99.48
2025-03-28 16:19:58, 51,, 7533,, 155.81
2025-03-28 16:20:08, 47,, 7533,, 126.59
2025-03-28 16:20:18, 56,, 7533,, 147.38
2025-03-28 16:20:28, 49,, 7533,, 93.30
2025-03-28 16:20:38, 44,, 7533,, 110.52
2025-03-28 16:20:48, 57,, 7533,, 139.61
2025-03-28 16:20:58, 57,, 7533,, 143.93
2025-03-28 16:21:08, 48,, 7533,, 142.01
2025-03-28 16:21:18, 55,, 7533,, 114.84
2025-03-28 16:21:28, 57,, 7533,, 215.40
2025-03-28 16:21:38, 59,, 7533,, 89.94
2025-03-28 16:21:48, 47,, 7533,, 80.33
2025-03-28 16:21:58, 0,, 7533,, 58.76
2025-03-28 16:22:08, 47,, 7533,, 157.35
2025-03-28 16:22:18, 55,, 7533,, 181.68
2025-03-28 16:22:28, 57,, 7533,, 191.48
2025-03-28 16:22:38, 50,, 7533,, 146.32
2025-03-28 16:22:49, 57,, 7533,, 191.00
2025-03-28 16:22:59, 58,, 7533,, 156.29
2025-03-28 16:23:09, 50,, 7533,, 166.83
2025-03-28 16:23:19, 47,, 7533,, 214.92
2025-03-28 16:23:29, 55,, 7533,, 216.84
2025-03-28 16:23:39, 36,, 7533,, 146.80
2025-03-28 16:23:49, 49,, 7533,, 207.40
2025-03-28 16:23:59, 47,, 7533,, 136.74
2025-03-28 16:24:09, 46,, 7533,, 124.84
2025-03-28 16:24:19, 51,, 7533,, 150.16
2025-03-28 16:24:29, 42,, 7533,, 152.56
2025-03-28 16:24:39, 52,, 7533,, 196.26
2025-03-28 16:24:49, 65,, 7533,, 203.10
2025-03-28 16:24:59, 62,, 7533,, 137.22
2025-03-28 16:25:09, 37,, 7533,, 147.66
2025-03-28 16:25:19, 61,, 7533,, 194.00
2025-03-28 16:25:29, 54,, 7533,, 180.83
2025-03-28 16:25:39, 65,, 7533,, 148.24
2025-03-28 16:25:49, 59,, 7533,, 165.87
2025-03-28 16:25:59, 50,, 7533,, 143.93
2025-03-28 16:26:09, 48,, 7533,, 154.95
2025-03-28 16:26:19, 39,, 7533,, 144.41
2025-03-28 16:26:29, 46,, 7533,, 176.29
2025-03-28 16:26:40, 46,, 7533,, 109.56
2025-03-28 16:26:50, 46,, 7533,, 217.31
2025-03-28 16:27:00, 21,, 7533,, 146.32
2025-03-28 16:27:10, 53,, 7533,, 168.26
2025-03-28 16:27:20, 45,, 7533,, 160.38
2025-03-28 16:27:30, 58,, 7533,, 177.25
2025-03-28 16:27:40, 55,, 7533,, 165.39
2025-03-28 16:27:50, 52,, 7533,, 170.66
2025-03-28 16:28:00, 52,, 7533,, 178.80
2025-03-28 16:28:10, 54,, 7533,, 158.20
2025-03-28 16:28:20, 51,, 7533,, 106.13
2025-03-28 16:28:30, 64,, 7533,, 86.10
2025-03-28 16:28:40, 40,, 7533,, 177.25
2025-03-28 16:28:50, 47,, 7533,, 175.81
2025-03-28 16:29:00, 49,, 7533,, 125.80
2025-03-28 16:29:10, 52,, 7533,, 178.80
2025-03-28 16:29:20, 52,, 7533,, 150.64
2025-03-28 16:29:30, 34,, 7533,, 100.44
2025-03-28 16:29:40, 48,, 7533,, 143.45
2025-03-28 16:29:50, 52,, 7533,, 172.57
2025-03-28 16:30:00, 34,, 7533,, 150.54
2025-03-28 16:30:10, 57,, 7533,, 220.99
2025-03-28 16:30:20, 58,, 7533,, 178.32
2025-03-28 16:30:30, 47,, 7533,, 155.43
2025-03-28 16:30:40, 45,, 7533,, 193.52
