Timestamp, GPU Util (%), Memory Used (MiB), Power (W)
2025-03-26 21:31:27, 0,, 52,, 42.47
2025-03-26 21:31:38, 0,, 52,, 42.13
2025-03-26 21:31:48, 0,, 52,, 42.13
2025-03-26 21:31:58, 0,, 52,, 42.24
2025-03-26 21:32:08, 0,, 52,, 42.30
2025-03-26 21:32:18, 0,, 52,, 42.30
2025-03-26 21:32:28, 0,, 52,, 42.47
2025-03-26 21:32:38, 0,, 52,, 41.99
2025-03-26 21:32:48, 0,, 52,, 42.30
2025-03-26 21:32:58, 0,, 52,, 42.53
2025-03-26 21:33:08, 0,, 52,, 42.47
2025-03-26 21:33:18, 0,, 52,, 42.19
2025-03-26 21:33:28, 0,, 52,, 42.47
2025-03-26 21:33:38, 0,, 358,, 55.62
2025-03-26 21:33:48, 76,, 8220,, 189.47
2025-03-26 21:33:58, 36,, 8368,, 84.77
2025-03-26 21:34:08, 28,, 8370,, 110.11
2025-03-26 21:34:18, 64,, 8370,, 95.77
2025-03-26 21:34:28, 65,, 8370,, 153.62
2025-03-26 21:34:38, 54,, 8370,, 214.92
2025-03-26 21:34:48, 18,, 8370,, 119.16
2025-03-26 21:34:58, 35,, 8370,, 106.75
2025-03-26 21:35:08, 43,, 8370,, 97.21
2025-03-26 21:35:18, 61,, 8372,, 193.78
2025-03-26 21:35:28, 36,, 8372,, 172.21
2025-03-26 21:35:38, 33,, 8372,, 100.99
2025-03-26 21:35:48, 56,, 8372,, 139.32
2025-03-26 21:35:59, 61,, 8372,, 138.65
2025-03-26 21:36:09, 27,, 8372,, 138.36
2025-03-26 21:36:19, 54,, 8372,, 90.48
2025-03-26 21:36:29, 30,, 8372,, 89.04
2025-03-26 21:36:39, 49,, 8372,, 135.00
2025-03-26 21:36:49, 25,, 8372,, 202.54
2025-03-26 21:36:59, 30,, 8372,, 103.39
2025-03-26 21:37:09, 40,, 8372,, 188.38
2025-03-26 21:37:19, 37,, 8372,, 145.94
2025-03-26 21:37:29, 49,, 8372,, 187.78
2025-03-26 21:37:39, 28,, 8372,, 110.89
2025-03-26 21:37:49, 34,, 8372,, 92.96
2025-03-26 21:37:59, 27,, 8372,, 86.92
2025-03-26 21:38:09, 39,, 8372,, 157.35
2025-03-26 21:38:19, 21,, 8372,, 72.21
2025-03-26 21:38:29, 18,, 8372,, 70.87
2025-03-26 21:38:39, 57,, 8372,, 193.65
2025-03-26 21:38:49, 36,, 8372,, 103.66
2025-03-26 21:38:59, 50,, 8372,, 185.38
2025-03-26 21:39:09, 23,, 8372,, 73.23
2025-03-26 21:39:19, 27,, 8372,, 206.45
2025-03-26 21:39:29, 41,, 8372,, 168.38
2025-03-26 21:39:39, 33,, 8372,, 206.59
2025-03-26 21:39:49, 28,, 8372,, 165.50
2025-03-26 21:39:59, 27,, 8372,, 148.82
2025-03-26 21:40:09, 33,, 8372,, 170.29
2025-03-26 21:40:19, 31,, 8372,, 91.92
2025-03-26 21:40:29, 69,, 8372,, 102.91
2025-03-26 21:40:40, 48,, 8372,, 226.73
2025-03-26 21:40:50, 35,, 8372,, 201.66
2025-03-26 21:41:00, 36,, 8372,, 151.22
2025-03-26 21:41:10, 63,, 8372,, 215.07
2025-03-26 21:41:20, 26,, 8372,, 76.11
2025-03-26 21:41:30, 26,, 8372,, 144.98
2025-03-26 21:41:40, 58,, 8372,, 89.04
2025-03-26 21:41:50, 27,, 8372,, 102.98
2025-03-26 21:42:00, 29,, 8372,, 119.24
2025-03-26 21:42:10, 32,, 8372,, 172.57
2025-03-26 21:42:20, 46,, 8372,, 178.80
2025-03-26 21:42:30, 18,, 8372,, 166.46
2025-03-26 21:42:40, 60,, 8372,, 122.52
2025-03-26 21:42:50, 51,, 8372,, 226.88
2025-03-26 21:43:00, 54,, 8372,, 193.39
2025-03-26 21:43:10, 47,, 8372,, 236.91
2025-03-26 21:43:20, 31,, 8372,, 182.77
2025-03-26 21:43:30, 28,, 8372,, 189.51
2025-03-26 21:43:40, 69,, 8372,, 235.18
2025-03-26 21:43:50, 56,, 8372,, 198.31
2025-03-26 21:44:00, 63,, 8372,, 249.37
2025-03-26 21:44:10, 64,, 8372,, 190.43
2025-03-26 21:44:20, 34,, 8372,, 205.83
2025-03-26 21:44:30, 48,, 8372,, 227.69
2025-03-26 21:44:40, 18,, 8372,, 144.98
2025-03-26 21:44:50, 39,, 8372,, 239.16
2025-03-26 21:45:00, 30,, 8372,, 134.52
2025-03-26 21:45:11, 48,, 8372,, 164.65
2025-03-26 21:45:21, 55,, 8372,, 125.75
2025-03-26 21:45:31, 27,, 8372,, 220.66
2025-03-26 21:45:41, 35,, 8372,, 101.06
2025-03-26 21:45:51, 47,, 8372,, 97.62
2025-03-26 21:46:01, 23,, 8372,, 96.25
2025-03-26 21:46:11, 30,, 8372,, 139.71
2025-03-26 21:46:21, 54,, 8372,, 159.85
2025-03-26 21:46:31, 61,, 8372,, 90.96
2025-03-26 21:46:41, 18,, 8372,, 108.67
2025-03-26 21:46:51, 40,, 8372,, 211.85
2025-03-26 21:47:01, 18,, 8372,, 71.78
2025-03-26 21:47:11, 27,, 8372,, 74.20
2025-03-26 21:47:21, 65,, 8372,, 240.28
2025-03-26 21:47:31, 30,, 8372,, 207.88
2025-03-26 21:47:41, 48,, 8372,, 228.95
2025-03-26 21:47:51, 56,, 8372,, 222.62
2025-03-26 21:48:01, 60,, 8372,, 210.86
2025-03-26 21:48:11, 37,, 8372,, 79.52
2025-03-26 21:48:21, 50,, 8372,, 119.07
2025-03-26 21:48:31, 60,, 8372,, 204.19
2025-03-26 21:48:41, 36,, 8372,, 89.52
2025-03-26 21:48:51, 51,, 8372,, 179.76
2025-03-26 21:49:01, 29,, 8372,, 112.04
2025-03-26 21:49:11, 31,, 8372,, 115.88
2025-03-26 21:49:21, 30,, 8372,, 115.40
2025-03-26 21:49:31, 64,, 8372,, 174.01
2025-03-26 21:49:41, 29,, 8372,, 92.40
2025-03-26 21:49:52, 47,, 8372,, 104.35
2025-03-26 21:50:02, 37,, 8372,, 115.40
2025-03-26 21:50:12, 55,, 8372,, 79.00
2025-03-26 21:50:22, 64,, 8372,, 226.40
2025-03-26 21:50:32, 18,, 8372,, 77.07
2025-03-26 21:50:42, 44,, 8372,, 213.15
2025-03-26 21:50:52, 54,, 8372,, 158.79
2025-03-26 21:51:02, 56,, 8372,, 234.22
2025-03-26 21:51:12, 25,, 8372,, 213.96
2025-03-26 21:51:22, 27,, 8372,, 78.46
2025-03-26 21:51:32, 38,, 8372,, 175.45
2025-03-26 21:51:42, 36,, 8372,, 181.20
2025-03-26 21:51:52, 25,, 8372,, 74.67
2025-03-26 21:52:02, 46,, 8372,, 244.90
2025-03-26 21:52:12, 42,, 8372,, 242.03
2025-03-26 21:52:22, 25,, 8372,, 129.63
2025-03-26 21:52:32, 35,, 8372,, 96.25
2025-03-26 21:52:42, 21,, 8372,, 74.67
2025-03-26 21:52:52, 61,, 8372,, 239.16
2025-03-26 21:53:02, 28,, 8372,, 89.04
2025-03-26 21:53:12, 46,, 8372,, 208.70
2025-03-26 21:53:22, 26,, 8372,, 201.80
2025-03-26 21:53:32, 28,, 8372,, 139.71
2025-03-26 21:53:42, 46,, 8372,, 213.49
2025-03-26 21:53:52, 38,, 8372,, 93.36
2025-03-26 21:54:02, 50,, 8372,, 217.79
2025-03-26 21:54:13, 28,, 8372,, 162.14
2025-03-26 21:54:23, 41,, 8372,, 110.59
2025-03-26 21:54:33, 49,, 8372,, 160.01
2025-03-26 21:54:43, 46,, 8372,, 103.73
2025-03-26 21:54:53, 64,, 8372,, 219.23
2025-03-26 21:55:03, 52,, 8372,, 215.40
2025-03-26 21:55:13, 68,, 8372,, 76.11
2025-03-26 21:55:23, 63,, 8372,, 136.83
2025-03-26 21:55:33, 30,, 8372,, 78.04
2025-03-26 21:55:43, 61,, 8372,, 128.28
2025-03-26 21:55:53, 27,, 8372,, 79.91
2025-03-26 21:56:03, 49,, 8372,, 243.94
2025-03-26 21:56:13, 41,, 8372,, 197.35
2025-03-26 21:56:23, 37,, 8372,, 73.28
2025-03-26 21:56:33, 55,, 8372,, 150.74
2025-03-26 21:56:43, 39,, 8372,, 134.04
2025-03-26 21:56:53, 45,, 8372,, 177.84
2025-03-26 21:57:03, 43,, 8372,, 103.87
2025-03-26 21:57:13, 49,, 8372,, 194.00
2025-03-26 21:57:23, 33,, 8372,, 103.94
2025-03-26 21:57:33, 25,, 8372,, 74.19
2025-03-26 21:57:43, 55,, 8372,, 144.99
2025-03-26 21:57:53, 18,, 8372,, 74.20
2025-03-26 21:58:03, 18,, 8372,, 104.56
2025-03-26 21:58:13, 45,, 8372,, 102.14
2025-03-26 21:58:23, 24,, 8372,, 155.61
2025-03-26 21:58:33, 37,, 8372,, 113.48
2025-03-26 21:58:44, 47,, 8372,, 124.44
2025-03-26 21:58:54, 47,, 8372,, 192.69
2025-03-26 21:59:04, 45,, 8372,, 186.47
2025-03-26 21:59:14, 45,, 8372,, 135.96
2025-03-26 21:59:24, 21,, 8372,, 79.00
2025-03-26 21:59:34, 56,, 8372,, 208.50
2025-03-26 21:59:44, 46,, 8372,, 87.12
2025-03-26 21:59:54, 22,, 8372,, 195.44
2025-03-26 22:00:04, 59,, 8372,, 185.51
2025-03-26 22:00:14, 55,, 8372,, 112.51
2025-03-26 22:00:24, 34,, 8372,, 99.13
2025-03-26 22:00:34, 29,, 8372,, 191.26
2025-03-26 22:00:44, 36,, 8372,, 227.36
2025-03-26 22:00:54, 36,, 8372,, 143.07
2025-03-26 22:01:04, 73,, 8372,, 159.37
2025-03-26 22:01:14, 30,, 8372,, 163.21
2025-03-26 22:01:24, 53,, 8372,, 212.67
2025-03-26 22:01:34, 43,, 8372,, 107.64
2025-03-26 22:01:44, 26,, 8372,, 92.88
2025-03-26 22:01:54, 43,, 8372,, 150.26
2025-03-26 22:02:04, 46,, 8372,, 100.99
2025-03-26 22:02:14, 51,, 8372,, 215.54
2025-03-26 22:02:24, 61,, 8372,, 165.72
2025-03-26 22:02:34, 28,, 8372,, 202.82
2025-03-26 22:02:44, 19,, 8372,, 222.58
2025-03-26 22:02:54, 39,, 8372,, 85.67
2025-03-26 22:03:04, 31,, 8372,, 177.12
2025-03-26 22:03:15, 24,, 8372,, 77.56
2025-03-26 22:03:25, 29,, 8372,, 110.11
2025-03-26 22:03:35, 44,, 8372,, 98.65
2025-03-26 22:03:45, 34,, 8372,, 118.28
2025-03-26 22:03:55, 61,, 8372,, 104.35
2025-03-26 22:04:05, 56,, 8372,, 242.82
2025-03-26 22:04:15, 28,, 8372,, 199.13
2025-03-26 22:04:25, 48,, 8372,, 215.26
2025-03-26 22:04:35, 52,, 8372,, 94.33
2025-03-26 22:04:45, 16,, 8372,, 144.12
2025-03-26 22:04:55, 32,, 8372,, 99.61
2025-03-26 22:05:05, 39,, 8372,, 102.98
2025-03-26 22:05:15, 63,, 8372,, 189.82
2025-03-26 22:05:25, 22,, 8372,, 122.52
2025-03-26 22:05:35, 39,, 8372,, 179.40
2025-03-26 22:05:45, 46,, 8372,, 216.50
2025-03-26 22:05:55, 32,, 8372,, 145.94
2025-03-26 22:06:05, 39,, 8372,, 165.98
2025-03-26 22:06:15, 63,, 8372,, 144.60
2025-03-26 22:06:25, 61,, 8372,, 238.68
2025-03-26 22:06:35, 40,, 8372,, 111.07
2025-03-26 22:06:45, 61,, 8372,, 161.29
2025-03-26 22:06:55, 62,, 8372,, 185.03
2025-03-26 22:07:05, 49,, 8372,, 184.19
2025-03-26 22:07:15, 58,, 8372,, 244.26
2025-03-26 22:07:25, 41,, 8372,, 234.86
2025-03-26 22:07:36, 22,, 8372,, 176.52
2025-03-26 22:07:46, 65,, 8372,, 88.56
2025-03-26 22:07:56, 27,, 8372,, 76.59
2025-03-26 22:08:06, 30,, 8372,, 79.00
2025-03-26 22:08:16, 27,, 8372,, 169.81
2025-03-26 22:08:26, 46,, 8372,, 134.04
2025-03-26 22:08:36, 67,, 8372,, 82.79
2025-03-26 22:08:46, 74,, 8372,, 135.48
2025-03-26 22:08:56, 61,, 8372,, 182.63
2025-03-26 22:09:06, 47,, 8372,, 172.21
2025-03-26 22:09:16, 47,, 8372,, 210.28
2025-03-26 22:09:26, 26,, 8372,, 222.95
2025-03-26 22:09:36, 30,, 8372,, 184.34
2025-03-26 22:09:46, 47,, 8372,, 199.98
2025-03-26 22:09:56, 27,, 8372,, 106.43
2025-03-26 22:10:06, 30,, 8372,, 122.93
2025-03-26 22:10:16, 61,, 8372,, 250.77
2025-03-26 22:10:26, 36,, 8372,, 165.50
2025-03-26 22:10:36, 28,, 8372,, 152.18
2025-03-26 22:10:46, 48,, 8372,, 244.58
2025-03-26 22:10:56, 55,, 8372,, 173.17
2025-03-26 22:11:06, 34,, 8372,, 103.87
2025-03-26 22:11:16, 40,, 8372,, 193.65
2025-03-26 22:11:26, 26,, 8372,, 205.63
2025-03-26 22:11:36, 28,, 8372,, 77.07
2025-03-26 22:11:46, 41,, 8372,, 104.35
2025-03-26 22:11:57, 62,, 8372,, 122.12
2025-03-26 22:12:07, 36,, 8372,, 102.50
2025-03-26 22:12:17, 25,, 8372,, 74.19
2025-03-26 22:12:27, 62,, 8372,, 155.54
2025-03-26 22:12:37, 36,, 8372,, 85.67
2025-03-26 22:12:47, 18,, 8372,, 105.79
2025-03-26 22:12:57, 62,, 8372,, 99.13
2025-03-26 22:13:07, 24,, 8372,, 107.71
2025-03-26 22:13:17, 59,, 8372,, 198.44
2025-03-26 22:13:27, 63,, 8372,, 151.60
2025-03-26 22:13:37, 28,, 8372,, 90.96
2025-03-26 22:13:47, 31,, 8372,, 188.03
2025-03-26 22:13:57, 62,, 8372,, 93.30
2025-03-26 22:14:07, 54,, 8372,, 235.34
2025-03-26 22:14:17, 36,, 8372,, 195.79
2025-03-26 22:14:27, 61,, 8372,, 221.14
2025-03-26 22:14:37, 41,, 8372,, 160.71
2025-03-26 22:14:47, 31,, 8372,, 74.67
2025-03-26 22:14:57, 65,, 8372,, 102.43
2025-03-26 22:15:07, 35,, 8372,, 149.30
2025-03-26 22:15:17, 30,, 8372,, 195.57
2025-03-26 22:15:27, 64,, 8372,, 212.19
2025-03-26 22:15:37, 26,, 8372,, 211.38
2025-03-26 22:15:47, 59,, 8372,, 120.12
2025-03-26 22:15:57, 61,, 8372,, 207.74
2025-03-26 22:16:08, 49,, 8372,, 201.66
2025-03-26 22:16:18, 43,, 8372,, 185.15
2025-03-26 22:16:28, 37,, 8372,, 231.19
2025-03-26 22:16:38, 41,, 8372,, 98.65
2025-03-26 22:16:48, 28,, 8372,, 122.52
2025-03-26 22:16:58, 38,, 8372,, 117.72
2025-03-26 22:17:08, 53,, 8372,, 183.95
2025-03-26 22:17:18, 34,, 8372,, 166.94
2025-03-26 22:17:28, 40,, 8372,, 87.12
2025-03-26 22:17:38, 36,, 8372,, 99.26
2025-03-26 22:17:48, 64,, 8372,, 93.85
2025-03-26 22:17:58, 38,, 8372,, 154.58
2025-03-26 22:18:08, 55,, 8372,, 91.44
2025-03-26 22:18:18, 55,, 8372,, 133.08
2025-03-26 22:18:28, 46,, 8372,, 201.18
2025-03-26 22:18:38, 27,, 8372,, 78.94
2025-03-26 22:18:48, 55,, 8372,, 162.04
2025-03-26 22:18:58, 44,, 8372,, 81.83
2025-03-26 22:19:08, 29,, 8372,, 90.48
2025-03-26 22:19:18, 47,, 8372,, 105.72
2025-03-26 22:19:28, 36,, 8372,, 113.88
2025-03-26 22:19:38, 62,, 8372,, 169.33
2025-03-26 22:19:48, 38,, 8372,, 211.71
2025-03-26 22:19:58, 20,, 8372,, 231.51
2025-03-26 22:20:09, 34,, 8372,, 165.02
2025-03-26 22:20:19, 45,, 8372,, 100.09
2025-03-26 22:20:29, 30,, 8372,, 102.43
2025-03-26 22:20:39, 50,, 8372,, 257.46
2025-03-26 22:20:49, 27,, 8372,, 92.40
2025-03-26 22:20:59, 64,, 8372,, 229.60
2025-03-26 22:21:09, 35,, 8372,, 102.08
2025-03-26 22:21:19, 46,, 8372,, 120.52
2025-03-26 22:21:29, 30,, 8372,, 194.33
2025-03-26 22:21:39, 52,, 8372,, 165.27
2025-03-26 22:21:49, 17,, 8372,, 220.66
2025-03-26 22:21:59, 63,, 8372,, 183.59
2025-03-26 22:22:09, 52,, 8372,, 95.29
2025-03-26 22:22:19, 23,, 8372,, 118.76
2025-03-26 22:22:29, 36,, 8372,, 191.74
2025-03-26 22:22:39, 38,, 8372,, 101.47
2025-03-26 22:22:49, 37,, 8372,, 75.63
2025-03-26 22:22:59, 60,, 8372,, 195.09
2025-03-26 22:23:09, 37,, 8372,, 117.24
2025-03-26 22:23:19, 43,, 8372,, 147.38
2025-03-26 22:23:29, 52,, 8372,, 183.11
2025-03-26 22:23:39, 41,, 8372,, 88.08
2025-03-26 22:23:49, 37,, 8372,, 123.00
2025-03-26 22:23:59, 47,, 8372,, 80.87
2025-03-26 22:24:09, 40,, 8372,, 84.23
2025-03-26 22:24:20, 65,, 8372,, 162.14
2025-03-26 22:24:30, 63,, 8372,, 173.05
2025-03-26 22:24:40, 71,, 8372,, 239.79
2025-03-26 22:24:50, 59,, 8372,, 212.05
2025-03-26 22:25:00, 28,, 8372,, 88.56
2025-03-26 22:25:10, 28,, 8372,, 149.30
2025-03-26 22:25:20, 30,, 8372,, 154.58
2025-03-26 22:25:30, 55,, 8372,, 250.63
2025-03-26 22:25:40, 26,, 8372,, 102.91
2025-03-26 22:25:50, 27,, 8372,, 77.45
2025-03-26 22:26:00, 29,, 8372,, 180.24
2025-03-26 22:26:10, 60,, 8372,, 159.27
2025-03-26 22:26:20, 28,, 8372,, 86.15
2025-03-26 22:26:30, 47,, 8372,, 217.79
2025-03-26 22:26:40, 53,, 8372,, 213.49
2025-03-26 22:26:50, 64,, 8372,, 241.07
2025-03-26 22:27:00, 18,, 8372,, 176.89
2025-03-26 22:27:10, 41,, 8372,, 165.98
2025-03-26 22:27:20, 62,, 8372,, 153.99
2025-03-26 22:27:30, 72,, 8372,, 202.48
2025-03-26 22:27:40, 27,, 8372,, 83.75
2025-03-26 22:27:50, 37,, 8372,, 172.80
2025-03-26 22:28:00, 64,, 8372,, 253.98
2025-03-26 22:28:10, 39,, 8372,, 83.27
2025-03-26 22:28:21, 34,, 8372,, 127.80
2025-03-26 22:28:31, 30,, 8372,, 229.12
2025-03-26 22:28:41, 42,, 8372,, 161.77
2025-03-26 22:28:51, 46,, 8372,, 101.06
2025-03-26 22:29:01, 61,, 8372,, 202.14
2025-03-26 22:29:11, 50,, 8372,, 236.29
2025-03-26 22:29:21, 27,, 8372,, 228.32
2025-03-26 22:29:31, 27,, 8372,, 97.21
2025-03-26 22:29:41, 40,, 8372,, 184.07
2025-03-26 22:29:51, 36,, 8372,, 227.84
2025-03-26 22:30:01, 28,, 8372,, 194.26
2025-03-26 22:30:11, 33,, 8372,, 213.77
2025-03-26 22:30:21, 54,, 8372,, 108.67
2025-03-26 22:30:31, 35,, 8372,, 231.51
2025-03-26 22:30:41, 29,, 8372,, 108.67
2025-03-26 22:30:51, 64,, 8372,, 185.99
2025-03-26 22:31:01, 36,, 8372,, 171.62
2025-03-26 22:31:11, 70,, 8372,, 177.37
2025-03-26 22:31:21, 27,, 8372,, 169.93
2025-03-26 22:31:31, 23,, 8372,, 125.02
2025-03-26 22:31:41, 45,, 8372,, 85.19
2025-03-26 22:31:51, 62,, 8372,, 221.62
2025-03-26 22:32:01, 60,, 8372,, 213.01
2025-03-26 22:32:11, 46,, 8372,, 228.16
2025-03-26 22:32:21, 28,, 8372,, 215.54
2025-03-26 22:32:31, 35,, 8372,, 160.81
2025-03-26 22:32:41, 56,, 8372,, 99.07
2025-03-26 22:32:52, 28,, 8372,, 100.03
2025-03-26 22:33:02, 48,, 8372,, 87.12
2025-03-26 22:33:12, 27,, 8372,, 192.21
2025-03-26 22:33:22, 40,, 8372,, 96.25
2025-03-26 22:33:32, 54,, 8372,, 113.48
2025-03-26 22:33:42, 19,, 8372,, 172.80
2025-03-26 22:33:52, 27,, 8372,, 88.08
2025-03-26 22:34:02, 39,, 8372,, 138.84
2025-03-26 22:34:12, 28,, 8372,, 157.35
2025-03-26 22:34:22, 34,, 8372,, 100.03
2025-03-26 22:34:32, 25,, 8372,, 88.56
2025-03-26 22:34:42, 55,, 8372,, 208.56
2025-03-26 22:34:52, 61,, 8372,, 178.32
2025-03-26 22:35:02, 61,, 8372,, 216.02
2025-03-26 22:35:12, 28,, 8372,, 157.93
2025-03-26 22:35:22, 32,, 8372,, 100.09
2025-03-26 22:35:32, 18,, 8372,, 76.59
2025-03-26 22:35:42, 34,, 8372,, 200.23
2025-03-26 22:35:52, 60,, 8372,, 179.76
2025-03-26 22:36:02, 54,, 8372,, 259.07
2025-03-26 22:36:12, 34,, 8372,, 87.12
2025-03-26 22:36:22, 46,, 8372,, 252.07
2025-03-26 22:36:32, 46,, 8372,, 114.44
2025-03-26 22:36:42, 55,, 8372,, 99.61
2025-03-26 22:36:52, 64,, 8372,, 191.74
2025-03-26 22:37:02, 47,, 8372,, 147.48
2025-03-26 22:37:13, 27,, 8372,, 204.05
2025-03-26 22:37:23, 56,, 8372,, 234.86
2025-03-26 22:37:33, 32,, 8372,, 79.43
2025-03-26 22:37:43, 42,, 8372,, 175.09
2025-03-26 22:37:53, 55,, 8372,, 197.01
2025-03-26 22:38:03, 31,, 8372,, 226.10
2025-03-26 22:38:13, 60,, 8372,, 213.15
2025-03-26 22:38:23, 38,, 8372,, 229.27
2025-03-26 22:38:33, 50,, 8372,, 196.05
2025-03-26 22:38:43, 48,, 8372,, 156.39
2025-03-26 22:38:53, 38,, 8372,, 224.97
2025-03-26 22:39:03, 72,, 8372,, 219.23
2025-03-26 22:39:13, 28,, 8372,, 79.91
2025-03-26 22:39:23, 41,, 8372,, 195.44
2025-03-26 22:39:33, 50,, 8372,, 196.40
2025-03-26 22:39:43, 27,, 8372,, 118.28
2025-03-26 22:39:53, 34,, 8372,, 97.21
2025-03-26 22:40:03, 46,, 8372,, 113.96
2025-03-26 22:40:13, 63,, 8372,, 233.42
2025-03-26 22:40:23, 49,, 8372,, 149.30
2025-03-26 22:40:33, 55,, 8372,, 128.76
2025-03-26 22:40:43, 54,, 8372,, 98.59
2025-03-26 22:40:53, 55,, 8372,, 111.15
2025-03-26 22:41:03, 54,, 8372,, 89.04
2025-03-26 22:41:13, 61,, 8372,, 134.04
2025-03-26 22:41:23, 63,, 8372,, 191.13
2025-03-26 22:41:34, 48,, 8372,, 232.14
2025-03-26 22:41:44, 22,, 8372,, 194.13
2025-03-26 22:41:54, 41,, 8372,, 216.36
2025-03-26 22:42:04, 33,, 8372,, 160.71
2025-03-26 22:42:14, 61,, 8372,, 242.82
2025-03-26 22:42:24, 38,, 8372,, 226.88
2025-03-26 22:42:34, 37,, 8372,, 153.14
2025-03-26 22:42:44, 50,, 8372,, 149.30
2025-03-26 22:42:54, 46,, 8372,, 182.40
2025-03-26 22:43:04, 62,, 8372,, 163.10
2025-03-26 22:43:14, 33,, 8372,, 211.38
2025-03-26 22:43:24, 62,, 8372,, 211.24
2025-03-26 22:43:34, 26,, 8372,, 88.56
2025-03-26 22:43:44, 29,, 8372,, 208.02
2025-03-26 22:43:54, 46,, 8372,, 213.15
2025-03-26 22:44:04, 45,, 8372,, 76.59
2025-03-26 22:44:14, 48,, 8372,, 251.59
2025-03-26 22:44:24, 49,, 8372,, 216.36
2025-03-26 22:44:34, 63,, 8372,, 115.88
2025-03-26 22:44:44, 28,, 8372,, 108.67
2025-03-26 22:44:54, 28,, 8372,, 90.00
2025-03-26 22:45:04, 36,, 8372,, 107.71
2025-03-26 22:45:14, 55,, 8372,, 158.79
2025-03-26 22:45:24, 31,, 8372,, 94.33
2025-03-26 22:45:34, 27,, 8372,, 226.53
2025-03-26 22:45:44, 75,, 8372,, 256.85
2025-03-26 22:45:55, 41,, 8372,, 90.96
2025-03-26 22:46:05, 44,, 8372,, 184.67
2025-03-26 22:46:15, 42,, 8372,, 137.40
2025-03-26 22:46:25, 29,, 8372,, 195.92
2025-03-26 22:46:35, 62,, 8372,, 88.14
2025-03-26 22:46:45, 63,, 8372,, 176.89
2025-03-26 22:46:55, 51,, 8372,, 109.63
2025-03-26 22:47:05, 32,, 8372,, 114.44
2025-03-26 22:47:15, 49,, 8372,, 211.71
2025-03-26 22:47:25, 62,, 8372,, 169.45
2025-03-26 22:47:35, 63,, 8372,, 177.84
2025-03-26 22:47:45, 55,, 8372,, 164.13
2025-03-26 22:47:55, 26,, 8372,, 147.38
2025-03-26 22:48:05, 31,, 8372,, 111.55
2025-03-26 22:48:15, 30,, 8372,, 123.96
2025-03-26 22:48:25, 22,, 8372,, 101.47
2025-03-26 22:48:35, 47,, 8372,, 201.32
2025-03-26 22:48:45, 37,, 8372,, 205.97
2025-03-26 22:48:55, 64,, 8372,, 89.04
2025-03-26 22:49:05, 32,, 8372,, 219.71
2025-03-26 22:49:15, 18,, 8372,, 90.90
2025-03-26 22:49:25, 42,, 8372,, 82.79
2025-03-26 22:49:35, 32,, 8372,, 118.76
2025-03-26 22:49:45, 41,, 8372,, 232.62
2025-03-26 22:49:55, 22,, 8372,, 77.07
2025-03-26 22:50:05, 36,, 8372,, 90.96
2025-03-26 22:50:15, 47,, 8372,, 182.76
2025-03-26 22:50:26, 35,, 8372,, 228.16
2025-03-26 22:50:36, 27,, 8372,, 79.48
2025-03-26 22:50:46, 62,, 8372,, 208.50
2025-03-26 22:50:56, 53,, 8372,, 191.86
2025-03-26 22:51:06, 33,, 8372,, 106.82
2025-03-26 22:51:16, 27,, 8372,, 79.91
2025-03-26 22:51:26, 30,, 8372,, 206.93
2025-03-26 22:51:36, 79,, 8372,, 106.75
2025-03-26 22:51:46, 47,, 8372,, 216.69
2025-03-26 22:51:56, 62,, 8372,, 188.74
2025-03-26 22:52:06, 54,, 8372,, 107.23
2025-03-26 22:52:16, 59,, 8372,, 208.98
2025-03-26 22:52:26, 54,, 8372,, 186.34
2025-03-26 22:52:36, 46,, 8372,, 213.96
2025-03-26 22:52:46, 28,, 8372,, 90.48
2025-03-26 22:52:56, 55,, 8372,, 141.15
2025-03-26 22:53:06, 20,, 8372,, 236.93
2025-03-26 22:53:16, 37,, 8372,, 118.68
2025-03-26 22:53:26, 64,, 8372,, 251.11
2025-03-26 22:53:36, 62,, 8372,, 190.78
2025-03-26 22:53:46, 46,, 8372,, 193.17
2025-03-26 22:53:56, 78,, 8372,, 102.43
2025-03-26 22:54:06, 20,, 8372,, 208.22
2025-03-26 22:54:16, 37,, 8372,, 157.35
2025-03-26 22:54:26, 29,, 8372,, 115.40
2025-03-26 22:54:36, 20,, 8372,, 193.65
2025-03-26 22:54:46, 54,, 8372,, 106.27
2025-03-26 22:54:57, 30,, 8372,, 91.92
2025-03-26 22:55:07, 28,, 8372,, 205.97
2025-03-26 22:55:17, 27,, 8372,, 79.48
2025-03-26 22:55:27, 79,, 8372,, 106.27
2025-03-26 22:55:37, 37,, 8372,, 100.51
2025-03-26 22:55:47, 33,, 8372,, 138.75
2025-03-26 22:55:57, 60,, 8372,, 222.58
2025-03-26 22:56:07, 32,, 8372,, 174.97
2025-03-26 22:56:17, 39,, 8372,, 97.21
2025-03-26 22:56:27, 33,, 8372,, 217.31
2025-03-26 22:56:37, 21,, 8372,, 91.92
2025-03-26 22:56:47, 49,, 8372,, 109.63
2025-03-26 22:56:57, 32,, 8372,, 147.38
2025-03-26 22:57:07, 35,, 8372,, 144.98
2025-03-26 22:57:17, 49,, 8372,, 149.30
2025-03-26 22:57:27, 63,, 8372,, 178.44
2025-03-26 22:57:37, 60,, 8372,, 210.76
2025-03-26 22:57:47, 46,, 8372,, 87.60
2025-03-26 22:57:57, 56,, 8372,, 100.09
2025-03-26 22:58:07, 78,, 8372,, 97.21
2025-03-26 22:58:17, 48,, 8372,, 174.13
2025-03-26 22:58:27, 22,, 8372,, 111.07
2025-03-26 22:58:37, 55,, 8372,, 160.71
2025-03-26 22:58:47, 27,, 8372,, 89.52
2025-03-26 22:58:57, 51,, 8372,, 151.32
2025-03-26 22:59:07, 40,, 8372,, 156.98
2025-03-26 22:59:18, 47,, 8372,, 82.16
2025-03-26 22:59:28, 63,, 8372,, 155.06
2025-03-26 22:59:38, 47,, 8372,, 77.07
2025-03-26 22:59:48, 39,, 8372,, 191.26
2025-03-26 22:59:58, 37,, 8372,, 152.56
2025-03-26 23:00:08, 29,, 8372,, 128.67
2025-03-26 23:00:18, 32,, 8372,, 177.84
2025-03-26 23:00:28, 42,, 8372,, 218.42
2025-03-26 23:00:38, 37,, 8372,, 163.69
2025-03-26 23:00:48, 26,, 8372,, 142.59
2025-03-26 23:00:58, 47,, 8372,, 188.38
2025-03-26 23:01:08, 36,, 8372,, 144.89
2025-03-26 23:01:18, 39,, 8372,, 145.56
2025-03-26 23:01:28, 25,, 8372,, 195.57
2025-03-26 23:01:38, 46,, 8372,, 222.58
2025-03-26 23:01:48, 29,, 8372,, 209.32
2025-03-26 23:01:58, 27,, 8372,, 102.91
2025-03-26 23:02:08, 30,, 8372,, 103.94
2025-03-26 23:02:18, 25,, 8372,, 74.19
2025-03-26 23:02:28, 46,, 8372,, 76.11
2025-03-26 23:02:38, 58,, 8372,, 167.78
2025-03-26 23:02:48, 20,, 8372,, 78.52
2025-03-26 23:02:58, 28,, 8372,, 90.48
2025-03-26 23:03:08, 18,, 8372,, 76.59
2025-03-26 23:03:18, 29,, 8372,, 221.14
2025-03-26 23:03:28, 36,, 8372,, 81.29
2025-03-26 23:03:38, 61,, 8372,, 159.85
2025-03-26 23:03:48, 39,, 8372,, 83.75
2025-03-26 23:03:59, 36,, 8372,, 108.26
2025-03-26 23:04:09, 41,, 8372,, 83.33
2025-03-26 23:04:19, 47,, 8372,, 198.92
2025-03-26 23:04:29, 38,, 8372,, 172.10
2025-03-26 23:04:39, 42,, 8372,, 209.80
2025-03-26 23:04:49, 24,, 8372,, 122.52
2025-03-26 23:04:59, 52,, 8372,, 139.71
2025-03-26 23:05:09, 37,, 8372,, 130.29
2025-03-26 23:05:19, 55,, 8372,, 244.26
2025-03-26 23:05:29, 55,, 8372,, 199.13
2025-03-26 23:05:39, 39,, 8372,, 222.58
2025-03-26 23:05:49, 31,, 8372,, 85.19
2025-03-26 23:05:59, 41,, 8372,, 92.82
2025-03-26 23:06:09, 29,, 8372,, 112.51
2025-03-26 23:06:19, 47,, 8372,, 214.11
2025-03-26 23:06:29, 36,, 8372,, 191.26
2025-03-26 23:06:39, 27,, 8372,, 146.32
2025-03-26 23:06:49, 31,, 8372,, 141.15
2025-03-26 23:06:59, 30,, 8372,, 76.11
2025-03-26 23:07:09, 37,, 8372,, 211.57
2025-03-26 23:07:19, 45,, 8372,, 165.87
2025-03-26 23:07:29, 30,, 8372,, 115.47
2025-03-26 23:07:39, 18,, 8372,, 104.83
2025-03-26 23:07:49, 47,, 8372,, 174.61
2025-03-26 23:07:59, 60,, 8372,, 203.23
2025-03-26 23:08:09, 27,, 8372,, 167.05
2025-03-26 23:08:20, 55,, 8372,, 183.71
2025-03-26 23:08:30, 35,, 8372,, 75.10
2025-03-26 23:08:40, 35,, 8372,, 85.19
2025-03-26 23:08:50, 19,, 8372,, 80.92
2025-03-26 23:09:00, 29,, 8372,, 204.88
2025-03-26 23:09:10, 57,, 8372,, 97.69
2025-03-26 23:09:20, 46,, 8372,, 189.82
2025-03-26 23:09:30, 51,, 8372,, 91.44
2025-03-26 23:09:40, 23,, 8372,, 74.19
2025-03-26 23:09:50, 55,, 8372,, 75.15
2025-03-26 23:10:00, 36,, 8372,, 157.72
2025-03-26 23:10:10, 36,, 8372,, 169.81
2025-03-26 23:10:20, 22,, 8372,, 182.51
2025-03-26 23:10:30, 46,, 8372,, 84.71
2025-03-26 23:10:40, 60,, 8372,, 189.82
2025-03-26 23:10:50, 62,, 8372,, 227.66
2025-03-26 23:11:00, 31,, 8372,, 183.59
2025-03-26 23:11:10, 21,, 8372,, 91.44
2025-03-26 23:11:20, 35,, 8372,, 97.14
2025-03-26 23:11:30, 37,, 8372,, 86.15
2025-03-26 23:11:40, 29,, 8372,, 119.24
2025-03-26 23:11:50, 35,, 8372,, 142.10
2025-03-26 23:12:00, 28,, 8372,, 214.11
2025-03-26 23:12:10, 28,, 8372,, 71.78
2025-03-26 23:12:20, 47,, 8372,, 73.23
2025-03-26 23:12:30, 36,, 8372,, 89.52
2025-03-26 23:12:41, 27,, 8372,, 197.01
2025-03-26 23:12:51, 33,, 8372,, 213.63
2025-03-26 23:13:01, 38,, 8372,, 170.41
2025-03-26 23:13:11, 21,, 8372,, 201.24
2025-03-26 23:13:21, 40,, 8372,, 186.71
2025-03-26 23:13:31, 36,, 8372,, 95.29
2025-03-26 23:13:41, 37,, 8372,, 174.61
2025-03-26 23:13:51, 63,, 8372,, 180.36
2025-03-26 23:14:01, 36,, 8372,, 123.56
2025-03-26 23:14:11, 27,, 8372,, 177.00
2025-03-26 23:14:21, 62,, 8372,, 208.36
2025-03-26 23:14:31, 56,, 8372,, 102.02
2025-03-26 23:14:41, 36,, 8372,, 116.51
2025-03-26 23:14:51, 54,, 8372,, 157.83
2025-03-26 23:15:01, 30,, 8372,, 156.39
2025-03-26 23:15:11, 72,, 8372,, 168.85
2025-03-26 23:15:21, 62,, 8372,, 163.47
2025-03-26 23:15:31, 33,, 8372,, 197.48
2025-03-26 23:15:41, 33,, 8372,, 159.85
2025-03-26 23:15:51, 31,, 8372,, 103.39
2025-03-26 23:16:01, 28,, 8372,, 98.17
2025-03-26 23:16:11, 45,, 8372,, 162.73
2025-03-26 23:16:21, 41,, 8372,, 230.71
2025-03-26 23:16:31, 19,, 8372,, 117.80
2025-03-26 23:16:41, 70,, 8372,, 92.40
2025-03-26 23:16:51, 46,, 8372,, 104.42
2025-03-26 23:17:01, 29,, 8372,, 215.88
2025-03-26 23:17:11, 30,, 8372,, 93.36
2025-03-26 23:17:22, 27,, 8372,, 80.44
2025-03-26 23:17:32, 29,, 8372,, 85.25
2025-03-26 23:17:42, 55,, 8372,, 95.77
2025-03-26 23:17:52, 30,, 8372,, 89.52
2025-03-26 23:18:02, 22,, 8372,, 79.96
2025-03-26 23:18:12, 40,, 8372,, 77.56
2025-03-26 23:18:22, 40,, 8372,, 100.09
2025-03-26 23:18:32, 32,, 8372,, 126.36
2025-03-26 23:18:42, 46,, 8372,, 237.57
2025-03-26 23:18:52, 60,, 8372,, 194.13
2025-03-26 23:19:02, 31,, 8372,, 93.85
2025-03-26 23:19:12, 55,, 8372,, 152.28
2025-03-26 23:19:22, 46,, 8372,, 90.96
2025-03-26 23:19:32, 47,, 8372,, 166.94
2025-03-26 23:19:42, 19,, 8372,, 71.78
2025-03-26 23:19:52, 26,, 8372,, 155.43
2025-03-26 23:20:02, 29,, 8372,, 74.19
2025-03-26 23:20:12, 54,, 8372,, 106.75
2025-03-26 23:20:22, 42,, 8372,, 239.32
2025-03-26 23:20:32, 18,, 8372,, 212.67
2025-03-26 23:20:42, 37,, 8372,, 97.69
2025-03-26 23:20:52, 29,, 8372,, 98.11
2025-03-26 23:21:02, 28,, 8372,, 74.19
2025-03-26 23:21:12, 39,, 8372,, 210.76
2025-03-26 23:21:22, 54,, 8372,, 186.82
2025-03-26 23:21:32, 37,, 8372,, 175.09
2025-03-26 23:21:42, 28,, 8372,, 83.75
2025-03-26 23:21:53, 40,, 8372,, 193.17
2025-03-26 23:22:03, 25,, 8372,, 84.23
2025-03-26 23:22:13, 49,, 8372,, 201.66
2025-03-26 23:22:23, 47,, 8372,, 142.59
2025-03-26 23:22:33, 37,, 8372,, 155.06
2025-03-26 23:22:43, 18,, 8372,, 71.78
2025-03-26 23:22:53, 53,, 8372,, 125.40
2025-03-26 23:23:03, 43,, 8372,, 168.85
2025-03-26 23:23:13, 35,, 8372,, 188.99
2025-03-26 23:23:23, 54,, 8372,, 96.73
2025-03-26 23:23:33, 61,, 8372,, 214.59
2025-03-26 23:23:43, 34,, 8372,, 215.07
2025-03-26 23:23:53, 23,, 8372,, 77.56
2025-03-26 23:24:03, 30,, 8372,, 149.68
2025-03-26 23:24:13, 64,, 8372,, 193.34
2025-03-26 23:24:23, 34,, 8372,, 174.13
2025-03-26 23:24:33, 49,, 8372,, 248.72
2025-03-26 23:24:43, 55,, 8372,, 87.12
2025-03-26 23:24:53, 35,, 8372,, 72.75
2025-03-26 23:25:03, 32,, 8372,, 196.83
2025-03-26 23:25:13, 37,, 8374,, 161.18
2025-03-26 23:25:23, 67,, 8374,, 170.77
2025-03-26 23:25:33, 47,, 8374,, 165.83
2025-03-26 23:25:43, 33,, 8374,, 97.69
2025-03-26 23:25:53, 78,, 8374,, 232.94
2025-03-26 23:26:03, 64,, 8374,, 254.29
2025-03-26 23:26:13, 41,, 8374,, 122.92
2025-03-26 23:26:24, 70,, 8374,, 123.96
2025-03-26 23:26:34, 37,, 8374,, 218.27
2025-03-26 23:26:44, 57,, 8374,, 229.27
2025-03-26 23:26:54, 32,, 8374,, 98.65
2025-03-26 23:27:04, 52,, 8374,, 92.40
2025-03-26 23:27:14, 43,, 8374,, 118.76
2025-03-26 23:27:24, 48,, 8374,, 135.57
2025-03-26 23:27:34, 34,, 8374,, 105.79
2025-03-26 23:27:44, 28,, 8374,, 93.85
2025-03-26 23:27:54, 37,, 8374,, 245.21
2025-03-26 23:28:04, 38,, 8374,, 144.60
2025-03-26 23:28:14, 32,, 8374,, 233.10
2025-03-26 23:28:24, 35,, 8374,, 184.19
2025-03-26 23:28:34, 29,, 8374,, 81.35
2025-03-26 23:28:44, 38,, 8374,, 231.51
2025-03-26 23:28:54, 35,, 8374,, 217.60
2025-03-26 23:29:04, 40,, 8374,, 214.44
2025-03-26 23:29:14, 48,, 8374,, 99.13
2025-03-26 23:29:24, 33,, 8374,, 167.05
2025-03-26 23:29:34, 64,, 8374,, 168.38
2025-03-26 23:29:44, 59,, 8374,, 101.06
2025-03-26 23:29:54, 21,, 8374,, 111.55
2025-03-26 23:30:04, 49,, 8374,, 150.64
2025-03-26 23:30:14, 54,, 8374,, 162.73
2025-03-26 23:30:24, 39,, 8374,, 81.88
2025-03-26 23:30:34, 36,, 8374,, 197.35
2025-03-26 23:30:44, 40,, 8374,, 223.05
2025-03-26 23:30:55, 29,, 8374,, 177.73
2025-03-26 23:31:05, 45,, 8374,, 248.24
2025-03-26 23:31:15, 36,, 8374,, 143.16
2025-03-26 23:31:25, 38,, 8374,, 201.80
2025-03-26 23:31:35, 41,, 8374,, 246.64
2025-03-26 23:31:45, 34,, 8374,, 82.31
2025-03-26 23:31:55, 39,, 8374,, 106.34
2025-03-26 23:32:05, 44,, 8374,, 247.29
2025-03-26 23:32:15, 39,, 8374,, 253.19
2025-03-26 23:32:25, 62,, 8374,, 226.40
2025-03-26 23:32:35, 66,, 8374,, 230.23
2025-03-26 23:32:45, 37,, 8374,, 243.15
2025-03-26 23:32:55, 54,, 8374,, 252.55
2025-03-26 23:33:05, 53,, 8374,, 227.99
2025-03-26 23:33:15, 28,, 8374,, 100.03
2025-03-26 23:33:25, 39,, 8374,, 139.41
2025-03-26 23:33:35, 39,, 8374,, 104.42
2025-03-26 23:33:45, 27,, 8374,, 100.51
2025-03-26 23:33:55, 19,, 8374,, 214.57
2025-03-26 23:34:05, 63,, 8374,, 153.62
2025-03-26 23:34:15, 18,, 8374,, 147.86
2025-03-26 23:34:25, 29,, 8374,, 115.88
2025-03-26 23:34:35, 48,, 8374,, 85.73
2025-03-26 23:34:45, 51,, 8374,, 90.96
2025-03-26 23:34:55, 49,, 8374,, 245.21
2025-03-26 23:35:05, 38,, 8374,, 156.50
2025-03-26 23:35:16, 34,, 8374,, 103.46
2025-03-26 23:35:26, 28,, 8374,, 142.10
2025-03-26 23:35:36, 47,, 8374,, 240.12
2025-03-26 23:35:46, 42,, 8374,, 237.57
2025-03-26 23:35:56, 33,, 8374,, 171.62
2025-03-26 23:36:06, 37,, 8374,, 77.50
2025-03-26 23:36:16, 63,, 8374,, 165.87
2025-03-26 23:36:26, 47,, 8374,, 77.07
2025-03-26 23:36:36, 20,, 8374,, 86.15
2025-03-26 23:36:46, 64,, 8374,, 208.70
2025-03-26 23:36:56, 26,, 8374,, 190.78
2025-03-26 23:37:06, 62,, 8374,, 232.63
2025-03-26 23:37:16, 61,, 8374,, 189.01
2025-03-26 23:37:26, 55,, 8374,, 241.07
2025-03-26 23:37:36, 21,, 8374,, 97.21
2025-03-26 23:37:46, 38,, 8374,, 79.00
2025-03-26 23:37:56, 39,, 8374,, 174.61
2025-03-26 23:38:06, 26,, 8374,, 240.59
2025-03-26 23:38:16, 26,, 8374,, 78.46
2025-03-26 23:38:26, 59,, 8374,, 105.38
2025-03-26 23:38:36, 41,, 8374,, 249.68
2025-03-26 23:38:46, 48,, 8374,, 216.36
2025-03-26 23:38:56, 30,, 8374,, 150.26
2025-03-26 23:39:06, 40,, 8374,, 177.37
2025-03-26 23:39:16, 46,, 8374,, 118.28
2025-03-26 23:39:26, 48,, 8374,, 235.49
2025-03-26 23:39:36, 26,, 8374,, 232.62
2025-03-26 23:39:46, 57,, 8374,, 124.52
2025-03-26 23:39:57, 40,, 8374,, 78.04
2025-03-26 23:40:07, 41,, 8374,, 119.72
2025-03-26 23:40:17, 40,, 8374,, 214.44
2025-03-26 23:40:27, 51,, 8374,, 255.72
2025-03-26 23:40:37, 36,, 8374,, 247.60
2025-03-26 23:40:47, 35,, 8374,, 98.65
2025-03-26 23:40:57, 37,, 8374,, 99.07
2025-03-26 23:41:07, 35,, 8374,, 166.09
2025-03-26 23:41:17, 41,, 8374,, 217.17
2025-03-26 23:41:27, 64,, 8374,, 85.19
2025-03-26 23:41:37, 28,, 8374,, 244.90
2025-03-26 23:41:47, 25,, 8374,, 229.75
2025-03-26 23:41:57, 57,, 8374,, 144.60
2025-03-26 23:42:07, 46,, 8374,, 117.72
2025-03-26 23:42:17, 55,, 8374,, 105.79
2025-03-26 23:42:27, 48,, 8374,, 225.29
2025-03-26 23:42:37, 35,, 8374,, 78.52
2025-03-26 23:42:47, 37,, 8374,, 175.09
2025-03-26 23:42:57, 63,, 8374,, 237.25
2025-03-26 23:43:07, 36,, 8374,, 176.41
2025-03-26 23:43:17, 39,, 8374,, 216.54
2025-03-26 23:43:27, 19,, 8374,, 154.10
2025-03-26 23:43:37, 67,, 8374,, 91.92
2025-03-26 23:43:47, 23,, 8374,, 149.20
2025-03-26 23:43:57, 35,, 8374,, 235.49
2025-03-26 23:44:07, 64,, 8374,, 192.21
2025-03-26 23:44:18, 56,, 8374,, 153.14
2025-03-26 23:44:28, 64,, 8374,, 235.01
2025-03-26 23:44:38, 61,, 8374,, 184.19
2025-03-26 23:44:48, 54,, 8374,, 91.44
2025-03-26 23:44:58, 58,, 8374,, 220.18
2025-03-26 23:45:08, 52,, 8374,, 85.19
2025-03-26 23:45:18, 65,, 8374,, 170.29
2025-03-26 23:45:28, 65,, 8374,, 182.15
2025-03-26 23:45:38, 31,, 8374,, 189.21
2025-03-26 23:45:48, 28,, 8374,, 217.79
2025-03-26 23:45:58, 57,, 8374,, 244.27
2025-03-26 23:46:08, 64,, 8374,, 250.30
2025-03-26 23:46:18, 63,, 8374,, 244.10
2025-03-26 23:46:28, 38,, 8374,, 100.99
2025-03-26 23:46:38, 65,, 8374,, 239.16
2025-03-26 23:46:48, 52,, 8374,, 245.85
2025-03-26 23:46:58, 47,, 8374,, 220.50
2025-03-26 23:47:08, 57,, 8374,, 243.62
2025-03-26 23:47:18, 48,, 8374,, 93.36
2025-03-26 23:47:28, 41,, 8374,, 118.76
2025-03-26 23:47:38, 80,, 8374,, 251.93
2025-03-26 23:47:48, 31,, 8374,, 95.29
2025-03-26 23:47:58, 58,, 8374,, 98.17
2025-03-26 23:48:08, 48,, 8374,, 264.02
2025-03-26 23:48:18, 45,, 8374,, 214.59
2025-03-26 23:48:28, 51,, 8374,, 233.58
2025-03-26 23:48:38, 56,, 8374,, 168.49
2025-03-26 23:48:48, 32,, 8374,, 178.80
2025-03-26 23:48:59, 53,, 8374,, 105.38
2025-03-26 23:49:09, 50,, 8374,, 202.62
2025-03-26 23:49:19, 61,, 8374,, 191.61
2025-03-26 23:49:29, 62,, 8374,, 241.71
2025-03-26 23:49:39, 41,, 8374,, 235.65
2025-03-26 23:49:49, 46,, 8374,, 121.56
2025-03-26 23:49:59, 26,, 8374,, 170.07
2025-03-26 23:50:09, 63,, 8374,, 239.00
2025-03-26 23:50:19, 19,, 8374,, 104.76
2025-03-26 23:50:29, 29,, 8374,, 226.58
2025-03-26 23:50:39, 66,, 8374,, 86.10
2025-03-26 23:50:49, 32,, 8374,, 97.69
2025-03-26 23:50:59, 57,, 8374,, 179.04
2025-03-26 23:51:09, 23,, 8374,, 137.22
2025-03-26 23:51:19, 21,, 8374,, 176.77
2025-03-26 23:51:29, 19,, 8374,, 142.97
2025-03-26 23:51:39, 29,, 8374,, 91.44
2025-03-26 23:51:49, 57,, 8374,, 231.66
2025-03-26 23:51:59, 30,, 8374,, 77.02
2025-03-26 23:52:09, 33,, 8374,, 245.85
2025-03-26 23:52:19, 19,, 8374,, 104.28
2025-03-26 23:52:29, 39,, 8374,, 199.96
2025-03-26 23:52:39, 57,, 8374,, 260.45
2025-03-26 23:52:49, 37,, 8374,, 181.20
2025-03-26 23:53:00, 56,, 8374,, 126.75
2025-03-26 23:53:10, 19,, 8374,, 75.05
2025-03-26 23:53:20, 45,, 8374,, 169.70
2025-03-26 23:53:30, 42,, 8374,, 108.60
2025-03-26 23:53:40, 29,, 8374,, 86.58
2025-03-26 23:53:50, 29,, 8374,, 171.62
2025-03-26 23:54:00, 36,, 8374,, 158.58
2025-03-26 23:54:10, 50,, 8374,, 210.48
2025-03-26 23:54:20, 61,, 8374,, 92.76
2025-03-26 23:54:30, 47,, 8374,, 152.93
2025-03-26 23:54:40, 44,, 8374,, 133.86
2025-03-26 23:54:50, 45,, 8374,, 104.28
2025-03-26 23:55:00, 40,, 8374,, 251.25
2025-03-26 23:55:10, 44,, 8374,, 81.35
2025-03-26 23:55:20, 39,, 8374,, 226.25
2025-03-26 23:55:30, 50,, 8374,, 228.34
2025-03-26 23:55:40, 40,, 8374,, 175.09
2025-03-26 23:55:50, 61,, 8374,, 90.36
2025-03-26 23:56:00, 39,, 8374,, 130.59
2025-03-26 23:56:10, 33,, 8374,, 92.34
2025-03-26 23:56:20, 58,, 8374,, 265.10
2025-03-26 23:56:30, 35,, 8374,, 242.18
2025-03-26 23:56:40, 38,, 8374,, 201.05
2025-03-26 23:56:50, 25,, 8374,, 167.90
2025-03-26 23:57:00, 38,, 8374,, 104.76
2025-03-26 23:57:10, 28,, 8374,, 99.07
2025-03-26 23:57:21, 25,, 8374,, 85.14
2025-03-26 23:57:31, 29,, 8374,, 226.10
2025-03-26 23:57:41, 39,, 8374,, 203.44
2025-03-26 23:57:51, 28,, 8374,, 248.87
2025-03-26 23:58:01, 46,, 8374,, 165.87
2025-03-26 23:58:11, 28,, 8374,, 210.62
2025-03-26 23:58:21, 49,, 8374,, 251.73
2025-03-26 23:58:31, 50,, 8374,, 87.96
2025-03-26 23:58:41, 37,, 8374,, 206.17
2025-03-26 23:58:51, 28,, 8374,, 130.51
2025-03-26 23:59:01, 52,, 8374,, 112.44
2025-03-26 23:59:11, 42,, 8374,, 143.54
2025-03-26 23:59:21, 53,, 8374,, 207.74
2025-03-26 23:59:31, 60,, 8374,, 161.45
2025-03-26 23:59:41, 32,, 8374,, 207.74
2025-03-26 23:59:51, 38,, 8374,, 249.34
2025-03-27 00:00:01, 64,, 8374,, 87.42
2025-03-27 00:00:11, 41,, 8374,, 99.00
2025-03-27 00:00:21, 78,, 8374,, 198.79
2025-03-27 00:00:31, 65,, 8374,, 247.12
2025-03-27 00:00:41, 59,, 8374,, 177.73
2025-03-27 00:00:51, 45,, 8374,, 101.95
2025-03-27 00:01:01, 23,, 8374,, 87.06
2025-03-27 00:01:11, 29,, 8374,, 98.04
2025-03-27 00:01:22, 42,, 8374,, 147.57
2025-03-27 00:01:32, 38,, 8374,, 102.77
2025-03-27 00:01:42, 9,, 8374,, 226.14
2025-03-27 00:01:52, 55,, 8374,, 227.26
2025-03-27 00:02:02, 29,, 8374,, 97.62
2025-03-27 00:02:12, 29,, 8374,, 215.07
2025-03-27 00:02:22, 29,, 8374,, 78.89
2025-03-27 00:02:32, 30,, 8374,, 101.88
2025-03-27 00:02:42, 28,, 8374,, 84.66
2025-03-27 00:02:52, 41,, 8374,, 149.20
2025-03-27 00:03:02, 42,, 8374,, 113.88
2025-03-27 00:03:12, 42,, 8374,, 221.95
2025-03-27 00:03:22, 50,, 8374,, 208.90
2025-03-27 00:03:32, 55,, 8374,, 160.12
2025-03-27 00:03:42, 36,, 8374,, 108.05
2025-03-27 00:03:52, 65,, 8374,, 212.53
2025-03-27 00:04:02, 29,, 8374,, 119.08
2025-03-27 00:04:12, 41,, 8374,, 237.57
2025-03-27 00:04:22, 38,, 8374,, 103.32
2025-03-27 00:04:32, 38,, 8374,, 200.91
2025-03-27 00:04:42, 50,, 8374,, 100.44
2025-03-27 00:04:52, 48,, 8374,, 205.22
2025-03-27 00:05:02, 41,, 8374,, 172.10
2025-03-27 00:05:12, 29,, 8374,, 126.28
2025-03-27 00:05:23, 44,, 8374,, 184.91
2025-03-27 00:05:33, 28,, 8374,, 83.16
2025-03-27 00:05:43, 27,, 8374,, 93.24
2025-03-27 00:05:53, 41,, 8374,, 119.08
2025-03-27 00:06:03, 30,, 8374,, 168.74
2025-03-27 00:06:13, 28,, 8374,, 191.61
2025-03-27 00:06:23, 56,, 8374,, 107.71
2025-03-27 00:06:33, 36,, 8374,, 193.74
2025-03-27 00:06:43, 48,, 8374,, 208.08
2025-03-27 00:06:53, 40,, 8374,, 82.25
2025-03-27 00:07:03, 50,, 8374,, 115.72
2025-03-27 00:07:13, 37,, 8374,, 171.14
2025-03-27 00:07:23, 29,, 8374,, 107.64
2025-03-27 00:07:33, 49,, 8374,, 255.89
2025-03-27 00:07:43, 19,, 8374,, 97.56
2025-03-27 00:07:53, 51,, 8374,, 89.94
2025-03-27 00:08:03, 55,, 8374,, 80.87
2025-03-27 00:08:13, 28,, 8374,, 111.41
2025-03-27 00:08:23, 32,, 8374,, 107.09
2025-03-27 00:08:33, 31,, 8374,, 82.74
2025-03-27 00:08:43, 61,, 8374,, 247.91
2025-03-27 00:08:53, 81,, 8374,, 107.16
2025-03-27 00:09:03, 32,, 8374,, 99.48
2025-03-27 00:09:13, 54,, 8374,, 188.99
2025-03-27 00:09:23, 37,, 8374,, 202.75
2025-03-27 00:09:34, 47,, 8374,, 226.10
2025-03-27 00:09:44, 53,, 8374,, 99.00
2025-03-27 00:09:54, 40,, 8374,, 252.85
2025-03-27 00:10:04, 30,, 8374,, 94.68
2025-03-27 00:10:14, 51,, 8374,, 250.15
2025-03-27 00:10:24, 43,, 8374,, 85.14
2025-03-27 00:10:34, 19,, 8374,, 98.04
2025-03-27 00:10:44, 31,, 8374,, 188.61
2025-03-27 00:10:54, 30,, 8374,, 125.32
2025-03-27 00:11:04, 55,, 8374,, 95.70
2025-03-27 00:11:14, 52,, 8374,, 155.81
2025-03-27 00:11:24, 29,, 8374,, 102.36
2025-03-27 00:11:34, 38,, 8374,, 107.09
2025-03-27 00:11:44, 39,, 8374,, 158.79
2025-03-27 00:11:54, 33,, 8374,, 184.55
2025-03-27 00:12:04, 28,, 8374,, 139.13
2025-03-27 00:12:14, 29,, 8374,, 101.95
2025-03-27 00:12:24, 44,, 8374,, 202.00
2025-03-27 00:12:34, 77,, 8374,, 107.64
2025-03-27 00:12:44, 52,, 8374,, 192.91
2025-03-27 00:12:54, 56,, 8374,, 168.38
2025-03-27 00:13:04, 38,, 8374,, 90.90
2025-03-27 00:13:14, 35,, 8374,, 120.04
2025-03-27 00:13:24, 38,, 8374,, 120.44
2025-03-27 00:13:34, 41,, 8374,, 257.46
2025-03-27 00:13:45, 55,, 8374,, 236.61
2025-03-27 00:13:55, 51,, 8374,, 87.54
2025-03-27 00:14:05, 30,, 8374,, 174.26
2025-03-27 00:14:15, 65,, 8374,, 233.27
2025-03-27 00:14:25, 52,, 8374,, 121.96
2025-03-27 00:14:35, 19,, 8374,, 153.89
2025-03-27 00:14:45, 48,, 8374,, 176.17
2025-03-27 00:14:55, 48,, 8374,, 260.98
2025-03-27 00:15:05, 51,, 8374,, 116.28
2025-03-27 00:15:15, 61,, 8374,, 169.70
2025-03-27 00:15:25, 64,, 8374,, 180.60
2025-03-27 00:15:35, 36,, 8374,, 222.43
2025-03-27 00:15:45, 41,, 8374,, 94.74
2025-03-27 00:15:55, 38,, 8374,, 207.13
2025-03-27 00:16:05, 39,, 8374,, 229.77
2025-03-27 00:16:15, 48,, 8374,, 135.78
2025-03-27 00:16:25, 70,, 8374,, 243.14
2025-03-27 00:16:35, 47,, 8374,, 164.06
2025-03-27 00:16:45, 45,, 8374,, 173.30
2025-03-27 00:16:55, 52,, 8374,, 184.07
2025-03-27 00:17:05, 27,, 8374,, 250.77
2025-03-27 00:17:15, 58,, 8374,, 163.10
2025-03-27 00:17:25, 33,, 8374,, 169.22
2025-03-27 00:17:35, 28,, 8374,, 217.02
2025-03-27 00:17:46, 32,, 8374,, 149.48
2025-03-27 00:17:56, 47,, 8374,, 214.44
2025-03-27 00:18:06, 35,, 8374,, 82.74
2025-03-27 00:18:16, 60,, 8374,, 110.93
2025-03-27 00:18:26, 29,, 8374,, 141.53
2025-03-27 00:18:36, 34,, 8374,, 106.13
2025-03-27 00:18:46, 30,, 8374,, 105.24
2025-03-27 00:18:56, 47,, 8374,, 173.53
2025-03-27 00:19:06, 29,, 8374,, 203.30
2025-03-27 00:19:16, 23,, 8374,, 91.32
2025-03-27 00:19:26, 38,, 8374,, 99.07
2025-03-27 00:19:36, 48,, 8374,, 204.40
2025-03-27 00:19:46, 29,, 8374,, 218.93
2025-03-27 00:19:56, 46,, 8374,, 191.96
2025-03-27 00:20:06, 43,, 8374,, 119.96
2025-03-27 00:20:16, 32,, 8374,, 97.62
2025-03-27 00:20:26, 19,, 8374,, 210.62
2025-03-27 00:20:36, 32,, 8374,, 95.22
2025-03-27 00:20:46, 55,, 8374,, 170.66
2025-03-27 00:20:56, 54,, 8374,, 191.96
2025-03-27 00:21:06, 43,, 8374,, 193.17
2025-03-27 00:21:16, 38,, 8374,, 114.84
2025-03-27 00:21:26, 53,, 8374,, 95.70
2025-03-27 00:21:36, 38,, 8374,, 223.23
2025-03-27 00:21:47, 74,, 8374,, 207.27
2025-03-27 00:21:57, 65,, 8374,, 137.22
2025-03-27 00:22:07, 38,, 8374,, 79.85
2025-03-27 00:22:17, 51,, 8374,, 120.12
2025-03-27 00:22:27, 54,, 8374,, 160.60
2025-03-27 00:22:37, 57,, 8374,, 183.47
2025-03-27 00:22:47, 43,, 8374,, 115.80
2025-03-27 00:22:57, 59,, 8374,, 236.77
2025-03-27 00:23:07, 35,, 8374,, 80.87
2025-03-27 00:23:17, 20,, 8374,, 218.12
2025-03-27 00:23:27, 38,, 8374,, 188.01
2025-03-27 00:23:37, 37,, 8374,, 221.47
2025-03-27 00:23:47, 28,, 8374,, 83.21
2025-03-27 00:23:57, 67,, 8374,, 251.42
2025-03-27 00:24:07, 63,, 8374,, 235.34
2025-03-27 00:24:17, 43,, 8374,, 100.92
2025-03-27 00:24:27, 57,, 8374,, 119.08
2025-03-27 00:24:37, 61,, 8374,, 230.88
2025-03-27 00:24:47, 57,, 8374,, 217.50
2025-03-27 00:24:57, 63,, 8374,, 217.50
2025-03-27 00:25:07, 52,, 8374,, 113.40
2025-03-27 00:25:17, 53,, 8374,, 253.30
2025-03-27 00:25:27, 35,, 8374,, 139.71
2025-03-27 00:25:37, 29,, 8374,, 95.70
2025-03-27 00:25:48, 45,, 8374,, 87.06
2025-03-27 00:25:58, 50,, 8374,, 119.64
2025-03-27 00:26:08, 38,, 8374,, 223.23
2025-03-27 00:26:18, 29,, 8374,, 81.35
2025-03-27 00:26:28, 39,, 8374,, 250.61
2025-03-27 00:26:38, 20,, 8374,, 82.25
2025-03-27 00:26:48, 45,, 8374,, 82.25
2025-03-27 00:26:58, 31,, 8374,, 83.21
2025-03-27 00:27:08, 30,, 8374,, 127.71
2025-03-27 00:27:18, 31,, 8374,, 82.25
2025-03-27 00:27:28, 54,, 8374,, 137.79
2025-03-27 00:27:38, 48,, 8374,, 232.94
2025-03-27 00:27:48, 51,, 8374,, 218.12
2025-03-27 00:27:58, 39,, 8374,, 164.43
2025-03-27 00:28:08, 71,, 8374,, 240.59
2025-03-27 00:28:18, 29,, 8374,, 167.67
2025-03-27 00:28:28, 29,, 8374,, 120.04
2025-03-27 00:28:38, 34,, 8374,, 252.82
2025-03-27 00:28:48, 29,, 8374,, 213.34
2025-03-27 00:28:58, 20,, 8374,, 79.91
2025-03-27 00:29:08, 54,, 8374,, 240.75
2025-03-27 00:29:18, 48,, 8374,, 112.44
2025-03-27 00:29:28, 55,, 8374,, 224.34
2025-03-27 00:29:38, 38,, 8374,, 193.04
2025-03-27 00:29:48, 25,, 8374,, 250.47
2025-03-27 00:29:58, 34,, 8374,, 255.21
2025-03-27 00:30:09, 28,, 8374,, 101.53
2025-03-27 00:30:19, 43,, 8374,, 108.19
2025-03-27 00:30:29, 33,, 8374,, 235.34
2025-03-27 00:30:39, 26,, 8374,, 144.41
2025-03-27 00:30:49, 28,, 8374,, 178.68
2025-03-27 00:30:59, 29,, 8374,, 89.94
2025-03-27 00:31:09, 52,, 8374,, 166.71
2025-03-27 00:31:19, 27,, 8374,, 104.69
2025-03-27 00:31:29, 20,, 8374,, 148.14
2025-03-27 00:31:39, 19,, 8374,, 236.29
2025-03-27 00:31:49, 46,, 8374,, 119.08
2025-03-27 00:31:59, 49,, 8374,, 99.00
2025-03-27 00:32:09, 21,, 8374,, 237.41
2025-03-27 00:32:19, 37,, 8374,, 243.14
2025-03-27 00:32:29, 19,, 8374,, 111.41
2025-03-27 00:32:39, 19,, 8374,, 126.75
2025-03-27 00:32:49, 31,, 8374,, 159.16
2025-03-27 00:32:59, 65,, 8374,, 172.57
2025-03-27 00:33:09, 37,, 8374,, 177.25
2025-03-27 00:33:19, 38,, 8374,, 117.16
2025-03-27 00:33:29, 38,, 8374,, 112.44
2025-03-27 00:33:39, 46,, 8374,, 254.15
2025-03-27 00:33:49, 41,, 8374,, 193.04
2025-03-27 00:33:59, 19,, 8374,, 150.16
2025-03-27 00:34:10, 23,, 8374,, 210.62
2025-03-27 00:34:20, 29,, 8374,, 95.64
2025-03-27 00:34:30, 39,, 8374,, 103.87
2025-03-27 00:34:40, 38,, 8374,, 80.39
2025-03-27 00:34:50, 42,, 8374,, 79.85
2025-03-27 00:35:00, 32,, 8374,, 162.99
2025-03-27 00:35:10, 49,, 8374,, 150.26
2025-03-27 00:35:20, 58,, 8374,, 91.32
2025-03-27 00:35:30, 48,, 8374,, 138.65
2025-03-27 00:35:40, 53,, 8374,, 205.69
2025-03-27 00:35:50, 58,, 8374,, 150.64
2025-03-27 00:36:00, 28,, 8374,, 79.85
2025-03-27 00:36:10, 29,, 8374,, 184.43
2025-03-27 00:36:20, 48,, 8374,, 246.81
2025-03-27 00:36:30, 22,, 8374,, 98.52
2025-03-27 00:36:40, 78,, 8374,, 90.42
2025-03-27 00:36:50, 19,, 8374,, 79.85
2025-03-27 00:37:00, 41,, 8374,, 192.57
2025-03-27 00:37:10, 21,, 8374,, 164.32
2025-03-27 00:37:20, 38,, 8374,, 111.00
2025-03-27 00:37:30, 55,, 8374,, 200.23
2025-03-27 00:37:40, 29,, 8374,, 164.91
2025-03-27 00:37:50, 58,, 8374,, 233.11
2025-03-27 00:38:00, 29,, 8374,, 214.49
2025-03-27 00:38:11, 47,, 8374,, 189.21
2025-03-27 00:38:21, 28,, 8374,, 124.84
2025-03-27 00:38:31, 53,, 8374,, 133.95
2025-03-27 00:38:41, 37,, 8374,, 114.76
2025-03-27 00:38:51, 36,, 8374,, 125.80
2025-03-27 00:39:01, 53,, 8374,, 146.71
2025-03-27 00:39:11, 43,, 8374,, 163.47
2025-03-27 00:39:21, 36,, 8374,, 205.01
2025-03-27 00:39:31, 52,, 8374,, 104.28
2025-03-27 00:39:41, 38,, 8374,, 91.86
2025-03-27 00:39:51, 80,, 8374,, 207.61
2025-03-27 00:40:01, 42,, 8374,, 255.55
2025-03-27 00:40:11, 24,, 8374,, 148.82
2025-03-27 00:40:21, 33,, 8374,, 218.27
2025-03-27 00:40:31, 42,, 8374,, 104.76
2025-03-27 00:40:41, 86,, 8374,, 189.09
2025-03-27 00:40:51, 38,, 8374,, 86.10
2025-03-27 00:41:01, 47,, 8374,, 168.74
2025-03-27 00:41:11, 60,, 8374,, 227.03
2025-03-27 00:41:21, 59,, 8374,, 178.32
2025-03-27 00:41:31, 39,, 8374,, 95.70
2025-03-27 00:41:41, 64,, 8374,, 121.96
2025-03-27 00:41:51, 55,, 8374,, 139.13
2025-03-27 00:42:01, 62,, 8374,, 193.39
2025-03-27 00:42:12, 48,, 8374,, 170.18
2025-03-27 00:42:22, 28,, 8374,, 234.99
2025-03-27 00:42:32, 38,, 8374,, 99.48
2025-03-27 00:42:42, 41,, 8374,, 238.84
2025-03-27 00:42:52, 39,, 8374,, 134.43
2025-03-27 00:43:02, 55,, 8374,, 183.82
2025-03-27 00:43:12, 61,, 8374,, 193.26
2025-03-27 00:43:22, 28,, 8374,, 254.77
2025-03-27 00:43:32, 29,, 8374,, 108.12
2025-03-27 00:43:42, 43,, 8374,, 174.37
2025-03-27 00:43:52, 52,, 8374,, 212.19
2025-03-27 00:44:02, 52,, 8374,, 161.08
2025-03-27 00:44:12, 36,, 8374,, 87.12
2025-03-27 00:44:22, 31,, 8374,, 222.90
2025-03-27 00:44:32, 19,, 8374,, 224.82
2025-03-27 00:44:42, 53,, 8374,, 176.41
2025-03-27 00:44:52, 53,, 8374,, 177.84
2025-03-27 00:45:02, 43,, 8374,, 161.08
2025-03-27 00:45:12, 29,, 8374,, 180.36
2025-03-27 00:45:22, 59,, 8374,, 212.87
2025-03-27 00:45:32, 64,, 8374,, 193.87
2025-03-27 00:45:42, 19,, 8374,, 234.86
2025-03-27 00:45:52, 49,, 8374,, 255.38
2025-03-27 00:46:02, 53,, 8374,, 192.44
2025-03-27 00:46:13, 85,, 8374,, 181.08
2025-03-27 00:46:23, 39,, 8374,, 126.75
2025-03-27 00:46:33, 29,, 8374,, 130.11
2025-03-27 00:46:43, 39,, 8374,, 173.17
2025-03-27 00:46:53, 60,, 8374,, 95.70
2025-03-27 00:47:03, 33,, 8374,, 106.68
2025-03-27 00:47:13, 58,, 8374,, 187.30
2025-03-27 00:47:23, 50,, 8374,, 169.22
2025-03-27 00:47:33, 63,, 8374,, 241.07
2025-03-27 00:47:43, 51,, 8374,, 210.00
2025-03-27 00:47:53, 29,, 8374,, 206.65
2025-03-27 00:48:03, 39,, 8374,, 218.93
2025-03-27 00:48:13, 60,, 8374,, 234.54
2025-03-27 00:48:23, 19,, 8374,, 230.08
2025-03-27 00:48:33, 19,, 8374,, 197.22
2025-03-27 00:48:43, 23,, 8374,, 81.35
2025-03-27 00:48:53, 51,, 8374,, 151.98
2025-03-27 00:49:03, 23,, 8374,, 91.80
2025-03-27 00:49:13, 49,, 8374,, 114.28
2025-03-27 00:49:23, 32,, 8374,, 220.37
2025-03-27 00:49:33, 29,, 8374,, 131.46
2025-03-27 00:49:43, 48,, 8374,, 137.79
2025-03-27 00:49:53, 35,, 8374,, 125.32
2025-03-27 00:50:03, 39,, 8374,, 222.28
2025-03-27 00:50:14, 19,, 8374,, 190.65
2025-03-27 00:50:24, 79,, 8374,, 187.90
2025-03-27 00:50:34, 23,, 8374,, 228.16
2025-03-27 00:50:44, 48,, 8374,, 204.67
2025-03-27 00:50:54, 51,, 8374,, 131.94
2025-03-27 00:51:04, 49,, 8374,, 106.20
2025-03-27 00:51:14, 22,, 8374,, 133.77
2025-03-27 00:51:24, 28,, 8374,, 224.19
2025-03-27 00:51:34, 55,, 8374,, 231.51
2025-03-27 00:51:44, 78,, 8374,, 124.27
2025-03-27 00:51:54, 31,, 8374,, 99.55
2025-03-27 00:52:04, 36,, 8374,, 216.54
2025-03-27 00:52:14, 55,, 8374,, 142.10
2025-03-27 00:52:24, 40,, 8374,, 96.12
2025-03-27 00:52:34, 53,, 8374,, 183.35
2025-03-27 00:52:44, 47,, 8374,, 82.79
2025-03-27 00:52:54, 29,, 8374,, 81.29
2025-03-27 00:53:04, 47,, 8374,, 103.32
2025-03-27 00:53:14, 39,, 8374,, 94.68
2025-03-27 00:53:24, 29,, 8374,, 86.58
2025-03-27 00:53:34, 57,, 8374,, 256.98
2025-03-27 00:53:44, 29,, 8374,, 103.32
2025-03-27 00:53:54, 48,, 8374,, 92.76
2025-03-27 00:54:04, 39,, 8374,, 262.06
2025-03-27 00:54:14, 57,, 8374,, 186.22
2025-03-27 00:54:25, 79,, 8374,, 214.59
2025-03-27 00:54:35, 22,, 8374,, 99.00
2025-03-27 00:54:45, 49,, 8374,, 145.85
2025-03-27 00:54:55, 29,, 8374,, 196.53
2025-03-27 00:55:05, 44,, 8374,, 243.61
2025-03-27 00:55:15, 55,, 8374,, 258.41
2025-03-27 00:55:25, 29,, 8374,, 143.83
2025-03-27 00:55:35, 37,, 8374,, 113.88
2025-03-27 00:55:45, 36,, 8374,, 248.08
2025-03-27 00:55:55, 32,, 8374,, 79.37
2025-03-27 00:56:05, 53,, 8374,, 171.73
2025-03-27 00:56:15, 18,, 8374,, 88.08
2025-03-27 00:56:25, 38,, 8374,, 245.69
2025-03-27 00:56:35, 38,, 8374,, 207.07
2025-03-27 00:56:45, 39,, 8374,, 94.68
2025-03-27 00:56:55, 29,, 8374,, 192.31
2025-03-27 00:57:05, 29,, 8374,, 233.59
2025-03-27 00:57:15, 19,, 8374,, 110.30
2025-03-27 00:57:25, 32,, 8374,, 98.04
2025-03-27 00:57:35, 57,, 8374,, 103.32
2025-03-27 00:57:45, 50,, 8374,, 149.20
2025-03-27 00:57:55, 55,, 8374,, 128.59
2025-03-27 00:58:06, 64,, 8374,, 164.32
2025-03-27 00:58:16, 39,, 8374,, 253.30
2025-03-27 00:58:26, 54,, 8374,, 152.56
2025-03-27 00:58:36, 28,, 8374,, 81.29
2025-03-27 00:58:46, 49,, 8374,, 178.56
2025-03-27 00:58:56, 26,, 8374,, 79.91
2025-03-27 00:59:06, 49,, 8374,, 216.21
2025-03-27 00:59:16, 46,, 8374,, 167.19
2025-03-27 00:59:26, 12,, 8374,, 110.45
2025-03-27 00:59:36, 29,, 8374,, 234.38
2025-03-27 00:59:46, 27,, 8374,, 156.77
2025-03-27 00:59:56, 29,, 8374,, 207.74
2025-03-27 01:00:06, 47,, 8374,, 106.68
2025-03-27 01:00:16, 53,, 8374,, 244.73
2025-03-27 01:00:26, 25,, 8374,, 80.33
2025-03-27 01:00:36, 34,, 8374,, 88.92
2025-03-27 01:00:46, 30,, 8374,, 147.28
2025-03-27 01:00:56, 39,, 8374,, 189.57
2025-03-27 01:01:06, 62,, 8374,, 128.11
2025-03-27 01:01:16, 19,, 8374,, 208.36
2025-03-27 01:01:26, 40,, 8374,, 218.75
2025-03-27 01:01:36, 49,, 8374,, 125.88
2025-03-27 01:01:46, 48,, 8374,, 241.55
2025-03-27 01:01:56, 38,, 8374,, 196.13
2025-03-27 01:02:06, 53,, 8374,, 253.95
2025-03-27 01:02:17, 63,, 8374,, 206.79
2025-03-27 01:02:27, 29,, 8374,, 101.47
2025-03-27 01:02:37, 19,, 8374,, 104.76
2025-03-27 01:02:47, 54,, 8374,, 222.43
2025-03-27 01:02:57, 61,, 8374,, 230.08
2025-03-27 01:03:07, 26,, 8374,, 156.29
2025-03-27 01:03:17, 38,, 8374,, 201.53
2025-03-27 01:03:27, 62,, 8374,, 230.40
2025-03-27 01:03:37, 48,, 8374,, 107.23
2025-03-27 01:03:47, 69,, 8374,, 85.62
2025-03-27 01:03:57, 48,, 8374,, 140.48
2025-03-27 01:04:07, 53,, 8374,, 249.82
2025-03-27 01:04:17, 30,, 8374,, 81.29
2025-03-27 01:04:27, 59,, 8374,, 109.49
2025-03-27 01:04:37, 55,, 8374,, 92.40
2025-03-27 01:04:47, 38,, 8374,, 219.56
2025-03-27 01:04:57, 38,, 8374,, 170.66
2025-03-27 01:05:07, 27,, 8374,, 96.12
2025-03-27 01:05:17, 54,, 8374,, 80.87
2025-03-27 01:05:27, 32,, 8374,, 100.37
2025-03-27 01:05:37, 33,, 8374,, 92.82
2025-03-27 01:05:47, 32,, 8374,, 92.70
2025-03-27 01:05:57, 32,, 8374,, 81.77
2025-03-27 01:06:07, 36,, 8374,, 163.47
2025-03-27 01:06:17, 29,, 8374,, 270.17
2025-03-27 01:06:28, 39,, 8374,, 231.03
2025-03-27 01:06:38, 27,, 8374,, 184.43
2025-03-27 01:06:48, 46,, 8374,, 128.67
2025-03-27 01:06:58, 47,, 8374,, 90.84
2025-03-27 01:07:08, 38,, 8374,, 253.16
2025-03-27 01:07:18, 38,, 8374,, 117.24
2025-03-27 01:07:28, 31,, 8374,, 154.37
2025-03-27 01:07:38, 45,, 8374,, 228.34
2025-03-27 01:07:48, 28,, 8374,, 119.16
2025-03-27 01:07:58, 56,, 8374,, 112.92
2025-03-27 01:08:08, 47,, 8374,, 188.26
2025-03-27 01:08:18, 27,, 8374,, 186.82
2025-03-27 01:08:28, 55,, 8374,, 154.47
2025-03-27 01:08:38, 63,, 8374,, 158.31
2025-03-27 01:08:48, 24,, 8374,, 126.36
2025-03-27 01:08:58, 42,, 8374,, 163.47
2025-03-27 01:09:08, 30,, 8374,, 91.86
2025-03-27 01:09:18, 23,, 8374,, 198.62
2025-03-27 01:09:28, 41,, 8374,, 164.43
2025-03-27 01:09:38, 42,, 8374,, 226.88
2025-03-27 01:09:48, 36,, 8374,, 245.05
2025-03-27 01:09:58, 71,, 8374,, 222.87
2025-03-27 01:10:08, 48,, 8374,, 242.51
2025-03-27 01:10:18, 24,, 8374,, 207.61
2025-03-27 01:10:29, 10,, 8374,, 78.94
2025-03-27 01:10:39, 48,, 8374,, 100.71
2025-03-27 01:10:49, 48,, 8374,, 213.82
2025-03-27 01:10:59, 28,, 8374,, 88.92
2025-03-27 01:11:09, 47,, 8374,, 227.86
2025-03-27 01:11:19, 35,, 8374,, 233.27
2025-03-27 01:11:29, 48,, 8374,, 158.31
2025-03-27 01:11:39, 95,, 8374,, 183.82
2025-03-27 01:11:49, 39,, 8374,, 102.50
2025-03-27 01:11:59, 44,, 8374,, 106.20
2025-03-27 01:12:09, 28,, 8374,, 185.14
2025-03-27 01:12:19, 37,, 8374,, 161.93
2025-03-27 01:12:29, 69,, 8374,, 153.04
2025-03-27 01:12:39, 60,, 8374,, 154.27
2025-03-27 01:12:49, 47,, 8374,, 157.72
2025-03-27 01:12:59, 43,, 8374,, 220.99
2025-03-27 01:13:09, 61,, 8374,, 197.83
2025-03-27 01:13:19, 67,, 8374,, 175.81
2025-03-27 01:13:29, 53,, 8374,, 148.24
2025-03-27 01:13:39, 33,, 8374,, 80.81
2025-03-27 01:13:49, 31,, 8374,, 82.25
2025-03-27 01:13:59, 48,, 8374,, 104.28
2025-03-27 01:14:09, 56,, 8374,, 251.56
2025-03-27 01:14:19, 23,, 8374,, 78.89
2025-03-27 01:14:29, 38,, 8374,, 128.67
2025-03-27 01:14:40, 48,, 8374,, 95.22
2025-03-27 01:14:50, 24,, 8374,, 134.91
2025-03-27 01:15:00, 36,, 8374,, 188.86
2025-03-27 01:15:10, 65,, 8374,, 237.57
2025-03-27 01:15:20, 57,, 8374,, 179.64
2025-03-27 01:15:30, 54,, 8374,, 252.99
2025-03-27 01:15:40, 25,, 8374,, 93.78
2025-03-27 01:15:50, 19,, 8374,, 210.62
2025-03-27 01:16:00, 29,, 8374,, 132.51
2025-03-27 01:16:10, 49,, 8374,, 95.64
2025-03-27 01:16:20, 29,, 8374,, 151.98
2025-03-27 01:16:30, 39,, 8374,, 214.16
2025-03-27 01:16:40, 28,, 8374,, 199.48
2025-03-27 01:16:50, 52,, 8374,, 189.69
2025-03-27 01:17:00, 46,, 8374,, 209.04
2025-03-27 01:17:10, 42,, 8374,, 247.27
2025-03-27 01:17:20, 37,, 8374,, 163.36
2025-03-27 01:17:30, 31,, 8374,, 167.56
2025-03-27 01:17:40, 41,, 8374,, 212.87
2025-03-27 01:17:50, 69,, 8374,, 156.77
2025-03-27 01:18:00, 19,, 8374,, 109.08
2025-03-27 01:18:10, 32,, 8374,, 177.61
2025-03-27 01:18:20, 40,, 8374,, 210.14
2025-03-27 01:18:30, 19,, 8374,, 191.48
2025-03-27 01:18:40, 30,, 8374,, 180.00
2025-03-27 01:18:51, 61,, 8374,, 177.13
2025-03-27 01:19:01, 29,, 8374,, 195.09
2025-03-27 01:19:11, 37,, 8374,, 146.32
2025-03-27 01:19:21, 23,, 8374,, 209.04
2025-03-27 01:19:31, 44,, 8374,, 210.00
2025-03-27 01:19:41, 42,, 8374,, 191.61
2025-03-27 01:19:51, 38,, 8374,, 116.68
2025-03-27 01:20:01, 85,, 8374,, 94.26
2025-03-27 01:20:11, 38,, 8374,, 170.43
2025-03-27 01:20:21, 44,, 8374,, 85.14
2025-03-27 01:20:31, 63,, 8374,, 146.42
2025-03-27 01:20:41, 47,, 8374,, 94.74
2025-03-27 01:20:51, 43,, 8374,, 256.51
2025-03-27 01:21:01, 60,, 8374,, 165.02
2025-03-27 01:21:11, 19,, 8374,, 78.89
2025-03-27 01:21:21, 36,, 8374,, 91.44
2025-03-27 01:21:31, 28,, 8374,, 240.27
2025-03-27 01:21:41, 45,, 8374,, 220.85
2025-03-27 01:21:51, 50,, 8374,, 244.73
2025-03-27 01:22:01, 19,, 8374,, 81.83
2025-03-27 01:22:11, 64,, 8374,, 94.74
2025-03-27 01:22:21, 48,, 8374,, 144.50
2025-03-27 01:22:31, 29,, 8374,, 219.71
2025-03-27 01:22:42, 60,, 8374,, 210.81
2025-03-27 01:22:52, 29,, 8374,, 90.84
2025-03-27 01:23:02, 39,, 8374,, 190.30
2025-03-27 01:23:12, 22,, 8374,, 157.14
2025-03-27 01:23:22, 60,, 8374,, 239.96
2025-03-27 01:23:32, 41,, 8374,, 105.72
2025-03-27 01:23:42, 80,, 8374,, 183.59
2025-03-27 01:23:52, 29,, 8374,, 207.27
2025-03-27 01:24:02, 63,, 8374,, 169.11
2025-03-27 01:24:12, 26,, 8374,, 166.35
2025-03-27 01:24:22, 50,, 8374,, 237.09
2025-03-27 01:24:32, 0,, 8374,, 74.14
2025-03-27 01:24:42, 0,, 8374,, 61.16
