Timestamp, GPU Util (%), Memory Used (MiB), Power (W)
2025-03-25 17:48:51, 0,, 21,, 42.95
2025-03-25 17:49:01, 0,, 21,, 42.95
2025-03-25 17:49:11, 73,, 8189,, 191.26
2025-03-25 17:49:21, 21,, 8341,, 133.86
2025-03-25 17:49:31, 25,, 8341,, 214.92
2025-03-25 17:49:41, 59,, 8341,, 92.34
2025-03-25 17:49:51, 38,, 8341,, 190.90
2025-03-25 17:50:01, 62,, 8341,, 176.89
2025-03-25 17:50:11, 43,, 8341,, 152.45
2025-03-25 17:50:21, 62,, 8341,, 198.92
2025-03-25 17:50:31, 35,, 8341,, 207.88
2025-03-25 17:50:41, 46,, 8341,, 180.72
2025-03-25 17:50:52, 37,, 8341,, 141.53
2025-03-25 17:51:02, 18,, 8341,, 171.14
2025-03-25 17:51:12, 53,, 8341,, 227.84
2025-03-25 17:51:22, 48,, 8341,, 178.80
2025-03-25 17:51:32, 61,, 8341,, 169.22
2025-03-25 17:51:42, 30,, 8341,, 214.92
2025-03-25 17:51:52, 46,, 8341,, 109.15
2025-03-25 17:52:02, 27,, 8341,, 244.90
2025-03-25 17:52:12, 55,, 8341,, 209.04
2025-03-25 17:52:22, 60,, 8341,, 128.76
2025-03-25 17:52:32, 27,, 8341,, 88.08
2025-03-25 17:52:42, 28,, 8341,, 135.39
2025-03-25 17:52:52, 23,, 8341,, 169.33
2025-03-25 17:53:02, 19,, 8341,, 117.72
2025-03-25 17:53:12, 28,, 8341,, 80.87
2025-03-25 17:53:22, 33,, 8341,, 92.88
2025-03-25 17:53:32, 19,, 8341,, 218.42
2025-03-25 17:53:42, 9,, 8341,, 107.23
2025-03-25 17:53:52, 35,, 8341,, 194.00
2025-03-25 17:54:02, 37,, 8341,, 123.00
2025-03-25 17:54:12, 28,, 8341,, 109.63
2025-03-25 17:54:22, 37,, 8341,, 178.80
2025-03-25 17:54:32, 42,, 8341,, 113.88
2025-03-25 17:54:43, 33,, 8341,, 91.92
2025-03-25 17:54:53, 51,, 8341,, 156.39
2025-03-25 17:55:03, 34,, 8341,, 237.73
2025-03-25 17:55:13, 27,, 8341,, 138.27
2025-03-25 17:55:23, 48,, 8341,, 99.00
2025-03-25 17:55:33, 28,, 8341,, 198.79
2025-03-25 17:55:43, 35,, 8341,, 137.79
2025-03-25 17:55:53, 34,, 8341,, 172.21
2025-03-25 17:56:03, 38,, 8341,, 239.00
2025-03-25 17:56:13, 18,, 8341,, 77.50
2025-03-25 17:56:23, 18,, 8341,, 92.88
2025-03-25 17:56:33, 37,, 8341,, 109.15
2025-03-25 17:56:43, 62,, 8341,, 218.27
2025-03-25 17:56:53, 47,, 8341,, 204.05
2025-03-25 17:57:03, 28,, 8341,, 154.58
2025-03-25 17:57:13, 37,, 8341,, 174.24
2025-03-25 17:57:23, 29,, 8341,, 161.18
2025-03-25 17:57:33, 51,, 8341,, 160.81
2025-03-25 17:57:43, 61,, 8341,, 157.24
2025-03-25 17:57:53, 55,, 8341,, 215.54
2025-03-25 17:58:03, 28,, 8341,, 86.58
2025-03-25 17:58:13, 30,, 8341,, 133.47
2025-03-25 17:58:24, 45,, 8341,, 192.21
2025-03-25 17:58:34, 60,, 8341,, 217.79
2025-03-25 17:58:44, 38,, 8341,, 201.66
2025-03-25 17:58:54, 37,, 8341,, 182.15
2025-03-25 17:59:04, 51,, 8341,, 178.68
2025-03-25 17:59:14, 42,, 8341,, 220.85
2025-03-25 17:59:24, 20,, 8341,, 79.48
2025-03-25 17:59:34, 64,, 8341,, 219.23
2025-03-25 17:59:44, 30,, 8341,, 226.40
2025-03-25 17:59:54, 32,, 8341,, 109.63
2025-03-25 18:00:04, 18,, 8341,, 188.26
2025-03-25 18:00:14, 41,, 8341,, 116.36
2025-03-25 18:00:24, 56,, 8341,, 179.76
2025-03-25 18:00:34, 27,, 8341,, 201.53
2025-03-25 18:00:44, 48,, 8341,, 185.03
2025-03-25 18:00:54, 18,, 8341,, 129.72
2025-03-25 18:01:04, 26,, 8341,, 177.73
2025-03-25 18:01:14, 19,, 8341,, 82.79
2025-03-25 18:01:24, 28,, 8341,, 226.73
2025-03-25 18:01:34, 51,, 8341,, 88.56
2025-03-25 18:01:44, 37,, 8341,, 119.16
2025-03-25 18:01:54, 46,, 8341,, 102.43
2025-03-25 18:02:04, 21,, 8341,, 79.00
2025-03-25 18:02:15, 32,, 8341,, 84.18
2025-03-25 18:02:25, 37,, 8341,, 94.26
2025-03-25 18:02:35, 35,, 8341,, 194.83
2025-03-25 18:02:45, 35,, 8341,, 189.95
2025-03-25 18:02:55, 34,, 8341,, 235.34
2025-03-25 18:03:05, 27,, 8341,, 202.14
2025-03-25 18:03:15, 37,, 8341,, 133.47
2025-03-25 18:03:25, 55,, 8341,, 194.00
2025-03-25 18:03:35, 73,, 8341,, 129.72
2025-03-25 18:03:45, 54,, 8341,, 184.19
2025-03-25 18:03:55, 38,, 8341,, 184.66
2025-03-25 18:04:05, 64,, 8341,, 246.64
2025-03-25 18:04:15, 37,, 8341,, 99.61
2025-03-25 18:04:25, 27,, 8341,, 164.54
2025-03-25 18:04:35, 27,, 8341,, 223.86
2025-03-25 18:04:45, 63,, 8341,, 101.95
2025-03-25 18:04:55, 51,, 8341,, 242.03
2025-03-25 18:05:05, 68,, 8341,, 172.69
2025-03-25 18:05:15, 55,, 8341,, 180.24
2025-03-25 18:05:25, 52,, 8341,, 94.33
2025-03-25 18:05:35, 28,, 8341,, 110.11
2025-03-25 18:05:45, 47,, 8341,, 239.80
2025-03-25 18:05:55, 28,, 8341,, 84.71
2025-03-25 18:06:06, 17,, 8341,, 188.61
2025-03-25 18:06:16, 18,, 8341,, 209.46
2025-03-25 18:06:26, 42,, 8341,, 89.52
2025-03-25 18:06:36, 27,, 8341,, 190.30
2025-03-25 18:06:46, 36,, 8341,, 83.27
2025-03-25 18:06:56, 28,, 8341,, 197.83
2025-03-25 18:07:06, 26,, 8341,, 203.71
2025-03-25 18:07:16, 27,, 8341,, 107.23
2025-03-25 18:07:26, 30,, 8341,, 88.08
2025-03-25 18:07:36, 31,, 8341,, 185.38
2025-03-25 18:07:46, 58,, 8341,, 210.62
2025-03-25 18:07:56, 24,, 8341,, 231.51
2025-03-25 18:08:06, 59,, 8341,, 235.97
2025-03-25 18:08:16, 44,, 8341,, 171.62
2025-03-25 18:08:26, 59,, 8341,, 247.29
2025-03-25 18:08:36, 18,, 8341,, 170.77
2025-03-25 18:08:46, 32,, 8341,, 85.19
2025-03-25 18:08:56, 52,, 8341,, 178.80
2025-03-25 18:09:06, 46,, 8341,, 122.52
2025-03-25 18:09:16, 58,, 8341,, 102.43
2025-03-25 18:09:26, 37,, 8341,, 198.79
2025-03-25 18:09:36, 26,, 8341,, 202.96
2025-03-25 18:09:46, 58,, 8341,, 194.00
2025-03-25 18:09:56, 41,, 8341,, 231.51
2025-03-25 18:10:07, 77,, 8341,, 93.36
2025-03-25 18:10:17, 46,, 8341,, 188.74
2025-03-25 18:10:27, 15,, 8341,, 120.04
2025-03-25 18:10:37, 52,, 8341,, 185.26
2025-03-25 18:10:47, 46,, 8343,, 192.09
2025-03-25 18:10:57, 62,, 8343,, 234.86
2025-03-25 18:11:07, 28,, 8343,, 175.57
2025-03-25 18:11:17, 43,, 8343,, 195.31
2025-03-25 18:11:27, 46,, 8343,, 98.65
2025-03-25 18:11:37, 36,, 8343,, 110.11
2025-03-25 18:11:47, 64,, 8343,, 156.39
2025-03-25 18:11:57, 37,, 8343,, 215.88
2025-03-25 18:12:07, 31,, 8343,, 199.40
2025-03-25 18:12:17, 33,, 8343,, 97.08
2025-03-25 18:12:27, 60,, 8343,, 242.98
2025-03-25 18:12:37, 38,, 8343,, 241.55
2025-03-25 18:12:47, 43,, 8343,, 189.34
2025-03-25 18:12:57, 39,, 8343,, 203.58
2025-03-25 18:13:07, 44,, 8343,, 205.35
2025-03-25 18:13:17, 60,, 8343,, 242.51
2025-03-25 18:13:27, 59,, 8343,, 231.03
2025-03-25 18:13:37, 47,, 8343,, 202.00
2025-03-25 18:13:47, 46,, 8343,, 201.32
2025-03-25 18:13:58, 30,, 8343,, 85.67
2025-03-25 18:14:08, 55,, 8343,, 158.31
2025-03-25 18:14:18, 49,, 8343,, 184.07
2025-03-25 18:14:28, 50,, 8343,, 222.10
2025-03-25 18:14:38, 36,, 8343,, 162.62
2025-03-25 18:14:48, 55,, 8343,, 151.22
2025-03-25 18:14:58, 39,, 8343,, 219.08
2025-03-25 18:15:08, 25,, 8343,, 237.09
2025-03-25 18:15:18, 28,, 8343,, 160.33
2025-03-25 18:15:28, 35,, 8343,, 94.33
2025-03-25 18:15:38, 28,, 8343,, 187.42
2025-03-25 18:15:48, 28,, 8343,, 214.92
2025-03-25 18:15:58, 18,, 8343,, 223.38
2025-03-25 18:16:08, 48,, 8343,, 173.05
2025-03-25 18:16:18, 56,, 8343,, 162.14
2025-03-25 18:16:28, 28,, 8343,, 162.04
2025-03-25 18:16:38, 37,, 8343,, 170.66
2025-03-25 18:16:48, 30,, 8343,, 94.26
2025-03-25 18:16:58, 45,, 8343,, 220.33
2025-03-25 18:17:08, 45,, 8343,, 95.64
2025-03-25 18:17:18, 28,, 8343,, 89.52
2025-03-25 18:17:28, 45,, 8343,, 95.77
2025-03-25 18:17:38, 37,, 8343,, 113.40
2025-03-25 18:17:48, 77,, 8343,, 190.65
2025-03-25 18:17:58, 21,, 8343,, 144.98
2025-03-25 18:18:08, 29,, 8343,, 150.74
2025-03-25 18:18:19, 45,, 8343,, 119.64
2025-03-25 18:18:29, 47,, 8343,, 129.15
2025-03-25 18:18:39, 26,, 8343,, 243.46
2025-03-25 18:18:49, 37,, 8343,, 109.49
2025-03-25 18:18:59, 21,, 8343,, 87.12
2025-03-25 18:19:09, 25,, 8343,, 97.62
2025-03-25 18:19:19, 31,, 8343,, 239.64
2025-03-25 18:19:29, 64,, 8343,, 205.01
2025-03-25 18:19:39, 19,, 8343,, 206.11
2025-03-25 18:19:49, 59,, 8343,, 240.12
2025-03-25 18:19:59, 20,, 8343,, 264.62
2025-03-25 18:20:09, 27,, 8343,, 101.95
2025-03-25 18:20:19, 39,, 8343,, 150.74
2025-03-25 18:20:29, 51,, 8343,, 235.18
2025-03-25 18:20:39, 92,, 8343,, 217.46
2025-03-25 18:20:49, 19,, 8343,, 225.92
2025-03-25 18:20:59, 37,, 8343,, 164.80
2025-03-25 18:21:09, 31,, 8343,, 184.19
2025-03-25 18:21:19, 31,, 8343,, 127.80
2025-03-25 18:21:29, 35,, 8343,, 142.97
2025-03-25 18:21:39, 29,, 8343,, 82.31
2025-03-25 18:21:49, 55,, 8343,, 220.51
2025-03-25 18:21:59, 37,, 8343,, 198.92
2025-03-25 18:22:09, 31,, 8343,, 88.56
2025-03-25 18:22:20, 59,, 8343,, 241.39
2025-03-25 18:22:30, 46,, 8343,, 91.44
2025-03-25 18:22:40, 38,, 8343,, 170.18
2025-03-25 18:22:50, 17,, 8343,, 119.72
2025-03-25 18:23:00, 45,, 8343,, 178.80
2025-03-25 18:23:10, 56,, 8343,, 86.64
2025-03-25 18:23:20, 29,, 8343,, 83.75
2025-03-25 18:23:30, 59,, 8343,, 179.28
2025-03-25 18:23:40, 50,, 8343,, 91.92
2025-03-25 18:23:50, 51,, 8343,, 182.63
2025-03-25 18:24:00, 34,, 8343,, 243.94
2025-03-25 18:24:10, 27,, 8343,, 80.87
2025-03-25 18:24:20, 37,, 8343,, 153.04
2025-03-25 18:24:30, 27,, 8343,, 126.84
2025-03-25 18:24:40, 32,, 8343,, 101.95
2025-03-25 18:24:50, 29,, 8343,, 100.03
2025-03-25 18:25:00, 36,, 8343,, 145.94
2025-03-25 18:25:10, 37,, 8343,, 182.99
2025-03-25 18:25:20, 13,, 8343,, 150.26
2025-03-25 18:25:30, 42,, 8343,, 85.67
2025-03-25 18:25:40, 53,, 8343,, 208.08
2025-03-25 18:25:50, 38,, 8343,, 109.15
2025-03-25 18:26:00, 63,, 8343,, 236.13
2025-03-25 18:26:10, 18,, 8343,, 90.48
2025-03-25 18:26:21, 18,, 8343,, 113.96
2025-03-25 18:26:31, 37,, 8343,, 231.51
2025-03-25 18:26:41, 32,, 8343,, 196.26
2025-03-25 18:26:51, 28,, 8343,, 202.00
2025-03-25 18:27:01, 40,, 8343,, 200.23
2025-03-25 18:27:11, 52,, 8343,, 102.43
2025-03-25 18:27:21, 77,, 8343,, 172.57
2025-03-25 18:27:31, 37,, 8343,, 120.60
2025-03-25 18:27:41, 23,, 8343,, 88.08
2025-03-25 18:27:51, 28,, 8343,, 119.64
2025-03-25 18:28:01, 52,, 8343,, 89.04
2025-03-25 18:28:11, 18,, 8343,, 228.79
2025-03-25 18:28:21, 46,, 8343,, 233.74
2025-03-25 18:28:31, 37,, 8343,, 210.14
2025-03-25 18:28:41, 37,, 8343,, 197.70
2025-03-25 18:28:51, 23,, 8343,, 101.95
2025-03-25 18:29:01, 49,, 8343,, 190.78
2025-03-25 18:29:11, 49,, 8343,, 217.35
2025-03-25 18:29:21, 55,, 8343,, 102.91
2025-03-25 18:29:31, 51,, 8343,, 90.00
2025-03-25 18:29:41, 43,, 8343,, 130.68
2025-03-25 18:29:51, 30,, 8343,, 89.04
2025-03-25 18:30:01, 53,, 8343,, 160.71
2025-03-25 18:30:11, 28,, 8343,, 230.72
2025-03-25 18:30:21, 42,, 8343,, 136.35
2025-03-25 18:30:31, 37,, 8343,, 92.40
2025-03-25 18:30:42, 32,, 8343,, 240.28
2025-03-25 18:30:52, 64,, 8343,, 199.13
2025-03-25 18:31:02, 28,, 8343,, 96.18
2025-03-25 18:31:12, 46,, 8343,, 216.84
2025-03-25 18:31:22, 51,, 8343,, 252.07
2025-03-25 18:31:32, 30,, 8343,, 191.48
2025-03-25 18:31:42, 31,, 8343,, 100.99
2025-03-25 18:31:52, 38,, 8343,, 237.25
2025-03-25 18:32:02, 36,, 8343,, 188.13
2025-03-25 18:32:12, 43,, 8343,, 217.31
2025-03-25 18:32:22, 34,, 8343,, 177.25
2025-03-25 18:32:32, 27,, 8343,, 172.69
2025-03-25 18:32:42, 30,, 8343,, 104.76
2025-03-25 18:32:52, 41,, 8343,, 228.79
2025-03-25 18:33:02, 29,, 8343,, 170.18
2025-03-25 18:33:12, 55,, 8343,, 221.47
2025-03-25 18:33:22, 43,, 8343,, 224.34
2025-03-25 18:33:32, 46,, 8343,, 162.62
2025-03-25 18:33:42, 36,, 8343,, 110.59
2025-03-25 18:33:52, 53,, 8343,, 225.29
2025-03-25 18:34:02, 46,, 8343,, 92.40
2025-03-25 18:34:12, 51,, 8343,, 145.94
2025-03-25 18:34:22, 22,, 8343,, 174.01
2025-03-25 18:34:33, 60,, 8343,, 161.08
2025-03-25 18:34:43, 65,, 8343,, 192.57
2025-03-25 18:34:53, 64,, 8343,, 232.47
2025-03-25 18:35:03, 23,, 8343,, 97.62
2025-03-25 18:35:13, 27,, 8343,, 144.02
2025-03-25 18:35:23, 36,, 8343,, 156.87
2025-03-25 18:35:33, 64,, 8343,, 107.64
2025-03-25 18:35:43, 36,, 8343,, 111.07
2025-03-25 18:35:53, 37,, 8343,, 147.38
2025-03-25 18:36:03, 23,, 8343,, 108.60
2025-03-25 18:36:13, 53,, 8343,, 123.08
2025-03-25 18:36:23, 36,, 8343,, 200.70
2025-03-25 18:36:33, 23,, 8343,, 126.75
2025-03-25 18:36:43, 26,, 8343,, 128.28
2025-03-25 18:36:53, 58,, 8343,, 185.86
2025-03-25 18:37:03, 9,, 8343,, 159.64
2025-03-25 18:37:13, 59,, 8343,, 218.90
2025-03-25 18:37:23, 23,, 8343,, 137.79
2025-03-25 18:37:33, 18,, 8343,, 261.45
2025-03-25 18:37:43, 33,, 8343,, 161.18
2025-03-25 18:37:53, 28,, 8343,, 125.40
2025-03-25 18:38:03, 41,, 8343,, 226.73
2025-03-25 18:38:13, 28,, 8343,, 80.87
2025-03-25 18:38:24, 19,, 8343,, 152.08
2025-03-25 18:38:34, 51,, 8343,, 104.35
2025-03-25 18:38:44, 51,, 8343,, 224.01
2025-03-25 18:38:54, 27,, 8343,, 141.15
2025-03-25 18:39:04, 66,, 8343,, 90.96
2025-03-25 18:39:14, 60,, 8343,, 125.88
2025-03-25 18:39:24, 45,, 8343,, 175.93
2025-03-25 18:39:34, 18,, 8343,, 80.39
2025-03-25 18:39:44, 44,, 8343,, 196.87
2025-03-25 18:39:54, 36,, 8343,, 179.76
2025-03-25 18:40:04, 50,, 8343,, 181.20
2025-03-25 18:40:14, 28,, 8343,, 168.52
2025-03-25 18:40:24, 27,, 8343,, 188.13
2025-03-25 18:40:34, 39,, 8343,, 132.12
2025-03-25 18:40:44, 64,, 8343,, 216.02
2025-03-25 18:40:54, 27,, 8343,, 235.49
2025-03-25 18:41:04, 47,, 8343,, 199.27
2025-03-25 18:41:14, 35,, 8343,, 138.27
2025-03-25 18:41:24, 18,, 8343,, 238.20
2025-03-25 18:41:34, 38,, 8343,, 183.59
2025-03-25 18:41:44, 45,, 8343,, 125.40
2025-03-25 18:41:54, 39,, 8343,, 108.67
2025-03-25 18:42:04, 28,, 8343,, 185.86
2025-03-25 18:42:14, 63,, 8343,, 166.94
2025-03-25 18:42:25, 51,, 8343,, 156.87
2025-03-25 18:42:35, 65,, 8343,, 246.64
2025-03-25 18:42:45, 46,, 8343,, 207.74
2025-03-25 18:42:55, 37,, 8343,, 210.00
2025-03-25 18:43:05, 39,, 8343,, 109.63
2025-03-25 18:43:15, 38,, 8343,, 133.38
2025-03-25 18:43:25, 77,, 8343,, 151.60
2025-03-25 18:43:35, 57,, 8343,, 81.35
2025-03-25 18:43:45, 43,, 8343,, 79.91
2025-03-25 18:43:55, 42,, 8343,, 133.47
2025-03-25 18:44:05, 60,, 8343,, 242.51
2025-03-25 18:44:15, 80,, 8343,, 243.94
2025-03-25 18:44:25, 75,, 8343,, 237.41
2025-03-25 18:44:35, 35,, 8343,, 94.81
2025-03-25 18:44:45, 28,, 8343,, 225.75
2025-03-25 18:44:55, 35,, 8343,, 94.81
2025-03-25 18:45:05, 31,, 8343,, 83.27
2025-03-25 18:45:15, 18,, 8343,, 134.91
2025-03-25 18:45:25, 28,, 8343,, 79.96
2025-03-25 18:45:35, 56,, 8343,, 120.60
2025-03-25 18:45:45, 16,, 8343,, 88.98
2025-03-25 18:45:55, 55,, 8343,, 225.29
2025-03-25 18:46:05, 49,, 8343,, 201.05
2025-03-25 18:46:15, 53,, 8343,, 155.54
2025-03-25 18:46:26, 35,, 8343,, 172.57
2025-03-25 18:46:36, 28,, 8343,, 90.48
2025-03-25 18:46:46, 48,, 8343,, 157.83
2025-03-25 18:46:56, 53,, 8343,, 247.76
2025-03-25 18:47:06, 56,, 8343,, 224.82
2025-03-25 18:47:16, 54,, 8343,, 231.19
2025-03-25 18:47:26, 45,, 8343,, 224.67
2025-03-25 18:47:36, 76,, 8343,, 167.42
2025-03-25 18:47:46, 33,, 8343,, 179.76
2025-03-25 18:47:56, 43,, 8343,, 217.31
2025-03-25 18:48:06, 52,, 8343,, 207.74
2025-03-25 18:48:16, 28,, 8343,, 204.05
2025-03-25 18:48:26, 61,, 8343,, 217.79
2025-03-25 18:48:36, 43,, 8343,, 186.47
2025-03-25 18:48:46, 58,, 8343,, 195.92
2025-03-25 18:48:56, 52,, 8343,, 166.46
2025-03-25 18:49:06, 77,, 8343,, 240.59
2025-03-25 18:49:16, 53,, 8343,, 131.55
2025-03-25 18:49:26, 55,, 8343,, 78.41
2025-03-25 18:49:36, 72,, 8343,, 92.40
2025-03-25 18:49:46, 33,, 8343,, 100.51
2025-03-25 18:49:56, 38,, 8343,, 233.90
2025-03-25 18:50:07, 39,, 8343,, 92.88
2025-03-25 18:50:17, 36,, 8343,, 107.64
2025-03-25 18:50:27, 28,, 8343,, 172.32
2025-03-25 18:50:37, 18,, 8343,, 206.79
2025-03-25 18:50:47, 37,, 8343,, 136.92
2025-03-25 18:50:57, 23,, 8343,, 87.12
2025-03-25 18:51:07, 28,, 8343,, 232.47
2025-03-25 18:51:17, 49,, 8343,, 89.88
2025-03-25 18:51:27, 18,, 8343,, 116.20
2025-03-25 18:51:37, 37,, 8343,, 200.36
2025-03-25 18:51:47, 59,, 8343,, 226.40
2025-03-25 18:51:57, 46,, 8343,, 108.19
2025-03-25 18:52:07, 52,, 8343,, 239.96
2025-03-25 18:52:17, 39,, 8343,, 202.48
2025-03-25 18:52:27, 46,, 8343,, 162.14
2025-03-25 18:52:37, 30,, 8343,, 190.17
2025-03-25 18:52:47, 59,, 8343,, 221.62
2025-03-25 18:52:57, 41,, 8343,, 167.90
2025-03-25 18:53:07, 27,, 8343,, 160.01
2025-03-25 18:53:17, 29,, 8343,, 99.07
2025-03-25 18:53:27, 17,, 8343,, 190.17
2025-03-25 18:53:37, 60,, 8343,, 219.08
2025-03-25 18:53:47, 30,, 8343,, 126.28
2025-03-25 18:53:57, 46,, 8343,, 102.50
2025-03-25 18:54:08, 60,, 8343,, 199.75
2025-03-25 18:54:18, 46,, 8343,, 77.45
2025-03-25 18:54:28, 20,, 8343,, 222.10
2025-03-25 18:54:38, 62,, 8343,, 193.52
2025-03-25 18:54:48, 19,, 8343,, 197.48
2025-03-25 18:54:58, 46,, 8343,, 121.64
2025-03-25 18:55:08, 27,, 8343,, 79.43
2025-03-25 18:55:18, 57,, 8343,, 171.62
2025-03-25 18:55:28, 54,, 8343,, 95.29
2025-03-25 18:55:38, 50,, 8343,, 180.24
2025-03-25 18:55:48, 39,, 8343,, 108.12
2025-03-25 18:55:58, 45,, 8343,, 247.91
2025-03-25 18:56:08, 34,, 8343,, 171.73
2025-03-25 18:56:18, 24,, 8343,, 239.16
2025-03-25 18:56:28, 59,, 8343,, 205.01
2025-03-25 18:56:38, 47,, 8343,, 201.18
2025-03-25 18:56:48, 39,, 8343,, 159.75
2025-03-25 18:56:58, 31,, 8343,, 93.85
2025-03-25 18:57:08, 29,, 8343,, 238.68
2025-03-25 18:57:18, 30,, 8343,, 143.54
2025-03-25 18:57:28, 61,, 8343,, 196.05
2025-03-25 18:57:38, 30,, 8343,, 188.38
2025-03-25 18:57:48, 76,, 8343,, 165.02
2025-03-25 18:57:58, 51,, 8343,, 168.85
2025-03-25 18:58:08, 37,, 8343,, 128.28
2025-03-25 18:58:18, 32,, 8343,, 111.55
2025-03-25 18:58:29, 27,, 8343,, 128.28
2025-03-25 18:58:39, 44,, 8343,, 81.83
2025-03-25 18:58:49, 48,, 8343,, 172.10
2025-03-25 18:58:59, 47,, 8343,, 187.78
2025-03-25 18:59:09, 22,, 8343,, 143.07
2025-03-25 18:59:19, 39,, 8343,, 181.08
2025-03-25 18:59:29, 65,, 8343,, 181.20
2025-03-25 18:59:39, 43,, 8343,, 92.34
2025-03-25 18:59:49, 37,, 8343,, 173.65
2025-03-25 18:59:59, 61,, 8343,, 208.70
2025-03-25 19:00:09, 51,, 8343,, 156.87
2025-03-25 19:00:19, 44,, 8343,, 104.35
2025-03-25 19:00:29, 62,, 8343,, 185.99
2025-03-25 19:00:39, 34,, 8343,, 210.00
2025-03-25 19:00:49, 33,, 8343,, 103.94
2025-03-25 19:00:59, 48,, 8343,, 241.23
2025-03-25 19:01:09, 33,, 8343,, 199.40
2025-03-25 19:01:19, 46,, 8343,, 238.68
2025-03-25 19:01:29, 24,, 8343,, 86.64
2025-03-25 19:01:39, 28,, 8343,, 207.27
2025-03-25 19:01:49, 62,, 8343,, 225.62
2025-03-25 19:01:59, 37,, 8343,, 238.20
2025-03-25 19:02:09, 19,, 8343,, 96.18
2025-03-25 19:02:19, 55,, 8343,, 154.95
2025-03-25 19:02:29, 30,, 8343,, 156.02
2025-03-25 19:02:39, 38,, 8343,, 165.98
2025-03-25 19:02:50, 40,, 8343,, 247.76
2025-03-25 19:03:00, 27,, 8343,, 93.85
2025-03-25 19:03:10, 46,, 8343,, 136.35
2025-03-25 19:03:20, 31,, 8343,, 124.84
2025-03-25 19:03:30, 24,, 8343,, 107.23
2025-03-25 19:03:40, 31,, 8343,, 113.00
2025-03-25 19:03:50, 35,, 8343,, 141.63
2025-03-25 19:04:00, 60,, 8343,, 237.25
2025-03-25 19:04:10, 32,, 8343,, 105.31
2025-03-25 19:04:20, 27,, 8343,, 175.09
2025-03-25 19:04:30, 34,, 8343,, 98.11
2025-03-25 19:04:40, 38,, 8343,, 79.85
2025-03-25 19:04:50, 36,, 8343,, 85.19
2025-03-25 19:05:00, 52,, 8343,, 179.28
2025-03-25 19:05:10, 54,, 8343,, 219.23
2025-03-25 19:05:20, 47,, 8343,, 167.78
2025-03-25 19:05:30, 55,, 8343,, 122.04
2025-03-25 19:05:40, 50,, 8343,, 221.95
2025-03-25 19:05:50, 37,, 8343,, 163.58
2025-03-25 19:06:00, 0,, 8343,, 77.56
2025-03-25 19:06:10, 34,, 8343,, 189.47
2025-03-25 19:06:20, 50,, 8343,, 134.52
2025-03-25 19:06:30, 37,, 8343,, 142.97
2025-03-25 19:06:40, 53,, 8343,, 142.10
2025-03-25 19:06:51, 60,, 8343,, 247.60
2025-03-25 19:07:01, 42,, 8343,, 177.84
2025-03-25 19:07:11, 35,, 8343,, 102.43
2025-03-25 19:07:21, 45,, 8343,, 158.79
2025-03-25 19:07:31, 31,, 8343,, 158.20
2025-03-25 19:07:41, 26,, 8343,, 156.50
2025-03-25 19:07:51, 37,, 8343,, 102.43
2025-03-25 19:08:01, 39,, 8343,, 135.48
2025-03-25 19:08:11, 47,, 8343,, 202.14
2025-03-25 19:08:21, 62,, 8343,, 225.77
2025-03-25 19:08:31, 32,, 8343,, 90.96
2025-03-25 19:08:41, 36,, 8343,, 104.35
2025-03-25 19:08:51, 28,, 8343,, 95.77
2025-03-25 19:09:01, 27,, 8343,, 93.36
2025-03-25 19:09:11, 21,, 8343,, 241.39
2025-03-25 19:09:21, 33,, 8343,, 230.55
2025-03-25 19:09:31, 18,, 8343,, 196.05
2025-03-25 19:09:41, 37,, 8343,, 147.38
2025-03-25 19:09:51, 29,, 8343,, 224.16
2025-03-25 19:10:01, 71,, 8343,, 200.91
2025-03-25 19:10:11, 40,, 8343,, 195.44
2025-03-25 19:10:21, 51,, 8343,, 113.48
2025-03-25 19:10:31, 34,, 8343,, 197.70
2025-03-25 19:10:41, 25,, 8343,, 92.88
2025-03-25 19:10:51, 28,, 8343,, 94.81
2025-03-25 19:11:02, 23,, 8343,, 235.65
2025-03-25 19:11:12, 36,, 8343,, 177.01
2025-03-25 19:11:22, 33,, 8343,, 139.23
2025-03-25 19:11:32, 56,, 8343,, 195.09
2025-03-25 19:11:42, 52,, 8343,, 189.82
2025-03-25 19:11:52, 63,, 8343,, 218.75
2025-03-25 19:12:02, 40,, 8343,, 145.46
2025-03-25 19:12:12, 51,, 8343,, 90.96
2025-03-25 19:12:22, 36,, 8343,, 256.33
2025-03-25 19:12:32, 28,, 8343,, 146.80
2025-03-25 19:12:42, 37,, 8343,, 210.28
2025-03-25 19:12:52, 30,, 8343,, 77.98
2025-03-25 19:13:02, 46,, 8343,, 139.23
2025-03-25 19:13:12, 37,, 8343,, 163.10
2025-03-25 19:13:22, 60,, 8343,, 165.98
2025-03-25 19:13:32, 38,, 8343,, 137.88
2025-03-25 19:13:42, 37,, 8343,, 153.14
2025-03-25 19:13:52, 49,, 8343,, 162.14
2025-03-25 19:14:02, 49,, 8343,, 235.49
2025-03-25 19:14:12, 42,, 8343,, 254.29
2025-03-25 19:14:22, 39,, 8343,, 103.39
2025-03-25 19:14:32, 25,, 8343,, 212.53
2025-03-25 19:14:43, 29,, 8343,, 154.58
2025-03-25 19:14:53, 54,, 8343,, 88.08
2025-03-25 19:15:03, 35,, 8343,, 123.48
2025-03-25 19:15:13, 30,, 8343,, 174.01
2025-03-25 19:15:23, 49,, 8343,, 236.13
2025-03-25 19:15:33, 37,, 8343,, 107.71
2025-03-25 19:15:43, 29,, 8343,, 120.60
2025-03-25 19:15:53, 48,, 8343,, 221.14
2025-03-25 19:16:03, 44,, 8343,, 211.57
2025-03-25 19:16:13, 46,, 8343,, 113.00
2025-03-25 19:16:23, 62,, 8343,, 205.49
2025-03-25 19:16:33, 65,, 8343,, 194.00
2025-03-25 19:16:43, 40,, 8343,, 219.23
2025-03-25 19:16:53, 63,, 8343,, 161.66
2025-03-25 19:17:03, 37,, 8343,, 197.96
2025-03-25 19:17:13, 35,, 8343,, 149.78
2025-03-25 19:17:23, 28,, 8343,, 110.04
2025-03-25 19:17:33, 30,, 8343,, 119.16
2025-03-25 19:17:43, 18,, 8343,, 185.86
2025-03-25 19:17:53, 33,, 8343,, 165.61
2025-03-25 19:18:03, 36,, 8343,, 100.99
2025-03-25 19:18:13, 32,, 8343,, 144.02
2025-03-25 19:18:23, 55,, 8343,, 222.61
2025-03-25 19:18:33, 32,, 8343,, 102.43
2025-03-25 19:18:44, 23,, 8343,, 124.44
2025-03-25 19:18:54, 29,, 8343,, 175.93
2025-03-25 19:19:04, 28,, 8343,, 83.27
2025-03-25 19:19:14, 19,, 8343,, 134.04
2025-03-25 19:19:24, 37,, 8343,, 97.21
2025-03-25 19:19:34, 28,, 8343,, 232.62
2025-03-25 19:19:44, 28,, 8343,, 137.40
2025-03-25 19:19:54, 18,, 8343,, 108.60
2025-03-25 19:20:04, 29,, 8343,, 190.30
2025-03-25 19:20:14, 56,, 8343,, 219.89
2025-03-25 19:20:24, 55,, 8343,, 246.33
2025-03-25 19:20:34, 19,, 8343,, 217.17
2025-03-25 19:20:44, 33,, 8343,, 194.48
2025-03-25 19:20:54, 57,, 8343,, 248.24
2025-03-25 19:21:04, 51,, 8343,, 216.36
2025-03-25 19:21:14, 59,, 8343,, 169.81
2025-03-25 19:21:24, 69,, 8343,, 78.46
2025-03-25 19:21:34, 59,, 8343,, 167.42
2025-03-25 19:21:44, 26,, 8343,, 93.85
2025-03-25 19:21:54, 40,, 8343,, 223.05
2025-03-25 19:22:04, 37,, 8343,, 97.62
2025-03-25 19:22:14, 18,, 8343,, 104.35
2025-03-25 19:22:24, 34,, 8343,, 236.77
2025-03-25 19:22:34, 35,, 8343,, 206.79
2025-03-25 19:22:45, 27,, 8343,, 99.55
2025-03-25 19:22:55, 38,, 8343,, 89.94
2025-03-25 19:23:05, 28,, 8343,, 107.71
2025-03-25 19:23:15, 40,, 8343,, 214.11
2025-03-25 19:23:25, 39,, 8343,, 78.04
2025-03-25 19:23:35, 42,, 8343,, 162.25
2025-03-25 19:23:45, 37,, 8343,, 91.38
2025-03-25 19:23:55, 31,, 8343,, 161.66
2025-03-25 19:24:05, 28,, 8343,, 209.32
2025-03-25 19:24:15, 27,, 8343,, 178.32
2025-03-25 19:24:25, 32,, 8343,, 123.48
2025-03-25 19:24:35, 36,, 8343,, 81.83
2025-03-25 19:24:45, 36,, 8343,, 216.36
2025-03-25 19:24:55, 21,, 8343,, 144.60
2025-03-25 19:25:05, 46,, 8343,, 178.32
2025-03-25 19:25:15, 29,, 8343,, 186.82
2025-03-25 19:25:25, 28,, 8343,, 195.44
2025-03-25 19:25:35, 60,, 8343,, 165.98
2025-03-25 19:25:45, 51,, 8343,, 130.20
2025-03-25 19:25:55, 53,, 8343,, 208.36
2025-03-25 19:26:05, 30,, 8343,, 189.82
2025-03-25 19:26:15, 61,, 8343,, 169.59
2025-03-25 19:26:26, 28,, 8343,, 233.90
2025-03-25 19:26:36, 59,, 8343,, 241.39
2025-03-25 19:26:46, 44,, 8343,, 106.68
2025-03-25 19:26:56, 35,, 8343,, 119.72
2025-03-25 19:27:06, 31,, 8343,, 203.58
2025-03-25 19:27:16, 43,, 8343,, 170.91
2025-03-25 19:27:26, 55,, 8343,, 150.64
2025-03-25 19:27:36, 61,, 8343,, 202.14
2025-03-25 19:27:46, 50,, 8343,, 227.99
2025-03-25 19:27:56, 19,, 8343,, 79.91
2025-03-25 19:28:06, 63,, 8343,, 171.50
2025-03-25 19:28:16, 30,, 8343,, 187.90
2025-03-25 19:28:26, 27,, 8343,, 98.59
2025-03-25 19:28:36, 46,, 8343,, 216.50
2025-03-25 19:28:46, 36,, 8343,, 129.72
2025-03-25 19:28:56, 28,, 8343,, 131.16
2025-03-25 19:29:06, 37,, 8343,, 146.90
2025-03-25 19:29:16, 37,, 8343,, 196.87
2025-03-25 19:29:26, 53,, 8343,, 176.52
2025-03-25 19:29:36, 30,, 8343,, 207.40
2025-03-25 19:29:46, 71,, 8343,, 248.55
2025-03-25 19:29:56, 28,, 8343,, 113.48
2025-03-25 19:30:06, 43,, 8343,, 167.78
2025-03-25 19:30:16, 18,, 8343,, 77.07
2025-03-25 19:30:27, 32,, 8343,, 91.44
2025-03-25 19:30:37, 62,, 8343,, 206.79
2025-03-25 19:30:47, 21,, 8343,, 186.95
2025-03-25 19:30:57, 37,, 8343,, 141.53
2025-03-25 19:31:07, 18,, 8343,, 189.21
2025-03-25 19:31:17, 33,, 8343,, 97.56
2025-03-25 19:31:27, 28,, 8343,, 205.01
2025-03-25 19:31:37, 47,, 8343,, 196.40
2025-03-25 19:31:47, 40,, 8343,, 192.82
2025-03-25 19:31:57, 41,, 8343,, 158.79
2025-03-25 19:32:07, 50,, 8343,, 252.07
2025-03-25 19:32:17, 21,, 8343,, 213.63
2025-03-25 19:32:27, 26,, 8343,, 98.11
2025-03-25 19:32:37, 43,, 8343,, 177.48
2025-03-25 19:32:47, 58,, 8343,, 237.57
2025-03-25 19:32:57, 64,, 8343,, 161.18
2025-03-25 19:33:07, 46,, 8343,, 104.28
2025-03-25 19:33:17, 27,, 8343,, 209.94
2025-03-25 19:33:27, 24,, 8343,, 187.30
2025-03-25 19:33:37, 47,, 8343,, 118.68
2025-03-25 19:33:47, 58,, 8343,, 178.32
2025-03-25 19:33:57, 39,, 8343,, 182.51
2025-03-25 19:34:07, 39,, 8343,, 174.97
2025-03-25 19:34:18, 41,, 8343,, 157.46
2025-03-25 19:34:28, 25,, 8343,, 81.83
2025-03-25 19:34:38, 30,, 8343,, 86.15
2025-03-25 19:34:48, 61,, 8343,, 185.15
2025-03-25 19:34:58, 19,, 8343,, 149.78
2025-03-25 19:35:08, 48,, 8343,, 123.96
2025-03-25 19:35:18, 27,, 8343,, 92.34
2025-03-25 19:35:28, 44,, 8343,, 195.57
2025-03-25 19:35:38, 55,, 8343,, 91.92
2025-03-25 19:35:48, 55,, 8343,, 165.39
2025-03-25 19:35:58, 32,, 8343,, 108.19
2025-03-25 19:36:08, 64,, 8343,, 215.40
2025-03-25 19:36:18, 37,, 8343,, 94.81
2025-03-25 19:36:28, 63,, 8343,, 163.10
2025-03-25 19:36:38, 62,, 8343,, 200.23
2025-03-25 19:36:48, 44,, 8343,, 134.43
2025-03-25 19:36:58, 39,, 8343,, 219.23
2025-03-25 19:37:08, 59,, 8343,, 250.77
2025-03-25 19:37:18, 18,, 8343,, 121.08
2025-03-25 19:37:28, 23,, 8343,, 170.18
2025-03-25 19:37:38, 28,, 8343,, 194.48
2025-03-25 19:37:48, 67,, 8343,, 159.37
2025-03-25 19:37:58, 31,, 8343,, 216.21
2025-03-25 19:38:08, 30,, 8343,, 171.50
2025-03-25 19:38:18, 58,, 8343,, 89.52
2025-03-25 19:38:28, 69,, 8343,, 129.63
2025-03-25 19:38:39, 61,, 8343,, 107.71
2025-03-25 19:38:49, 36,, 8343,, 197.35
2025-03-25 19:38:59, 17,, 8343,, 114.76
2025-03-25 19:39:09, 59,, 8343,, 227.36
2025-03-25 19:39:19, 27,, 8343,, 94.74
2025-03-25 19:39:29, 65,, 8343,, 154.47
2025-03-25 19:39:39, 37,, 8343,, 228.97
2025-03-25 19:39:49, 36,, 8343,, 213.49
2025-03-25 19:39:59, 50,, 8343,, 160.71
2025-03-25 19:40:09, 42,, 8343,, 160.71
2025-03-25 19:40:19, 17,, 8343,, 234.86
2025-03-25 19:40:29, 30,, 8343,, 160.23
2025-03-25 19:40:39, 53,, 8343,, 244.26
2025-03-25 19:40:49, 32,, 8343,, 126.36
2025-03-25 19:40:59, 56,, 8343,, 126.36
2025-03-25 19:41:09, 56,, 8343,, 121.00
2025-03-25 19:41:19, 31,, 8343,, 101.47
2025-03-25 19:41:29, 26,, 8343,, 201.05
2025-03-25 19:41:39, 86,, 8343,, 103.87
2025-03-25 19:41:49, 48,, 8343,, 242.82
2025-03-25 19:41:59, 28,, 8343,, 112.04
2025-03-25 19:42:09, 32,, 8343,, 163.10
2025-03-25 19:42:19, 39,, 8343,, 163.95
2025-03-25 19:42:29, 31,, 8343,, 125.40
2025-03-25 19:42:39, 27,, 8343,, 90.00
2025-03-25 19:42:49, 56,, 8343,, 177.00
2025-03-25 19:43:00, 19,, 8343,, 182.39
2025-03-25 19:43:10, 42,, 8343,, 192.09
2025-03-25 19:43:20, 30,, 8343,, 78.46
2025-03-25 19:43:30, 28,, 8343,, 125.80
2025-03-25 19:43:40, 23,, 8343,, 95.22
2025-03-25 19:43:50, 49,, 8343,, 212.39
2025-03-25 19:44:00, 32,, 8343,, 90.96
2025-03-25 19:44:10, 21,, 8343,, 92.88
2025-03-25 19:44:20, 36,, 8343,, 146.80
2025-03-25 19:44:30, 25,, 8343,, 214.92
2025-03-25 19:44:40, 40,, 8343,, 79.91
2025-03-25 19:44:50, 26,, 8343,, 114.92
2025-03-25 19:45:00, 40,, 8343,, 168.26
2025-03-25 19:45:10, 43,, 8343,, 112.51
2025-03-25 19:45:20, 37,, 8343,, 240.59
2025-03-25 19:45:30, 39,, 8343,, 182.03
2025-03-25 19:45:40, 18,, 8343,, 81.77
2025-03-25 19:45:50, 39,, 8343,, 85.19
2025-03-25 19:46:00, 29,, 8343,, 80.87
2025-03-25 19:46:10, 48,, 8343,, 244.73
2025-03-25 19:46:20, 48,, 8343,, 79.91
2025-03-25 19:46:30, 32,, 8343,, 132.51
2025-03-25 19:46:40, 27,, 8343,, 86.64
2025-03-25 19:46:51, 57,, 8343,, 161.08
2025-03-25 19:47:01, 45,, 8343,, 176.89
2025-03-25 19:47:11, 30,, 8343,, 205.49
2025-03-25 19:47:21, 29,, 8343,, 239.64
2025-03-25 19:47:31, 53,, 8343,, 185.38
2025-03-25 19:47:41, 37,, 8343,, 125.32
2025-03-25 19:47:51, 28,, 8343,, 118.60
2025-03-25 19:48:01, 46,, 8343,, 113.40
2025-03-25 19:48:11, 30,, 8343,, 127.24
2025-03-25 19:48:21, 19,, 8343,, 90.84
2025-03-25 19:48:31, 47,, 8343,, 95.22
2025-03-25 19:48:41, 55,, 8343,, 92.34
2025-03-25 19:48:51, 45,, 8343,, 84.23
2025-03-25 19:49:01, 55,, 8343,, 200.70
2025-03-25 19:49:11, 63,, 8343,, 124.44
2025-03-25 19:49:21, 63,, 8343,, 112.04
2025-03-25 19:49:31, 29,, 8343,, 95.70
2025-03-25 19:49:41, 19,, 8343,, 79.91
2025-03-25 19:49:51, 73,, 8343,, 237.73
2025-03-25 19:50:01, 29,, 8343,, 184.07
2025-03-25 19:50:11, 51,, 8343,, 228.16
2025-03-25 19:50:21, 55,, 8343,, 105.31
2025-03-25 19:50:31, 28,, 8343,, 201.39
2025-03-25 19:50:41, 59,, 8343,, 194.48
2025-03-25 19:50:51, 37,, 8343,, 113.88
2025-03-25 19:51:01, 33,, 8343,, 111.55
2025-03-25 19:51:12, 28,, 8343,, 95.70
2025-03-25 19:51:22, 18,, 8343,, 116.20
2025-03-25 19:51:32, 49,, 8343,, 92.34
2025-03-25 19:51:42, 38,, 8343,, 79.43
2025-03-25 19:51:52, 32,, 8343,, 172.57
2025-03-25 19:52:02, 37,, 8343,, 135.00
2025-03-25 19:52:12, 21,, 8343,, 146.32
2025-03-25 19:52:22, 37,, 8343,, 93.78
2025-03-25 19:52:32, 34,, 8343,, 82.79
2025-03-25 19:52:42, 27,, 8343,, 140.57
2025-03-25 19:52:52, 18,, 8343,, 82.31
2025-03-25 19:53:02, 62,, 8343,, 157.35
2025-03-25 19:53:12, 33,, 8343,, 196.40
2025-03-25 19:53:22, 34,, 8343,, 86.64
2025-03-25 19:53:32, 45,, 8343,, 101.95
2025-03-25 19:53:42, 46,, 8343,, 231.03
2025-03-25 19:53:52, 18,, 8343,, 77.98
2025-03-25 19:54:02, 27,, 8343,, 159.64
2025-03-25 19:54:12, 27,, 8343,, 236.77
2025-03-25 19:54:22, 36,, 8343,, 250.47
2025-03-25 19:54:32, 27,, 8343,, 95.22
2025-03-25 19:54:42, 28,, 8343,, 89.46
2025-03-25 19:54:52, 28,, 8343,, 93.85
2025-03-25 19:55:03, 49,, 8343,, 203.71
2025-03-25 19:55:13, 28,, 8343,, 109.15
2025-03-25 19:55:23, 28,, 8343,, 149.68
2025-03-25 19:55:33, 42,, 8343,, 227.03
2025-03-25 19:55:43, 40,, 8343,, 84.23
2025-03-25 19:55:53, 39,, 8343,, 206.79
2025-03-25 19:56:03, 58,, 8343,, 154.95
2025-03-25 19:56:13, 37,, 8343,, 124.84
2025-03-25 19:56:23, 35,, 8343,, 184.55
2025-03-25 19:56:33, 31,, 8343,, 101.95
2025-03-25 19:56:43, 51,, 8343,, 146.42
2025-03-25 19:56:53, 62,, 8343,, 146.90
2025-03-25 19:57:03, 36,, 8343,, 159.27
2025-03-25 19:57:13, 18,, 8343,, 78.94
2025-03-25 19:57:23, 22,, 8343,, 131.64
2025-03-25 19:57:33, 48,, 8343,, 241.55
2025-03-25 19:57:43, 44,, 8343,, 164.54
2025-03-25 19:57:53, 73,, 8343,, 188.74
2025-03-25 19:58:03, 45,, 8343,, 106.75
2025-03-25 19:58:13, 23,, 8343,, 84.23
2025-03-25 19:58:23, 24,, 8343,, 85.73
2025-03-25 19:58:33, 25,, 8343,, 120.12
2025-03-25 19:58:43, 41,, 8343,, 118.68
2025-03-25 19:58:54, 30,, 8343,, 245.69
2025-03-25 19:59:04, 38,, 8343,, 159.37
2025-03-25 19:59:14, 29,, 8343,, 125.32
2025-03-25 19:59:24, 28,, 8343,, 108.19
2025-03-25 19:59:34, 19,, 8343,, 86.64
2025-03-25 19:59:44, 23,, 8343,, 170.18
2025-03-25 19:59:54, 31,, 8343,, 175.33
2025-03-25 20:00:04, 74,, 8343,, 239.00
2025-03-25 20:00:14, 37,, 8343,, 217.17
2025-03-25 20:00:24, 27,, 8343,, 218.27
2025-03-25 20:00:34, 59,, 8343,, 225.77
2025-03-25 20:00:44, 56,, 8343,, 238.20
2025-03-25 20:00:54, 26,, 8343,, 130.59
2025-03-25 20:01:04, 33,, 8343,, 177.84
2025-03-25 20:01:14, 61,, 8343,, 170.77
2025-03-25 20:01:24, 37,, 8343,, 221.32
2025-03-25 20:01:34, 34,, 8343,, 90.00
2025-03-25 20:01:44, 60,, 8343,, 103.80
2025-03-25 20:01:54, 25,, 8343,, 79.43
2025-03-25 20:02:04, 70,, 8343,, 186.82
2025-03-25 20:02:14, 52,, 8343,, 90.96
2025-03-25 20:02:24, 40,, 8343,, 234.86
2025-03-25 20:02:34, 28,, 8343,, 153.89
2025-03-25 20:02:45, 53,, 8343,, 235.97
2025-03-25 20:02:55, 63,, 8343,, 166.46
2025-03-25 20:03:05, 61,, 8343,, 217.17
2025-03-25 20:03:15, 34,, 8343,, 114.44
2025-03-25 20:03:25, 70,, 8343,, 133.47
2025-03-25 20:03:35, 20,, 8343,, 118.28
2025-03-25 20:03:45, 35,, 8343,, 222.10
2025-03-25 20:03:55, 50,, 8343,, 166.94
2025-03-25 20:04:05, 32,, 8343,, 237.25
2025-03-25 20:04:15, 63,, 8343,, 134.52
2025-03-25 20:04:25, 53,, 8343,, 244.73
2025-03-25 20:04:35, 38,, 8343,, 171.25
2025-03-25 20:04:45, 37,, 8343,, 87.17
2025-03-25 20:04:55, 55,, 8343,, 192.57
2025-03-25 20:05:05, 28,, 8343,, 89.04
2025-03-25 20:05:15, 40,, 8343,, 253.64
2025-03-25 20:05:25, 56,, 8343,, 208.36
2025-03-25 20:05:35, 31,, 8343,, 203.58
2025-03-25 20:05:45, 39,, 8343,, 198.31
2025-03-25 20:05:55, 62,, 8343,, 88.56
2025-03-25 20:06:05, 46,, 8343,, 124.44
2025-03-25 20:06:15, 37,, 8343,, 92.82
2025-03-25 20:06:25, 37,, 8343,, 144.50
2025-03-25 20:06:36, 48,, 8343,, 137.40
2025-03-25 20:06:46, 62,, 8343,, 176.89
2025-03-25 20:06:56, 46,, 8343,, 159.85
2025-03-25 20:07:06, 40,, 8343,, 105.31
2025-03-25 20:07:16, 36,, 8343,, 99.61
2025-03-25 20:07:26, 42,, 8343,, 236.77
2025-03-25 20:07:36, 46,, 8343,, 186.95
2025-03-25 20:07:46, 55,, 8343,, 128.28
2025-03-25 20:07:56, 28,, 8343,, 124.04
2025-03-25 20:08:06, 27,, 8343,, 155.81
2025-03-25 20:08:16, 47,, 8343,, 122.12
2025-03-25 20:08:26, 62,, 8343,, 233.11
2025-03-25 20:08:36, 28,, 8343,, 120.60
2025-03-25 20:08:46, 54,, 8343,, 248.24
2025-03-25 20:08:56, 18,, 8343,, 132.51
2025-03-25 20:09:06, 32,, 8343,, 169.70
2025-03-25 20:09:16, 52,, 8343,, 161.77
2025-03-25 20:09:26, 44,, 8343,, 122.60
2025-03-25 20:09:36, 35,, 8343,, 205.15
2025-03-25 20:09:46, 28,, 8343,, 106.75
2025-03-25 20:09:56, 17,, 8343,, 98.59
2025-03-25 20:10:06, 34,, 8343,, 161.29
2025-03-25 20:10:16, 28,, 8343,, 95.29
2025-03-25 20:10:26, 48,, 8343,, 119.64
2025-03-25 20:10:36, 28,, 8343,, 189.69
2025-03-25 20:10:46, 36,, 8343,, 185.99
2025-03-25 20:10:57, 51,, 8343,, 98.17
2025-03-25 20:11:07, 46,, 8343,, 254.60
2025-03-25 20:11:17, 42,, 8343,, 104.35
2025-03-25 20:11:27, 32,, 8343,, 167.30
2025-03-25 20:11:37, 71,, 8343,, 214.92
2025-03-25 20:11:47, 52,, 8343,, 138.36
2025-03-25 20:11:57, 34,, 8343,, 183.11
2025-03-25 20:12:07, 57,, 8343,, 158.89
2025-03-25 20:12:17, 33,, 8343,, 92.34
2025-03-25 20:12:27, 22,, 8343,, 97.21
2025-03-25 20:12:37, 47,, 8343,, 112.51
2025-03-25 20:12:47, 28,, 8343,, 95.29
2025-03-25 20:12:57, 63,, 8343,, 207.88
2025-03-25 20:13:07, 45,, 8343,, 216.98
2025-03-25 20:13:17, 44,, 8343,, 171.73
2025-03-25 20:13:27, 55,, 8343,, 237.09
2025-03-25 20:13:37, 33,, 8343,, 178.32
2025-03-25 20:13:47, 45,, 8343,, 173.17
2025-03-25 20:13:57, 56,, 8343,, 173.17
2025-03-25 20:14:07, 39,, 8343,, 116.28
2025-03-25 20:14:17, 28,, 8343,, 90.96
2025-03-25 20:14:27, 43,, 8343,, 97.08
2025-03-25 20:14:37, 38,, 8343,, 159.75
2025-03-25 20:14:47, 27,, 8343,, 218.27
2025-03-25 20:14:57, 32,, 8343,, 82.79
2025-03-25 20:15:07, 29,, 8343,, 134.52
2025-03-25 20:15:17, 71,, 8343,, 133.56
2025-03-25 20:15:28, 55,, 8343,, 164.17
2025-03-25 20:15:38, 21,, 8343,, 136.44
2025-03-25 20:15:48, 38,, 8343,, 164.91
2025-03-25 20:15:58, 45,, 8343,, 117.24
2025-03-25 20:16:08, 61,, 8343,, 208.84
2025-03-25 20:16:18, 31,, 8343,, 202.00
2025-03-25 20:16:28, 46,, 8343,, 113.96
2025-03-25 20:16:38, 28,, 8343,, 162.25
2025-03-25 20:16:48, 28,, 8343,, 192.69
2025-03-25 20:16:58, 47,, 8343,, 209.32
2025-03-25 20:17:08, 25,, 8343,, 193.52
2025-03-25 20:17:18, 28,, 8343,, 107.64
2025-03-25 20:17:28, 39,, 8343,, 121.56
2025-03-25 20:17:38, 34,, 8343,, 141.72
2025-03-25 20:17:48, 22,, 8343,, 213.49
2025-03-25 20:17:58, 37,, 8343,, 90.48
2025-03-25 20:18:08, 53,, 8343,, 161.18
2025-03-25 20:18:18, 0,, 8343,, 76.59
2025-03-25 20:18:28, 28,, 8343,, 105.72
2025-03-25 20:18:38, 69,, 8343,, 106.27
2025-03-25 20:18:48, 22,, 8343,, 95.29
2025-03-25 20:18:58, 60,, 8343,, 210.33
2025-03-25 20:19:08, 28,, 8343,, 195.31
2025-03-25 20:19:18, 43,, 8343,, 163.10
2025-03-25 20:19:28, 54,, 8343,, 191.13
2025-03-25 20:19:38, 46,, 8343,, 225.12
2025-03-25 20:19:48, 45,, 8343,, 111.07
2025-03-25 20:19:59, 26,, 8343,, 178.68
2025-03-25 20:20:09, 50,, 8343,, 105.38
2025-03-25 20:20:19, 26,, 8343,, 114.44
2025-03-25 20:20:29, 27,, 8343,, 169.33
2025-03-25 20:20:39, 29,, 8343,, 151.22
2025-03-25 20:20:49, 32,, 8343,, 90.42
2025-03-25 20:20:59, 31,, 8343,, 128.28
2025-03-25 20:21:09, 44,, 8343,, 129.63
2025-03-25 20:21:19, 18,, 8343,, 194.13
2025-03-25 20:21:29, 37,, 8343,, 163.58
2025-03-25 20:21:39, 44,, 8343,, 192.21
2025-03-25 20:21:49, 22,, 8343,, 206.93
2025-03-25 20:21:59, 34,, 8343,, 218.12
2025-03-25 20:22:09, 35,, 8343,, 79.43
2025-03-25 20:22:19, 50,, 8343,, 195.44
2025-03-25 20:22:29, 37,, 8343,, 100.09
2025-03-25 20:22:39, 35,, 8343,, 218.90
2025-03-25 20:22:49, 48,, 8343,, 192.21
2025-03-25 20:22:59, 60,, 8343,, 187.42
2025-03-25 20:23:09, 27,, 8343,, 204.05
2025-03-25 20:23:19, 37,, 8343,, 83.27
2025-03-25 20:23:29, 19,, 8343,, 90.90
2025-03-25 20:23:39, 25,, 8343,, 213.01
2025-03-25 20:23:49, 36,, 8343,, 161.66
2025-03-25 20:23:59, 27,, 8343,, 81.83
2025-03-25 20:24:09, 59,, 8343,, 249.99
2025-03-25 20:24:20, 28,, 8343,, 90.42
2025-03-25 20:24:30, 42,, 8343,, 113.00
2025-03-25 20:24:40, 19,, 8343,, 77.56
2025-03-25 20:24:50, 49,, 8343,, 170.07
2025-03-25 20:25:00, 37,, 8343,, 167.30
2025-03-25 20:25:10, 15,, 8343,, 88.56
2025-03-25 20:25:20, 28,, 8343,, 139.23
2025-03-25 20:25:30, 47,, 8343,, 116.28
2025-03-25 20:25:40, 28,, 8343,, 77.07
2025-03-25 20:25:50, 19,, 8343,, 89.52
2025-03-25 20:26:00, 30,, 8343,, 144.50
2025-03-25 20:26:10, 59,, 8343,, 229.92
2025-03-25 20:26:20, 37,, 8343,, 91.92
2025-03-25 20:26:30, 51,, 8343,, 111.55
2025-03-25 20:26:40, 53,, 8343,, 217.65
2025-03-25 20:26:50, 60,, 8343,, 247.76
2025-03-25 20:27:00, 40,, 8343,, 205.49
2025-03-25 20:27:10, 36,, 8343,, 110.11
2025-03-25 20:27:20, 46,, 8343,, 178.32
2025-03-25 20:27:30, 27,, 8343,, 143.64
2025-03-25 20:27:40, 35,, 8343,, 238.68
2025-03-25 20:27:50, 30,, 8343,, 91.38
2025-03-25 20:28:00, 39,, 8343,, 172.57
2025-03-25 20:28:10, 37,, 8343,, 177.37
2025-03-25 20:28:20, 37,, 8343,, 229.27
2025-03-25 20:28:31, 60,, 8343,, 170.29
2025-03-25 20:28:41, 32,, 8343,, 109.15
2025-03-25 20:28:51, 28,, 8343,, 137.79
2025-03-25 20:29:01, 55,, 8343,, 119.16
2025-03-25 20:29:11, 37,, 8343,, 106.27
2025-03-25 20:29:21, 42,, 8343,, 89.52
2025-03-25 20:29:31, 60,, 8343,, 193.17
2025-03-25 20:29:41, 52,, 8343,, 231.51
2025-03-25 20:29:51, 36,, 8343,, 102.02
2025-03-25 20:30:01, 60,, 8343,, 246.00
2025-03-25 20:30:11, 36,, 8343,, 242.19
2025-03-25 20:30:21, 66,, 8343,, 211.24
2025-03-25 20:30:31, 74,, 8343,, 104.76
2025-03-25 20:30:41, 57,, 8343,, 94.81
2025-03-25 20:30:51, 29,, 8343,, 89.94
2025-03-25 20:31:01, 40,, 8343,, 145.94
2025-03-25 20:31:11, 65,, 8343,, 174.13
2025-03-25 20:31:21, 31,, 8343,, 224.97
2025-03-25 20:31:31, 45,, 8343,, 190.78
2025-03-25 20:31:41, 33,, 8343,, 193.52
2025-03-25 20:31:51, 44,, 8343,, 122.04
2025-03-25 20:32:01, 30,, 8343,, 185.51
2025-03-25 20:32:11, 29,, 8343,, 99.13
2025-03-25 20:32:21, 28,, 8343,, 117.24
2025-03-25 20:32:31, 51,, 8343,, 178.92
2025-03-25 20:32:41, 54,, 8343,, 255.11
2025-03-25 20:32:52, 37,, 8343,, 156.87
2025-03-25 20:33:02, 25,, 8343,, 84.23
2025-03-25 20:33:12, 40,, 8343,, 136.83
2025-03-25 20:33:22, 35,, 8343,, 90.90
2025-03-25 20:33:32, 45,, 8343,, 113.32
2025-03-25 20:33:42, 49,, 8343,, 237.25
2025-03-25 20:33:52, 32,, 8343,, 163.47
2025-03-25 20:34:02, 47,, 8343,, 185.51
2025-03-25 20:34:12, 38,, 8343,, 238.68
2025-03-25 20:34:22, 28,, 8343,, 119.16
2025-03-25 20:34:32, 52,, 8343,, 187.42
2025-03-25 20:34:42, 64,, 8343,, 103.39
2025-03-25 20:34:52, 37,, 8343,, 168.26
2025-03-25 20:35:02, 26,, 8343,, 185.86
2025-03-25 20:35:12, 45,, 8343,, 156.02
2025-03-25 20:35:22, 50,, 8343,, 175.09
2025-03-25 20:35:32, 32,, 8343,, 102.91
2025-03-25 20:35:42, 31,, 8343,, 91.38
2025-03-25 20:35:52, 20,, 8343,, 106.68
2025-03-25 20:36:02, 52,, 8343,, 215.40
2025-03-25 20:36:12, 46,, 8343,, 219.23
2025-03-25 20:36:22, 34,, 8343,, 236.77
2025-03-25 20:36:32, 61,, 8343,, 101.47
2025-03-25 20:36:42, 61,, 8343,, 248.72
2025-03-25 20:36:52, 37,, 8343,, 235.81
2025-03-25 20:37:02, 62,, 8343,, 158.79
2025-03-25 20:37:13, 18,, 8343,, 77.07
2025-03-25 20:37:23, 48,, 8343,, 204.53
2025-03-25 20:37:33, 30,, 8343,, 220.66
2025-03-25 20:37:43, 36,, 8343,, 123.88
2025-03-25 20:37:53, 27,, 8343,, 189.69
2025-03-25 20:38:03, 28,, 8343,, 176.77
2025-03-25 20:38:13, 59,, 8343,, 256.37
2025-03-25 20:38:23, 28,, 8343,, 180.72
2025-03-25 20:38:33, 30,, 8343,, 78.46
2025-03-25 20:38:43, 58,, 8343,, 182.51
2025-03-25 20:38:53, 56,, 8343,, 110.11
2025-03-25 20:39:03, 25,, 8343,, 93.85
2025-03-25 20:39:13, 25,, 8343,, 79.91
2025-03-25 20:39:23, 64,, 8343,, 213.96
2025-03-25 20:39:33, 45,, 8343,, 235.01
2025-03-25 20:39:43, 21,, 8343,, 164.54
2025-03-25 20:39:53, 23,, 8343,, 112.92
2025-03-25 20:40:03, 33,, 8343,, 170.29
2025-03-25 20:40:13, 26,, 8343,, 100.03
2025-03-25 20:40:23, 49,, 8343,, 208.70
2025-03-25 20:40:33, 65,, 8343,, 241.39
2025-03-25 20:40:43, 54,, 8343,, 241.87
2025-03-25 20:40:53, 18,, 8343,, 82.31
2025-03-25 20:41:03, 60,, 8343,, 199.40
2025-03-25 20:41:13, 28,, 8343,, 83.27
2025-03-25 20:41:23, 29,, 8343,, 183.59
2025-03-25 20:41:33, 37,, 8343,, 184.07
2025-03-25 20:41:44, 65,, 8343,, 237.57
2025-03-25 20:41:54, 46,, 8343,, 217.65
2025-03-25 20:42:04, 30,, 8343,, 170.77
2025-03-25 20:42:14, 40,, 8343,, 104.83
2025-03-25 20:42:24, 37,, 8343,, 90.90
2025-03-25 20:42:34, 28,, 8343,, 116.36
2025-03-25 20:42:44, 31,, 8343,, 184.07
2025-03-25 20:42:54, 26,, 8343,, 171.14
2025-03-25 20:43:04, 28,, 8343,, 169.81
2025-03-25 20:43:14, 64,, 8343,, 176.29
2025-03-25 20:43:24, 37,, 8343,, 90.48
2025-03-25 20:43:34, 18,, 8343,, 160.81
2025-03-25 20:43:44, 63,, 8343,, 162.25
2025-03-25 20:43:54, 55,, 8343,, 113.00
2025-03-25 20:44:04, 46,, 8343,, 100.99
2025-03-25 20:44:14, 41,, 8343,, 207.40
2025-03-25 20:44:24, 39,, 8343,, 137.79
2025-03-25 20:44:34, 70,, 8343,, 171.25
2025-03-25 20:44:44, 65,, 8343,, 212.19
2025-03-25 20:44:54, 61,, 8343,, 240.59
2025-03-25 20:45:04, 27,, 8343,, 121.56
2025-03-25 20:45:14, 62,, 8343,, 164.43
2025-03-25 20:45:24, 46,, 8343,, 108.19
2025-03-25 20:45:34, 40,, 8343,, 214.78
2025-03-25 20:45:44, 32,, 8343,, 177.84
2025-03-25 20:45:54, 19,, 8343,, 108.67
2025-03-25 20:46:04, 77,, 8343,, 234.86
2025-03-25 20:46:15, 37,, 8343,, 124.92
2025-03-25 20:46:25, 29,, 8343,, 156.87
2025-03-25 20:46:35, 52,, 8343,, 178.80
2025-03-25 20:46:45, 28,, 8343,, 80.44
2025-03-25 20:46:55, 28,, 8343,, 220.99
2025-03-25 20:47:05, 38,, 8343,, 236.93
2025-03-25 20:47:15, 62,, 8343,, 107.23
2025-03-25 20:47:25, 31,, 8343,, 267.49
2025-03-25 20:47:35, 38,, 8343,, 116.28
2025-03-25 20:47:45, 36,, 8343,, 221.95
2025-03-25 20:47:55, 60,, 8343,, 234.70
2025-03-25 20:48:05, 95,, 8343,, 264.44
2025-03-25 20:48:15, 62,, 8343,, 243.78
2025-03-25 20:48:25, 30,, 8343,, 148.34
2025-03-25 20:48:35, 54,, 8343,, 108.67
2025-03-25 20:48:45, 40,, 8343,, 183.11
2025-03-25 20:48:55, 70,, 8343,, 172.69
2025-03-25 20:49:05, 19,, 8343,, 80.44
2025-03-25 20:49:15, 28,, 8343,, 222.90
2025-03-25 20:49:25, 29,, 8343,, 241.55
2025-03-25 20:49:35, 59,, 8343,, 220.66
2025-03-25 20:49:45, 60,, 8343,, 156.39
2025-03-25 20:49:55, 37,, 8343,, 166.83
2025-03-25 20:50:05, 30,, 8343,, 98.65
2025-03-25 20:50:15, 24,, 8343,, 259.85
2025-03-25 20:50:26, 55,, 8343,, 89.94
2025-03-25 20:50:36, 29,, 8343,, 183.11
2025-03-25 20:50:46, 40,, 8343,, 180.84
2025-03-25 20:50:56, 38,, 8343,, 162.14
2025-03-25 20:51:06, 31,, 8343,, 113.48
2025-03-25 20:51:16, 38,, 8343,, 191.13
2025-03-25 20:51:26, 57,, 8343,, 100.09
2025-03-25 20:51:36, 37,, 8343,, 218.27
2025-03-25 20:51:46, 37,, 8343,, 123.00
2025-03-25 20:51:56, 25,, 8343,, 198.92
2025-03-25 20:52:06, 39,, 8343,, 107.23
2025-03-25 20:52:16, 63,, 8343,, 200.84
2025-03-25 20:52:26, 47,, 8343,, 100.03
2025-03-25 20:52:36, 40,, 8343,, 93.85
2025-03-25 20:52:46, 47,, 8343,, 142.10
2025-03-25 20:52:56, 65,, 8343,, 199.27
2025-03-25 20:53:06, 72,, 8343,, 239.64
2025-03-25 20:53:16, 47,, 8343,, 218.93
2025-03-25 20:53:26, 55,, 8343,, 200.36
2025-03-25 20:53:36, 23,, 8343,, 153.99
2025-03-25 20:53:46, 64,, 8343,, 109.15
2025-03-25 20:53:56, 30,, 8343,, 227.36
2025-03-25 20:54:06, 30,, 8343,, 118.76
2025-03-25 20:54:16, 80,, 8343,, 97.21
2025-03-25 20:54:26, 56,, 8343,, 113.96
2025-03-25 20:54:36, 49,, 8343,, 240.59
2025-03-25 20:54:46, 56,, 8343,, 152.18
2025-03-25 20:54:57, 44,, 8343,, 99.55
2025-03-25 20:55:07, 35,, 8343,, 178.68
2025-03-25 20:55:17, 55,, 8343,, 220.00
2025-03-25 20:55:27, 39,, 8343,, 234.38
2025-03-25 20:55:37, 43,, 8343,, 169.33
2025-03-25 20:55:47, 41,, 8343,, 222.43
2025-03-25 20:55:57, 58,, 8343,, 105.86
2025-03-25 20:56:07, 30,, 8343,, 237.25
2025-03-25 20:56:17, 37,, 8343,, 96.25
2025-03-25 20:56:27, 30,, 8343,, 173.53
2025-03-25 20:56:37, 38,, 8343,, 131.16
2025-03-25 20:56:47, 21,, 8343,, 92.40
2025-03-25 20:56:57, 37,, 8343,, 107.23
2025-03-25 20:57:07, 34,, 8343,, 108.26
2025-03-25 20:57:17, 64,, 8343,, 165.13
2025-03-25 20:57:27, 38,, 8343,, 164.06
2025-03-25 20:57:37, 49,, 8343,, 246.81
2025-03-25 20:57:47, 63,, 8343,, 146.42
2025-03-25 20:57:57, 37,, 8343,, 100.57
2025-03-25 20:58:07, 20,, 8343,, 179.76
2025-03-25 20:58:17, 29,, 8343,, 143.54
2025-03-25 20:58:27, 30,, 8343,, 171.62
2025-03-25 20:58:37, 38,, 8343,, 218.42
2025-03-25 20:58:47, 61,, 8343,, 246.81
2025-03-25 20:58:57, 43,, 8343,, 237.25
2025-03-25 20:59:07, 20,, 8343,, 138.75
2025-03-25 20:59:17, 39,, 8343,, 81.88
2025-03-25 20:59:28, 54,, 8343,, 205.83
2025-03-25 20:59:38, 28,, 8343,, 148.24
2025-03-25 20:59:48, 37,, 8343,, 111.55
2025-03-25 20:59:58, 33,, 8343,, 114.92
2025-03-25 21:00:08, 46,, 8343,, 193.17
2025-03-25 21:00:18, 28,, 8343,, 90.96
2025-03-25 21:00:28, 39,, 8343,, 107.23
2025-03-25 21:00:38, 62,, 8343,, 140.67
2025-03-25 21:00:48, 46,, 8343,, 226.55
2025-03-25 21:00:58, 30,, 8343,, 134.04
2025-03-25 21:01:08, 38,, 8343,, 89.52
2025-03-25 21:01:18, 31,, 8343,, 99.61
2025-03-25 21:01:28, 48,, 8343,, 175.09
2025-03-25 21:01:38, 56,, 8343,, 165.98
2025-03-25 21:01:48, 36,, 8343,, 237.25
2025-03-25 21:01:58, 74,, 8343,, 196.40
2025-03-25 21:02:08, 53,, 8343,, 246.17
2025-03-25 21:02:18, 56,, 8343,, 205.01
2025-03-25 21:02:28, 38,, 8343,, 218.56
2025-03-25 21:02:38, 28,, 8343,, 113.88
2025-03-25 21:02:48, 24,, 8343,, 79.48
2025-03-25 21:02:58, 25,, 8343,, 93.85
2025-03-25 21:03:08, 29,, 8343,, 146.04
2025-03-25 21:03:18, 45,, 8343,, 192.82
2025-03-25 21:03:28, 49,, 8343,, 90.00
2025-03-25 21:03:38, 37,, 8343,, 98.65
2025-03-25 21:03:48, 34,, 8343,, 229.75
2025-03-25 21:03:59, 37,, 8343,, 225.29
2025-03-25 21:04:09, 55,, 8343,, 105.31
2025-03-25 21:04:19, 55,, 8343,, 203.23
2025-03-25 21:04:29, 62,, 8343,, 173.17
2025-03-25 21:04:39, 64,, 8343,, 151.70
2025-03-25 21:04:49, 55,, 8343,, 153.99
2025-03-25 21:04:59, 36,, 8343,, 112.44
2025-03-25 21:05:09, 22,, 8343,, 81.88
2025-03-25 21:05:19, 29,, 8343,, 218.90
2025-03-25 21:05:29, 44,, 8343,, 153.14
2025-03-25 21:05:39, 37,, 8343,, 116.36
2025-03-25 21:05:49, 38,, 8343,, 89.94
2025-03-25 21:05:59, 56,, 8343,, 105.72
2025-03-25 21:06:09, 30,, 8343,, 179.28
2025-03-25 21:06:19, 31,, 8343,, 168.15
2025-03-25 21:06:29, 30,, 8343,, 87.12
2025-03-25 21:06:39, 59,, 8343,, 180.36
2025-03-25 21:06:49, 62,, 8343,, 211.57
2025-03-25 21:06:59, 19,, 8343,, 129.72
2025-03-25 21:07:09, 39,, 8343,, 147.28
2025-03-25 21:07:19, 33,, 8343,, 97.69
2025-03-25 21:07:29, 70,, 8343,, 233.42
2025-03-25 21:07:39, 30,, 8343,, 117.80
2025-03-25 21:07:49, 24,, 8343,, 80.92
2025-03-25 21:07:59, 28,, 8343,, 138.36
2025-03-25 21:08:09, 60,, 8343,, 237.88
2025-03-25 21:08:19, 36,, 8343,, 88.08
2025-03-25 21:08:30, 28,, 8343,, 152.18
2025-03-25 21:08:40, 61,, 8343,, 159.75
2025-03-25 21:08:50, 46,, 8343,, 197.01
2025-03-25 21:09:00, 20,, 8343,, 112.92
2025-03-25 21:09:10, 37,, 8343,, 130.68
2025-03-25 21:09:20, 42,, 8343,, 165.98
2025-03-25 21:09:30, 25,, 8343,, 174.49
2025-03-25 21:09:40, 27,, 8343,, 116.36
2025-03-25 21:09:50, 43,, 8343,, 192.21
2025-03-25 21:10:00, 78,, 8343,, 198.79
2025-03-25 21:10:10, 18,, 8343,, 81.88
2025-03-25 21:10:20, 62,, 8343,, 173.65
2025-03-25 21:10:30, 62,, 8343,, 250.63
2025-03-25 21:10:40, 43,, 8343,, 214.11
2025-03-25 21:10:50, 35,, 8343,, 243.78
2025-03-25 21:11:00, 28,, 8343,, 93.85
2025-03-25 21:11:10, 42,, 8343,, 203.44
2025-03-25 21:11:20, 62,, 8343,, 214.44
2025-03-25 21:11:30, 37,, 8343,, 182.63
2025-03-25 21:11:40, 60,, 8343,, 96.73
2025-03-25 21:11:50, 37,, 8343,, 161.56
2025-03-25 21:12:00, 37,, 8343,, 197.01
2025-03-25 21:12:10, 19,, 8343,, 79.96
2025-03-25 21:12:20, 33,, 8343,, 191.74
2025-03-25 21:12:30, 53,, 8343,, 160.33
2025-03-25 21:12:40, 46,, 8343,, 100.99
2025-03-25 21:12:51, 32,, 8343,, 188.38
2025-03-25 21:13:01, 47,, 8343,, 90.00
2025-03-25 21:13:11, 17,, 8343,, 79.48
2025-03-25 21:13:21, 27,, 8343,, 177.37
2025-03-25 21:13:31, 27,, 8343,, 127.71
2025-03-25 21:13:41, 34,, 8343,, 238.20
2025-03-25 21:13:51, 28,, 8343,, 162.62
2025-03-25 21:14:01, 55,, 8343,, 90.96
2025-03-25 21:14:11, 56,, 8343,, 220.99
2025-03-25 21:14:21, 40,, 8343,, 226.40
2025-03-25 21:14:31, 41,, 8343,, 103.87
2025-03-25 21:14:41, 23,, 8343,, 103.87
2025-03-25 21:14:51, 28,, 8343,, 168.97
2025-03-25 21:15:01, 46,, 8343,, 103.46
2025-03-25 21:15:11, 39,, 8343,, 193.04
2025-03-25 21:15:21, 45,, 8343,, 97.69
2025-03-25 21:15:31, 41,, 8343,, 150.74
2025-03-25 21:15:41, 36,, 8343,, 186.59
2025-03-25 21:15:51, 48,, 8343,, 180.84
2025-03-25 21:16:01, 23,, 8343,, 77.56
2025-03-25 21:16:11, 27,, 8343,, 194.83
2025-03-25 21:16:21, 39,, 8343,, 210.76
2025-03-25 21:16:31, 30,, 8343,, 106.75
2025-03-25 21:16:41, 37,, 8343,, 143.07
2025-03-25 21:16:51, 63,, 8343,, 204.74
2025-03-25 21:17:02, 100,, 8343,, 254.63
2025-03-25 21:17:12, 54,, 8343,, 236.29
2025-03-25 21:17:22, 46,, 8343,, 124.04
2025-03-25 21:17:32, 50,, 8343,, 217.31
2025-03-25 21:17:42, 70,, 8343,, 93.36
2025-03-25 21:17:52, 41,, 8343,, 112.04
2025-03-25 21:18:02, 33,, 8343,, 126.84
2025-03-25 21:18:12, 62,, 8343,, 231.03
2025-03-25 21:18:22, 63,, 8343,, 243.78
2025-03-25 21:18:32, 63,, 8343,, 242.03
2025-03-25 21:18:42, 18,, 8343,, 79.43
2025-03-25 21:18:52, 46,, 8343,, 258.76
2025-03-25 21:19:02, 32,, 8343,, 102.91
2025-03-25 21:19:12, 64,, 8343,, 179.28
2025-03-25 21:19:22, 64,, 8343,, 199.13
2025-03-25 21:19:32, 42,, 8343,, 235.81
2025-03-25 21:19:42, 40,, 8343,, 236.61
2025-03-25 21:19:52, 64,, 8343,, 160.23
2025-03-25 21:20:02, 61,, 8343,, 80.92
2025-03-25 21:20:12, 36,, 8343,, 201.66
2025-03-25 21:20:22, 19,, 8343,, 92.88
2025-03-25 21:20:32, 42,, 8343,, 161.08
2025-03-25 21:20:42, 44,, 8343,, 198.79
2025-03-25 21:20:52, 65,, 8343,, 110.59
2025-03-25 21:21:03, 30,, 8343,, 227.36
2025-03-25 21:21:13, 67,, 8343,, 237.25
2025-03-25 21:21:23, 32,, 8343,, 114.36
2025-03-25 21:21:33, 30,, 8343,, 88.56
2025-03-25 21:21:43, 62,, 8343,, 203.92
2025-03-25 21:21:53, 78,, 8343,, 110.04
2025-03-25 21:22:03, 37,, 8343,, 81.88
2025-03-25 21:22:13, 29,, 8343,, 201.60
2025-03-25 21:22:23, 40,, 8343,, 191.38
2025-03-25 21:22:33, 55,, 8343,, 103.46
2025-03-25 21:22:43, 54,, 8343,, 185.51
2025-03-25 21:22:53, 55,, 8343,, 192.69
2025-03-25 21:23:03, 55,, 8343,, 159.16
2025-03-25 21:23:13, 56,, 8343,, 202.14
2025-03-25 21:23:23, 19,, 8343,, 177.84
2025-03-25 21:23:33, 18,, 8343,, 189.69
2025-03-25 21:23:43, 29,, 8343,, 181.20
2025-03-25 21:23:53, 57,, 8343,, 234.86
2025-03-25 21:24:03, 38,, 8343,, 102.50
2025-03-25 21:24:13, 61,, 8343,, 80.87
2025-03-25 21:24:23, 48,, 8343,, 210.76
2025-03-25 21:24:33, 37,, 8343,, 144.89
2025-03-25 21:24:43, 38,, 8343,, 167.90
2025-03-25 21:24:53, 19,, 8343,, 142.49
2025-03-25 21:25:03, 42,, 8343,, 175.09
2025-03-25 21:25:13, 47,, 8343,, 175.57
2025-03-25 21:25:24, 65,, 8343,, 241.23
2025-03-25 21:25:34, 66,, 8343,, 99.13
2025-03-25 21:25:44, 61,, 8343,, 212.19
2025-03-25 21:25:54, 43,, 8343,, 80.92
2025-03-25 21:26:04, 43,, 8343,, 207.88
2025-03-25 21:26:14, 37,, 8343,, 161.77
2025-03-25 21:26:24, 37,, 8343,, 231.66
2025-03-25 21:26:34, 46,, 8343,, 132.12
2025-03-25 21:26:44, 55,, 8343,, 164.17
2025-03-25 21:26:54, 22,, 8343,, 88.56
2025-03-25 21:27:04, 28,, 8343,, 91.92
2025-03-25 21:27:14, 34,, 8343,, 111.89
2025-03-25 21:27:24, 28,, 8343,, 143.64
2025-03-25 21:27:34, 38,, 8343,, 83.75
2025-03-25 21:27:44, 47,, 8343,, 198.31
2025-03-25 21:27:54, 37,, 8343,, 219.37
2025-03-25 21:28:04, 38,, 8343,, 150.64
2025-03-25 21:28:14, 39,, 8343,, 223.05
2025-03-25 21:28:24, 62,, 8343,, 224.01
2025-03-25 21:28:34, 19,, 8343,, 238.68
2025-03-25 21:28:44, 31,, 8343,, 193.65
2025-03-25 21:28:54, 28,, 8343,, 98.65
2025-03-25 21:29:04, 38,, 8343,, 90.48
2025-03-25 21:29:14, 37,, 8343,, 102.02
2025-03-25 21:29:24, 53,, 8343,, 198.66
2025-03-25 21:29:34, 24,, 8343,, 104.83
2025-03-25 21:29:44, 43,, 8343,, 252.85
2025-03-25 21:29:55, 46,, 8343,, 160.71
2025-03-25 21:30:05, 36,, 8343,, 109.63
2025-03-25 21:30:15, 37,, 8343,, 209.80
2025-03-25 21:30:25, 39,, 8343,, 112.36
2025-03-25 21:30:35, 34,, 8343,, 239.64
2025-03-25 21:30:45, 38,, 8343,, 183.11
2025-03-25 21:30:55, 35,, 8343,, 193.17
2025-03-25 21:31:05, 39,, 8343,, 91.44
2025-03-25 21:31:15, 50,, 8343,, 160.23
2025-03-25 21:31:25, 33,, 8343,, 214.30
2025-03-25 21:31:35, 38,, 8343,, 163.80
2025-03-25 21:31:45, 54,, 8343,, 209.32
2025-03-25 21:31:55, 65,, 8343,, 186.11
2025-03-25 21:32:05, 71,, 8343,, 129.72
2025-03-25 21:32:15, 64,, 8343,, 183.59
2025-03-25 21:32:25, 54,, 8343,, 242.34
2025-03-25 21:32:35, 29,, 8343,, 107.23
2025-03-25 21:32:45, 62,, 8343,, 167.42
2025-03-25 21:32:55, 26,, 8343,, 92.34
2025-03-25 21:33:05, 44,, 8343,, 88.56
2025-03-25 21:33:15, 67,, 8343,, 164.54
2025-03-25 21:33:25, 55,, 8343,, 179.28
2025-03-25 21:33:35, 36,, 8343,, 199.40
2025-03-25 21:33:45, 39,, 8343,, 144.50
2025-03-25 21:33:55, 32,, 8343,, 106.75
2025-03-25 21:34:05, 21,, 8343,, 151.70
2025-03-25 21:34:15, 38,, 8343,, 96.66
2025-03-25 21:34:26, 21,, 8343,, 232.78
2025-03-25 21:34:36, 52,, 8343,, 236.29
2025-03-25 21:34:46, 55,, 8343,, 161.29
2025-03-25 21:34:56, 40,, 8343,, 119.16
2025-03-25 21:35:06, 46,, 8343,, 94.33
2025-03-25 21:35:16, 37,, 8343,, 92.40
2025-03-25 21:35:26, 52,, 8343,, 228.16
2025-03-25 21:35:36, 38,, 8343,, 213.96
2025-03-25 21:35:46, 30,, 8343,, 192.57
2025-03-25 21:35:56, 19,, 8343,, 129.33
2025-03-25 21:36:06, 28,, 8343,, 132.51
2025-03-25 21:36:16, 50,, 8343,, 205.01
2025-03-25 21:36:26, 47,, 8343,, 247.76
2025-03-25 21:36:36, 53,, 8343,, 180.24
2025-03-25 21:36:46, 32,, 8343,, 121.16
2025-03-25 21:36:56, 51,, 8343,, 109.63
2025-03-25 21:37:06, 53,, 8343,, 160.23
2025-03-25 21:37:16, 47,, 8343,, 197.48
2025-03-25 21:37:26, 54,, 8343,, 243.46
2025-03-25 21:37:36, 29,, 8343,, 86.10
2025-03-25 21:37:46, 28,, 8343,, 113.00
2025-03-25 21:37:56, 59,, 8343,, 79.91
2025-03-25 21:38:06, 39,, 8343,, 109.63
2025-03-25 21:38:16, 49,, 8343,, 82.31
2025-03-25 21:38:26, 43,, 8343,, 200.36
2025-03-25 21:38:36, 28,, 8343,, 83.75
2025-03-25 21:38:46, 63,, 8343,, 198.31
2025-03-25 21:38:57, 26,, 8343,, 79.96
2025-03-25 21:39:07, 29,, 8343,, 185.99
2025-03-25 21:39:17, 65,, 8343,, 193.17
2025-03-25 21:39:27, 47,, 8343,, 81.40
2025-03-25 21:39:37, 19,, 8343,, 208.36
2025-03-25 21:39:47, 31,, 8343,, 81.40
2025-03-25 21:39:57, 48,, 8343,, 167.42
2025-03-25 21:40:07, 41,, 8343,, 221.29
2025-03-25 21:40:17, 55,, 8343,, 246.96
2025-03-25 21:40:27, 46,, 8343,, 90.48
2025-03-25 21:40:37, 63,, 8343,, 229.90
2025-03-25 21:40:47, 55,, 8343,, 208.84
2025-03-25 21:40:57, 26,, 8343,, 129.72
2025-03-25 21:41:07, 18,, 8343,, 90.00
2025-03-25 21:41:17, 55,, 8343,, 79.96
2025-03-25 21:41:27, 58,, 8343,, 176.89
2025-03-25 21:41:37, 28,, 8343,, 222.10
2025-03-25 21:41:47, 48,, 8343,, 105.31
2025-03-25 21:41:57, 55,, 8343,, 242.19
2025-03-25 21:42:07, 51,, 8343,, 180.24
2025-03-25 21:42:17, 40,, 8343,, 218.42
2025-03-25 21:42:27, 46,, 8343,, 179.40
2025-03-25 21:42:37, 63,, 8343,, 210.62
2025-03-25 21:42:47, 23,, 8343,, 103.94
2025-03-25 21:42:57, 28,, 8343,, 123.48
2025-03-25 21:43:07, 59,, 8343,, 135.48
2025-03-25 21:43:17, 44,, 8343,, 159.37
2025-03-25 21:43:28, 37,, 8343,, 238.04
2025-03-25 21:43:38, 50,, 8343,, 235.97
2025-03-25 21:43:48, 31,, 8343,, 88.56
2025-03-25 21:43:58, 46,, 8343,, 171.14
2025-03-25 21:44:08, 64,, 8343,, 236.93
2025-03-25 21:44:18, 47,, 8343,, 160.33
2025-03-25 21:44:28, 38,, 8343,, 94.33
2025-03-25 21:44:38, 49,, 8343,, 168.26
2025-03-25 21:44:48, 28,, 8343,, 155.33
2025-03-25 21:44:58, 79,, 8343,, 156.50
2025-03-25 21:45:08, 39,, 8343,, 222.58
2025-03-25 21:45:18, 56,, 8343,, 238.04
2025-03-25 21:45:28, 49,, 8343,, 165.98
2025-03-25 21:45:38, 55,, 8343,, 187.30
2025-03-25 21:45:48, 30,, 8343,, 236.13
2025-03-25 21:45:58, 52,, 8343,, 188.38
2025-03-25 21:46:08, 55,, 8343,, 193.65
2025-03-25 21:46:18, 47,, 8343,, 109.63
2025-03-25 21:46:28, 67,, 8343,, 256.37
2025-03-25 21:46:38, 70,, 8343,, 153.24
2025-03-25 21:46:48, 73,, 8343,, 79.96
2025-03-25 21:46:58, 38,, 8343,, 165.50
2025-03-25 21:47:08, 37,, 8343,, 161.18
2025-03-25 21:47:18, 52,, 8343,, 154.95
2025-03-25 21:47:28, 42,, 8343,, 88.08
2025-03-25 21:47:38, 25,, 8343,, 192.69
2025-03-25 21:47:49, 28,, 8343,, 196.13
2025-03-25 21:47:59, 38,, 8343,, 146.90
2025-03-25 21:48:09, 28,, 8343,, 182.15
2025-03-25 21:48:19, 28,, 8343,, 92.88
2025-03-25 21:48:29, 45,, 8343,, 187.30
