Timestamp, GPU Util (%), Memory Used (MiB), Power (W)
2025-03-28 00:38:00, 0,, 21,, 42.47
2025-03-28 00:38:10, 0,, 21,, 42.50
2025-03-28 00:38:20, 0,, 21,, 42.50
2025-03-28 00:38:30, 0,, 21,, 42.50
2025-03-28 00:38:41, 0,, 21,, 42.50
2025-03-28 00:38:51, 0,, 21,, 42.47
2025-03-28 00:39:01, 0,, 21,, 42.47
2025-03-28 00:39:11, 0,, 21,, 42.44
2025-03-28 00:39:21, 0,, 21,, 42.50
2025-03-28 00:39:31, 0,, 21,, 42.50
2025-03-28 00:39:41, 0,, 21,, 42.47
2025-03-28 00:39:51, 0,, 21,, 42.47
2025-03-28 00:40:01, 0,, 327,, 57.83
2025-03-28 00:40:11, 42,, 7531,, 135.78
2025-03-28 00:40:21, 44,, 7531,, 87.54
2025-03-28 00:40:31, 59,, 7531,, 176.65
2025-03-28 00:40:41, 44,, 7531,, 155.81
2025-03-28 00:40:51, 46,, 7531,, 165.28
2025-03-28 00:41:01, 48,, 7533,, 165.87
2025-03-28 00:41:11, 36,, 7533,, 84.66
2025-03-28 00:41:21, 53,, 7533,, 161.45
2025-03-28 00:41:31, 46,, 7533,, 130.03
2025-03-28 00:41:41, 52,, 7533,, 180.60
2025-03-28 00:41:51, 43,, 7533,, 164.43
2025-03-28 00:42:01, 51,, 7533,, 139.13
2025-03-28 00:42:11, 46,, 7533,, 144.89
2025-03-28 00:42:21, 44,, 7533,, 93.66
2025-03-28 00:42:31, 47,, 7533,, 120.04
2025-03-28 00:42:41, 51,, 7533,, 121.00
2025-03-28 00:42:51, 46,, 7533,, 178.20
2025-03-28 00:43:01, 51,, 7533,, 163.95
2025-03-28 00:43:12, 48,, 7533,, 83.64
2025-03-28 00:43:22, 36,, 7533,, 154.85
2025-03-28 00:43:32, 51,, 7533,, 165.28
2025-03-28 00:43:42, 51,, 7533,, 95.16
2025-03-28 00:43:52, 42,, 7533,, 196.40
2025-03-28 00:44:02, 54,, 7533,, 154.47
2025-03-28 00:44:12, 47,, 7533,, 149.48
2025-03-28 00:44:22, 53,, 7533,, 169.47
2025-03-28 00:44:32, 40,, 7533,, 150.54
2025-03-28 00:44:42, 42,, 7533,, 142.01
2025-03-28 00:44:52, 44,, 7533,, 140.00
2025-03-28 00:45:02, 43,, 7533,, 155.91
2025-03-28 00:45:12, 55,, 7533,, 105.17
2025-03-28 00:45:22, 48,, 7533,, 155.23
2025-03-28 00:45:32, 52,, 7533,, 133.86
2025-03-28 00:45:42, 47,, 7533,, 89.40
2025-03-28 00:45:52, 37,, 7533,, 172.34
2025-03-28 00:46:02, 54,, 7533,, 87.90
2025-03-28 00:46:12, 46,, 7533,, 137.22
2025-03-28 00:46:22, 37,, 7533,, 180.12
2025-03-28 00:46:32, 51,, 7533,, 133.86
2025-03-28 00:46:42, 53,, 7533,, 155.91
2025-03-28 00:46:52, 48,, 7533,, 133.86
2025-03-28 00:47:02, 43,, 7533,, 146.80
2025-03-28 00:47:12, 53,, 7533,, 175.45
2025-03-28 00:47:23, 47,, 7533,, 164.43
2025-03-28 00:47:33, 50,, 7533,, 164.43
2025-03-28 00:47:43, 49,, 7533,, 129.46
2025-03-28 00:47:53, 49,, 7533,, 135.21
2025-03-28 00:48:03, 52,, 7533,, 165.02
2025-03-28 00:48:13, 46,, 7533,, 162.51
2025-03-28 00:48:23, 40,, 7533,, 162.14
2025-03-28 00:48:33, 52,, 7533,, 146.80
2025-03-28 00:48:43, 46,, 7533,, 143.45
2025-03-28 00:48:53, 40,, 7533,, 190.17
2025-03-28 00:49:03, 54,, 7533,, 147.86
2025-03-28 00:49:13, 51,, 7533,, 173.05
2025-03-28 00:49:23, 44,, 7533,, 145.65
2025-03-28 00:49:33, 51,, 7533,, 176.77
2025-03-28 00:49:43, 46,, 7533,, 85.08
2025-03-28 00:49:53, 51,, 7533,, 137.22
2025-03-28 00:50:03, 47,, 7533,, 94.68
2025-03-28 00:50:13, 43,, 7533,, 157.24
2025-03-28 00:50:23, 55,, 7533,, 178.56
2025-03-28 00:50:33, 47,, 7533,, 189.21
2025-03-28 00:50:43, 52,, 7533,, 187.30
2025-03-28 00:50:53, 52,, 7533,, 147.57
2025-03-28 00:51:03, 47,, 7533,, 183.82
2025-03-28 00:51:13, 45,, 7533,, 144.69
2025-03-28 00:51:23, 43,, 7533,, 140.19
2025-03-28 00:51:33, 46,, 7533,, 167.30
2025-03-28 00:51:44, 63,, 7533,, 126.28
2025-03-28 00:51:54, 59,, 7533,, 176.04
2025-03-28 00:52:04, 50,, 7533,, 205.22
2025-03-28 00:52:14, 52,, 7533,, 171.02
2025-03-28 00:52:24, 45,, 7533,, 151.12
2025-03-28 00:52:34, 43,, 7533,, 141.05
2025-03-28 00:52:44, 52,, 7533,, 162.41
2025-03-28 00:52:54, 58,, 7533,, 208.08
2025-03-28 00:53:04, 53,, 7533,, 166.35
2025-03-28 00:53:14, 52,, 7533,, 180.48
2025-03-28 00:53:24, 52,, 7533,, 178.20
2025-03-28 00:53:34, 52,, 7533,, 154.95
2025-03-28 00:53:44, 58,, 7533,, 178.08
2025-03-28 00:53:54, 38,, 7533,, 166.24
2025-03-28 00:54:04, 53,, 7533,, 167.19
2025-03-28 00:54:14, 43,, 7533,, 160.23
2025-03-28 00:54:24, 46,, 7533,, 91.38
2025-03-28 00:54:34, 52,, 7533,, 161.93
2025-03-28 00:54:44, 33,, 7533,, 160.49
2025-03-28 00:54:54, 49,, 7533,, 154.27
2025-03-28 00:55:04, 51,, 7533,, 88.02
2025-03-28 00:55:14, 52,, 7533,, 127.15
2025-03-28 00:55:24, 51,, 7533,, 140.57
2025-03-28 00:55:34, 47,, 7533,, 151.02
2025-03-28 00:55:45, 52,, 7533,, 163.25
2025-03-28 00:55:55, 47,, 7533,, 111.48
2025-03-28 00:56:05, 41,, 7533,, 122.44
2025-03-28 00:56:15, 33,, 7533,, 135.30
2025-03-28 00:56:25, 57,, 7533,, 182.87
2025-03-28 00:56:35, 36,, 7533,, 181.43
2025-03-28 00:56:45, 53,, 7533,, 140.57
2025-03-28 00:56:55, 53,, 7533,, 128.59
2025-03-28 00:57:05, 62,, 7533,, 208.08
2025-03-28 00:57:15, 51,, 7533,, 154.75
2025-03-28 00:57:25, 39,, 7533,, 182.99
2025-03-28 00:57:35, 54,, 7533,, 148.62
2025-03-28 00:57:45, 53,, 7533,, 159.27
2025-03-28 00:57:55, 52,, 7533,, 153.31
2025-03-28 00:58:05, 43,, 7533,, 158.58
2025-03-28 00:58:15, 52,, 7533,, 188.01
2025-03-28 00:58:25, 51,, 7533,, 140.09
2025-03-28 00:58:35, 43,, 7533,, 104.28
2025-03-28 00:58:45, 46,, 7533,, 134.73
2025-03-28 00:58:55, 53,, 7533,, 139.04
2025-03-28 00:59:05, 46,, 7533,, 94.20
2025-03-28 00:59:15, 39,, 7533,, 136.26
2025-03-28 00:59:25, 38,, 7533,, 185.26
2025-03-28 00:59:35, 55,, 7533,, 169.11
2025-03-28 00:59:46, 52,, 7533,, 107.16
2025-03-28 00:59:56, 46,, 7533,, 97.01
2025-03-28 01:00:06, 51,, 7533,, 153.14
2025-03-28 01:00:16, 49,, 7533,, 165.98
2025-03-28 01:00:26, 50,, 7533,, 149.58
2025-03-28 01:00:36, 52,, 7533,, 137.60
2025-03-28 01:00:46, 64,, 7533,, 182.99
2025-03-28 01:00:56, 54,, 7533,, 143.83
2025-03-28 01:01:06, 45,, 7533,, 161.56
2025-03-28 01:01:16, 51,, 7533,, 155.43
2025-03-28 01:01:26, 54,, 7533,, 153.41
2025-03-28 01:01:36, 45,, 7533,, 93.72
2025-03-28 01:01:46, 52,, 7533,, 158.20
2025-03-28 01:01:56, 40,, 7533,, 97.50
2025-03-28 01:02:06, 51,, 7533,, 145.85
2025-03-28 01:02:16, 38,, 7533,, 116.28
2025-03-28 01:02:26, 52,, 7533,, 198.18
2025-03-28 01:02:36, 51,, 7533,, 158.58
2025-03-28 01:02:46, 46,, 7533,, 191.96
2025-03-28 01:02:56, 45,, 7533,, 195.31
2025-03-28 01:03:06, 46,, 7533,, 143.64
2025-03-28 01:03:16, 53,, 7533,, 132.42
2025-03-28 01:03:26, 52,, 7533,, 94.62
2025-03-28 01:03:36, 45,, 7533,, 165.87
2025-03-28 01:03:46, 52,, 7533,, 181.08
2025-03-28 01:03:56, 47,, 7533,, 147.66
2025-03-28 01:04:06, 47,, 7533,, 76.87
2025-03-28 01:04:17, 51,, 7533,, 152.35
2025-03-28 01:04:27, 52,, 7533,, 184.91
2025-03-28 01:04:37, 47,, 7533,, 154.37
2025-03-28 01:04:47, 51,, 7533,, 80.81
2025-03-28 01:04:57, 33,, 7533,, 120.92
2025-03-28 01:05:07, 47,, 7533,, 139.61
2025-03-28 01:05:17, 59,, 7533,, 148.52
2025-03-28 01:05:27, 53,, 7533,, 211.24
2025-03-28 01:05:37, 42,, 7533,, 144.98
2025-03-28 01:05:47, 45,, 7533,, 148.14
2025-03-28 01:05:57, 47,, 7533,, 179.16
2025-03-28 01:06:07, 51,, 7533,, 175.21
2025-03-28 01:06:17, 46,, 7533,, 144.79
2025-03-28 01:06:27, 48,, 7533,, 165.39
2025-03-28 01:06:37, 52,, 7533,, 170.43
2025-03-28 01:06:47, 49,, 7533,, 149.58
2025-03-28 01:06:57, 50,, 7533,, 176.65
2025-03-28 01:07:07, 38,, 7533,, 148.72
2025-03-28 01:07:17, 52,, 7533,, 175.93
2025-03-28 01:07:27, 40,, 7533,, 138.27
2025-03-28 01:07:37, 52,, 7533,, 88.92
2025-03-28 01:07:47, 60,, 7533,, 166.83
2025-03-28 01:07:57, 52,, 7533,, 164.43
2025-03-28 01:08:08, 40,, 7533,, 141.92
2025-03-28 01:08:18, 41,, 7533,, 175.33
2025-03-28 01:08:28, 52,, 7533,, 173.90
2025-03-28 01:08:38, 46,, 7533,, 136.74
2025-03-28 01:08:48, 52,, 7533,, 137.22
2025-03-28 01:08:58, 59,, 7533,, 214.16
2025-03-28 01:09:08, 44,, 7533,, 177.13
2025-03-28 01:09:18, 47,, 7533,, 185.51
2025-03-28 01:09:28, 45,, 7533,, 157.72
2025-03-28 01:09:38, 49,, 7533,, 171.62
2025-03-28 01:09:48, 44,, 7533,, 183.82
2025-03-28 01:09:58, 41,, 7533,, 167.67
2025-03-28 01:10:08, 54,, 7533,, 136.17
2025-03-28 01:10:18, 53,, 7533,, 158.20
2025-03-28 01:10:28, 54,, 7533,, 212.24
2025-03-28 01:10:38, 40,, 7533,, 171.98
2025-03-28 01:10:48, 53,, 7533,, 158.20
2025-03-28 01:10:58, 44,, 7533,, 194.00
2025-03-28 01:11:08, 38,, 7533,, 94.74
2025-03-28 01:11:18, 51,, 7533,, 131.07
2025-03-28 01:11:28, 51,, 7533,, 178.56
2025-03-28 01:11:38, 52,, 7533,, 195.18
2025-03-28 01:11:48, 43,, 7533,, 163.36
2025-03-28 01:11:58, 52,, 7533,, 101.81
2025-03-28 01:12:08, 59,, 7533,, 131.46
2025-03-28 01:12:19, 44,, 7533,, 90.84
2025-03-28 01:12:29, 52,, 7533,, 133.29
2025-03-28 01:12:39, 53,, 7533,, 143.83
2025-03-28 01:12:49, 51,, 7533,, 172.10
2025-03-28 01:12:59, 47,, 7533,, 86.04
2025-03-28 01:13:09, 48,, 7533,, 113.32
2025-03-28 01:13:19, 52,, 7533,, 164.91
2025-03-28 01:13:29, 48,, 7533,, 153.31
2025-03-28 01:13:39, 41,, 7533,, 135.39
2025-03-28 01:13:49, 49,, 7533,, 91.38
2025-03-28 01:13:59, 54,, 7533,, 134.73
2025-03-28 01:14:09, 37,, 7533,, 146.71
2025-03-28 01:14:19, 32,, 7533,, 84.54
2025-03-28 01:14:29, 50,, 7533,, 140.09
2025-03-28 01:14:39, 38,, 7533,, 135.30
2025-03-28 01:14:49, 29,, 7533,, 109.89
2025-03-28 01:14:59, 54,, 7533,, 160.49
2025-03-28 01:15:09, 52,, 7533,, 164.21
2025-03-28 01:15:19, 52,, 7533,, 91.38
2025-03-28 01:15:29, 46,, 7533,, 87.54
2025-03-28 01:15:39, 45,, 7533,, 156.98
2025-03-28 01:15:49, 44,, 7533,, 195.31
2025-03-28 01:15:59, 52,, 7533,, 97.97
2025-03-28 01:16:09, 51,, 7533,, 164.80
2025-03-28 01:16:19, 51,, 7533,, 185.51
2025-03-28 01:16:29, 48,, 7533,, 135.39
2025-03-28 01:16:40, 46,, 7533,, 152.08
2025-03-28 01:16:50, 46,, 7533,, 107.98
2025-03-28 01:17:00, 51,, 7533,, 176.17
2025-03-28 01:17:10, 68,, 7533,, 166.35
2025-03-28 01:17:20, 57,, 7533,, 151.50
2025-03-28 01:17:30, 55,, 7533,, 173.90
2025-03-28 01:17:40, 56,, 7533,, 147.09
2025-03-28 01:17:50, 46,, 7533,, 176.29
2025-03-28 01:18:00, 40,, 7533,, 180.00
2025-03-28 01:18:10, 44,, 7533,, 161.77
2025-03-28 01:18:20, 42,, 7533,, 154.47
2025-03-28 01:18:30, 42,, 7533,, 129.07
2025-03-28 01:18:40, 39,, 7533,, 109.97
2025-03-28 01:18:50, 55,, 7533,, 100.31
2025-03-28 01:19:00, 43,, 7533,, 156.77
2025-03-28 01:19:10, 53,, 7533,, 173.53
2025-03-28 01:19:20, 47,, 7533,, 157.72
2025-03-28 01:19:30, 51,, 7533,, 205.69
2025-03-28 01:19:40, 46,, 7533,, 173.53
2025-03-28 01:19:50, 51,, 7533,, 145.65
2025-03-28 01:20:00, 52,, 7533,, 147.86
2025-03-28 01:20:10, 51,, 7533,, 149.20
2025-03-28 01:20:20, 53,, 7533,, 160.60
2025-03-28 01:20:30, 51,, 7533,, 193.39
2025-03-28 01:20:41, 65,, 7533,, 131.94
2025-03-28 01:20:51, 49,, 7533,, 211.91
2025-03-28 01:21:01, 52,, 7533,, 142.49
2025-03-28 01:21:11, 44,, 7533,, 145.75
2025-03-28 01:21:21, 43,, 7533,, 180.12
2025-03-28 01:21:31, 52,, 7533,, 154.37
2025-03-28 01:21:41, 45,, 7533,, 176.29
2025-03-28 01:21:51, 52,, 7533,, 157.24
2025-03-28 01:22:01, 42,, 7533,, 90.90
2025-03-28 01:22:11, 51,, 7533,, 173.78
2025-03-28 01:22:21, 52,, 7533,, 161.34
2025-03-28 01:22:31, 51,, 7533,, 199.48
2025-03-28 01:22:41, 44,, 7533,, 171.14
2025-03-28 01:22:51, 49,, 7533,, 133.29
2025-03-28 01:23:01, 43,, 7533,, 139.13
2025-03-28 01:23:11, 52,, 7533,, 160.60
2025-03-28 01:23:21, 52,, 7533,, 142.49
2025-03-28 01:23:31, 45,, 7533,, 106.13
2025-03-28 01:23:41, 49,, 7533,, 145.75
2025-03-28 01:23:51, 52,, 7533,, 79.37
2025-03-28 01:24:01, 42,, 7533,, 155.33
2025-03-28 01:24:11, 60,, 7533,, 157.72
2025-03-28 01:24:21, 57,, 7533,, 97.01
2025-03-28 01:24:31, 52,, 7533,, 114.28
2025-03-28 01:24:42, 54,, 7533,, 140.09
2025-03-28 01:24:52, 45,, 7533,, 148.04
2025-03-28 01:25:02, 51,, 7533,, 130.99
2025-03-28 01:25:12, 43,, 7533,, 168.63
2025-03-28 01:25:22, 37,, 7533,, 175.57
2025-03-28 01:25:32, 45,, 7533,, 135.87
2025-03-28 01:25:42, 36,, 7533,, 151.02
2025-03-28 01:25:52, 41,, 7533,, 90.36
2025-03-28 01:26:02, 37,, 7533,, 144.79
2025-03-28 01:26:12, 58,, 7533,, 185.26
2025-03-28 01:26:22, 47,, 7533,, 155.70
2025-03-28 01:26:32, 36,, 7533,, 145.27
2025-03-28 01:26:42, 51,, 7533,, 148.14
2025-03-28 01:26:52, 44,, 7533,, 90.30
2025-03-28 01:27:02, 53,, 7533,, 200.09
2025-03-28 01:27:12, 51,, 7533,, 183.47
2025-03-28 01:27:22, 43,, 7533,, 172.94
2025-03-28 01:27:32, 47,, 7533,, 155.43
2025-03-28 01:27:42, 46,, 7533,, 171.02
2025-03-28 01:27:52, 32,, 7533,, 134.34
2025-03-28 01:28:02, 62,, 7533,, 161.56
2025-03-28 01:28:12, 61,, 7533,, 170.77
2025-03-28 01:28:22, 42,, 7533,, 180.12
2025-03-28 01:28:32, 53,, 7533,, 153.79
2025-03-28 01:28:42, 46,, 7533,, 78.36
2025-03-28 01:28:53, 51,, 7533,, 192.44
2025-03-28 01:29:03, 52,, 7533,, 173.90
2025-03-28 01:29:13, 49,, 7533,, 170.54
2025-03-28 01:29:23, 54,, 7533,, 181.43
2025-03-28 01:29:33, 55,, 7533,, 178.56
2025-03-28 01:29:43, 56,, 7533,, 185.38
2025-03-28 01:29:53, 52,, 7533,, 162.14
2025-03-28 01:30:03, 51,, 7533,, 173.42
2025-03-28 01:30:13, 45,, 7533,, 168.63
2025-03-28 01:30:23, 45,, 7533,, 88.86
2025-03-28 01:30:33, 53,, 7533,, 186.22
2025-03-28 01:30:43, 53,, 7533,, 158.79
2025-03-28 01:30:53, 40,, 7533,, 170.91
2025-03-28 01:31:03, 42,, 7533,, 141.92
2025-03-28 01:31:13, 46,, 7533,, 186.95
2025-03-28 01:31:23, 42,, 7533,, 160.71
2025-03-28 01:31:33, 35,, 7533,, 174.01
2025-03-28 01:31:43, 51,, 7533,, 156.18
2025-03-28 01:31:53, 40,, 7533,, 120.04
2025-03-28 01:32:03, 45,, 7533,, 126.19
2025-03-28 01:32:13, 53,, 7533,, 182.99
2025-03-28 01:32:23, 46,, 7533,, 119.16
2025-03-28 01:32:33, 38,, 7533,, 147.09
2025-03-28 01:32:43, 52,, 7533,, 160.01
2025-03-28 01:32:54, 46,, 7533,, 158.68
2025-03-28 01:33:04, 53,, 7533,, 161.93
2025-03-28 01:33:14, 45,, 7533,, 178.92
2025-03-28 01:33:24, 53,, 7533,, 144.79
2025-03-28 01:33:34, 48,, 7533,, 178.20
2025-03-28 01:33:44, 53,, 7533,, 140.86
2025-03-28 01:33:54, 48,, 7533,, 165.87
2025-03-28 01:34:04, 52,, 7533,, 123.96
2025-03-28 01:34:14, 46,, 7533,, 127.63
2025-03-28 01:34:24, 52,, 7533,, 171.87
2025-03-28 01:34:34, 49,, 7533,, 192.09
2025-03-28 01:34:44, 52,, 7533,, 96.60
2025-03-28 01:34:54, 36,, 7533,, 180.48
2025-03-28 01:35:04, 51,, 7533,, 148.42
2025-03-28 01:35:14, 51,, 7533,, 191.48
2025-03-28 01:35:24, 48,, 7533,, 114.69
2025-03-28 01:35:34, 48,, 7533,, 93.30
2025-03-28 01:35:44, 52,, 7533,, 142.01
2025-03-28 01:35:54, 66,, 7533,, 164.80
2025-03-28 01:36:04, 54,, 7533,, 179.64
2025-03-28 01:36:14, 39,, 7533,, 88.86
2025-03-28 01:36:24, 53,, 7533,, 165.50
2025-03-28 01:36:34, 30,, 7533,, 186.82
2025-03-28 01:36:44, 55,, 7533,, 104.69
2025-03-28 01:36:54, 50,, 7533,, 138.56
2025-03-28 01:37:05, 48,, 7533,, 133.86
2025-03-28 01:37:15, 42,, 7533,, 92.28
2025-03-28 01:37:25, 70,, 7533,, 151.50
2025-03-28 01:37:35, 45,, 7533,, 173.53
2025-03-28 01:37:45, 45,, 7533,, 188.13
2025-03-28 01:37:55, 54,, 7533,, 168.63
2025-03-28 01:38:05, 52,, 7533,, 126.59
2025-03-28 01:38:15, 42,, 7533,, 158.20
2025-03-28 01:38:25, 63,, 7533,, 176.29
2025-03-28 01:38:35, 35,, 7533,, 187.42
2025-03-28 01:38:45, 44,, 7533,, 126.19
2025-03-28 01:38:55, 42,, 7533,, 140.00
2025-03-28 01:39:05, 46,, 7533,, 192.57
2025-03-28 01:39:15, 52,, 7533,, 171.25
2025-03-28 01:39:25, 51,, 7533,, 185.86
2025-03-28 01:39:35, 51,, 7533,, 151.40
2025-03-28 01:39:45, 61,, 7533,, 146.61
2025-03-28 01:39:55, 53,, 7533,, 182.51
2025-03-28 01:40:05, 52,, 7533,, 192.91
2025-03-28 01:40:15, 47,, 7533,, 177.96
2025-03-28 01:40:25, 51,, 7533,, 137.12
2025-03-28 01:40:35, 48,, 7533,, 156.18
2025-03-28 01:40:45, 59,, 7533,, 116.20
2025-03-28 01:40:56, 53,, 7533,, 162.04
2025-03-28 01:41:06, 52,, 7533,, 98.93
2025-03-28 01:41:16, 53,, 7533,, 163.73
2025-03-28 01:41:26, 40,, 7533,, 137.12
2025-03-28 01:41:36, 36,, 7533,, 194.48
2025-03-28 01:41:46, 53,, 7533,, 174.49
2025-03-28 01:41:56, 53,, 7533,, 95.10
2025-03-28 01:42:06, 57,, 7533,, 94.14
2025-03-28 01:42:16, 55,, 7533,, 170.07
2025-03-28 01:42:26, 56,, 7533,, 193.04
2025-03-28 01:42:36, 45,, 7533,, 145.75
2025-03-28 01:42:46, 52,, 7533,, 148.14
2025-03-28 01:42:56, 64,, 7533,, 192.91
2025-03-28 01:43:06, 62,, 7533,, 195.92
2025-03-28 01:43:16, 43,, 7533,, 170.77
2025-03-28 01:43:26, 49,, 7533,, 144.31
2025-03-28 01:43:36, 57,, 7533,, 172.82
2025-03-28 01:43:46, 45,, 7533,, 189.57
2025-03-28 01:43:56, 34,, 7533,, 141.53
2025-03-28 01:44:06, 51,, 7533,, 158.31
2025-03-28 01:44:16, 42,, 7533,, 165.76
2025-03-28 01:44:26, 53,, 7533,, 86.10
2025-03-28 01:44:36, 54,, 7533,, 137.70
2025-03-28 01:44:46, 45,, 7533,, 186.34
2025-03-28 01:44:56, 43,, 7533,, 169.22
2025-03-28 01:45:06, 54,, 7533,, 168.74
2025-03-28 01:45:17, 43,, 7533,, 147.66
2025-03-28 01:45:27, 55,, 7533,, 188.96
2025-03-28 01:45:37, 50,, 7533,, 153.04
2025-03-28 01:45:47, 49,, 7533,, 156.29
2025-03-28 01:45:57, 45,, 7533,, 157.35
2025-03-28 01:46:07, 50,, 7533,, 163.25
2025-03-28 01:46:17, 52,, 7533,, 90.84
2025-03-28 01:46:27, 48,, 7533,, 162.51
2025-03-28 01:46:37, 38,, 7533,, 151.98
2025-03-28 01:46:47, 50,, 7533,, 148.24
2025-03-28 01:46:57, 53,, 7533,, 180.96
2025-03-28 01:47:07, 45,, 7533,, 120.92
2025-03-28 01:47:17, 52,, 7533,, 141.44
2025-03-28 01:47:27, 47,, 7533,, 190.04
2025-03-28 01:47:37, 48,, 7533,, 177.37
2025-03-28 01:47:47, 45,, 7533,, 181.08
2025-03-28 01:47:57, 48,, 7533,, 189.34
2025-03-28 01:48:07, 41,, 7533,, 149.20
2025-03-28 01:48:17, 36,, 7533,, 145.17
2025-03-28 01:48:27, 53,, 7533,, 186.82
2025-03-28 01:48:37, 45,, 7533,, 189.09
2025-03-28 01:48:47, 46,, 7533,, 156.18
2025-03-28 01:48:57, 51,, 7533,, 99.41
2025-03-28 01:49:07, 46,, 7533,, 166.83
2025-03-28 01:49:17, 42,, 7533,, 176.65
2025-03-28 01:49:28, 51,, 7533,, 157.62
2025-03-28 01:49:38, 56,, 7533,, 202.69
2025-03-28 01:49:48, 38,, 7533,, 152.93
2025-03-28 01:49:58, 45,, 7533,, 95.22
2025-03-28 01:50:08, 35,, 7533,, 167.30
2025-03-28 01:50:18, 52,, 7533,, 142.49
2025-03-28 01:50:28, 40,, 7533,, 118.12
2025-03-28 01:50:38, 58,, 7533,, 206.65
2025-03-28 01:50:48, 62,, 7533,, 183.11
2025-03-28 01:50:58, 54,, 7533,, 169.11
2025-03-28 01:51:08, 54,, 7533,, 167.30
2025-03-28 01:51:18, 44,, 7533,, 172.82
2025-03-28 01:51:28, 44,, 7533,, 182.39
2025-03-28 01:51:38, 45,, 7533,, 110.37
2025-03-28 01:51:48, 53,, 7533,, 189.34
2025-03-28 01:51:58, 43,, 7533,, 188.96
2025-03-28 01:52:08, 51,, 7533,, 131.38
2025-03-28 01:52:18, 53,, 7533,, 152.73
2025-03-28 01:52:28, 47,, 7533,, 152.08
2025-03-28 01:52:38, 43,, 7533,, 144.79
2025-03-28 01:52:48, 54,, 7533,, 165.65
2025-03-28 01:52:59, 49,, 7533,, 166.12
2025-03-28 01:53:09, 42,, 7533,, 189.44
2025-03-28 01:53:19, 47,, 7533,, 179.88
2025-03-28 01:53:29, 56,, 7533,, 169.59
2025-03-28 01:53:39, 19,, 7533,, 180.60
2025-03-28 01:53:49, 43,, 7533,, 148.62
2025-03-28 01:53:59, 53,, 7533,, 144.79
2025-03-28 01:54:09, 50,, 7533,, 182.39
2025-03-28 01:54:19, 53,, 7533,, 141.15
2025-03-28 01:54:29, 49,, 7533,, 112.92
2025-03-28 01:54:39, 52,, 7533,, 130.11
2025-03-28 01:54:49, 44,, 7533,, 115.72
2025-03-28 01:54:59, 44,, 7533,, 196.87
2025-03-28 01:55:09, 46,, 7533,, 166.83
2025-03-28 01:55:19, 32,, 7533,, 78.89
2025-03-28 01:55:29, 54,, 7533,, 162.88
2025-03-28 01:55:39, 48,, 7533,, 192.09
2025-03-28 01:55:49, 41,, 7533,, 160.71
2025-03-28 01:55:59, 46,, 7533,, 120.04
2025-03-28 01:56:09, 54,, 7533,, 95.64
2025-03-28 01:56:19, 55,, 7533,, 180.12
2025-03-28 01:56:29, 54,, 7533,, 86.46
2025-03-28 01:56:39, 49,, 7533,, 111.41
2025-03-28 01:56:49, 52,, 7533,, 137.12
2025-03-28 01:56:59, 54,, 7533,, 181.55
2025-03-28 01:57:10, 54,, 7533,, 195.31
2025-03-28 01:57:20, 34,, 7533,, 184.30
2025-03-28 01:57:30, 55,, 7533,, 94.62
2025-03-28 01:57:40, 38,, 7533,, 147.28
2025-03-28 01:57:50, 39,, 7533,, 154.47
2025-03-28 01:58:00, 49,, 7533,, 122.44
2025-03-28 01:58:10, 38,, 7533,, 160.71
2025-03-28 01:58:20, 42,, 7533,, 116.12
2025-03-28 01:58:30, 46,, 7533,, 143.64
2025-03-28 01:58:40, 42,, 7533,, 141.44
2025-03-28 01:58:50, 48,, 7533,, 139.13
2025-03-28 01:59:00, 49,, 7533,, 172.46
2025-03-28 01:59:10, 54,, 7533,, 139.13
2025-03-28 01:59:20, 57,, 7533,, 129.07
2025-03-28 01:59:30, 40,, 7533,, 166.35
2025-03-28 01:59:40, 81,, 7533,, 218.31
2025-03-28 01:59:50, 54,, 7533,, 185.26
2025-03-28 02:00:00, 54,, 7533,, 162.30
2025-03-28 02:00:10, 63,, 7533,, 130.99
2025-03-28 02:00:20, 53,, 7533,, 118.68
2025-03-28 02:00:30, 42,, 7533,, 166.24
2025-03-28 02:00:40, 46,, 7533,, 133.38
2025-03-28 02:00:50, 49,, 7533,, 157.14
2025-03-28 02:01:00, 39,, 7533,, 192.57
2025-03-28 02:01:10, 39,, 7533,, 154.85
2025-03-28 02:01:20, 45,, 7533,, 184.30
2025-03-28 02:01:31, 49,, 7533,, 174.62
2025-03-28 02:01:41, 57,, 7533,, 190.52
2025-03-28 02:01:51, 61,, 7533,, 174.97
2025-03-28 02:02:01, 49,, 7533,, 112.44
2025-03-28 02:02:11, 55,, 7533,, 134.73
2025-03-28 02:02:21, 46,, 7533,, 164.32
2025-03-28 02:02:31, 40,, 7533,, 126.59
2025-03-28 02:02:41, 64,, 7533,, 101.47
2025-03-28 02:02:51, 56,, 7533,, 213.49
2025-03-28 02:03:01, 54,, 7533,, 125.15
2025-03-28 02:03:11, 45,, 7533,, 185.62
2025-03-28 02:03:21, 53,, 7533,, 181.79
2025-03-28 02:03:31, 48,, 7533,, 168.04
2025-03-28 02:03:41, 48,, 7533,, 181.20
2025-03-28 02:03:51, 44,, 7533,, 135.69
2025-03-28 02:04:01, 53,, 7533,, 101.88
2025-03-28 02:04:11, 44,, 7533,, 167.67
2025-03-28 02:04:21, 46,, 7533,, 157.51
2025-03-28 02:04:31, 47,, 7533,, 152.35
2025-03-28 02:04:41, 54,, 7533,, 219.41
2025-03-28 02:04:51, 48,, 7533,, 191.13
2025-03-28 02:05:01, 37,, 7533,, 149.20
2025-03-28 02:05:11, 52,, 7533,, 169.22
2025-03-28 02:05:21, 54,, 7533,, 191.00
2025-03-28 02:05:31, 41,, 7533,, 174.01
2025-03-28 02:05:42, 48,, 7533,, 146.61
2025-03-28 02:05:52, 50,, 7533,, 172.57
2025-03-28 02:06:02, 47,, 7533,, 148.62
2025-03-28 02:06:12, 50,, 7533,, 145.27
2025-03-28 02:06:22, 42,, 7533,, 187.17
2025-03-28 02:06:32, 50,, 7533,, 218.12
2025-03-28 02:06:42, 62,, 7533,, 188.74
2025-03-28 02:06:52, 37,, 7533,, 189.44
2025-03-28 02:07:02, 44,, 7533,, 187.65
2025-03-28 02:07:12, 43,, 7533,, 155.81
2025-03-28 02:07:22, 42,, 7533,, 156.66
2025-03-28 02:07:32, 39,, 7533,, 140.57
2025-03-28 02:07:42, 47,, 7533,, 180.72
2025-03-28 02:07:52, 38,, 7533,, 162.41
2025-03-28 02:08:02, 35,, 7533,, 146.23
2025-03-28 02:08:12, 54,, 7533,, 135.21
2025-03-28 02:08:22, 49,, 7533,, 183.47
2025-03-28 02:08:32, 64,, 7533,, 185.63
2025-03-28 02:08:42, 59,, 7533,, 144.21
2025-03-28 02:08:52, 58,, 7533,, 143.35
2025-03-28 02:09:02, 53,, 7533,, 134.82
2025-03-28 02:09:12, 50,, 7533,, 179.28
2025-03-28 02:09:23, 45,, 7533,, 148.62
2025-03-28 02:09:33, 50,, 7533,, 146.90
2025-03-28 02:09:43, 54,, 7533,, 181.91
2025-03-28 02:09:53, 38,, 7533,, 121.88
2025-03-28 02:10:03, 43,, 7533,, 169.11
2025-03-28 02:10:13, 53,, 7533,, 142.49
2025-03-28 02:10:23, 48,, 7533,, 149.10
2025-03-28 02:10:33, 54,, 7533,, 87.48
2025-03-28 02:10:43, 51,, 7533,, 158.58
2025-03-28 02:10:53, 52,, 7533,, 136.35
2025-03-28 02:11:03, 48,, 7533,, 181.55
2025-03-28 02:11:13, 55,, 7533,, 171.98
2025-03-28 02:11:23, 55,, 7533,, 203.30
2025-03-28 02:11:33, 48,, 7533,, 177.61
2025-03-28 02:11:43, 46,, 7533,, 115.72
2025-03-28 02:11:53, 41,, 7533,, 143.83
2025-03-28 02:12:03, 69,, 7533,, 80.81
2025-03-28 02:12:13, 45,, 7533,, 90.30
2025-03-28 02:12:23, 52,, 7533,, 175.81
2025-03-28 02:12:33, 45,, 7533,, 151.12
2025-03-28 02:12:43, 47,, 7533,, 108.53
2025-03-28 02:12:53, 49,, 7533,, 164.80
2025-03-28 02:13:03, 46,, 7533,, 175.81
2025-03-28 02:13:14, 54,, 7533,, 179.52
2025-03-28 02:13:24, 48,, 7533,, 157.24
2025-03-28 02:13:34, 79,, 7533,, 151.60
2025-03-28 02:13:44, 43,, 7533,, 165.28
2025-03-28 02:13:54, 45,, 7533,, 167.67
2025-03-28 02:14:04, 45,, 7533,, 195.65
2025-03-28 02:14:14, 50,, 7533,, 145.46
2025-03-28 02:14:24, 55,, 7533,, 170.54
2025-03-28 02:14:34, 42,, 7533,, 149.10
2025-03-28 02:14:44, 48,, 7533,, 107.16
2025-03-28 02:14:54, 38,, 7533,, 193.39
2025-03-28 02:15:04, 45,, 7533,, 168.26
2025-03-28 02:15:14, 57,, 7533,, 198.52
2025-03-28 02:15:24, 45,, 7533,, 181.43
2025-03-28 02:15:34, 38,, 7533,, 197.48
2025-03-28 02:15:44, 54,, 7533,, 187.42
2025-03-28 02:15:54, 42,, 7533,, 204.26
2025-03-28 02:16:04, 55,, 7533,, 177.49
2025-03-28 02:16:14, 43,, 7533,, 141.92
2025-03-28 02:16:24, 50,, 7533,, 190.40
2025-03-28 02:16:34, 55,, 7533,, 155.81
2025-03-28 02:16:44, 64,, 7533,, 185.86
2025-03-28 02:16:54, 48,, 7533,, 88.44
2025-03-28 02:17:04, 66,, 7533,, 151.60
2025-03-28 02:17:14, 52,, 7533,, 196.26
2025-03-28 02:17:24, 57,, 7533,, 178.20
2025-03-28 02:17:35, 48,, 7533,, 182.87
2025-03-28 02:17:45, 63,, 7533,, 196.74
2025-03-28 02:17:55, 42,, 7533,, 153.89
2025-03-28 02:18:05, 49,, 7533,, 123.79
2025-03-28 02:18:15, 30,, 7533,, 195.31
2025-03-28 02:18:25, 55,, 7533,, 178.56
2025-03-28 02:18:35, 60,, 7533,, 93.66
2025-03-28 02:18:45, 50,, 7533,, 148.72
2025-03-28 02:18:55, 40,, 7533,, 244.57
2025-03-28 02:19:05, 45,, 7533,, 159.05
2025-03-28 02:19:15, 34,, 7533,, 153.41
2025-03-28 02:19:25, 37,, 7533,, 199.96
2025-03-28 02:19:35, 49,, 7533,, 175.21
2025-03-28 02:19:45, 45,, 7533,, 148.82
2025-03-28 02:19:55, 57,, 7533,, 140.09
2025-03-28 02:20:05, 49,, 7533,, 136.26
2025-03-28 02:20:15, 41,, 7533,, 149.96
2025-03-28 02:20:25, 55,, 7533,, 169.11
2025-03-28 02:20:35, 54,, 7533,, 148.72
2025-03-28 02:20:45, 53,, 7533,, 162.51
2025-03-28 02:20:55, 39,, 7533,, 110.45
2025-03-28 02:21:05, 44,, 7533,, 174.74
2025-03-28 02:21:15, 53,, 7533,, 143.45
2025-03-28 02:21:25, 48,, 7533,, 172.57
2025-03-28 02:21:35, 49,, 7533,, 184.55
2025-03-28 02:21:46, 47,, 7533,, 104.14
2025-03-28 02:21:56, 49,, 7533,, 96.06
2025-03-28 02:22:06, 55,, 7533,, 177.37
2025-03-28 02:22:16, 55,, 7533,, 190.40
2025-03-28 02:22:26, 53,, 7533,, 157.24
2025-03-28 02:22:36, 52,, 7533,, 202.62
2025-03-28 02:22:46, 43,, 7533,, 131.86
2025-03-28 02:22:56, 44,, 7533,, 169.47
2025-03-28 02:23:06, 44,, 7533,, 176.89
2025-03-28 02:23:16, 39,, 7533,, 166.24
2025-03-28 02:23:26, 57,, 7533,, 124.75
2025-03-28 02:23:36, 58,, 7533,, 106.20
2025-03-28 02:23:46, 46,, 7533,, 175.21
2025-03-28 02:23:56, 38,, 7533,, 131.07
2025-03-28 02:24:06, 47,, 7533,, 122.84
2025-03-28 02:24:16, 46,, 7533,, 90.30
2025-03-28 02:24:26, 59,, 7533,, 175.69
2025-03-28 02:24:36, 44,, 7533,, 152.08
2025-03-28 02:24:46, 48,, 7533,, 170.29
2025-03-28 02:24:56, 48,, 7533,, 127.63
2025-03-28 02:25:06, 49,, 7533,, 164.80
2025-03-28 02:25:16, 48,, 7533,, 156.08
2025-03-28 02:25:26, 49,, 7533,, 211.71
2025-03-28 02:25:36, 49,, 7533,, 148.34
2025-03-28 02:25:47, 54,, 7533,, 157.62
2025-03-28 02:25:57, 53,, 7533,, 175.81
2025-03-28 02:26:07, 42,, 7533,, 176.29
2025-03-28 02:26:17, 43,, 7533,, 143.93
2025-03-28 02:26:27, 47,, 7533,, 159.16
2025-03-28 02:26:37, 45,, 7533,, 160.71
2025-03-28 02:26:47, 55,, 7533,, 144.50
2025-03-28 02:26:57, 43,, 7533,, 163.58
2025-03-28 02:27:07, 49,, 7533,, 209.86
2025-03-28 02:27:17, 55,, 7533,, 177.25
2025-03-28 02:27:27, 37,, 7533,, 219.56
2025-03-28 02:27:37, 48,, 7533,, 112.85
2025-03-28 02:27:47, 47,, 7533,, 151.22
2025-03-28 02:27:57, 58,, 7533,, 204.67
2025-03-28 02:28:07, 48,, 7533,, 185.74
2025-03-28 02:28:17, 44,, 7533,, 139.61
2025-03-28 02:28:27, 48,, 7533,, 155.33
2025-03-28 02:28:37, 49,, 7533,, 195.92
2025-03-28 02:28:47, 50,, 7533,, 85.62
2025-03-28 02:28:57, 44,, 7533,, 158.20
2025-03-28 02:29:07, 45,, 7533,, 189.21
2025-03-28 02:29:17, 51,, 7533,, 196.87
2025-03-28 02:29:27, 47,, 7533,, 138.65
2025-03-28 02:29:37, 38,, 7533,, 156.87
2025-03-28 02:29:47, 53,, 7533,, 190.17
2025-03-28 02:29:57, 46,, 7533,, 183.11
2025-03-28 02:30:08, 54,, 7533,, 142.01
2025-03-28 02:30:18, 49,, 7533,, 96.18
2025-03-28 02:30:28, 52,, 7533,, 159.16
2025-03-28 02:30:38, 54,, 7533,, 187.30
2025-03-28 02:30:48, 48,, 7533,, 142.49
2025-03-28 02:30:58, 45,, 7533,, 144.98
2025-03-28 02:31:08, 35,, 7533,, 163.58
2025-03-28 02:31:18, 38,, 7533,, 187.65
2025-03-28 02:31:28, 42,, 7533,, 124.84
2025-03-28 02:31:38, 49,, 7533,, 139.04
2025-03-28 02:31:48, 45,, 7533,, 188.74
2025-03-28 02:31:58, 39,, 7533,, 97.08
2025-03-28 02:32:08, 45,, 7533,, 190.04
2025-03-28 02:32:18, 48,, 7533,, 135.30
2025-03-28 02:32:28, 41,, 7533,, 181.08
2025-03-28 02:32:38, 44,, 7533,, 174.85
2025-03-28 02:32:48, 51,, 7533,, 211.24
2025-03-28 02:32:58, 58,, 7533,, 138.75
2025-03-28 02:33:08, 52,, 7533,, 163.95
2025-03-28 02:33:18, 47,, 7533,, 111.96
2025-03-28 02:33:28, 55,, 7533,, 154.85
2025-03-28 02:33:38, 39,, 7533,, 121.56
2025-03-28 02:33:48, 43,, 7533,, 160.12
2025-03-28 02:33:58, 48,, 7533,, 184.43
2025-03-28 02:34:09, 51,, 7533,, 174.14
2025-03-28 02:34:19, 44,, 7533,, 149.68
2025-03-28 02:34:29, 52,, 7533,, 220.85
2025-03-28 02:34:39, 52,, 7533,, 165.28
2025-03-28 02:34:49, 45,, 7533,, 155.70
2025-03-28 02:34:59, 44,, 7533,, 87.90
2025-03-28 02:35:09, 45,, 7533,, 147.09
2025-03-28 02:35:19, 63,, 7533,, 98.87
2025-03-28 02:35:29, 57,, 7533,, 108.05
2025-03-28 02:35:39, 53,, 7533,, 205.56
2025-03-28 02:35:49, 44,, 7533,, 97.97
2025-03-28 02:35:59, 39,, 7533,, 138.56
2025-03-28 02:36:09, 45,, 7533,, 170.66
2025-03-28 02:36:19, 52,, 7533,, 152.73
2025-03-28 02:36:29, 55,, 7533,, 218.75
2025-03-28 02:36:39, 45,, 7533,, 184.78
2025-03-28 02:36:49, 45,, 7533,, 165.39
2025-03-28 02:36:59, 50,, 7533,, 108.05
2025-03-28 02:37:09, 50,, 7533,, 169.84
2025-03-28 02:37:19, 68,, 7533,, 214.16
2025-03-28 02:37:29, 52,, 7533,, 149.58
2025-03-28 02:37:39, 39,, 7533,, 166.71
2025-03-28 02:37:50, 47,, 7533,, 97.50
2025-03-28 02:38:00, 53,, 7533,, 118.04
2025-03-28 02:38:10, 44,, 7533,, 176.29
2025-03-28 02:38:20, 51,, 7533,, 153.41
2025-03-28 02:38:30, 50,, 7533,, 79.37
2025-03-28 02:38:40, 45,, 7533,, 161.66
2025-03-28 02:38:50, 45,, 7533,, 161.56
2025-03-28 02:39:00, 48,, 7533,, 183.59
