Timestamp, GPU Util (%), Memory Used (MiB), Power (W)
2025-03-25 17:49:29, 0,, 21,, 42.50
2025-03-25 17:49:39, 59,, 8339,, 195.44
2025-03-25 17:49:49, 75,, 8341,, 174.13
2025-03-25 17:49:59, 49,, 8341,, 151.50
2025-03-25 17:50:09, 19,, 8341,, 71.30
2025-03-25 17:50:19, 30,, 8341,, 181.55
2025-03-25 17:50:29, 33,, 8341,, 166.83
2025-03-25 17:50:39, 37,, 8341,, 100.57
2025-03-25 17:50:49, 27,, 8341,, 229.12
2025-03-25 17:50:59, 19,, 8343,, 77.50
2025-03-25 17:51:09, 28,, 8343,, 135.96
2025-03-25 17:51:19, 53,, 8343,, 172.57
2025-03-25 17:51:30, 41,, 8343,, 220.18
2025-03-25 17:51:40, 73,, 8343,, 195.92
2025-03-25 17:51:50, 37,, 8343,, 87.65
2025-03-25 17:52:00, 41,, 8343,, 135.96
2025-03-25 17:52:10, 27,, 8343,, 89.52
2025-03-25 17:52:20, 27,, 8343,, 75.63
2025-03-25 17:52:30, 40,, 8343,, 79.96
2025-03-25 17:52:40, 61,, 8343,, 174.13
2025-03-25 17:52:50, 83,, 8343,, 97.69
2025-03-25 17:53:00, 28,, 8343,, 168.97
2025-03-25 17:53:10, 18,, 8343,, 98.11
2025-03-25 17:53:20, 36,, 8343,, 86.15
2025-03-25 17:53:30, 38,, 8343,, 174.97
2025-03-25 17:53:40, 28,, 8343,, 138.36
2025-03-25 17:53:50, 79,, 8343,, 147.48
2025-03-25 17:54:00, 39,, 8343,, 198.31
2025-03-25 17:54:10, 28,, 8343,, 101.06
2025-03-25 17:54:20, 38,, 8343,, 246.33
2025-03-25 17:54:30, 67,, 8343,, 165.98
2025-03-25 17:54:40, 47,, 8343,, 170.66
2025-03-25 17:54:50, 46,, 8343,, 102.50
2025-03-25 17:55:00, 44,, 8343,, 164.06
2025-03-25 17:55:10, 52,, 8343,, 119.64
2025-03-25 17:55:20, 27,, 8343,, 76.11
2025-03-25 17:55:31, 31,, 8343,, 92.40
2025-03-25 17:55:41, 40,, 8343,, 162.14
2025-03-25 17:55:51, 42,, 8343,, 239.48
2025-03-25 17:56:01, 37,, 8343,, 104.42
2025-03-25 17:56:11, 18,, 8343,, 238.20
2025-03-25 17:56:21, 50,, 8343,, 102.98
2025-03-25 17:56:31, 46,, 8343,, 211.57
2025-03-25 17:56:41, 33,, 8343,, 114.92
2025-03-25 17:56:51, 18,, 8343,, 78.04
2025-03-25 17:57:01, 25,, 8343,, 125.40
2025-03-25 17:57:11, 25,, 8343,, 132.60
2025-03-25 17:57:21, 63,, 8343,, 247.29
2025-03-25 17:57:31, 70,, 8343,, 117.80
2025-03-25 17:57:41, 30,, 8343,, 141.24
2025-03-25 17:57:51, 9,, 8343,, 74.67
2025-03-25 17:58:01, 43,, 8343,, 109.15
2025-03-25 17:58:11, 66,, 8343,, 241.55
2025-03-25 17:58:21, 59,, 8343,, 220.81
2025-03-25 17:58:31, 50,, 8343,, 228.01
2025-03-25 17:58:41, 47,, 8343,, 245.54
2025-03-25 17:58:51, 28,, 8343,, 88.14
2025-03-25 17:59:01, 39,, 8343,, 77.56
2025-03-25 17:59:11, 49,, 8343,, 223.20
2025-03-25 17:59:21, 29,, 8343,, 162.62
2025-03-25 17:59:32, 33,, 8343,, 110.59
2025-03-25 17:59:42, 21,, 8343,, 116.84
2025-03-25 17:59:52, 67,, 8343,, 149.30
2025-03-25 18:00:02, 38,, 8343,, 228.16
2025-03-25 18:00:12, 19,, 8343,, 85.67
2025-03-25 18:00:22, 29,, 8343,, 140.67
2025-03-25 18:00:32, 36,, 8343,, 224.97
2025-03-25 18:00:42, 30,, 8343,, 237.41
2025-03-25 18:00:52, 27,, 8343,, 190.65
2025-03-25 18:01:02, 23,, 8343,, 143.16
2025-03-25 18:01:12, 46,, 8343,, 206.79
2025-03-25 18:01:22, 33,, 8343,, 88.14
2025-03-25 18:01:32, 28,, 8343,, 133.38
2025-03-25 18:01:42, 60,, 8343,, 109.63
2025-03-25 18:01:52, 27,, 8343,, 159.96
2025-03-25 18:02:02, 56,, 8343,, 203.10
2025-03-25 18:02:12, 27,, 8343,, 196.05
2025-03-25 18:02:22, 38,, 8343,, 225.77
2025-03-25 18:02:32, 50,, 8343,, 179.28
2025-03-25 18:02:42, 44,, 8343,, 179.88
2025-03-25 18:02:52, 62,, 8343,, 229.60
2025-03-25 18:03:02, 39,, 8343,, 176.41
2025-03-25 18:03:12, 60,, 8343,, 203.58
2025-03-25 18:03:22, 27,, 8343,, 158.41
2025-03-25 18:03:33, 55,, 8343,, 166.57
2025-03-25 18:03:43, 32,, 8343,, 167.42
2025-03-25 18:03:53, 50,, 8343,, 202.62
2025-03-25 18:04:03, 49,, 8343,, 157.93
2025-03-25 18:04:13, 48,, 8343,, 185.03
2025-03-25 18:04:23, 32,, 8343,, 196.87
2025-03-25 18:04:33, 35,, 8343,, 156.87
2025-03-25 18:04:43, 19,, 8343,, 153.14
2025-03-25 18:04:53, 37,, 8343,, 184.55
2025-03-25 18:05:03, 33,, 8343,, 78.52
2025-03-25 18:05:13, 82,, 8343,, 224.34
2025-03-25 18:05:23, 53,, 8343,, 204.05
2025-03-25 18:05:33, 43,, 8343,, 122.12
2025-03-25 18:05:43, 19,, 8343,, 78.94
2025-03-25 18:05:53, 28,, 8343,, 149.88
2025-03-25 18:06:03, 35,, 8343,, 151.22
2025-03-25 18:06:13, 55,, 8343,, 105.86
2025-03-25 18:06:23, 42,, 8343,, 162.14
2025-03-25 18:06:33, 35,, 8343,, 165.98
2025-03-25 18:06:43, 26,, 8343,, 98.65
2025-03-25 18:06:53, 40,, 8343,, 180.36
2025-03-25 18:07:03, 36,, 8343,, 233.10
2025-03-25 18:07:13, 34,, 8343,, 219.71
2025-03-25 18:07:23, 29,, 8343,, 108.26
2025-03-25 18:07:34, 46,, 8343,, 101.06
2025-03-25 18:07:44, 36,, 8343,, 250.15
2025-03-25 18:07:54, 55,, 8343,, 243.78
2025-03-25 18:08:04, 63,, 8343,, 200.23
2025-03-25 18:08:14, 48,, 8343,, 200.70
2025-03-25 18:08:24, 18,, 8343,, 220.04
2025-03-25 18:08:34, 56,, 8343,, 234.70
2025-03-25 18:08:44, 46,, 8343,, 101.06
2025-03-25 18:08:54, 53,, 8343,, 99.13
2025-03-25 18:09:04, 37,, 8343,, 176.16
2025-03-25 18:09:14, 30,, 8343,, 80.44
2025-03-25 18:09:24, 37,, 8343,, 218.08
2025-03-25 18:09:34, 20,, 8343,, 87.60
2025-03-25 18:09:44, 42,, 8343,, 173.65
2025-03-25 18:09:54, 45,, 8343,, 213.63
2025-03-25 18:10:04, 53,, 8343,, 91.44
2025-03-25 18:10:14, 49,, 8343,, 220.51
2025-03-25 18:10:24, 44,, 8343,, 192.69
2025-03-25 18:10:34, 52,, 8343,, 247.60
2025-03-25 18:10:44, 32,, 8343,, 229.75
2025-03-25 18:10:54, 38,, 8343,, 219.23
2025-03-25 18:11:04, 28,, 8343,, 155.06
2025-03-25 18:11:14, 27,, 8343,, 228.97
2025-03-25 18:11:24, 46,, 8343,, 120.20
2025-03-25 18:11:34, 62,, 8343,, 191.74
2025-03-25 18:11:45, 37,, 8343,, 203.10
2025-03-25 18:11:55, 36,, 8343,, 218.42
2025-03-25 18:12:05, 36,, 8343,, 79.96
2025-03-25 18:12:15, 46,, 8343,, 105.86
2025-03-25 18:12:25, 23,, 8343,, 96.18
2025-03-25 18:12:35, 27,, 8343,, 79.48
2025-03-25 18:12:45, 28,, 8343,, 106.34
2025-03-25 18:12:55, 46,, 8343,, 187.90
2025-03-25 18:13:05, 52,, 8343,, 170.29
2025-03-25 18:13:15, 62,, 8343,, 199.00
2025-03-25 18:13:25, 50,, 8343,, 181.20
2025-03-25 18:13:35, 51,, 8343,, 206.11
2025-03-25 18:13:45, 35,, 8343,, 168.85
2025-03-25 18:13:55, 39,, 8343,, 197.96
2025-03-25 18:14:05, 28,, 8343,, 88.08
2025-03-25 18:14:15, 56,, 8343,, 213.49
2025-03-25 18:14:25, 80,, 8343,, 114.92
2025-03-25 18:14:35, 28,, 8343,, 171.85
2025-03-25 18:14:45, 24,, 8343,, 103.94
2025-03-25 18:14:55, 39,, 8343,, 184.30
2025-03-25 18:15:05, 35,, 8343,, 143.54
2025-03-25 18:15:15, 26,, 8343,, 98.17
2025-03-25 18:15:25, 62,, 8343,, 156.98
2025-03-25 18:15:35, 63,, 8343,, 208.84
2025-03-25 18:15:45, 55,, 8343,, 92.88
2025-03-25 18:15:56, 27,, 8343,, 77.98
2025-03-25 18:16:06, 41,, 8343,, 154.10
2025-03-25 18:16:16, 52,, 8343,, 241.07
2025-03-25 18:16:26, 31,, 8343,, 169.33
2025-03-25 18:16:36, 28,, 8343,, 79.96
2025-03-25 18:16:46, 28,, 8343,, 130.77
2025-03-25 18:16:56, 36,, 8343,, 210.62
2025-03-25 18:17:06, 35,, 8343,, 79.48
2025-03-25 18:17:16, 45,, 8343,, 202.82
2025-03-25 18:17:26, 53,, 8343,, 195.44
2025-03-25 18:17:36, 36,, 8343,, 138.36
2025-03-25 18:17:46, 37,, 8343,, 160.60
2025-03-25 18:17:56, 37,, 8343,, 89.10
2025-03-25 18:18:06, 61,, 8343,, 223.35
2025-03-25 18:18:16, 27,, 8343,, 138.36
2025-03-25 18:18:26, 33,, 8343,, 192.09
2025-03-25 18:18:36, 52,, 8343,, 178.80
2025-03-25 18:18:46, 37,, 8343,, 203.44
2025-03-25 18:18:56, 42,, 8343,, 115.40
2025-03-25 18:19:06, 37,, 8343,, 211.57
2025-03-25 18:19:16, 28,, 8343,, 117.72
2025-03-25 18:19:26, 23,, 8343,, 241.39
2025-03-25 18:19:36, 61,, 8343,, 248.41
2025-03-25 18:19:47, 28,, 8343,, 164.17
2025-03-25 18:19:57, 64,, 8343,, 197.83
2025-03-25 18:20:07, 36,, 8343,, 88.56
2025-03-25 18:20:17, 49,, 8343,, 115.80
2025-03-25 18:20:27, 63,, 8343,, 239.64
2025-03-25 18:20:37, 37,, 8343,, 142.59
2025-03-25 18:20:47, 22,, 8343,, 224.64
2025-03-25 18:20:57, 44,, 8343,, 161.18
2025-03-25 18:21:07, 46,, 8343,, 109.15
2025-03-25 18:21:17, 37,, 8343,, 150.74
2025-03-25 18:21:27, 36,, 8343,, 162.14
2025-03-25 18:21:37, 46,, 8343,, 146.52
2025-03-25 18:21:47, 37,, 8343,, 90.96
2025-03-25 18:21:57, 46,, 8343,, 99.13
2025-03-25 18:22:07, 37,, 8343,, 96.73
2025-03-25 18:22:17, 39,, 8343,, 222.10
2025-03-25 18:22:27, 36,, 8343,, 75.15
2025-03-25 18:22:37, 48,, 8343,, 185.51
2025-03-25 18:22:47, 28,, 8343,, 75.15
2025-03-25 18:22:57, 40,, 8343,, 246.64
2025-03-25 18:23:07, 33,, 8343,, 179.64
2025-03-25 18:23:17, 47,, 8343,, 79.00
2025-03-25 18:23:27, 30,, 8343,, 191.03
2025-03-25 18:23:37, 35,, 8343,, 109.15
2025-03-25 18:23:47, 58,, 8343,, 177.00
2025-03-25 18:23:57, 38,, 8343,, 78.52
2025-03-25 18:24:08, 18,, 8343,, 78.04
2025-03-25 18:24:18, 28,, 8343,, 104.35
2025-03-25 18:24:28, 39,, 8343,, 113.40
2025-03-25 18:24:38, 31,, 8343,, 84.77
2025-03-25 18:24:48, 30,, 8343,, 248.55
2025-03-25 18:24:58, 41,, 8343,, 216.84
2025-03-25 18:25:08, 39,, 8343,, 251.11
2025-03-25 18:25:18, 29,, 8343,, 130.59
2025-03-25 18:25:28, 41,, 8343,, 98.65
2025-03-25 18:25:38, 30,, 8343,, 97.21
2025-03-25 18:25:48, 32,, 8343,, 217.46
2025-03-25 18:25:58, 61,, 8343,, 159.85
2025-03-25 18:26:08, 36,, 8343,, 183.47
2025-03-25 18:26:18, 45,, 8343,, 78.04
2025-03-25 18:26:28, 59,, 8343,, 184.07
2025-03-25 18:26:38, 31,, 8343,, 245.38
2025-03-25 18:26:48, 20,, 8343,, 106.34
2025-03-25 18:26:58, 14,, 8343,, 84.29
2025-03-25 18:27:08, 49,, 8343,, 200.84
2025-03-25 18:27:18, 41,, 8343,, 190.17
2025-03-25 18:27:28, 37,, 8343,, 138.36
2025-03-25 18:27:38, 39,, 8343,, 161.77
2025-03-25 18:27:48, 58,, 8343,, 242.03
2025-03-25 18:27:58, 63,, 8343,, 205.49
2025-03-25 18:28:09, 54,, 8343,, 193.04
2025-03-25 18:28:19, 31,, 8343,, 79.00
2025-03-25 18:28:29, 55,, 8343,, 93.78
2025-03-25 18:28:39, 37,, 8343,, 98.17
2025-03-25 18:28:49, 38,, 8343,, 179.88
2025-03-25 18:28:59, 36,, 8343,, 222.25
2025-03-25 18:29:09, 26,, 8343,, 79.00
2025-03-25 18:29:19, 38,, 8343,, 156.50
2025-03-25 18:29:29, 32,, 8343,, 92.46
2025-03-25 18:29:39, 50,, 8343,, 192.69
2025-03-25 18:29:49, 32,, 8343,, 79.91
2025-03-25 18:29:59, 58,, 8343,, 236.29
2025-03-25 18:30:09, 51,, 8343,, 228.97
2025-03-25 18:30:19, 36,, 8343,, 131.64
2025-03-25 18:30:29, 48,, 8343,, 152.18
2025-03-25 18:30:39, 21,, 8343,, 81.35
2025-03-25 18:30:49, 80,, 8343,, 138.36
2025-03-25 18:30:59, 53,, 8343,, 235.01
2025-03-25 18:31:09, 18,, 8343,, 92.40
2025-03-25 18:31:19, 37,, 8343,, 227.36
2025-03-25 18:31:29, 61,, 8343,, 134.04
2025-03-25 18:31:39, 52,, 8343,, 241.07
2025-03-25 18:31:49, 44,, 8343,, 91.02
2025-03-25 18:31:59, 26,, 8343,, 194.35
2025-03-25 18:32:09, 21,, 8343,, 168.38
2025-03-25 18:32:19, 33,, 8343,, 196.87
2025-03-25 18:32:30, 56,, 8343,, 231.19
2025-03-25 18:32:40, 46,, 8343,, 230.23
2025-03-25 18:32:50, 53,, 8343,, 249.03
2025-03-25 18:33:00, 49,, 8343,, 151.70
2025-03-25 18:33:10, 43,, 8343,, 109.22
2025-03-25 18:33:20, 56,, 8343,, 195.09
2025-03-25 18:33:30, 16,, 8343,, 235.81
2025-03-25 18:33:40, 49,, 8343,, 140.19
2025-03-25 18:33:50, 45,, 8343,, 89.52
2025-03-25 18:34:00, 48,, 8343,, 196.40
2025-03-25 18:34:10, 60,, 8343,, 239.16
2025-03-25 18:34:20, 49,, 8343,, 246.00
2025-03-25 18:34:30, 33,, 8343,, 113.00
2025-03-25 18:34:40, 42,, 8343,, 84.77
2025-03-25 18:34:50, 34,, 8343,, 236.93
2025-03-25 18:35:00, 70,, 8343,, 90.48
2025-03-25 18:35:10, 35,, 8343,, 209.32
2025-03-25 18:35:20, 44,, 8343,, 132.12
2025-03-25 18:35:30, 46,, 8343,, 235.34
2025-03-25 18:35:40, 51,, 8343,, 183.82
2025-03-25 18:35:50, 31,, 8343,, 199.88
2025-03-25 18:36:00, 31,, 8343,, 168.97
2025-03-25 18:36:10, 47,, 8343,, 121.56
2025-03-25 18:36:20, 35,, 8343,, 204.53
2025-03-25 18:36:30, 19,, 8343,, 76.11
2025-03-25 18:36:41, 41,, 8343,, 240.12
2025-03-25 18:36:51, 49,, 8343,, 240.75
2025-03-25 18:37:01, 34,, 8343,, 112.51
2025-03-25 18:37:11, 42,, 8343,, 188.26
2025-03-25 18:37:21, 38,, 8343,, 231.19
2025-03-25 18:37:31, 19,, 8343,, 158.41
2025-03-25 18:37:41, 64,, 8343,, 166.94
2025-03-25 18:37:51, 18,, 8343,, 161.29
2025-03-25 18:38:01, 37,, 8343,, 239.80
2025-03-25 18:38:11, 34,, 8343,, 98.17
2025-03-25 18:38:21, 45,, 8343,, 185.74
2025-03-25 18:38:31, 62,, 8343,, 202.89
2025-03-25 18:38:41, 46,, 8343,, 180.84
2025-03-25 18:38:51, 24,, 8343,, 178.44
2025-03-25 18:39:01, 36,, 8343,, 195.09
2025-03-25 18:39:11, 11,, 8343,, 89.04
2025-03-25 18:39:21, 28,, 8343,, 220.18
2025-03-25 18:39:31, 28,, 8343,, 199.75
2025-03-25 18:39:41, 32,, 8343,, 128.76
2025-03-25 18:39:51, 27,, 8343,, 168.38
2025-03-25 18:40:01, 37,, 8343,, 88.08
2025-03-25 18:40:11, 50,, 8343,, 175.09
2025-03-25 18:40:21, 35,, 8343,, 149.30
2025-03-25 18:40:31, 37,, 8343,, 83.81
2025-03-25 18:40:42, 35,, 8343,, 241.07
2025-03-25 18:40:52, 28,, 8343,, 101.54
2025-03-25 18:41:02, 39,, 8343,, 195.44
2025-03-25 18:41:12, 18,, 8343,, 77.56
2025-03-25 18:41:22, 62,, 8343,, 172.57
2025-03-25 18:41:32, 49,, 8343,, 83.81
2025-03-25 18:41:42, 29,, 8343,, 107.78
2025-03-25 18:41:52, 27,, 8343,, 219.37
2025-03-25 18:42:02, 30,, 8343,, 94.81
2025-03-25 18:42:12, 48,, 8343,, 238.04
2025-03-25 18:42:22, 57,, 8343,, 135.00
2025-03-25 18:42:32, 28,, 8343,, 221.77
2025-03-25 18:42:42, 23,, 8343,, 192.09
2025-03-25 18:42:52, 34,, 8343,, 153.24
2025-03-25 18:43:02, 37,, 8343,, 79.00
2025-03-25 18:43:12, 30,, 8343,, 181.80
2025-03-25 18:43:22, 39,, 8343,, 162.62
2025-03-25 18:43:32, 33,, 8343,, 153.89
2025-03-25 18:43:42, 37,, 8343,, 95.35
2025-03-25 18:43:52, 48,, 8343,, 137.40
2025-03-25 18:44:02, 40,, 8343,, 182.51
2025-03-25 18:44:12, 28,, 8343,, 97.69
2025-03-25 18:44:22, 46,, 8343,, 118.76
2025-03-25 18:44:33, 28,, 8343,, 240.12
2025-03-25 18:44:43, 22,, 8343,, 100.57
2025-03-25 18:44:53, 25,, 8343,, 195.31
2025-03-25 18:45:03, 18,, 8343,, 102.02
2025-03-25 18:45:13, 28,, 8343,, 146.42
2025-03-25 18:45:23, 39,, 8343,, 108.19
2025-03-25 18:45:33, 31,, 8343,, 151.12
2025-03-25 18:45:43, 46,, 8343,, 82.36
2025-03-25 18:45:53, 75,, 8343,, 221.62
2025-03-25 18:46:03, 44,, 8343,, 188.38
2025-03-25 18:46:13, 36,, 8343,, 186.82
2025-03-25 18:46:23, 37,, 8343,, 89.10
2025-03-25 18:46:33, 46,, 8343,, 221.14
2025-03-25 18:46:43, 30,, 8343,, 81.88
2025-03-25 18:46:53, 50,, 8343,, 156.02
2025-03-25 18:47:03, 39,, 8343,, 117.32
2025-03-25 18:47:13, 28,, 8343,, 211.09
2025-03-25 18:47:23, 27,, 8343,, 78.52
2025-03-25 18:47:33, 27,, 8343,, 80.87
2025-03-25 18:47:43, 35,, 8343,, 226.25
2025-03-25 18:47:53, 56,, 8343,, 92.95
2025-03-25 18:48:03, 44,, 8343,, 91.44
2025-03-25 18:48:13, 37,, 8343,, 160.81
2025-03-25 18:48:23, 30,, 8343,, 162.99
2025-03-25 18:48:34, 30,, 8343,, 165.02
2025-03-25 18:48:44, 40,, 8343,, 112.04
2025-03-25 18:48:54, 39,, 8343,, 233.90
2025-03-25 18:49:04, 47,, 8343,, 101.54
2025-03-25 18:49:14, 36,, 8343,, 228.79
2025-03-25 18:49:24, 34,, 8343,, 161.66
2025-03-25 18:49:34, 36,, 8343,, 242.98
2025-03-25 18:49:44, 39,, 8343,, 144.98
2025-03-25 18:49:54, 47,, 8343,, 188.26
2025-03-25 18:50:04, 49,, 8343,, 161.29
2025-03-25 18:50:14, 47,, 8343,, 189.82
2025-03-25 18:50:24, 50,, 8343,, 83.33
2025-03-25 18:50:34, 32,, 8343,, 98.17
2025-03-25 18:50:44, 28,, 8343,, 167.42
2025-03-25 18:50:54, 58,, 8343,, 93.36
2025-03-25 18:51:04, 31,, 8343,, 174.61
2025-03-25 18:51:14, 47,, 8343,, 227.69
2025-03-25 18:51:24, 50,, 8343,, 102.02
2025-03-25 18:51:34, 39,, 8343,, 157.24
2025-03-25 18:51:44, 43,, 8343,, 173.05
2025-03-25 18:51:54, 54,, 8343,, 186.11
2025-03-25 18:52:04, 69,, 8343,, 152.66
2025-03-25 18:52:14, 63,, 8343,, 101.06
2025-03-25 18:52:25, 28,, 8343,, 82.36
2025-03-25 18:52:35, 38,, 8343,, 156.87
2025-03-25 18:52:45, 28,, 8343,, 96.73
2025-03-25 18:52:55, 47,, 8343,, 111.55
2025-03-25 18:53:05, 38,, 8343,, 162.14
2025-03-25 18:53:15, 39,, 8343,, 219.04
2025-03-25 18:53:25, 54,, 8343,, 143.54
2025-03-25 18:53:35, 48,, 8343,, 152.08
2025-03-25 18:53:45, 56,, 8343,, 258.76
2025-03-25 18:53:55, 32,, 8343,, 125.00
2025-03-25 18:54:05, 38,, 8343,, 80.92
2025-03-25 18:54:15, 65,, 8343,, 192.09
2025-03-25 18:54:25, 30,, 8343,, 198.92
2025-03-25 18:54:35, 19,, 8343,, 173.53
2025-03-25 18:54:45, 37,, 8343,, 98.65
2025-03-25 18:54:55, 28,, 8343,, 83.75
2025-03-25 18:55:05, 47,, 8343,, 91.50
2025-03-25 18:55:15, 31,, 8343,, 168.74
2025-03-25 18:55:25, 54,, 8343,, 236.45
2025-03-25 18:55:35, 42,, 8343,, 97.62
2025-03-25 18:55:45, 37,, 8343,, 122.04
2025-03-25 18:55:55, 48,, 8343,, 194.96
2025-03-25 18:56:05, 61,, 8343,, 248.24
2025-03-25 18:56:15, 48,, 8343,, 165.98
2025-03-25 18:56:26, 32,, 8343,, 226.88
2025-03-25 18:56:36, 53,, 8343,, 156.50
2025-03-25 18:56:46, 53,, 8343,, 102.02
2025-03-25 18:56:56, 51,, 8343,, 247.12
2025-03-25 18:57:06, 18,, 8343,, 141.24
2025-03-25 18:57:16, 46,, 8343,, 114.92
2025-03-25 18:57:26, 20,, 8343,, 99.13
2025-03-25 18:57:36, 28,, 8343,, 162.99
2025-03-25 18:57:46, 24,, 8343,, 138.36
2025-03-25 18:57:56, 46,, 8343,, 109.15
2025-03-25 18:58:06, 27,, 8343,, 118.68
2025-03-25 18:58:16, 68,, 8343,, 101.06
2025-03-25 18:58:26, 67,, 8343,, 163.21
2025-03-25 18:58:36, 51,, 8343,, 228.47
2025-03-25 18:58:46, 37,, 8343,, 226.88
2025-03-25 18:58:56, 28,, 8343,, 168.26
2025-03-25 18:59:06, 37,, 8343,, 98.17
2025-03-25 18:59:16, 33,, 8343,, 108.75
2025-03-25 18:59:26, 39,, 8343,, 211.71
2025-03-25 18:59:36, 38,, 8343,, 121.56
2025-03-25 18:59:46, 33,, 8343,, 92.88
2025-03-25 18:59:56, 52,, 8343,, 217.31
2025-03-25 19:00:06, 35,, 8343,, 168.85
2025-03-25 19:00:16, 37,, 8343,, 88.62
2025-03-25 19:00:26, 37,, 8343,, 153.04
2025-03-25 19:00:37, 28,, 8343,, 87.65
2025-03-25 19:00:47, 47,, 8343,, 219.85
2025-03-25 19:00:57, 43,, 8343,, 187.07
2025-03-25 19:01:07, 40,, 8343,, 205.15
2025-03-25 19:01:17, 29,, 8343,, 219.71
2025-03-25 19:01:27, 25,, 8343,, 257.33
2025-03-25 19:01:37, 32,, 8343,, 231.03
2025-03-25 19:01:47, 62,, 8343,, 184.30
2025-03-25 19:01:57, 39,, 8343,, 247.93
2025-03-25 19:02:07, 30,, 8343,, 102.50
2025-03-25 19:02:17, 68,, 8343,, 172.10
2025-03-25 19:02:27, 60,, 8343,, 188.51
2025-03-25 19:02:37, 47,, 8343,, 118.76
2025-03-25 19:02:47, 62,, 8343,, 190.30
2025-03-25 19:02:57, 27,, 8343,, 179.28
2025-03-25 19:03:07, 28,, 8343,, 85.25
2025-03-25 19:03:17, 52,, 8343,, 89.52
2025-03-25 19:03:27, 46,, 8343,, 208.16
2025-03-25 19:03:37, 48,, 8343,, 165.87
2025-03-25 19:03:47, 37,, 8343,, 177.48
2025-03-25 19:03:57, 28,, 8343,, 97.69
2025-03-25 19:04:07, 50,, 8343,, 138.84
2025-03-25 19:04:17, 43,, 8343,, 167.05
2025-03-25 19:04:27, 65,, 8343,, 149.68
2025-03-25 19:04:38, 28,, 8343,, 162.73
2025-03-25 19:04:48, 29,, 8343,, 78.52
2025-03-25 19:04:58, 41,, 8343,, 179.40
2025-03-25 19:05:08, 39,, 8343,, 193.52
2025-03-25 19:05:18, 46,, 8343,, 112.04
2025-03-25 19:05:28, 37,, 8343,, 181.80
2025-03-25 19:05:38, 37,, 8343,, 243.94
2025-03-25 19:05:48, 59,, 8343,, 228.32
2025-03-25 19:05:58, 48,, 8343,, 260.50
2025-03-25 19:06:08, 37,, 8343,, 187.42
2025-03-25 19:06:18, 46,, 8343,, 92.40
2025-03-25 19:06:28, 62,, 8343,, 232.14
2025-03-25 19:06:38, 48,, 8343,, 144.12
2025-03-25 19:06:48, 28,, 8343,, 107.23
2025-03-25 19:06:58, 32,, 8343,, 200.84
2025-03-25 19:07:08, 24,, 8343,, 181.80
2025-03-25 19:07:18, 32,, 8343,, 184.43
2025-03-25 19:07:28, 61,, 8343,, 208.22
2025-03-25 19:07:38, 62,, 8343,, 177.84
2025-03-25 19:07:48, 41,, 8343,, 167.05
2025-03-25 19:07:58, 37,, 8343,, 182.28
2025-03-25 19:08:08, 54,, 8343,, 105.31
2025-03-25 19:08:18, 61,, 8343,, 211.71
2025-03-25 19:08:28, 65,, 8343,, 245.69
2025-03-25 19:08:38, 61,, 8343,, 192.21
2025-03-25 19:08:49, 28,, 8343,, 142.68
2025-03-25 19:08:59, 31,, 8343,, 234.54
2025-03-25 19:09:09, 54,, 8343,, 236.29
2025-03-25 19:09:19, 80,, 8343,, 169.93
2025-03-25 19:09:29, 25,, 8343,, 83.75
2025-03-25 19:09:39, 50,, 8343,, 88.56
2025-03-25 19:09:49, 32,, 8343,, 152.56
2025-03-25 19:09:59, 56,, 8343,, 195.22
2025-03-25 19:10:09, 29,, 8343,, 191.86
2025-03-25 19:10:19, 24,, 8343,, 233.42
2025-03-25 19:10:29, 31,, 8343,, 185.99
2025-03-25 19:10:39, 31,, 8343,, 216.69
2025-03-25 19:10:49, 51,, 8343,, 241.39
2025-03-25 19:10:59, 36,, 8343,, 234.38
2025-03-25 19:11:09, 28,, 8343,, 133.56
2025-03-25 19:11:19, 26,, 8343,, 128.28
2025-03-25 19:11:29, 65,, 8343,, 246.48
2025-03-25 19:11:39, 34,, 8343,, 79.00
2025-03-25 19:11:49, 58,, 8343,, 243.46
2025-03-25 19:11:59, 53,, 8343,, 163.10
2025-03-25 19:12:09, 38,, 8343,, 227.36
2025-03-25 19:12:19, 36,, 8343,, 117.80
2025-03-25 19:12:29, 34,, 8343,, 118.68
2025-03-25 19:12:39, 42,, 8343,, 112.51
2025-03-25 19:12:49, 43,, 8343,, 193.52
2025-03-25 19:12:59, 21,, 8343,, 171.73
2025-03-25 19:13:09, 30,, 8343,, 225.92
2025-03-25 19:13:19, 46,, 8343,, 194.48
2025-03-25 19:13:29, 37,, 8343,, 172.69
2025-03-25 19:13:40, 61,, 8343,, 80.44
2025-03-25 19:13:50, 39,, 8343,, 90.96
2025-03-25 19:14:00, 81,, 8343,, 78.04
2025-03-25 19:14:10, 27,, 8343,, 175.93
2025-03-25 19:14:20, 56,, 8343,, 104.90
2025-03-25 19:14:30, 27,, 8343,, 125.48
2025-03-25 19:14:40, 53,, 8343,, 220.04
2025-03-25 19:14:50, 71,, 8343,, 117.80
2025-03-25 19:15:00, 31,, 8343,, 97.14
2025-03-25 19:15:10, 30,, 8343,, 99.13
2025-03-25 19:15:20, 34,, 8343,, 260.02
2025-03-25 19:15:30, 37,, 8343,, 200.36
2025-03-25 19:15:40, 53,, 8343,, 191.38
2025-03-25 19:15:50, 32,, 8343,, 122.12
2025-03-25 19:16:00, 45,, 8343,, 185.86
2025-03-25 19:16:10, 30,, 8343,, 105.79
2025-03-25 19:16:20, 55,, 8343,, 165.13
2025-03-25 19:16:30, 33,, 8343,, 138.36
2025-03-25 19:16:40, 37,, 8343,, 147.86
2025-03-25 19:16:50, 29,, 8343,, 131.16
2025-03-25 19:17:00, 25,, 8343,, 176.52
2025-03-25 19:17:10, 39,, 8343,, 121.64
2025-03-25 19:17:20, 49,, 8343,, 124.44
2025-03-25 19:17:30, 41,, 8343,, 145.46
2025-03-25 19:17:40, 46,, 8343,, 99.13
2025-03-25 19:17:50, 30,, 8343,, 228.01
2025-03-25 19:18:01, 32,, 8343,, 225.45
2025-03-25 19:18:11, 18,, 8343,, 77.56
2025-03-25 19:18:21, 45,, 8343,, 260.98
2025-03-25 19:18:31, 54,, 8343,, 142.68
2025-03-25 19:18:41, 28,, 8343,, 219.56
2025-03-25 19:18:51, 46,, 8343,, 197.01
2025-03-25 19:19:01, 46,, 8343,, 239.16
2025-03-25 19:19:11, 34,, 8343,, 102.02
2025-03-25 19:19:21, 36,, 8343,, 100.51
2025-03-25 19:19:31, 19,, 8343,, 120.68
2025-03-25 19:19:41, 21,, 8343,, 90.48
2025-03-25 19:19:51, 47,, 8343,, 230.71
2025-03-25 19:20:01, 57,, 8343,, 168.85
2025-03-25 19:20:11, 62,, 8343,, 238.20
2025-03-25 19:20:21, 33,, 8343,, 178.44
2025-03-25 19:20:31, 55,, 8343,, 191.74
2025-03-25 19:20:41, 49,, 8343,, 234.86
2025-03-25 19:20:51, 28,, 8343,, 162.25
2025-03-25 19:21:01, 28,, 8343,, 117.72
2025-03-25 19:21:11, 64,, 8343,, 98.17
2025-03-25 19:21:21, 58,, 8343,, 252.68
2025-03-25 19:21:31, 45,, 8343,, 223.05
2025-03-25 19:21:41, 36,, 8343,, 197.35
2025-03-25 19:21:51, 37,, 8343,, 146.32
2025-03-25 19:22:01, 78,, 8343,, 257.15
2025-03-25 19:22:12, 27,, 8343,, 78.52
2025-03-25 19:22:22, 27,, 8343,, 110.19
2025-03-25 19:22:32, 28,, 8343,, 133.17
2025-03-25 19:22:42, 28,, 8343,, 168.38
2025-03-25 19:22:52, 93,, 8343,, 223.38
2025-03-25 19:23:02, 28,, 8343,, 228.64
2025-03-25 19:23:12, 35,, 8343,, 186.11
2025-03-25 19:23:22, 62,, 8343,, 246.79
2025-03-25 19:23:32, 46,, 8343,, 89.10
2025-03-25 19:23:42, 65,, 8343,, 230.71
2025-03-25 19:23:52, 28,, 8343,, 132.99
2025-03-25 19:24:02, 28,, 8343,, 112.51
2025-03-25 19:24:12, 27,, 8343,, 87.54
2025-03-25 19:24:22, 46,, 8343,, 133.56
2025-03-25 19:24:32, 28,, 8343,, 124.44
2025-03-25 19:24:42, 56,, 8343,, 92.40
2025-03-25 19:24:52, 39,, 8343,, 151.22
2025-03-25 19:25:02, 62,, 8343,, 231.03
2025-03-25 19:25:12, 36,, 8343,, 182.76
2025-03-25 19:25:22, 42,, 8343,, 157.24
2025-03-25 19:25:32, 42,, 8343,, 205.49
2025-03-25 19:25:42, 18,, 8343,, 76.59
2025-03-25 19:25:53, 28,, 8343,, 96.73
2025-03-25 19:26:03, 48,, 8343,, 238.20
2025-03-25 19:26:13, 30,, 8343,, 133.95
2025-03-25 19:26:23, 54,, 8343,, 81.40
2025-03-25 19:26:33, 27,, 8343,, 133.08
2025-03-25 19:26:43, 46,, 8343,, 188.86
2025-03-25 19:26:53, 18,, 8343,, 112.51
2025-03-25 19:27:03, 46,, 8343,, 127.89
2025-03-25 19:27:13, 35,, 8343,, 85.73
2025-03-25 19:27:23, 27,, 8343,, 96.73
2025-03-25 19:27:33, 43,, 8343,, 212.67
2025-03-25 19:27:43, 32,, 8343,, 227.84
2025-03-25 19:27:53, 35,, 8343,, 149.40
2025-03-25 19:28:03, 37,, 8343,, 101.88
2025-03-25 19:28:13, 30,, 8343,, 88.08
2025-03-25 19:28:23, 29,, 8343,, 155.06
2025-03-25 19:28:33, 46,, 8343,, 143.64
2025-03-25 19:28:43, 28,, 8343,, 170.89
2025-03-25 19:28:53, 63,, 8343,, 197.83
2025-03-25 19:29:03, 56,, 8343,, 102.98
2025-03-25 19:29:13, 39,, 8343,, 91.44
2025-03-25 19:29:23, 38,, 8343,, 178.32
2025-03-25 19:29:33, 54,, 8343,, 163.84
2025-03-25 19:29:43, 38,, 8343,, 151.12
2025-03-25 19:29:54, 33,, 8343,, 197.70
2025-03-25 19:30:04, 60,, 8343,, 186.59
2025-03-25 19:30:14, 25,, 8343,, 207.74
2025-03-25 19:30:24, 37,, 8343,, 190.65
2025-03-25 19:30:34, 27,, 8343,, 240.12
2025-03-25 19:30:44, 37,, 8343,, 111.55
2025-03-25 19:30:54, 49,, 8343,, 211.24
2025-03-25 19:31:04, 44,, 8343,, 231.82
2025-03-25 19:31:14, 28,, 8343,, 232.30
2025-03-25 19:31:24, 37,, 8343,, 240.43
2025-03-25 19:31:34, 55,, 8343,, 185.63
2025-03-25 19:31:44, 54,, 8343,, 201.66
2025-03-25 19:31:54, 31,, 8343,, 134.52
2025-03-25 19:32:04, 62,, 8343,, 207.88
2025-03-25 19:32:14, 22,, 8343,, 91.92
2025-03-25 19:32:24, 36,, 8343,, 125.96
2025-03-25 19:32:34, 56,, 8343,, 125.00
2025-03-25 19:32:44, 19,, 8343,, 140.67
2025-03-25 19:32:54, 55,, 8343,, 121.16
2025-03-25 19:33:04, 54,, 8343,, 232.79
2025-03-25 19:33:14, 48,, 8343,, 175.57
2025-03-25 19:33:24, 53,, 8343,, 175.45
2025-03-25 19:33:35, 29,, 8343,, 106.82
2025-03-25 19:33:45, 47,, 8343,, 202.96
2025-03-25 19:33:55, 55,, 8343,, 162.62
2025-03-25 19:34:05, 18,, 8343,, 189.82
2025-03-25 19:34:15, 49,, 8343,, 113.40
2025-03-25 19:34:25, 29,, 8343,, 151.70
2025-03-25 19:34:35, 28,, 8343,, 125.00
2025-03-25 19:34:45, 46,, 8343,, 259.07
2025-03-25 19:34:55, 20,, 8343,, 143.07
2025-03-25 19:35:05, 46,, 8343,, 229.27
2025-03-25 19:35:15, 31,, 8343,, 88.08
2025-03-25 19:35:25, 26,, 8343,, 130.68
2025-03-25 19:35:35, 24,, 8343,, 190.78
2025-03-25 19:35:45, 64,, 8343,, 248.08
2025-03-25 19:35:55, 46,, 8343,, 118.76
2025-03-25 19:36:05, 53,, 8343,, 236.45
2025-03-25 19:36:15, 37,, 8343,, 142.68
2025-03-25 19:36:25, 63,, 8343,, 227.36
2025-03-25 19:36:35, 27,, 8343,, 179.28
2025-03-25 19:36:45, 33,, 8343,, 203.71
2025-03-25 19:36:55, 54,, 8343,, 91.92
2025-03-25 19:37:05, 37,, 8343,, 116.36
2025-03-25 19:37:15, 65,, 8343,, 102.02
2025-03-25 19:37:25, 60,, 8343,, 79.32
2025-03-25 19:37:36, 30,, 8343,, 92.40
2025-03-25 19:37:46, 37,, 8343,, 90.96
2025-03-25 19:37:56, 28,, 8343,, 175.09
2025-03-25 19:38:06, 63,, 8343,, 205.63
2025-03-25 19:38:16, 55,, 8343,, 147.28
2025-03-25 19:38:26, 38,, 8343,, 103.87
2025-03-25 19:38:36, 27,, 8343,, 205.83
2025-03-25 19:38:46, 54,, 8343,, 215.07
2025-03-25 19:38:56, 62,, 8343,, 250.15
2025-03-25 19:39:06, 37,, 8343,, 113.00
2025-03-25 19:39:16, 46,, 8343,, 91.92
2025-03-25 19:39:26, 49,, 8343,, 168.85
2025-03-25 19:39:36, 26,, 8343,, 190.78
2025-03-25 19:39:46, 65,, 8343,, 251.11
2025-03-25 19:39:56, 53,, 8343,, 222.90
2025-03-25 19:40:06, 29,, 8343,, 176.52
2025-03-25 19:40:16, 45,, 8343,, 176.89
2025-03-25 19:40:26, 37,, 8343,, 87.17
2025-03-25 19:40:36, 53,, 8343,, 131.25
2025-03-25 19:40:46, 28,, 8343,, 155.06
2025-03-25 19:40:56, 23,, 8343,, 93.85
2025-03-25 19:41:06, 62,, 8343,, 195.92
2025-03-25 19:41:16, 39,, 8343,, 200.57
2025-03-25 19:41:26, 56,, 8343,, 240.59
2025-03-25 19:41:37, 64,, 8343,, 185.38
2025-03-25 19:41:47, 61,, 8343,, 228.32
2025-03-25 19:41:57, 33,, 8343,, 157.35
2025-03-25 19:42:07, 35,, 8343,, 177.96
2025-03-25 19:42:17, 37,, 8343,, 203.44
2025-03-25 19:42:27, 30,, 8343,, 101.06
2025-03-25 19:42:37, 39,, 8343,, 237.09
2025-03-25 19:42:47, 49,, 8343,, 237.09
2025-03-25 19:42:57, 56,, 8343,, 106.82
2025-03-25 19:43:07, 46,, 8343,, 180.72
2025-03-25 19:43:17, 45,, 8343,, 90.54
2025-03-25 19:43:27, 38,, 8343,, 159.27
2025-03-25 19:43:37, 28,, 8343,, 260.32
2025-03-25 19:43:47, 37,, 8343,, 215.45
2025-03-25 19:43:57, 44,, 8343,, 138.75
2025-03-25 19:44:07, 46,, 8343,, 113.48
2025-03-25 19:44:17, 21,, 8343,, 79.96
2025-03-25 19:44:27, 31,, 8343,, 154.47
2025-03-25 19:44:37, 27,, 8343,, 106.75
2025-03-25 19:44:47, 37,, 8343,, 94.33
2025-03-25 19:44:57, 30,, 8343,, 87.60
2025-03-25 19:45:07, 48,, 8343,, 198.44
2025-03-25 19:45:17, 22,, 8343,, 137.40
2025-03-25 19:45:27, 22,, 8343,, 133.56
2025-03-25 19:45:37, 40,, 8343,, 199.27
2025-03-25 19:45:48, 38,, 8343,, 213.01
2025-03-25 19:45:58, 61,, 8343,, 233.42
2025-03-25 19:46:08, 35,, 8343,, 90.00
2025-03-25 19:46:18, 35,, 8343,, 243.46
2025-03-25 19:46:28, 63,, 8343,, 187.17
2025-03-25 19:46:38, 27,, 8343,, 121.64
2025-03-25 19:46:48, 40,, 8343,, 156.98
2025-03-25 19:46:58, 56,, 8343,, 185.51
2025-03-25 19:47:08, 30,, 8343,, 148.44
2025-03-25 19:47:18, 43,, 8343,, 211.71
2025-03-25 19:47:28, 35,, 8343,, 131.64
2025-03-25 19:47:38, 44,, 8343,, 100.57
2025-03-25 19:47:48, 35,, 8343,, 113.00
2025-03-25 19:47:58, 0,, 8343,, 75.15
2025-03-25 19:48:08, 79,, 8343,, 94.81
2025-03-25 19:48:18, 29,, 8343,, 214.44
2025-03-25 19:48:28, 33,, 8343,, 204.05
2025-03-25 19:48:38, 28,, 8343,, 92.40
2025-03-25 19:48:48, 37,, 8343,, 80.92
2025-03-25 19:48:58, 43,, 8343,, 137.88
2025-03-25 19:49:08, 19,, 8343,, 232.79
2025-03-25 19:49:18, 60,, 8343,, 235.49
2025-03-25 19:49:28, 61,, 8343,, 203.30
2025-03-25 19:49:38, 23,, 8343,, 95.77
2025-03-25 19:49:49, 60,, 8343,, 186.95
2025-03-25 19:49:59, 53,, 8343,, 115.40
2025-03-25 19:50:09, 46,, 8343,, 79.96
2025-03-25 19:50:19, 47,, 8343,, 236.13
2025-03-25 19:50:29, 65,, 8343,, 216.98
2025-03-25 19:50:39, 38,, 8343,, 171.14
2025-03-25 19:50:49, 60,, 8343,, 245.21
2025-03-25 19:50:59, 44,, 8343,, 231.51
2025-03-25 19:51:09, 63,, 8343,, 168.85
2025-03-25 19:51:19, 51,, 8343,, 103.87
2025-03-25 19:51:29, 19,, 8343,, 127.71
2025-03-25 19:51:39, 26,, 8343,, 86.58
2025-03-25 19:51:49, 28,, 8343,, 133.08
2025-03-25 19:51:59, 49,, 8343,, 99.13
2025-03-25 19:52:09, 46,, 8343,, 110.59
2025-03-25 19:52:19, 54,, 8343,, 178.08
2025-03-25 19:52:29, 55,, 8343,, 94.26
2025-03-25 19:52:39, 59,, 8343,, 194.96
2025-03-25 19:52:49, 44,, 8343,, 174.13
2025-03-25 19:52:59, 27,, 8343,, 224.82
2025-03-25 19:53:09, 53,, 8343,, 230.08
2025-03-25 19:53:19, 28,, 8343,, 114.44
2025-03-25 19:53:29, 50,, 8343,, 146.42
2025-03-25 19:53:39, 39,, 8343,, 122.52
2025-03-25 19:53:49, 28,, 8343,, 92.88
2025-03-25 19:53:59, 19,, 8343,, 79.00
2025-03-25 19:54:09, 46,, 8343,, 209.80
2025-03-25 19:54:19, 28,, 8343,, 121.48
2025-03-25 19:54:30, 28,, 8343,, 155.06
2025-03-25 19:54:40, 30,, 8343,, 107.23
2025-03-25 19:54:50, 32,, 8343,, 210.42
2025-03-25 19:55:00, 34,, 8343,, 123.96
2025-03-25 19:55:10, 37,, 8343,, 238.20
2025-03-25 19:55:20, 64,, 8343,, 219.23
2025-03-25 19:55:30, 52,, 8343,, 185.99
2025-03-25 19:55:40, 34,, 8343,, 225.45
2025-03-25 19:55:50, 46,, 8343,, 177.96
2025-03-25 19:56:00, 37,, 8343,, 188.51
2025-03-25 19:56:10, 31,, 8343,, 190.78
2025-03-25 19:56:20, 18,, 8343,, 152.66
2025-03-25 19:56:30, 52,, 8343,, 220.04
2025-03-25 19:56:40, 34,, 8343,, 108.26
2025-03-25 19:56:50, 29,, 8343,, 103.46
2025-03-25 19:57:00, 62,, 8343,, 249.99
2025-03-25 19:57:10, 39,, 8343,, 202.14
2025-03-25 19:57:20, 52,, 8343,, 167.90
2025-03-25 19:57:30, 72,, 8343,, 94.33
2025-03-25 19:57:40, 67,, 8343,, 199.88
2025-03-25 19:57:50, 28,, 8343,, 226.88
2025-03-25 19:58:00, 35,, 8343,, 216.84
2025-03-25 19:58:10, 28,, 8343,, 75.63
2025-03-25 19:58:20, 43,, 8343,, 252.07
2025-03-25 19:58:30, 54,, 8343,, 106.34
2025-03-25 19:58:41, 36,, 8343,, 93.36
2025-03-25 19:58:51, 53,, 8343,, 192.91
2025-03-25 19:59:01, 33,, 8343,, 161.18
2025-03-25 19:59:11, 35,, 8343,, 87.60
2025-03-25 19:59:21, 33,, 8343,, 93.85
2025-03-25 19:59:31, 53,, 8343,, 239.32
2025-03-25 19:59:41, 39,, 8343,, 203.10
2025-03-25 19:59:51, 44,, 8343,, 173.53
2025-03-25 20:00:01, 64,, 8343,, 210.76
2025-03-25 20:00:11, 50,, 8343,, 193.52
2025-03-25 20:00:21, 28,, 8343,, 146.90
2025-03-25 20:00:31, 38,, 8343,, 227.36
2025-03-25 20:00:41, 53,, 8343,, 252.07
2025-03-25 20:00:51, 55,, 8343,, 117.80
2025-03-25 20:01:01, 36,, 8343,, 120.20
2025-03-25 20:01:11, 25,, 8343,, 76.11
2025-03-25 20:01:21, 32,, 8343,, 173.65
2025-03-25 20:01:31, 37,, 8343,, 117.80
2025-03-25 20:01:41, 27,, 8343,, 78.04
2025-03-25 20:01:51, 38,, 8343,, 194.13
2025-03-25 20:02:01, 64,, 8343,, 219.37
2025-03-25 20:02:11, 43,, 8343,, 152.66
2025-03-25 20:02:21, 46,, 8343,, 82.85
2025-03-25 20:02:31, 30,, 8343,, 85.25
2025-03-25 20:02:42, 22,, 8343,, 122.52
2025-03-25 20:02:52, 55,, 8343,, 229.60
2025-03-25 20:03:02, 45,, 8343,, 200.23
2025-03-25 20:03:12, 54,, 8343,, 207.27
2025-03-25 20:03:22, 37,, 8343,, 123.08
2025-03-25 20:03:32, 26,, 8343,, 209.32
2025-03-25 20:03:42, 40,, 8343,, 107.71
2025-03-25 20:03:52, 23,, 8343,, 123.96
2025-03-25 20:04:02, 46,, 8343,, 101.06
2025-03-25 20:04:12, 40,, 8343,, 89.04
2025-03-25 20:04:22, 54,, 8343,, 173.65
2025-03-25 20:04:32, 27,, 8343,, 85.19
2025-03-25 20:04:42, 20,, 8343,, 156.02
2025-03-25 20:04:52, 30,, 8343,, 166.46
2025-03-25 20:05:02, 49,, 8343,, 153.99
2025-03-25 20:05:12, 28,, 8343,, 222.39
2025-03-25 20:05:22, 56,, 8343,, 233.58
2025-03-25 20:05:32, 48,, 8343,, 192.21
2025-03-25 20:05:42, 61,, 8343,, 180.36
2025-03-25 20:05:52, 40,, 8343,, 205.01
2025-03-25 20:06:02, 54,, 8343,, 229.90
2025-03-25 20:06:12, 28,, 8343,, 123.56
2025-03-25 20:06:22, 37,, 8343,, 202.14
2025-03-25 20:06:32, 43,, 8343,, 189.47
2025-03-25 20:06:42, 61,, 8343,, 240.92
2025-03-25 20:06:52, 53,, 8343,, 205.49
2025-03-25 20:07:03, 37,, 8343,, 90.06
2025-03-25 20:07:13, 24,, 8343,, 141.15
2025-03-25 20:07:23, 50,, 8343,, 226.88
2025-03-25 20:07:33, 36,, 8343,, 189.21
2025-03-25 20:07:43, 37,, 8343,, 236.93
2025-03-25 20:07:53, 55,, 8343,, 116.36
2025-03-25 20:08:03, 46,, 8343,, 231.34
2025-03-25 20:08:13, 28,, 8343,, 90.96
2025-03-25 20:08:23, 77,, 8343,, 218.90
2025-03-25 20:08:33, 26,, 8343,, 78.04
2025-03-25 20:08:43, 39,, 8343,, 198.79
2025-03-25 20:08:53, 24,, 8343,, 238.84
2025-03-25 20:09:03, 41,, 8343,, 89.52
2025-03-25 20:09:13, 28,, 8343,, 91.44
2025-03-25 20:09:23, 28,, 8343,, 112.51
2025-03-25 20:09:33, 62,, 8343,, 224.64
2025-03-25 20:09:43, 65,, 8343,, 170.29
2025-03-25 20:09:53, 28,, 8343,, 194.48
2025-03-25 20:10:03, 34,, 8343,, 133.08
2025-03-25 20:10:13, 28,, 8343,, 98.17
2025-03-25 20:10:23, 36,, 8343,, 104.90
2025-03-25 20:10:33, 29,, 8343,, 82.36
2025-03-25 20:10:43, 63,, 8343,, 236.93
2025-03-25 20:10:53, 30,, 8343,, 135.96
2025-03-25 20:11:03, 55,, 8343,, 185.51
2025-03-25 20:11:14, 34,, 8343,, 102.98
2025-03-25 20:11:24, 32,, 8343,, 201.18
2025-03-25 20:11:34, 62,, 8343,, 159.37
2025-03-25 20:11:44, 28,, 8343,, 164.06
2025-03-25 20:11:54, 49,, 8343,, 182.63
2025-03-25 20:12:04, 55,, 8343,, 221.77
2025-03-25 20:12:14, 37,, 8343,, 98.17
2025-03-25 20:12:24, 53,, 8343,, 205.49
2025-03-25 20:12:34, 31,, 8343,, 212.81
2025-03-25 20:12:44, 48,, 8343,, 239.80
2025-03-25 20:12:54, 22,, 8343,, 200.23
2025-03-25 20:13:04, 43,, 8343,, 163.58
2025-03-25 20:13:14, 50,, 8343,, 255.89
2025-03-25 20:13:24, 30,, 8343,, 86.69
2025-03-25 20:13:34, 47,, 8343,, 239.16
2025-03-25 20:13:44, 37,, 8343,, 112.04
2025-03-25 20:13:54, 47,, 8343,, 103.46
2025-03-25 20:14:04, 32,, 8343,, 102.02
2025-03-25 20:14:14, 49,, 8343,, 159.37
2025-03-25 20:14:24, 46,, 8343,, 175.20
2025-03-25 20:14:34, 61,, 8343,, 239.00
2025-03-25 20:14:44, 45,, 8343,, 102.98
2025-03-25 20:14:54, 53,, 8343,, 235.98
2025-03-25 20:15:04, 48,, 8343,, 143.07
2025-03-25 20:15:14, 31,, 8343,, 210.28
2025-03-25 20:15:24, 57,, 8343,, 166.94
2025-03-25 20:15:34, 35,, 8343,, 203.23
2025-03-25 20:15:45, 47,, 8343,, 102.50
2025-03-25 20:15:55, 54,, 8343,, 166.57
2025-03-25 20:16:05, 52,, 8343,, 104.90
2025-03-25 20:16:15, 28,, 8343,, 239.64
2025-03-25 20:16:25, 45,, 8343,, 229.27
2025-03-25 20:16:35, 30,, 8343,, 78.52
2025-03-25 20:16:45, 46,, 8343,, 134.13
2025-03-25 20:16:55, 39,, 8343,, 180.36
2025-03-25 20:17:05, 63,, 8343,, 135.96
2025-03-25 20:17:15, 32,, 8343,, 218.27
2025-03-25 20:17:25, 44,, 8343,, 80.92
2025-03-25 20:17:35, 24,, 8343,, 237.73
2025-03-25 20:17:45, 61,, 8343,, 136.92
2025-03-25 20:17:55, 28,, 8343,, 156.87
2025-03-25 20:18:05, 30,, 8343,, 197.96
2025-03-25 20:18:15, 65,, 8343,, 118.76
2025-03-25 20:18:25, 31,, 8343,, 103.46
2025-03-25 20:18:35, 42,, 8343,, 231.99
2025-03-25 20:18:45, 26,, 8343,, 85.73
2025-03-25 20:18:55, 18,, 8343,, 120.20
2025-03-25 20:19:05, 26,, 8343,, 102.02
2025-03-25 20:19:15, 42,, 8343,, 242.19
2025-03-25 20:19:25, 28,, 8343,, 195.09
2025-03-25 20:19:35, 32,, 8343,, 126.36
2025-03-25 20:19:45, 62,, 8343,, 146.42
2025-03-25 20:19:55, 20,, 8343,, 90.48
2025-03-25 20:20:05, 47,, 8343,, 229.12
2025-03-25 20:20:16, 41,, 8343,, 143.54
2025-03-25 20:20:26, 47,, 8343,, 229.60
2025-03-25 20:20:36, 37,, 8343,, 156.98
2025-03-25 20:20:46, 38,, 8343,, 186.24
2025-03-25 20:20:56, 62,, 8343,, 151.70
2025-03-25 20:21:06, 56,, 8343,, 235.81
2025-03-25 20:21:16, 40,, 8343,, 106.75
2025-03-25 20:21:26, 62,, 8343,, 159.85
2025-03-25 20:21:36, 37,, 8343,, 96.73
2025-03-25 20:21:46, 50,, 8343,, 237.41
2025-03-25 20:21:56, 64,, 8343,, 216.50
2025-03-25 20:22:06, 72,, 8343,, 82.36
2025-03-25 20:22:16, 62,, 8343,, 258.28
2025-03-25 20:22:26, 34,, 8343,, 93.85
2025-03-25 20:22:36, 63,, 8343,, 82.36
2025-03-25 20:22:46, 31,, 8343,, 233.90
2025-03-25 20:22:56, 62,, 8343,, 193.17
2025-03-25 20:23:06, 25,, 8343,, 186.47
2025-03-25 20:23:16, 35,, 8343,, 112.11
2025-03-25 20:23:26, 18,, 8343,, 102.50
2025-03-25 20:23:36, 18,, 8343,, 102.91
2025-03-25 20:23:46, 28,, 8343,, 95.77
2025-03-25 20:23:56, 27,, 8343,, 77.07
2025-03-25 20:24:06, 38,, 8343,, 164.65
2025-03-25 20:24:16, 39,, 8343,, 78.04
2025-03-25 20:24:26, 18,, 8343,, 75.63
2025-03-25 20:24:36, 54,, 8343,, 217.46
2025-03-25 20:24:47, 46,, 8343,, 211.38
2025-03-25 20:24:57, 40,, 8343,, 79.43
2025-03-25 20:25:07, 69,, 8343,, 91.98
2025-03-25 20:25:17, 22,, 8343,, 85.25
2025-03-25 20:25:27, 37,, 8343,, 102.50
2025-03-25 20:25:37, 26,, 8343,, 208.84
2025-03-25 20:25:47, 21,, 8343,, 91.38
2025-03-25 20:25:57, 38,, 8343,, 237.41
2025-03-25 20:26:07, 62,, 8343,, 169.33
2025-03-25 20:26:17, 37,, 8343,, 116.76
2025-03-25 20:26:27, 29,, 8343,, 108.26
2025-03-25 20:26:37, 39,, 8343,, 252.55
2025-03-25 20:26:47, 64,, 8343,, 216.98
2025-03-25 20:26:57, 50,, 8343,, 90.96
2025-03-25 20:27:07, 62,, 8343,, 230.55
2025-03-25 20:27:17, 47,, 8343,, 243.78
2025-03-25 20:27:27, 21,, 8343,, 86.21
2025-03-25 20:27:37, 30,, 8343,, 116.28
2025-03-25 20:27:47, 49,, 8343,, 218.12
2025-03-25 20:27:57, 78,, 8343,, 246.50
2025-03-25 20:28:07, 37,, 8343,, 174.61
2025-03-25 20:28:17, 77,, 8343,, 243.15
2025-03-25 20:28:27, 28,, 8343,, 162.73
2025-03-25 20:28:37, 36,, 8343,, 207.95
2025-03-25 20:28:47, 50,, 8343,, 188.38
2025-03-25 20:28:57, 56,, 8343,, 218.42
2025-03-25 20:29:08, 38,, 8343,, 187.42
2025-03-25 20:29:18, 46,, 8343,, 95.83
2025-03-25 20:29:28, 37,, 8343,, 232.78
2025-03-25 20:29:38, 14,, 8343,, 184.55
2025-03-25 20:29:48, 63,, 8343,, 191.74
2025-03-25 20:29:58, 54,, 8343,, 162.73
2025-03-25 20:30:08, 35,, 8343,, 123.08
2025-03-25 20:30:18, 61,, 8343,, 225.92
2025-03-25 20:30:28, 27,, 8343,, 157.08
2025-03-25 20:30:38, 28,, 8343,, 97.69
2025-03-25 20:30:48, 66,, 8343,, 240.59
2025-03-25 20:30:58, 45,, 8343,, 217.12
2025-03-25 20:31:08, 32,, 8343,, 180.96
2025-03-25 20:31:18, 39,, 8343,, 219.85
2025-03-25 20:31:28, 37,, 8343,, 211.24
2025-03-25 20:31:38, 30,, 8343,, 157.08
2025-03-25 20:31:48, 62,, 8343,, 252.38
2025-03-25 20:31:58, 47,, 8343,, 86.69
2025-03-25 20:32:08, 46,, 8343,, 146.90
2025-03-25 20:32:18, 49,, 8343,, 215.54
2025-03-25 20:32:28, 51,, 8343,, 247.60
2025-03-25 20:32:38, 27,, 8343,, 164.54
2025-03-25 20:32:48, 46,, 8343,, 79.00
2025-03-25 20:32:58, 30,, 8343,, 165.13
2025-03-25 20:33:08, 54,, 8343,, 188.86
2025-03-25 20:33:18, 21,, 8343,, 75.63
2025-03-25 20:33:28, 54,, 8343,, 109.22
2025-03-25 20:33:39, 56,, 8343,, 194.00
2025-03-25 20:33:49, 55,, 8343,, 130.29
2025-03-25 20:33:59, 29,, 8343,, 112.59
2025-03-25 20:34:09, 30,, 8343,, 205.97
2025-03-25 20:34:19, 62,, 8343,, 113.00
2025-03-25 20:34:29, 42,, 8343,, 235.97
2025-03-25 20:34:39, 47,, 8343,, 136.44
2025-03-25 20:34:49, 36,, 8343,, 163.58
2025-03-25 20:34:59, 28,, 8343,, 94.33
2025-03-25 20:35:09, 30,, 8343,, 93.36
2025-03-25 20:35:19, 28,, 8343,, 94.33
2025-03-25 20:35:29, 74,, 8343,, 214.92
2025-03-25 20:35:39, 37,, 8343,, 95.77
2025-03-25 20:35:49, 46,, 8343,, 104.76
2025-03-25 20:35:59, 27,, 8343,, 142.59
2025-03-25 20:36:09, 37,, 8343,, 220.66
2025-03-25 20:36:19, 30,, 8343,, 116.84
2025-03-25 20:36:29, 47,, 8343,, 171.14
2025-03-25 20:36:39, 28,, 8343,, 192.09
2025-03-25 20:36:49, 54,, 8343,, 100.09
2025-03-25 20:36:59, 40,, 8343,, 104.90
2025-03-25 20:37:09, 62,, 8343,, 162.62
2025-03-25 20:37:19, 61,, 8343,, 93.36
2025-03-25 20:37:29, 46,, 8343,, 139.61
2025-03-25 20:37:39, 48,, 8343,, 203.10
2025-03-25 20:37:49, 47,, 8343,, 240.59
2025-03-25 20:37:59, 63,, 8343,, 85.25
2025-03-25 20:38:10, 49,, 8343,, 183.24
2025-03-25 20:38:20, 27,, 8343,, 86.69
2025-03-25 20:38:30, 46,, 8343,, 91.50
2025-03-25 20:38:40, 28,, 8343,, 98.17
2025-03-25 20:38:50, 33,, 8343,, 191.74
2025-03-25 20:39:00, 33,, 8343,, 181.92
2025-03-25 20:39:10, 49,, 8343,, 167.05
2025-03-25 20:39:20, 36,, 8343,, 167.30
2025-03-25 20:39:30, 87,, 8343,, 132.21
2025-03-25 20:39:40, 30,, 8343,, 129.72
2025-03-25 20:39:50, 55,, 8343,, 246.81
2025-03-25 20:40:00, 67,, 8343,, 258.46
2025-03-25 20:40:10, 52,, 8343,, 235.50
2025-03-25 20:40:20, 60,, 8343,, 243.15
2025-03-25 20:40:30, 33,, 8343,, 124.36
2025-03-25 20:40:40, 39,, 8343,, 95.77
2025-03-25 20:40:50, 30,, 8343,, 88.50
2025-03-25 20:41:00, 63,, 8343,, 167.05
2025-03-25 20:41:10, 31,, 8343,, 87.65
2025-03-25 20:41:20, 36,, 8343,, 133.56
2025-03-25 20:41:30, 24,, 8343,, 179.04
2025-03-25 20:41:40, 58,, 8343,, 97.69
2025-03-25 20:41:50, 27,, 8343,, 224.34
2025-03-25 20:42:00, 28,, 8343,, 101.54
2025-03-25 20:42:10, 50,, 8343,, 245.21
2025-03-25 20:42:20, 34,, 8343,, 163.58
2025-03-25 20:42:30, 29,, 8343,, 155.54
2025-03-25 20:42:41, 39,, 8343,, 182.28
2025-03-25 20:42:51, 36,, 8343,, 174.13
2025-03-25 20:43:01, 62,, 8343,, 180.24
2025-03-25 20:43:11, 54,, 8343,, 203.10
2025-03-25 20:43:21, 28,, 8343,, 88.62
2025-03-25 20:43:31, 55,, 8343,, 224.49
2025-03-25 20:43:41, 66,, 8343,, 197.48
2025-03-25 20:43:51, 62,, 8343,, 237.88
2025-03-25 20:44:01, 45,, 8343,, 228.79
2025-03-25 20:44:11, 28,, 8343,, 93.85
2025-03-25 20:44:21, 54,, 8343,, 99.13
2025-03-25 20:44:31, 25,, 8343,, 239.32
2025-03-25 20:44:41, 83,, 8343,, 209.46
2025-03-25 20:44:51, 28,, 8343,, 108.67
2025-03-25 20:45:01, 30,, 8343,, 104.42
2025-03-25 20:45:11, 47,, 8343,, 188.38
2025-03-25 20:45:21, 37,, 8343,, 108.67
2025-03-25 20:45:31, 41,, 8343,, 178.56
2025-03-25 20:45:41, 38,, 8343,, 161.18
2025-03-25 20:45:51, 24,, 8343,, 175.09
2025-03-25 20:46:01, 55,, 8343,, 175.09
2025-03-25 20:46:11, 0,, 8343,, 74.67
2025-03-25 20:46:21, 34,, 8343,, 197.62
2025-03-25 20:46:31, 39,, 8343,, 191.13
2025-03-25 20:46:41, 37,, 8343,, 236.45
2025-03-25 20:46:51, 55,, 8343,, 187.07
2025-03-25 20:47:02, 40,, 8343,, 242.19
2025-03-25 20:47:12, 46,, 8343,, 90.96
2025-03-25 20:47:22, 28,, 8343,, 207.88
2025-03-25 20:47:32, 37,, 8343,, 170.41
2025-03-25 20:47:42, 31,, 8343,, 233.58
2025-03-25 20:47:52, 27,, 8343,, 135.00
2025-03-25 20:48:02, 64,, 8343,, 246.97
2025-03-25 20:48:12, 56,, 8343,, 135.96
2025-03-25 20:48:22, 61,, 8343,, 205.69
2025-03-25 20:48:32, 33,, 8343,, 137.40
2025-03-25 20:48:42, 37,, 8343,, 114.36
2025-03-25 20:48:52, 31,, 8343,, 115.88
2025-03-25 20:49:02, 23,, 8343,, 176.64
2025-03-25 20:49:12, 55,, 8343,, 243.62
2025-03-25 20:49:22, 18,, 8343,, 165.61
2025-03-25 20:49:32, 37,, 8343,, 171.14
2025-03-25 20:49:42, 53,, 8343,, 163.69
2025-03-25 20:49:52, 36,, 8343,, 123.56
2025-03-25 20:50:02, 62,, 8343,, 99.13
2025-03-25 20:50:12, 27,, 8343,, 84.23
2025-03-25 20:50:22, 37,, 8343,, 108.26
2025-03-25 20:50:32, 32,, 8343,, 174.61
2025-03-25 20:50:42, 41,, 8343,, 90.06
2025-03-25 20:50:52, 42,, 8343,, 241.07
2025-03-25 20:51:02, 28,, 8343,, 98.59
2025-03-25 20:51:12, 79,, 8343,, 105.86
2025-03-25 20:51:23, 28,, 8343,, 124.52
2025-03-25 20:51:33, 37,, 8343,, 140.67
2025-03-25 20:51:43, 38,, 8343,, 93.36
2025-03-25 20:51:53, 29,, 8343,, 90.96
2025-03-25 20:52:03, 48,, 8343,, 237.88
2025-03-25 20:52:13, 56,, 8343,, 205.01
2025-03-25 20:52:23, 38,, 8343,, 90.48
2025-03-25 20:52:33, 25,, 8343,, 125.40
2025-03-25 20:52:43, 36,, 8343,, 191.74
2025-03-25 20:52:53, 23,, 8343,, 188.01
2025-03-25 20:53:03, 66,, 8343,, 248.08
2025-03-25 20:53:13, 36,, 8343,, 78.04
2025-03-25 20:53:23, 18,, 8343,, 92.95
2025-03-25 20:53:33, 48,, 8343,, 110.11
2025-03-25 20:53:43, 30,, 8343,, 154.47
2025-03-25 20:53:53, 27,, 8343,, 200.23
2025-03-25 20:54:03, 36,, 8343,, 92.40
2025-03-25 20:54:13, 55,, 8343,, 223.68
2025-03-25 20:54:23, 25,, 8343,, 119.24
2025-03-25 20:54:33, 18,, 8343,, 223.05
2025-03-25 20:54:43, 46,, 8343,, 212.05
2025-03-25 20:54:53, 34,, 8343,, 107.30
2025-03-25 20:55:03, 55,, 8343,, 164.65
2025-03-25 20:55:13, 46,, 8343,, 172.69
2025-03-25 20:55:23, 25,, 8343,, 97.69
2025-03-25 20:55:33, 58,, 8343,, 222.58
2025-03-25 20:55:43, 55,, 8343,, 116.84
2025-03-25 20:55:53, 32,, 8343,, 160.23
2025-03-25 20:56:03, 53,, 8343,, 112.44
2025-03-25 20:56:14, 61,, 8343,, 263.36
2025-03-25 20:56:24, 23,, 8343,, 164.32
2025-03-25 20:56:34, 30,, 8343,, 213.63
2025-03-25 20:56:44, 31,, 8343,, 199.88
2025-03-25 20:56:54, 46,, 8343,, 139.41
2025-03-25 20:57:04, 46,, 8343,, 183.24
2025-03-25 20:57:14, 42,, 8343,, 186.11
2025-03-25 20:57:24, 32,, 8343,, 223.53
2025-03-25 20:57:34, 27,, 8343,, 217.94
2025-03-25 20:57:44, 59,, 8343,, 165.13
2025-03-25 20:57:54, 61,, 8343,, 154.10
2025-03-25 20:58:04, 62,, 8343,, 212.67
2025-03-25 20:58:14, 61,, 8343,, 206.17
2025-03-25 20:58:24, 50,, 8343,, 134.52
2025-03-25 20:58:34, 34,, 8343,, 124.92
2025-03-25 20:58:44, 24,, 8343,, 139.32
2025-03-25 20:58:54, 28,, 8343,, 78.04
2025-03-25 20:59:04, 54,, 8343,, 165.13
2025-03-25 20:59:14, 55,, 8343,, 122.12
2025-03-25 20:59:24, 31,, 8343,, 177.12
2025-03-25 20:59:34, 20,, 8343,, 178.92
2025-03-25 20:59:44, 28,, 8343,, 155.06
2025-03-25 20:59:54, 39,, 8343,, 148.34
2025-03-25 21:00:04, 54,, 8343,, 230.08
2025-03-25 21:00:14, 54,, 8343,, 89.10
2025-03-25 21:00:24, 53,, 8343,, 201.53
2025-03-25 21:00:34, 59,, 8343,, 95.77
2025-03-25 21:00:45, 59,, 8343,, 118.28
2025-03-25 21:00:55, 32,, 8343,, 125.00
2025-03-25 21:01:05, 46,, 8343,, 249.03
2025-03-25 21:01:15, 47,, 8343,, 186.47
2025-03-25 21:01:25, 73,, 8343,, 174.61
2025-03-25 21:01:35, 45,, 8343,, 109.63
2025-03-25 21:01:45, 46,, 8343,, 100.03
2025-03-25 21:01:55, 37,, 8343,, 166.83
2025-03-25 21:02:05, 48,, 8343,, 230.38
2025-03-25 21:02:15, 39,, 8343,, 101.54
2025-03-25 21:02:25, 30,, 8343,, 157.83
2025-03-25 21:02:35, 60,, 8343,, 155.06
2025-03-25 21:02:45, 18,, 8343,, 123.56
2025-03-25 21:02:55, 62,, 8343,, 92.40
2025-03-25 21:03:05, 39,, 8343,, 133.47
2025-03-25 21:03:15, 30,, 8343,, 81.40
2025-03-25 21:03:25, 28,, 8343,, 161.77
2025-03-25 21:03:35, 24,, 8343,, 77.07
2025-03-25 21:03:45, 29,, 8343,, 76.59
2025-03-25 21:03:55, 55,, 8343,, 160.81
2025-03-25 21:04:05, 31,, 8343,, 88.14
2025-03-25 21:04:15, 28,, 8343,, 87.17
2025-03-25 21:04:25, 21,, 8343,, 210.76
2025-03-25 21:04:35, 25,, 8343,, 166.46
2025-03-25 21:04:45, 47,, 8343,, 90.96
2025-03-25 21:04:55, 45,, 8343,, 80.44
2025-03-25 21:05:05, 49,, 8343,, 247.29
2025-03-25 21:05:16, 46,, 8343,, 209.80
2025-03-25 21:05:26, 28,, 8343,, 92.88
2025-03-25 21:05:36, 46,, 8343,, 197.01
2025-03-25 21:05:46, 56,, 8343,, 200.09
2025-03-25 21:05:56, 27,, 8343,, 79.48
2025-03-25 21:06:06, 41,, 8343,, 167.42
2025-03-25 21:06:16, 39,, 8343,, 151.70
2025-03-25 21:06:26, 60,, 8343,, 249.68
2025-03-25 21:06:36, 30,, 8343,, 78.52
2025-03-25 21:06:46, 55,, 8343,, 236.45
2025-03-25 21:06:56, 48,, 8343,, 204.67
2025-03-25 21:07:06, 48,, 8343,, 169.33
2025-03-25 21:07:16, 38,, 8343,, 219.71
2025-03-25 21:07:26, 37,, 8343,, 80.44
2025-03-25 21:07:36, 25,, 8343,, 115.80
2025-03-25 21:07:46, 55,, 8343,, 242.51
2025-03-25 21:07:56, 43,, 8343,, 203.23
2025-03-25 21:08:06, 55,, 8343,, 183.11
2025-03-25 21:08:16, 28,, 8343,, 100.57
2025-03-25 21:08:26, 48,, 8343,, 192.57
2025-03-25 21:08:36, 35,, 8343,, 89.58
2025-03-25 21:08:46, 37,, 8343,, 166.09
2025-03-25 21:08:56, 46,, 8343,, 230.71
2025-03-25 21:09:06, 31,, 8343,, 95.29
2025-03-25 21:09:16, 37,, 8343,, 94.33
2025-03-25 21:09:26, 28,, 8343,, 177.37
2025-03-25 21:09:36, 36,, 8343,, 103.46
2025-03-25 21:09:47, 61,, 8343,, 163.80
2025-03-25 21:09:57, 65,, 8343,, 219.37
2025-03-25 21:10:07, 40,, 8343,, 212.53
2025-03-25 21:10:17, 41,, 8343,, 79.91
2025-03-25 21:10:27, 33,, 8343,, 208.22
2025-03-25 21:10:37, 82,, 8343,, 108.19
2025-03-25 21:10:47, 33,, 8343,, 82.85
2025-03-25 21:10:57, 39,, 8343,, 120.04
2025-03-25 21:11:07, 47,, 8343,, 221.77
2025-03-25 21:11:17, 33,, 8343,, 107.30
2025-03-25 21:11:27, 47,, 8343,, 96.73
2025-03-25 21:11:37, 22,, 8343,, 211.24
2025-03-25 21:11:47, 56,, 8343,, 116.36
2025-03-25 21:11:57, 31,, 8343,, 202.62
2025-03-25 21:12:07, 55,, 8343,, 219.37
2025-03-25 21:12:17, 40,, 8343,, 207.07
2025-03-25 21:12:27, 33,, 8343,, 173.53
2025-03-25 21:12:37, 66,, 8343,, 167.53
2025-03-25 21:12:47, 56,, 8343,, 107.78
2025-03-25 21:12:57, 56,, 8343,, 109.71
2025-03-25 21:13:07, 63,, 8343,, 231.99
2025-03-25 21:13:17, 76,, 8343,, 98.17
2025-03-25 21:13:27, 46,, 8343,, 183.24
2025-03-25 21:13:37, 25,, 8343,, 83.81
2025-03-25 21:13:47, 27,, 8343,, 88.62
2025-03-25 21:13:57, 32,, 8343,, 195.57
2025-03-25 21:14:07, 30,, 8343,, 211.71
2025-03-25 21:14:18, 59,, 8343,, 185.03
2025-03-25 21:14:28, 27,, 8343,, 116.84
2025-03-25 21:14:38, 33,, 8343,, 96.25
2025-03-25 21:14:48, 28,, 8343,, 101.47
2025-03-25 21:14:58, 27,, 8343,, 146.52
2025-03-25 21:15:08, 34,, 8343,, 97.69
2025-03-25 21:15:18, 32,, 8343,, 94.81
2025-03-25 21:15:28, 40,, 8343,, 226.40
2025-03-25 21:15:38, 28,, 8343,, 197.22
2025-03-25 21:15:48, 77,, 8343,, 187.42
2025-03-25 21:15:58, 64,, 8343,, 203.10
2025-03-25 21:16:08, 46,, 8343,, 93.43
2025-03-25 21:16:18, 52,, 8343,, 236.29
2025-03-25 21:16:28, 44,, 8343,, 94.33
2025-03-25 21:16:38, 28,, 8343,, 146.32
2025-03-25 21:16:48, 56,, 8343,, 188.38
2025-03-25 21:16:58, 41,, 8343,, 86.69
2025-03-25 21:17:08, 20,, 8343,, 238.36
2025-03-25 21:17:18, 26,, 8343,, 241.07
2025-03-25 21:17:28, 49,, 8343,, 114.51
2025-03-25 21:17:38, 37,, 8343,, 230.86
2025-03-25 21:17:48, 20,, 8343,, 158.79
2025-03-25 21:17:58, 31,, 8343,, 161.29
2025-03-25 21:18:08, 64,, 8343,, 119.72
2025-03-25 21:18:18, 28,, 8343,, 233.42
2025-03-25 21:18:28, 33,, 8343,, 193.04
2025-03-25 21:18:39, 29,, 8343,, 237.41
2025-03-25 21:18:49, 57,, 8343,, 198.79
2025-03-25 21:18:59, 63,, 8343,, 144.60
2025-03-25 21:19:09, 38,, 8343,, 148.34
2025-03-25 21:19:19, 54,, 8343,, 136.44
2025-03-25 21:19:29, 27,, 8343,, 115.88
2025-03-25 21:19:39, 18,, 8343,, 111.55
2025-03-25 21:19:49, 32,, 8343,, 203.44
2025-03-25 21:19:59, 33,, 8343,, 256.37
2025-03-25 21:20:09, 30,, 8343,, 183.59
2025-03-25 21:20:19, 18,, 8343,, 170.29
2025-03-25 21:20:29, 47,, 8343,, 192.09
2025-03-25 21:20:39, 31,, 8343,, 210.14
2025-03-25 21:20:49, 23,, 8343,, 196.40
2025-03-25 21:20:59, 48,, 8343,, 260.80
2025-03-25 21:21:09, 26,, 8343,, 76.64
2025-03-25 21:21:19, 77,, 8343,, 105.38
2025-03-25 21:21:29, 28,, 8343,, 106.27
2025-03-25 21:21:39, 22,, 8343,, 188.03
2025-03-25 21:21:49, 37,, 8343,, 96.73
2025-03-25 21:21:59, 55,, 8343,, 119.24
2025-03-25 21:22:09, 21,, 8343,, 80.44
2025-03-25 21:22:19, 33,, 8343,, 237.57
2025-03-25 21:22:29, 61,, 8343,, 100.57
2025-03-25 21:22:39, 31,, 8343,, 227.36
2025-03-25 21:22:49, 21,, 8343,, 150.64
2025-03-25 21:23:00, 36,, 8343,, 105.86
2025-03-25 21:23:10, 37,, 8343,, 94.33
2025-03-25 21:23:20, 37,, 8343,, 108.19
2025-03-25 21:23:30, 36,, 8343,, 96.25
2025-03-25 21:23:40, 42,, 8343,, 218.75
2025-03-25 21:23:50, 49,, 8343,, 232.62
2025-03-25 21:24:00, 29,, 8343,, 178.92
2025-03-25 21:24:10, 63,, 8343,, 247.76
2025-03-25 21:24:20, 61,, 8343,, 188.51
2025-03-25 21:24:30, 62,, 8343,, 221.77
2025-03-25 21:24:40, 56,, 8343,, 198.79
2025-03-25 21:24:50, 75,, 8343,, 153.14
2025-03-25 21:25:00, 65,, 8343,, 128.76
2025-03-25 21:25:10, 28,, 8343,, 111.07
2025-03-25 21:25:20, 37,, 8343,, 192.57
2025-03-25 21:25:30, 39,, 8343,, 209.18
2025-03-25 21:25:40, 26,, 8343,, 77.07
2025-03-25 21:25:50, 30,, 8343,, 174.49
2025-03-25 21:26:00, 30,, 8343,, 176.77
2025-03-25 21:26:10, 41,, 8343,, 171.98
2025-03-25 21:26:20, 74,, 8343,, 167.42
2025-03-25 21:26:30, 27,, 8343,, 109.22
2025-03-25 21:26:40, 35,, 8343,, 180.24
2025-03-25 21:26:50, 25,, 8343,, 170.18
2025-03-25 21:27:00, 29,, 8343,, 202.62
2025-03-25 21:27:10, 54,, 8343,, 180.24
2025-03-25 21:27:20, 52,, 8343,, 130.20
2025-03-25 21:27:31, 62,, 8343,, 98.65
2025-03-25 21:27:41, 62,, 8343,, 174.13
2025-03-25 21:27:51, 61,, 8343,, 243.30
2025-03-25 21:28:01, 36,, 8343,, 231.03
2025-03-25 21:28:11, 37,, 8343,, 199.27
2025-03-25 21:28:21, 39,, 8343,, 237.25
2025-03-25 21:28:31, 28,, 8343,, 153.24
2025-03-25 21:28:41, 28,, 8343,, 107.30
2025-03-25 21:28:51, 61,, 8343,, 189.47
2025-03-25 21:29:01, 57,, 8343,, 166.46
2025-03-25 21:29:11, 61,, 8343,, 202.62
2025-03-25 21:29:21, 38,, 8343,, 143.16
2025-03-25 21:29:31, 27,, 8343,, 82.36
2025-03-25 21:29:41, 28,, 8343,, 200.84
2025-03-25 21:29:51, 67,, 8343,, 205.49
2025-03-25 21:30:01, 33,, 8343,, 102.50
2025-03-25 21:30:11, 30,, 8343,, 160.81
2025-03-25 21:30:21, 22,, 8343,, 207.88
2025-03-25 21:30:31, 23,, 8343,, 97.69
2025-03-25 21:30:41, 53,, 8343,, 116.84
2025-03-25 21:30:51, 71,, 8343,, 233.26
2025-03-25 21:31:01, 62,, 8343,, 199.88
2025-03-25 21:31:11, 46,, 8343,, 104.42
2025-03-25 21:31:21, 18,, 8343,, 76.11
2025-03-25 21:31:31, 46,, 8343,, 156.39
2025-03-25 21:31:41, 62,, 8343,, 139.80
2025-03-25 21:31:51, 45,, 8343,, 172.57
2025-03-25 21:32:01, 18,, 8343,, 132.21
2025-03-25 21:32:12, 37,, 8343,, 186.59
2025-03-25 21:32:22, 50,, 8343,, 147.86
2025-03-25 21:32:32, 25,, 8343,, 223.68
2025-03-25 21:32:42, 45,, 8343,, 250.63
2025-03-25 21:32:52, 23,, 8343,, 213.01
2025-03-25 21:33:02, 33,, 8343,, 228.32
2025-03-25 21:33:12, 27,, 8343,, 173.17
2025-03-25 21:33:22, 35,, 8343,, 124.52
2025-03-25 21:33:32, 34,, 8343,, 108.26
2025-03-25 21:33:42, 51,, 8343,, 165.02
2025-03-25 21:33:52, 36,, 8343,, 92.40
2025-03-25 21:34:02, 25,, 8343,, 156.02
2025-03-25 21:34:12, 32,, 8343,, 114.36
2025-03-25 21:34:22, 33,, 8343,, 80.92
2025-03-25 21:34:32, 40,, 8343,, 177.84
2025-03-25 21:34:42, 29,, 8343,, 201.18
2025-03-25 21:34:52, 30,, 8343,, 81.88
2025-03-25 21:35:02, 43,, 8343,, 176.41
2025-03-25 21:35:12, 29,, 8343,, 163.21
2025-03-25 21:35:22, 31,, 8343,, 184.19
2025-03-25 21:35:32, 49,, 8343,, 251.59
2025-03-25 21:35:42, 50,, 8343,, 212.33
2025-03-25 21:35:52, 39,, 8343,, 115.95
2025-03-25 21:36:02, 35,, 8343,, 114.99
2025-03-25 21:36:12, 26,, 8343,, 77.56
2025-03-25 21:36:22, 63,, 8343,, 229.60
2025-03-25 21:36:32, 24,, 8343,, 112.59
2025-03-25 21:36:43, 42,, 8343,, 146.42
2025-03-25 21:36:53, 22,, 8343,, 215.07
2025-03-25 21:37:03, 38,, 8343,, 180.72
2025-03-25 21:37:13, 37,, 8343,, 161.29
2025-03-25 21:37:23, 46,, 8343,, 245.85
2025-03-25 21:37:33, 63,, 8343,, 151.22
2025-03-25 21:37:43, 33,, 8343,, 230.08
2025-03-25 21:37:53, 40,, 8343,, 168.49
2025-03-25 21:38:03, 30,, 8343,, 104.90
2025-03-25 21:38:13, 37,, 8343,, 148.34
2025-03-25 21:38:23, 22,, 8343,, 212.53
2025-03-25 21:38:33, 26,, 8343,, 137.01
2025-03-25 21:38:43, 41,, 8343,, 169.70
2025-03-25 21:38:53, 47,, 8343,, 199.75
2025-03-25 21:39:03, 55,, 8343,, 204.53
2025-03-25 21:39:13, 56,, 8343,, 240.91
2025-03-25 21:39:23, 29,, 8343,, 220.48
2025-03-25 21:39:33, 56,, 8343,, 241.55
2025-03-25 21:39:43, 22,, 8343,, 89.58
2025-03-25 21:39:53, 20,, 8343,, 81.40
2025-03-25 21:40:03, 29,, 8343,, 80.87
2025-03-25 21:40:13, 52,, 8343,, 118.36
2025-03-25 21:40:23, 22,, 8343,, 163.21
2025-03-25 21:40:33, 27,, 8343,, 165.98
2025-03-25 21:40:43, 55,, 8343,, 259.07
2025-03-25 21:40:54, 28,, 8343,, 86.21
2025-03-25 21:41:04, 21,, 8343,, 204.53
2025-03-25 21:41:14, 31,, 8343,, 145.56
2025-03-25 21:41:24, 28,, 8343,, 156.60
2025-03-25 21:41:34, 83,, 8343,, 186.82
2025-03-25 21:41:44, 35,, 8343,, 225.45
2025-03-25 21:41:54, 38,, 8343,, 246.17
2025-03-25 21:42:04, 40,, 8343,, 83.33
2025-03-25 21:42:14, 38,, 8343,, 152.66
2025-03-25 21:42:24, 56,, 8343,, 232.62
2025-03-25 21:42:34, 56,, 8343,, 194.00
2025-03-25 21:42:44, 44,, 8343,, 252.85
2025-03-25 21:42:54, 64,, 8343,, 172.57
2025-03-25 21:43:04, 28,, 8343,, 115.88
2025-03-25 21:43:14, 46,, 8343,, 123.08
2025-03-25 21:43:24, 75,, 8343,, 93.36
2025-03-25 21:43:34, 55,, 8343,, 240.28
2025-03-25 21:43:44, 37,, 8343,, 220.81
2025-03-25 21:43:54, 31,, 8343,, 94.33
2025-03-25 21:44:04, 39,, 8343,, 106.82
2025-03-25 21:44:14, 62,, 8343,, 127.89
2025-03-25 21:44:24, 62,, 8343,, 162.73
2025-03-25 21:44:34, 37,, 8343,, 168.38
2025-03-25 21:44:44, 28,, 8343,, 239.32
2025-03-25 21:44:54, 59,, 8343,, 180.12
2025-03-25 21:45:04, 33,, 8343,, 90.06
2025-03-25 21:45:14, 39,, 8343,, 218.12
2025-03-25 21:45:25, 27,, 8343,, 240.12
2025-03-25 21:45:35, 42,, 8343,, 161.40
2025-03-25 21:45:45, 32,, 8343,, 90.48
2025-03-25 21:45:55, 26,, 8343,, 92.88
2025-03-25 21:46:05, 65,, 8343,, 87.17
2025-03-25 21:46:15, 21,, 8343,, 85.73
2025-03-25 21:46:25, 65,, 8343,, 228.32
2025-03-25 21:46:35, 47,, 8343,, 118.76
2025-03-25 21:46:45, 41,, 8343,, 189.47
2025-03-25 21:46:55, 44,, 8343,, 152.18
2025-03-25 21:47:05, 53,, 8343,, 94.81
2025-03-25 21:47:15, 54,, 8343,, 113.48
2025-03-25 21:47:25, 65,, 8343,, 252.21
2025-03-25 21:47:35, 55,, 8343,, 250.63
2025-03-25 21:47:45, 48,, 8343,, 155.43
2025-03-25 21:47:55, 29,, 8343,, 120.68
2025-03-25 21:48:05, 43,, 8343,, 97.21
2025-03-25 21:48:15, 39,, 8343,, 200.97
2025-03-25 21:48:25, 34,, 8343,, 92.40
2025-03-25 21:48:35, 64,, 8343,, 221.14
2025-03-25 21:48:45, 61,, 8343,, 236.45
2025-03-25 21:48:55, 37,, 8343,, 147.48
