Timestamp, GPU Util (%), Memory Used (MiB), Power (W)
2025-03-28 14:28:15, 0,, 21,, 44.85
2025-03-28 14:28:25, 0,, 327,, 60.76
2025-03-28 14:28:35, 81,, 10563,, 245.21
2025-03-28 14:28:45, 81,, 10563,, 167.56
2025-03-28 14:28:55, 75,, 10563,, 209.86
2025-03-28 14:29:05, 80,, 10563,, 237.73
2025-03-28 14:29:15, 75,, 10563,, 202.82
2025-03-28 14:29:25, 79,, 10565,, 181.43
2025-03-28 14:29:35, 70,, 10565,, 222.61
2025-03-28 14:29:45, 80,, 10567,, 218.93
2025-03-28 14:29:55, 86,, 10567,, 235.50
2025-03-28 14:30:05, 81,, 10567,, 168.97
2025-03-28 14:30:15, 79,, 10567,, 168.63
2025-03-28 14:30:25, 80,, 10567,, 244.42
2025-03-28 14:30:35, 75,, 10567,, 240.75
2025-03-28 14:30:45, 77,, 10567,, 177.13
2025-03-28 14:30:55, 77,, 10567,, 214.63
2025-03-28 14:31:05, 87,, 10567,, 252.85
2025-03-28 14:31:16, 78,, 10567,, 229.60
2025-03-28 14:31:26, 72,, 10567,, 226.60
2025-03-28 14:31:36, 69,, 10567,, 217.65
2025-03-28 14:31:46, 80,, 10567,, 232.14
2025-03-28 14:31:56, 81,, 10567,, 232.79
2025-03-28 14:32:06, 92,, 10567,, 250.77
2025-03-28 14:32:16, 78,, 10567,, 234.54
2025-03-28 14:32:26, 77,, 10567,, 245.52
2025-03-28 14:32:36, 80,, 10567,, 202.08
2025-03-28 14:32:46, 76,, 10567,, 220.66
2025-03-28 14:32:56, 74,, 10567,, 179.88
2025-03-28 14:33:06, 70,, 10567,, 210.67
2025-03-28 14:33:16, 81,, 10567,, 253.64
2025-03-28 14:33:26, 79,, 10567,, 204.12
2025-03-28 14:33:36, 74,, 10567,, 234.54
2025-03-28 14:33:46, 90,, 10567,, 232.00
2025-03-28 14:33:56, 84,, 10567,, 206.99
2025-03-28 14:34:06, 76,, 10567,, 240.43
2025-03-28 14:34:16, 74,, 10567,, 231.68
2025-03-28 14:34:26, 82,, 10567,, 245.84
2025-03-28 14:34:36, 77,, 10567,, 246.62
2025-03-28 14:34:46, 77,, 10567,, 205.22
2025-03-28 14:34:56, 88,, 10567,, 217.50
2025-03-28 14:35:06, 69,, 10567,, 234.70
2025-03-28 14:35:16, 68,, 10567,, 241.38
2025-03-28 14:35:26, 79,, 10567,, 188.26
2025-03-28 14:35:36, 84,, 10567,, 207.13
2025-03-28 14:35:47, 91,, 10567,, 214.78
2025-03-28 14:35:57, 89,, 10567,, 209.04
2025-03-28 14:36:07, 77,, 10567,, 237.73
2025-03-28 14:36:17, 78,, 10567,, 198.26
2025-03-28 14:36:27, 77,, 10567,, 225.32
2025-03-28 14:36:37, 73,, 10567,, 232.63
2025-03-28 14:36:47, 80,, 10567,, 185.14
2025-03-28 14:36:57, 81,, 10567,, 198.60
2025-03-28 14:37:07, 81,, 10567,, 236.93
2025-03-28 14:37:17, 82,, 10567,, 245.19
2025-03-28 14:37:27, 82,, 10567,, 183.59
2025-03-28 14:37:37, 75,, 10567,, 254.60
2025-03-28 14:37:47, 82,, 10567,, 242.97
2025-03-28 14:37:57, 82,, 10567,, 256.33
2025-03-28 14:38:07, 73,, 10567,, 226.43
2025-03-28 14:38:17, 82,, 10567,, 246.48
2025-03-28 14:38:27, 79,, 10567,, 216.07
2025-03-28 14:38:37, 83,, 10567,, 253.50
2025-03-28 14:38:47, 81,, 10567,, 239.31
2025-03-28 14:38:57, 80,, 10567,, 249.51
2025-03-28 14:39:07, 80,, 10567,, 220.85
2025-03-28 14:39:17, 79,, 10567,, 230.57
2025-03-28 14:39:27, 79,, 10567,, 221.47
2025-03-28 14:39:37, 84,, 10567,, 174.26
2025-03-28 14:39:47, 80,, 10567,, 241.54
2025-03-28 14:39:57, 73,, 10567,, 203.78
2025-03-28 14:40:08, 81,, 10567,, 245.69
2025-03-28 14:40:18, 90,, 10567,, 247.10
2025-03-28 14:40:28, 85,, 10567,, 250.61
2025-03-28 14:40:38, 78,, 10567,, 225.62
2025-03-28 14:40:48, 80,, 10567,, 218.31
2025-03-28 14:40:58, 65,, 10567,, 238.36
2025-03-28 14:41:08, 81,, 10567,, 230.40
2025-03-28 14:41:18, 81,, 10567,, 232.31
2025-03-28 14:41:28, 78,, 10567,, 218.27
2025-03-28 14:41:38, 82,, 10567,, 243.76
2025-03-28 14:41:48, 82,, 10567,, 225.47
2025-03-28 14:41:58, 92,, 10567,, 226.75
2025-03-28 14:42:08, 80,, 10567,, 224.01
2025-03-28 14:42:18, 82,, 10567,, 227.23
2025-03-28 14:42:28, 75,, 10567,, 179.04
2025-03-28 14:42:38, 77,, 10567,, 254.08
2025-03-28 14:42:48, 80,, 10567,, 254.73
2025-03-28 14:42:58, 75,, 10567,, 226.10
2025-03-28 14:43:08, 78,, 10567,, 239.00
2025-03-28 14:43:18, 80,, 10567,, 231.04
2025-03-28 14:43:28, 82,, 10567,, 243.76
2025-03-28 14:43:38, 87,, 10567,, 228.34
2025-03-28 14:43:48, 79,, 10567,, 242.18
2025-03-28 14:43:58, 89,, 10567,, 180.96
2025-03-28 14:44:08, 78,, 10567,, 256.68
2025-03-28 14:44:19, 80,, 10567,, 210.53
2025-03-28 14:44:29, 82,, 10567,, 243.14
2025-03-28 14:44:39, 79,, 10567,, 172.34
2025-03-28 14:44:49, 72,, 10567,, 243.14
2025-03-28 14:44:59, 76,, 10567,, 251.08
2025-03-28 14:45:09, 85,, 10567,, 244.73
2025-03-28 14:45:19, 89,, 10567,, 217.46
2025-03-28 14:45:29, 79,, 10567,, 239.32
2025-03-28 14:45:39, 79,, 10567,, 258.11
2025-03-28 14:45:49, 78,, 10567,, 225.29
2025-03-28 14:45:59, 72,, 10567,, 180.00
2025-03-28 14:46:09, 80,, 10567,, 236.29
2025-03-28 14:46:19, 79,, 10567,, 219.41
2025-03-28 14:46:29, 82,, 10567,, 241.23
2025-03-28 14:46:39, 81,, 10567,, 240.12
2025-03-28 14:46:49, 92,, 10567,, 241.87
2025-03-28 14:46:59, 63,, 10567,, 239.95
2025-03-28 14:47:09, 77,, 10567,, 252.52
2025-03-28 14:47:19, 76,, 10567,, 183.82
2025-03-28 14:47:29, 81,, 10567,, 259.98
2025-03-28 14:47:39, 88,, 10567,, 224.67
2025-03-28 14:47:49, 75,, 10567,, 232.31
2025-03-28 14:47:59, 81,, 10567,, 231.37
2025-03-28 14:48:09, 79,, 10567,, 204.46
2025-03-28 14:48:19, 81,, 10567,, 256.33
2025-03-28 14:48:29, 80,, 10567,, 227.86
2025-03-28 14:48:39, 82,, 10567,, 226.10
2025-03-28 14:48:50, 81,, 10567,, 247.60
2025-03-28 14:49:00, 81,, 10567,, 242.82
2025-03-28 14:49:10, 78,, 10567,, 240.44
2025-03-28 14:49:20, 85,, 10567,, 256.81
2025-03-28 14:49:30, 70,, 10567,, 176.29
2025-03-28 14:49:40, 76,, 10567,, 241.23
2025-03-28 14:49:50, 80,, 10567,, 251.90
2025-03-28 14:50:00, 82,, 10567,, 251.73
2025-03-28 14:50:10, 81,, 10567,, 222.46
2025-03-28 14:50:20, 79,, 10567,, 217.17
2025-03-28 14:50:30, 80,, 10567,, 240.11
2025-03-28 14:50:40, 80,, 10567,, 253.78
2025-03-28 14:50:50, 80,, 10567,, 231.68
2025-03-28 14:51:00, 74,, 10567,, 236.93
2025-03-28 14:51:10, 77,, 10567,, 236.61
2025-03-28 14:51:20, 81,, 10567,, 241.07
2025-03-28 14:51:30, 74,, 10567,, 216.54
2025-03-28 14:51:40, 71,, 10567,, 216.26
2025-03-28 14:51:50, 81,, 10567,, 246.79
2025-03-28 14:52:00, 79,, 10567,, 219.59
2025-03-28 14:52:10, 78,, 10567,, 225.32
2025-03-28 14:52:20, 78,, 10567,, 241.23
2025-03-28 14:52:30, 75,, 10567,, 233.11
2025-03-28 14:52:40, 88,, 10567,, 238.68
2025-03-28 14:52:50, 82,, 10567,, 232.47
2025-03-28 14:53:00, 79,, 10567,, 245.54
2025-03-28 14:53:11, 80,, 10567,, 245.38
2025-03-28 14:53:21, 82,, 10567,, 197.83
2025-03-28 14:53:31, 76,, 10567,, 206.99
2025-03-28 14:53:41, 78,, 10567,, 228.51
2025-03-28 14:53:51, 80,, 10567,, 187.63
2025-03-28 14:54:01, 80,, 10567,, 221.65
2025-03-28 14:54:11, 78,, 10567,, 222.13
2025-03-28 14:54:21, 85,, 10567,, 230.23
2025-03-28 14:54:31, 80,, 10567,, 222.79
2025-03-28 14:54:41, 77,, 10567,, 247.27
2025-03-28 14:54:51, 78,, 10567,, 230.24
2025-03-28 14:55:01, 82,, 10567,, 224.34
2025-03-28 14:55:11, 64,, 10567,, 200.91
2025-03-28 14:55:21, 81,, 10567,, 240.59
2025-03-28 14:55:31, 62,, 10567,, 173.30
2025-03-28 14:55:41, 77,, 10567,, 226.73
2025-03-28 14:55:51, 74,, 10567,, 241.70
2025-03-28 14:56:01, 78,, 10567,, 248.39
2025-03-28 14:56:11, 86,, 10567,, 252.35
2025-03-28 14:56:21, 80,, 10567,, 217.98
2025-03-28 14:56:31, 75,, 10567,, 251.76
2025-03-28 14:56:41, 79,, 10567,, 239.96
2025-03-28 14:56:51, 82,, 10567,, 177.49
2025-03-28 14:57:01, 80,, 10567,, 225.62
2025-03-28 14:57:11, 78,, 10567,, 225.29
2025-03-28 14:57:21, 77,, 10567,, 193.52
2025-03-28 14:57:32, 79,, 10567,, 235.98
2025-03-28 14:57:42, 81,, 10567,, 198.39
2025-03-28 14:57:52, 77,, 10567,, 208.90
2025-03-28 14:58:02, 82,, 10567,, 238.04
2025-03-28 14:58:12, 78,, 10567,, 234.86
2025-03-28 14:58:22, 79,, 10567,, 214.63
2025-03-28 14:58:32, 79,, 10567,, 215.30
2025-03-28 14:58:42, 76,, 10567,, 231.83
2025-03-28 14:58:52, 81,, 10567,, 222.79
2025-03-28 14:59:02, 79,, 10567,, 242.34
2025-03-28 14:59:12, 82,, 10567,, 231.20
2025-03-28 14:59:22, 80,, 10567,, 230.08
2025-03-28 14:59:32, 77,, 10567,, 227.23
2025-03-28 14:59:42, 82,, 10567,, 239.63
2025-03-28 14:59:52, 79,, 10567,, 233.74
2025-03-28 15:00:02, 77,, 10567,, 224.19
2025-03-28 15:00:12, 86,, 10567,, 253.33
2025-03-28 15:00:22, 81,, 10567,, 230.40
2025-03-28 15:00:32, 73,, 10567,, 239.32
2025-03-28 15:00:42, 80,, 10567,, 246.81
2025-03-28 15:00:52, 71,, 10567,, 245.06
2025-03-28 15:01:02, 78,, 10567,, 206.17
2025-03-28 15:01:12, 78,, 10567,, 208.36
2025-03-28 15:01:22, 85,, 10567,, 188.03
2025-03-28 15:01:32, 71,, 10567,, 243.78
2025-03-28 15:01:42, 80,, 10567,, 217.02
2025-03-28 15:01:52, 77,, 10567,, 247.58
2025-03-28 15:02:03, 67,, 10567,, 214.78
2025-03-28 15:02:13, 80,, 10567,, 222.43
2025-03-28 15:02:23, 74,, 10567,, 226.58
2025-03-28 15:02:33, 92,, 10567,, 225.77
2025-03-28 15:02:43, 80,, 10567,, 234.54
2025-03-28 15:02:53, 78,, 10567,, 246.17
2025-03-28 15:03:03, 74,, 10567,, 198.79
2025-03-28 15:03:13, 80,, 10567,, 249.18
2025-03-28 15:03:23, 80,, 10567,, 258.41
2025-03-28 15:03:33, 80,, 10567,, 246.31
2025-03-28 15:03:43, 79,, 10567,, 234.70
2025-03-28 15:03:53, 74,, 10567,, 239.96
2025-03-28 15:04:03, 91,, 10567,, 248.70
2025-03-28 15:04:13, 75,, 10567,, 222.28
2025-03-28 15:04:23, 80,, 10567,, 245.36
2025-03-28 15:04:33, 82,, 10567,, 252.68
2025-03-28 15:04:43, 79,, 10567,, 222.87
2025-03-28 15:04:53, 78,, 10567,, 230.71
2025-03-28 15:05:03, 81,, 10567,, 235.50
2025-03-28 15:05:13, 69,, 10567,, 184.66
2025-03-28 15:05:23, 81,, 10567,, 231.83
2025-03-28 15:05:33, 80,, 10567,, 211.43
2025-03-28 15:05:43, 79,, 10567,, 226.25
2025-03-28 15:05:53, 82,, 10567,, 226.90
2025-03-28 15:06:03, 76,, 10567,, 224.67
2025-03-28 15:06:13, 82,, 10567,, 182.03
2025-03-28 15:06:23, 78,, 10567,, 238.20
2025-03-28 15:06:34, 75,, 10567,, 221.98
2025-03-28 15:06:44, 81,, 10567,, 239.32
2025-03-28 15:06:54, 79,, 10567,, 223.89
2025-03-28 15:07:04, 89,, 10567,, 238.84
2025-03-28 15:07:14, 76,, 10567,, 175.93
2025-03-28 15:07:24, 85,, 10567,, 244.88
2025-03-28 15:07:34, 63,, 10567,, 203.44
2025-03-28 15:07:44, 81,, 10567,, 238.04
2025-03-28 15:07:54, 79,, 10567,, 247.45
2025-03-28 15:08:04, 80,, 10567,, 221.14
2025-03-28 15:08:14, 78,, 10567,, 197.09
2025-03-28 15:08:24, 77,, 10567,, 239.63
2025-03-28 15:08:34, 80,, 10567,, 249.03
2025-03-28 15:08:44, 75,, 10567,, 217.17
2025-03-28 15:08:54, 74,, 10567,, 250.30
2025-03-28 15:09:04, 88,, 10567,, 257.76
2025-03-28 15:09:14, 79,, 10567,, 238.68
2025-03-28 15:09:24, 88,, 10567,, 238.52
2025-03-28 15:09:34, 78,, 10567,, 218.75
2025-03-28 15:09:44, 81,, 10567,, 243.30
2025-03-28 15:09:54, 79,, 10567,, 235.18
2025-03-28 15:10:04, 77,, 10567,, 230.55
2025-03-28 15:10:14, 78,, 10567,, 229.92
2025-03-28 15:10:24, 78,, 10567,, 225.92
2025-03-28 15:10:34, 82,, 10567,, 244.42
2025-03-28 15:10:44, 78,, 10567,, 188.26
2025-03-28 15:10:54, 89,, 10567,, 239.48
2025-03-28 15:11:05, 79,, 10567,, 243.14
2025-03-28 15:11:15, 81,, 10567,, 238.84
2025-03-28 15:11:25, 80,, 10567,, 237.25
2025-03-28 15:11:35, 78,, 10567,, 239.96
2025-03-28 15:11:45, 81,, 10567,, 240.12
2025-03-28 15:11:55, 80,, 10567,, 205.49
2025-03-28 15:12:05, 80,, 10567,, 216.98
2025-03-28 15:12:15, 79,, 10567,, 225.29
2025-03-28 15:12:25, 75,, 10567,, 238.52
2025-03-28 15:12:35, 83,, 10567,, 236.61
2025-03-28 15:12:45, 81,, 10567,, 246.33
2025-03-28 15:12:55, 76,, 10567,, 227.38
2025-03-28 15:13:05, 72,, 10567,, 220.22
2025-03-28 15:13:15, 78,, 10567,, 242.19
2025-03-28 15:13:25, 87,, 10567,, 172.46
2025-03-28 15:13:35, 87,, 10567,, 227.53
2025-03-28 15:13:45, 77,, 10567,, 257.94
2025-03-28 15:13:55, 74,, 10567,, 238.04
2025-03-28 15:14:05, 77,, 10567,, 179.88
2025-03-28 15:14:15, 78,, 10567,, 235.49
2025-03-28 15:14:25, 73,, 10567,, 245.85
2025-03-28 15:14:35, 78,, 10567,, 234.55
2025-03-28 15:14:45, 88,, 10567,, 251.59
2025-03-28 15:14:55, 80,, 10567,, 230.71
2025-03-28 15:15:05, 79,, 10567,, 239.32
2025-03-28 15:15:15, 78,, 10567,, 247.43
2025-03-28 15:15:26, 80,, 10567,, 232.47
2025-03-28 15:15:36, 68,, 10567,, 223.23
2025-03-28 15:15:46, 81,, 10567,, 222.10
2025-03-28 15:15:56, 74,, 10567,, 245.36
2025-03-28 15:16:06, 76,, 10567,, 231.68
2025-03-28 15:16:16, 84,, 10567,, 224.19
2025-03-28 15:16:26, 73,, 10567,, 228.34
2025-03-28 15:16:36, 82,, 10567,, 241.23
2025-03-28 15:16:46, 70,, 10567,, 219.56
2025-03-28 15:16:56, 82,, 10567,, 213.82
2025-03-28 15:17:06, 80,, 10567,, 223.86
2025-03-28 15:17:16, 82,, 10567,, 243.14
2025-03-28 15:17:26, 80,, 10567,, 231.19
2025-03-28 15:17:36, 88,, 10567,, 224.67
2025-03-28 15:17:46, 75,, 10567,, 253.50
2025-03-28 15:17:56, 74,, 10567,, 235.50
2025-03-28 15:18:06, 80,, 10567,, 243.61
2025-03-28 15:18:16, 86,, 10567,, 243.61
2025-03-28 15:18:26, 79,, 10567,, 216.36
2025-03-28 15:18:36, 80,, 10567,, 226.88
2025-03-28 15:18:46, 78,, 10567,, 241.07
2025-03-28 15:18:56, 82,, 10567,, 223.86
2025-03-28 15:19:06, 92,, 10567,, 250.15
2025-03-28 15:19:16, 79,, 10567,, 223.53
2025-03-28 15:19:26, 74,, 10567,, 241.23
2025-03-28 15:19:36, 78,, 10567,, 238.20
2025-03-28 15:19:47, 80,, 10567,, 224.34
2025-03-28 15:19:57, 81,, 10567,, 217.83
2025-03-28 15:20:07, 87,, 10567,, 181.20
2025-03-28 15:20:17, 72,, 10567,, 256.51
2025-03-28 15:20:27, 79,, 10567,, 255.55
2025-03-28 15:20:37, 77,, 10567,, 252.82
2025-03-28 15:20:47, 78,, 10567,, 233.27
2025-03-28 15:20:57, 82,, 10567,, 237.73
2025-03-28 15:21:07, 78,, 10567,, 225.29
2025-03-28 15:21:17, 79,, 10567,, 172.46
2025-03-28 15:21:27, 82,, 10567,, 241.87
2025-03-28 15:21:37, 81,, 10567,, 232.47
2025-03-28 15:21:47, 82,, 10567,, 215.59
2025-03-28 15:21:57, 77,, 10567,, 232.63
2025-03-28 15:22:07, 79,, 10567,, 243.45
2025-03-28 15:22:17, 81,, 10567,, 246.17
2025-03-28 15:22:27, 78,, 10567,, 236.13
2025-03-28 15:22:37, 77,, 10567,, 245.36
2025-03-28 15:22:47, 70,, 10567,, 226.12
2025-03-28 15:22:57, 78,, 10567,, 241.23
2025-03-28 15:23:07, 76,, 10567,, 244.40
2025-03-28 15:23:17, 80,, 10567,, 233.42
2025-03-28 15:23:27, 89,, 10567,, 250.77
2025-03-28 15:23:37, 88,, 10567,, 231.66
2025-03-28 15:23:47, 82,, 10567,, 178.08
2025-03-28 15:23:57, 76,, 10567,, 246.50
2025-03-28 15:24:08, 80,, 10567,, 224.82
2025-03-28 15:24:18, 77,, 10567,, 231.03
2025-03-28 15:24:28, 80,, 10567,, 240.43
2025-03-28 15:24:38, 85,, 10567,, 220.04
2025-03-28 15:24:48, 88,, 10567,, 222.72
2025-03-28 15:24:58, 80,, 10567,, 230.40
2025-03-28 15:25:08, 82,, 10567,, 237.09
2025-03-28 15:25:18, 82,, 10567,, 239.16
2025-03-28 15:25:28, 87,, 10567,, 239.32
2025-03-28 15:25:38, 79,, 10567,, 220.85
2025-03-28 15:25:48, 81,, 10567,, 223.38
2025-03-28 15:25:58, 77,, 10567,, 227.23
2025-03-28 15:26:08, 76,, 10567,, 220.99
2025-03-28 15:26:18, 77,, 10567,, 241.55
2025-03-28 15:26:28, 82,, 10567,, 230.88
2025-03-28 15:26:38, 80,, 10567,, 236.93
2025-03-28 15:26:48, 80,, 10567,, 227.36
2025-03-28 15:26:58, 79,, 10567,, 233.74
2025-03-28 15:27:08, 78,, 10567,, 231.66
2025-03-28 15:27:18, 80,, 10567,, 226.08
2025-03-28 15:27:28, 79,, 10567,, 238.52
2025-03-28 15:27:38, 78,, 10567,, 231.51
2025-03-28 15:27:48, 72,, 10567,, 197.70
2025-03-28 15:27:58, 79,, 10567,, 221.47
2025-03-28 15:28:08, 79,, 10567,, 251.90
2025-03-28 15:28:18, 81,, 10567,, 221.32
2025-03-28 15:28:29, 81,, 10567,, 183.11
2025-03-28 15:28:39, 77,, 10567,, 254.29
2025-03-28 15:28:49, 80,, 10567,, 233.11
2025-03-28 15:28:59, 78,, 10567,, 251.93
2025-03-28 15:29:09, 82,, 10567,, 242.17
2025-03-28 15:29:19, 83,, 10567,, 257.29
2025-03-28 15:29:29, 77,, 10567,, 235.49
2025-03-28 15:29:39, 78,, 10567,, 234.22
2025-03-28 15:29:49, 77,, 10567,, 235.02
2025-03-28 15:29:59, 80,, 10567,, 254.60
2025-03-28 15:30:09, 80,, 10567,, 226.88
2025-03-28 15:30:19, 80,, 10567,, 225.62
2025-03-28 15:30:29, 89,, 10567,, 223.05
2025-03-28 15:30:39, 80,, 10567,, 212.05
2025-03-28 15:30:49, 79,, 10567,, 221.62
2025-03-28 15:30:59, 78,, 10567,, 229.60
2025-03-28 15:31:09, 82,, 10567,, 184.78
2025-03-28 15:31:19, 81,, 10567,, 232.30
2025-03-28 15:31:29, 79,, 10567,, 182.87
2025-03-28 15:31:39, 75,, 10567,, 231.99
2025-03-28 15:31:49, 80,, 10567,, 191.83
2025-03-28 15:31:59, 76,, 10567,, 244.43
2025-03-28 15:32:09, 79,, 10567,, 189.57
2025-03-28 15:32:19, 71,, 10567,, 251.08
2025-03-28 15:32:29, 81,, 10567,, 254.12
2025-03-28 15:32:40, 80,, 10567,, 228.49
2025-03-28 15:32:50, 87,, 10567,, 234.06
2025-03-28 15:33:00, 82,, 10567,, 265.58
2025-03-28 15:33:10, 82,, 10567,, 226.08
2025-03-28 15:33:20, 78,, 10567,, 233.42
2025-03-28 15:33:30, 82,, 10567,, 258.89
2025-03-28 15:33:40, 81,, 10567,, 221.14
2025-03-28 15:33:50, 81,, 10567,, 229.60
2025-03-28 15:34:00, 91,, 10567,, 249.82
2025-03-28 15:34:10, 80,, 10567,, 246.17
2025-03-28 15:34:20, 82,, 10567,, 218.60
2025-03-28 15:34:30, 78,, 10567,, 253.33
2025-03-28 15:34:40, 77,, 10567,, 240.76
2025-03-28 15:34:50, 85,, 10567,, 241.87
2025-03-28 15:35:00, 79,, 10567,, 249.65
2025-03-28 15:35:10, 77,, 10567,, 249.03
2025-03-28 15:35:20, 81,, 10567,, 249.03
2025-03-28 15:35:30, 78,, 10567,, 252.68
2025-03-28 15:35:40, 80,, 10567,, 244.09
2025-03-28 15:35:50, 82,, 10567,, 238.20
2025-03-28 15:36:00, 80,, 10567,, 227.53
2025-03-28 15:36:10, 88,, 10567,, 251.87
2025-03-28 15:36:20, 82,, 10567,, 193.87
2025-03-28 15:36:30, 82,, 10567,, 232.63
2025-03-28 15:36:40, 80,, 10567,, 232.31
2025-03-28 15:36:50, 79,, 10567,, 242.34
2025-03-28 15:37:00, 82,, 10567,, 235.65
2025-03-28 15:37:11, 79,, 10567,, 227.21
2025-03-28 15:37:21, 81,, 10567,, 264.02
2025-03-28 15:37:31, 76,, 10567,, 231.52
2025-03-28 15:37:41, 81,, 10567,, 230.24
2025-03-28 15:37:51, 84,, 10567,, 251.56
2025-03-28 15:38:01, 78,, 10567,, 246.64
2025-03-28 15:38:11, 75,, 10567,, 245.36
2025-03-28 15:38:21, 79,, 10567,, 259.67
2025-03-28 15:38:31, 84,, 10567,, 218.60
2025-03-28 15:38:41, 81,, 10567,, 242.98
2025-03-28 15:38:51, 80,, 10567,, 258.15
2025-03-28 15:39:01, 80,, 10567,, 229.44
2025-03-28 15:39:11, 85,, 10567,, 265.88
2025-03-28 15:39:21, 82,, 10567,, 255.72
2025-03-28 15:39:31, 82,, 10567,, 246.64
2025-03-28 15:39:41, 79,, 10567,, 240.11
2025-03-28 15:39:51, 77,, 10567,, 218.60
2025-03-28 15:40:01, 80,, 10567,, 228.97
2025-03-28 15:40:11, 77,, 10567,, 244.90
2025-03-28 15:40:21, 81,, 10567,, 254.60
2025-03-28 15:40:31, 90,, 10567,, 252.52
2025-03-28 15:40:41, 82,, 10567,, 232.30
2025-03-28 15:40:51, 76,, 10567,, 219.74
2025-03-28 15:41:01, 80,, 10567,, 241.71
2025-03-28 15:41:11, 73,, 10567,, 234.70
2025-03-28 15:41:21, 80,, 10567,, 242.03
2025-03-28 15:41:32, 80,, 10567,, 231.20
2025-03-28 15:41:42, 82,, 10567,, 249.18
2025-03-28 15:41:52, 81,, 10567,, 232.62
2025-03-28 15:42:02, 80,, 10567,, 253.33
2025-03-28 15:42:12, 82,, 10567,, 255.68
2025-03-28 15:42:22, 79,, 10567,, 215.92
2025-03-28 15:42:32, 82,, 10567,, 242.81
2025-03-28 15:42:42, 83,, 10567,, 204.53
2025-03-28 15:42:52, 82,, 10567,, 244.26
2025-03-28 15:43:02, 82,, 10567,, 248.22
2025-03-28 15:43:12, 79,, 10567,, 200.36
2025-03-28 15:43:22, 81,, 10567,, 246.31
2025-03-28 15:43:32, 81,, 10567,, 223.71
2025-03-28 15:43:42, 81,, 10567,, 245.85
2025-03-28 15:43:52, 81,, 10567,, 229.44
2025-03-28 15:44:02, 82,, 10567,, 221.14
2025-03-28 15:44:12, 82,, 10567,, 239.32
2025-03-28 15:44:22, 92,, 10567,, 221.65
2025-03-28 15:44:32, 81,, 10567,, 214.59
2025-03-28 15:44:42, 82,, 10567,, 226.73
2025-03-28 15:44:52, 92,, 10567,, 237.88
2025-03-28 15:45:02, 92,, 10567,, 259.02
2025-03-28 15:45:12, 79,, 10567,, 219.56
2025-03-28 15:45:22, 79,, 10567,, 228.49
2025-03-28 15:45:32, 78,, 10567,, 244.09
2025-03-28 15:45:42, 79,, 10567,, 231.03
2025-03-28 15:45:53, 78,, 10567,, 236.93
2025-03-28 15:46:03, 91,, 10567,, 223.08
2025-03-28 15:46:13, 92,, 10567,, 260.63
2025-03-28 15:46:23, 82,, 10567,, 201.18
2025-03-28 15:46:33, 81,, 10567,, 241.55
2025-03-28 15:46:43, 83,, 10567,, 251.73
2025-03-28 15:46:53, 78,, 10567,, 233.43
2025-03-28 15:47:03, 80,, 10567,, 252.21
2025-03-28 15:47:13, 80,, 10567,, 246.17
2025-03-28 15:47:23, 75,, 10567,, 227.38
2025-03-28 15:47:33, 79,, 10567,, 219.26
2025-03-28 15:47:43, 80,, 10567,, 234.86
2025-03-28 15:47:53, 85,, 10567,, 229.27
2025-03-28 15:48:03, 82,, 10567,, 115.80
2025-03-28 15:48:13, 82,, 10567,, 247.12
2025-03-28 15:48:23, 81,, 10567,, 234.38
2025-03-28 15:48:33, 79,, 10567,, 252.38
2025-03-28 15:48:43, 84,, 10567,, 230.86
2025-03-28 15:48:53, 82,, 10567,, 249.18
2025-03-28 15:49:03, 82,, 10567,, 221.32
2025-03-28 15:49:13, 82,, 10567,, 228.16
2025-03-28 15:49:23, 80,, 10567,, 235.18
2025-03-28 15:49:33, 82,, 10567,, 197.01
2025-03-28 15:49:43, 80,, 10567,, 234.21
2025-03-28 15:49:53, 82,, 10567,, 243.76
2025-03-28 15:50:04, 81,, 10567,, 252.82
2025-03-28 15:50:14, 81,, 10567,, 238.52
2025-03-28 15:50:24, 81,, 10567,, 216.40
2025-03-28 15:50:34, 82,, 10567,, 241.86
2025-03-28 15:50:44, 82,, 10567,, 226.55
2025-03-28 15:50:54, 80,, 10567,, 258.24
2025-03-28 15:51:04, 82,, 10567,, 246.64
2025-03-28 15:51:14, 82,, 10567,, 220.04
2025-03-28 15:51:24, 82,, 10567,, 248.89
2025-03-28 15:51:34, 78,, 10567,, 229.44
2025-03-28 15:51:44, 79,, 10567,, 223.08
2025-03-28 15:51:54, 80,, 10567,, 245.52
2025-03-28 15:52:04, 78,, 10567,, 254.12
2025-03-28 15:52:14, 78,, 10567,, 234.38
2025-03-28 15:52:24, 82,, 10567,, 201.05
2025-03-28 15:52:34, 78,, 10567,, 257.46
2025-03-28 15:52:44, 79,, 10567,, 242.82
2025-03-28 15:52:54, 82,, 10567,, 228.64
2025-03-28 15:53:04, 81,, 10567,, 240.43
2025-03-28 15:53:14, 80,, 10567,, 257.11
2025-03-28 15:53:24, 82,, 10567,, 228.34
2025-03-28 15:53:34, 80,, 10567,, 239.63
2025-03-28 15:53:44, 81,, 10567,, 242.50
2025-03-28 15:53:54, 87,, 10567,, 225.62
2025-03-28 15:54:05, 77,, 10567,, 248.70
2025-03-28 15:54:15, 78,, 10567,, 211.24
2025-03-28 15:54:25, 69,, 10567,, 229.12
2025-03-28 15:54:35, 81,, 10567,, 231.83
2025-03-28 15:54:45, 67,, 10567,, 229.77
2025-03-28 15:54:55, 81,, 10567,, 231.04
2025-03-28 15:55:05, 83,, 10567,, 247.76
2025-03-28 15:55:15, 76,, 10567,, 199.00
2025-03-28 15:55:25, 82,, 10567,, 244.88
2025-03-28 15:55:35, 79,, 10567,, 251.42
2025-03-28 15:55:45, 87,, 10567,, 199.48
2025-03-28 15:55:55, 78,, 10567,, 228.49
2025-03-28 15:56:05, 80,, 10567,, 245.06
2025-03-28 15:56:15, 80,, 10567,, 238.84
2025-03-28 15:56:25, 84,, 10567,, 256.68
2025-03-28 15:56:35, 77,, 10567,, 214.11
2025-03-28 15:56:45, 82,, 10567,, 232.31
2025-03-28 15:56:55, 91,, 10567,, 272.44
2025-03-28 15:57:05, 82,, 10567,, 251.90
2025-03-28 15:57:15, 83,, 10567,, 225.29
2025-03-28 15:57:25, 79,, 10567,, 241.87
2025-03-28 15:57:35, 81,, 10567,, 245.84
2025-03-28 15:57:45, 82,, 10567,, 228.97
2025-03-28 15:57:55, 80,, 10567,, 243.29
2025-03-28 15:58:05, 84,, 10567,, 250.77
2025-03-28 15:58:15, 80,, 10567,, 226.71
2025-03-28 15:58:25, 80,, 10567,, 242.19
2025-03-28 15:58:36, 81,, 10567,, 242.50
2025-03-28 15:58:46, 82,, 10567,, 230.09
2025-03-28 15:58:56, 80,, 10567,, 249.34
2025-03-28 15:59:06, 80,, 10567,, 244.26
2025-03-28 15:59:16, 82,, 10567,, 238.84
2025-03-28 15:59:26, 93,, 10567,, 209.66
2025-03-28 15:59:36, 82,, 10567,, 224.34
2025-03-28 15:59:46, 89,, 10567,, 236.93
2025-03-28 15:59:56, 82,, 10567,, 236.93
2025-03-28 16:00:06, 79,, 10567,, 245.52
2025-03-28 16:00:16, 89,, 10567,, 232.32
2025-03-28 16:00:26, 82,, 10567,, 218.12
2025-03-28 16:00:36, 80,, 10567,, 229.27
2025-03-28 16:00:46, 79,, 10567,, 238.36
2025-03-28 16:00:56, 82,, 10567,, 257.94
2025-03-28 16:01:06, 80,, 10567,, 221.14
2025-03-28 16:01:16, 81,, 10567,, 221.95
2025-03-28 16:01:26, 80,, 10567,, 212.05
2025-03-28 16:01:36, 79,, 10567,, 241.07
2025-03-28 16:01:46, 78,, 10567,, 229.92
2025-03-28 16:01:56, 82,, 10567,, 233.27
2025-03-28 16:02:06, 81,, 10567,, 255.24
2025-03-28 16:02:16, 78,, 10567,, 259.54
2025-03-28 16:02:26, 77,, 10567,, 235.65
2025-03-28 16:02:36, 80,, 10567,, 231.52
2025-03-28 16:02:46, 79,, 10567,, 249.37
2025-03-28 16:02:57, 81,, 10567,, 254.77
2025-03-28 16:03:07, 79,, 10567,, 251.08
2025-03-28 16:03:17, 77,, 10567,, 211.29
2025-03-28 16:03:27, 88,, 10567,, 251.08
2025-03-28 16:03:37, 79,, 10567,, 243.30
2025-03-28 16:03:47, 77,, 10567,, 237.25
2025-03-28 16:03:57, 80,, 10567,, 227.05
2025-03-28 16:04:07, 92,, 10567,, 250.61
2025-03-28 16:04:17, 80,, 10567,, 218.46
2025-03-28 16:04:27, 81,, 10567,, 226.25
2025-03-28 16:04:37, 79,, 10567,, 260.80
2025-03-28 16:04:47, 73,, 10567,, 245.21
2025-03-28 16:04:57, 82,, 10567,, 244.26
2025-03-28 16:05:07, 81,, 10567,, 235.98
2025-03-28 16:05:17, 80,, 10567,, 241.07
2025-03-28 16:05:27, 81,, 10567,, 228.64
2025-03-28 16:05:37, 79,, 10567,, 242.03
2025-03-28 16:05:47, 85,, 10567,, 241.39
2025-03-28 16:05:57, 82,, 10567,, 251.25
2025-03-28 16:06:07, 82,, 10567,, 234.70
2025-03-28 16:06:17, 81,, 10567,, 238.04
2025-03-28 16:06:27, 79,, 10567,, 227.86
2025-03-28 16:06:37, 88,, 10567,, 257.15
2025-03-28 16:06:47, 87,, 10567,, 259.89
2025-03-28 16:06:57, 81,, 10567,, 239.64
2025-03-28 16:07:07, 79,, 10567,, 219.71
2025-03-28 16:07:18, 78,, 10567,, 180.24
2025-03-28 16:07:28, 82,, 10567,, 251.73
2025-03-28 16:07:38, 80,, 10567,, 248.87
2025-03-28 16:07:48, 80,, 10567,, 221.47
2025-03-28 16:07:58, 82,, 10567,, 246.17
2025-03-28 16:08:08, 79,, 10567,, 190.65
2025-03-28 16:08:18, 80,, 10567,, 251.56
2025-03-28 16:08:28, 76,, 10567,, 225.14
2025-03-28 16:08:38, 82,, 10567,, 255.41
2025-03-28 16:08:48, 90,, 10567,, 242.34
2025-03-28 16:08:58, 80,, 10567,, 227.66
2025-03-28 16:09:08, 80,, 10567,, 229.92
2025-03-28 16:09:18, 82,, 10567,, 227.69
2025-03-28 16:09:28, 82,, 10567,, 237.41
2025-03-28 16:09:38, 79,, 10567,, 235.81
2025-03-28 16:09:48, 80,, 10567,, 243.30
2025-03-28 16:09:58, 82,, 10567,, 229.27
2025-03-28 16:10:08, 82,, 10567,, 253.02
2025-03-28 16:10:18, 78,, 10567,, 233.58
2025-03-28 16:10:28, 83,, 10567,, 247.12
2025-03-28 16:10:38, 81,, 10567,, 229.92
2025-03-28 16:10:48, 82,, 10567,, 252.85
2025-03-28 16:10:58, 79,, 10567,, 246.48
2025-03-28 16:11:08, 77,, 10567,, 236.45
2025-03-28 16:11:18, 93,, 10567,, 221.77
2025-03-28 16:11:28, 79,, 10567,, 220.99
2025-03-28 16:11:38, 82,, 10567,, 244.09
2025-03-28 16:11:49, 78,, 10567,, 202.96
2025-03-28 16:11:59, 81,, 10567,, 235.34
2025-03-28 16:12:09, 88,, 10567,, 247.76
2025-03-28 16:12:19, 84,, 10567,, 197.57
2025-03-28 16:12:29, 77,, 10567,, 242.83
2025-03-28 16:12:39, 79,, 10567,, 251.08
2025-03-28 16:12:49, 81,, 10567,, 252.99
2025-03-28 16:12:59, 73,, 10567,, 252.35
2025-03-28 16:13:09, 80,, 10567,, 234.07
2025-03-28 16:13:19, 82,, 10567,, 229.44
2025-03-28 16:13:29, 77,, 10567,, 227.53
2025-03-28 16:13:39, 81,, 10567,, 233.58
2025-03-28 16:13:49, 79,, 10567,, 243.30
2025-03-28 16:13:59, 79,, 10567,, 246.96
2025-03-28 16:14:09, 81,, 10567,, 222.90
2025-03-28 16:14:19, 79,, 10567,, 228.64
2025-03-28 16:14:29, 77,, 10567,, 249.99
2025-03-28 16:14:39, 78,, 10567,, 240.59
2025-03-28 16:14:49, 80,, 10567,, 220.07
2025-03-28 16:14:59, 79,, 10567,, 239.48
2025-03-28 16:15:09, 80,, 10567,, 244.88
2025-03-28 16:15:19, 80,, 10567,, 226.25
2025-03-28 16:15:29, 72,, 10567,, 244.42
2025-03-28 16:15:39, 82,, 10567,, 252.52
2025-03-28 16:15:49, 82,, 10567,, 243.30
2025-03-28 16:15:59, 76,, 10567,, 233.27
2025-03-28 16:16:10, 79,, 10567,, 261.80
2025-03-28 16:16:20, 75,, 10567,, 232.31
2025-03-28 16:16:30, 77,, 10567,, 233.11
2025-03-28 16:16:40, 74,, 10567,, 232.31
2025-03-28 16:16:50, 80,, 10567,, 233.27
2025-03-28 16:17:00, 76,, 10567,, 234.70
2025-03-28 16:17:10, 80,, 10567,, 230.57
2025-03-28 16:17:20, 81,, 10567,, 222.76
2025-03-28 16:17:30, 76,, 10567,, 239.00
2025-03-28 16:17:40, 80,, 10567,, 239.00
2025-03-28 16:17:50, 83,, 10567,, 247.12
2025-03-28 16:18:00, 77,, 10567,, 224.67
2025-03-28 16:18:10, 90,, 10567,, 231.99
2025-03-28 16:18:20, 77,, 10567,, 231.20
2025-03-28 16:18:30, 79,, 10567,, 225.29
2025-03-28 16:18:40, 80,, 10567,, 253.16
2025-03-28 16:18:50, 81,, 10567,, 220.51
2025-03-28 16:19:00, 80,, 10567,, 216.69
2025-03-28 16:19:10, 80,, 10567,, 235.98
2025-03-28 16:19:20, 76,, 10567,, 206.17
2025-03-28 16:19:30, 85,, 10567,, 268.08
2025-03-28 16:19:40, 81,, 10567,, 188.03
2025-03-28 16:19:50, 81,, 10567,, 235.17
2025-03-28 16:20:00, 81,, 10567,, 249.18
2025-03-28 16:20:10, 92,, 10567,, 212.39
2025-03-28 16:20:20, 78,, 10567,, 208.70
2025-03-28 16:20:30, 79,, 10567,, 249.03
2025-03-28 16:20:41, 81,, 10567,, 258.11
2025-03-28 16:20:51, 77,, 10567,, 182.99
2025-03-28 16:21:01, 88,, 10567,, 267.01
2025-03-28 16:21:11, 81,, 10567,, 260.50
2025-03-28 16:21:21, 78,, 10567,, 231.83
2025-03-28 16:21:31, 82,, 10567,, 224.82
2025-03-28 16:21:41, 82,, 10567,, 222.90
2025-03-28 16:21:51, 92,, 10567,, 215.59
2025-03-28 16:22:01, 92,, 10567,, 202.62
2025-03-28 16:22:11, 79,, 10567,, 160.60
2025-03-28 16:22:21, 80,, 10567,, 255.24
2025-03-28 16:22:31, 82,, 10567,, 245.05
2025-03-28 16:22:41, 82,, 10567,, 245.85
2025-03-28 16:22:51, 78,, 10567,, 216.26
2025-03-28 16:23:01, 82,, 10567,, 234.38
2025-03-28 16:23:11, 78,, 10567,, 251.28
2025-03-28 16:23:21, 82,, 10567,, 247.27
2025-03-28 16:23:31, 79,, 10567,, 250.77
2025-03-28 16:23:41, 80,, 10567,, 251.39
2025-03-28 16:23:51, 80,, 10567,, 240.12
2025-03-28 16:24:01, 79,, 10567,, 177.25
2025-03-28 16:24:11, 79,, 10567,, 235.82
2025-03-28 16:24:21, 81,, 10567,, 252.68
2025-03-28 16:24:31, 78,, 10567,, 239.48
2025-03-28 16:24:41, 81,, 10567,, 226.58
2025-03-28 16:24:51, 82,, 10567,, 236.29
2025-03-28 16:25:01, 82,, 10567,, 244.26
2025-03-28 16:25:12, 79,, 10567,, 262.11
2025-03-28 16:25:22, 76,, 10567,, 253.81
2025-03-28 16:25:32, 75,, 10567,, 250.94
2025-03-28 16:25:42, 79,, 10567,, 242.51
2025-03-28 16:25:52, 82,, 10567,, 257.76
2025-03-28 16:26:02, 88,, 10567,, 242.98
2025-03-28 16:26:12, 83,, 10567,, 240.59
2025-03-28 16:26:22, 78,, 10567,, 249.99
2025-03-28 16:26:32, 79,, 10567,, 239.48
2025-03-28 16:26:42, 80,, 10567,, 230.23
2025-03-28 16:26:52, 81,, 10567,, 265.88
2025-03-28 16:27:02, 77,, 10567,, 216.21
2025-03-28 16:27:12, 80,, 10567,, 185.26
2025-03-28 16:27:22, 78,, 10567,, 233.74
2025-03-28 16:27:32, 83,, 10567,, 236.93
2025-03-28 16:27:42, 82,, 10567,, 224.19
2025-03-28 16:27:52, 87,, 10567,, 252.71
2025-03-28 16:28:02, 71,, 10567,, 235.98
2025-03-28 16:28:12, 78,, 10567,, 239.32
2025-03-28 16:28:22, 80,, 10567,, 249.34
2025-03-28 16:28:32, 79,, 10567,, 231.35
2025-03-28 16:28:42, 79,, 10567,, 214.30
2025-03-28 16:28:52, 80,, 10567,, 228.49
2025-03-28 16:29:02, 78,, 10567,, 231.83
2025-03-28 16:29:12, 81,, 10567,, 200.70
2025-03-28 16:29:23, 82,, 10567,, 224.67
2025-03-28 16:29:33, 78,, 10567,, 224.97
2025-03-28 16:29:43, 76,, 10567,, 234.38
2025-03-28 16:29:53, 89,, 10567,, 245.05
2025-03-28 16:30:03, 82,, 10567,, 266.41
2025-03-28 16:30:13, 73,, 10567,, 254.42
2025-03-28 16:30:23, 78,, 10567,, 235.98
2025-03-28 16:30:33, 79,, 10567,, 260.85
2025-03-28 16:30:43, 76,, 10567,, 245.51
2025-03-28 16:30:53, 83,, 10567,, 248.24
2025-03-28 16:31:03, 82,, 10567,, 245.84
2025-03-28 16:31:13, 79,, 10567,, 226.73
2025-03-28 16:31:23, 81,, 10567,, 237.41
2025-03-28 16:31:33, 87,, 10567,, 213.34
2025-03-28 16:31:43, 81,, 10567,, 237.88
2025-03-28 16:31:53, 78,, 10567,, 255.55
2025-03-28 16:32:03, 80,, 10567,, 248.70
2025-03-28 16:32:13, 90,, 10567,, 258.93
2025-03-28 16:32:23, 81,, 10567,, 216.54
2025-03-28 16:32:33, 82,, 10567,, 223.05
2025-03-28 16:32:43, 82,, 10567,, 241.39
2025-03-28 16:32:53, 83,, 10567,, 247.43
2025-03-28 16:33:03, 83,, 10567,, 254.60
2025-03-28 16:33:13, 78,, 10567,, 228.79
2025-03-28 16:33:23, 82,, 10567,, 235.65
2025-03-28 16:33:33, 79,, 10567,, 229.44
2025-03-28 16:33:43, 77,, 10567,, 253.47
2025-03-28 16:33:54, 82,, 10567,, 241.39
2025-03-28 16:34:04, 79,, 10567,, 245.05
2025-03-28 16:34:14, 91,, 10567,, 220.22
2025-03-28 16:34:24, 82,, 10567,, 241.53
2025-03-28 16:34:34, 78,, 10567,, 178.68
2025-03-28 16:34:44, 79,, 10567,, 212.19
2025-03-28 16:34:54, 78,, 10567,, 250.13
2025-03-28 16:35:04, 87,, 10567,, 260.80
2025-03-28 16:35:14, 79,, 10567,, 231.68
2025-03-28 16:35:24, 80,, 10567,, 223.05
2025-03-28 16:35:34, 82,, 10567,, 236.77
2025-03-28 16:35:44, 80,, 10567,, 215.88
2025-03-28 16:35:54, 80,, 10567,, 223.08
2025-03-28 16:36:04, 80,, 10567,, 235.18
2025-03-28 16:36:14, 80,, 10567,, 243.14
2025-03-28 16:36:24, 90,, 10567,, 249.96
2025-03-28 16:36:34, 83,, 10567,, 217.35
2025-03-28 16:36:44, 81,, 10567,, 246.17
2025-03-28 16:36:54, 86,, 10567,, 232.79
2025-03-28 16:37:04, 82,, 10567,, 236.45
2025-03-28 16:37:14, 82,, 10567,, 243.78
2025-03-28 16:37:24, 92,, 10567,, 249.51
2025-03-28 16:37:34, 81,, 10567,, 237.57
2025-03-28 16:37:44, 78,, 10567,, 226.25
2025-03-28 16:37:54, 78,, 10567,, 244.10
2025-03-28 16:38:04, 83,, 10567,, 241.23
2025-03-28 16:38:14, 80,, 10567,, 231.51
2025-03-28 16:38:25, 82,, 10567,, 228.49
2025-03-28 16:38:35, 82,, 10567,, 234.54
2025-03-28 16:38:45, 74,, 10567,, 247.74
2025-03-28 16:38:55, 0,, 10567,, 83.27
