Timestamp, GPU Util (%), Memory Used (MiB), Power (W)
2025-03-28 10:22:55, 0,, 21,, 41.91
2025-03-28 10:23:05, 0,, 21,, 41.91
2025-03-28 10:23:15, 0,, 21,, 41.91
2025-03-28 10:23:25, 0,, 21,, 41.88
2025-03-28 10:23:35, 0,, 21,, 41.91
2025-03-28 10:23:45, 0,, 21,, 41.91
2025-03-28 10:23:55, 0,, 21,, 41.91
2025-03-28 10:24:05, 0,, 21,, 41.91
2025-03-28 10:24:15, 0,, 21,, 41.91
2025-03-28 10:24:25, 0,, 21,, 41.88
2025-03-28 10:24:35, 0,, 21,, 41.88
2025-03-28 10:24:45, 0,, 21,, 41.88
2025-03-28 10:24:55, 0,, 21,, 41.88
2025-03-28 10:25:05, 0,, 327,, 55.80
2025-03-28 10:25:15, 0,, 8337,, 69.67
2025-03-28 10:25:25, 65,, 8337,, 106.95
2025-03-28 10:25:35, 18,, 8339,, 82.20
2025-03-28 10:25:45, 52,, 8339,, 87.96
2025-03-28 10:25:55, 51,, 8339,, 168.04
2025-03-28 10:26:05, 21,, 8339,, 226.90
2025-03-28 10:26:16, 20,, 8339,, 84.60
2025-03-28 10:26:26, 18,, 8339,, 81.19
2025-03-28 10:26:36, 20,, 8339,, 178.44
2025-03-28 10:26:46, 62,, 8339,, 221.65
2025-03-28 10:26:56, 17,, 8339,, 184.66
2025-03-28 10:27:06, 64,, 8339,, 163.62
2025-03-28 10:27:16, 54,, 8339,, 133.12
2025-03-28 10:27:26, 28,, 8339,, 85.93
2025-03-28 10:27:36, 28,, 8341,, 218.93
2025-03-28 10:27:46, 23,, 8341,, 101.26
2025-03-28 10:27:56, 62,, 8341,, 234.86
2025-03-28 10:28:06, 27,, 8341,, 222.46
2025-03-28 10:28:16, 26,, 8341,, 107.16
2025-03-28 10:28:26, 36,, 8341,, 111.81
2025-03-28 10:28:36, 29,, 8341,, 136.46
2025-03-28 10:28:46, 27,, 8341,, 116.60
2025-03-28 10:28:56, 58,, 8341,, 224.52
2025-03-28 10:29:06, 26,, 8341,, 198.18
2025-03-28 10:29:16, 18,, 8341,, 75.53
2025-03-28 10:29:26, 48,, 8341,, 142.87
2025-03-28 10:29:36, 47,, 8341,, 154.37
2025-03-28 10:29:46, 60,, 8341,, 134.25
2025-03-28 10:29:56, 60,, 8341,, 223.56
2025-03-28 10:30:07, 28,, 8341,, 74.47
2025-03-28 10:30:17, 45,, 8341,, 143.74
2025-03-28 10:30:27, 42,, 8341,, 223.08
2025-03-28 10:30:37, 27,, 8341,, 81.72
2025-03-28 10:30:47, 27,, 8341,, 223.41
2025-03-28 10:30:57, 41,, 8341,, 114.13
2025-03-28 10:31:07, 29,, 8341,, 117.08
2025-03-28 10:31:17, 47,, 8341,, 75.48
2025-03-28 10:31:27, 55,, 8341,, 228.66
2025-03-28 10:31:37, 35,, 8341,, 96.47
2025-03-28 10:31:47, 33,, 8341,, 80.71
2025-03-28 10:31:57, 44,, 8341,, 157.99
2025-03-28 10:32:07, 27,, 8341,, 83.11
2025-03-28 10:32:17, 31,, 8341,, 79.27
2025-03-28 10:32:27, 28,, 8341,, 165.65
2025-03-28 10:32:37, 37,, 8341,, 75.00
2025-03-28 10:32:47, 58,, 8341,, 165.28
2025-03-28 10:32:57, 26,, 8341,, 78.36
2025-03-28 10:33:07, 11,, 8341,, 187.65
2025-03-28 10:33:17, 40,, 8341,, 112.69
2025-03-28 10:33:27, 63,, 8341,, 117.56
2025-03-28 10:33:38, 71,, 8341,, 75.43
2025-03-28 10:33:48, 25,, 8341,, 93.60
2025-03-28 10:33:58, 59,, 8341,, 154.16
2025-03-28 10:34:08, 30,, 8341,, 128.98
2025-03-28 10:34:18, 59,, 8341,, 154.27
2025-03-28 10:34:28, 59,, 8341,, 99.28
2025-03-28 10:34:38, 59,, 8341,, 210.67
2025-03-28 10:34:48, 37,, 8341,, 94.07
2025-03-28 10:34:58, 29,, 8341,, 191.57
2025-03-28 10:35:08, 15,, 8341,, 200.17
2025-03-28 10:35:18, 34,, 8341,, 108.46
2025-03-28 10:35:28, 34,, 8341,, 88.32
2025-03-28 10:35:38, 41,, 8341,, 95.99
2025-03-28 10:35:48, 37,, 8341,, 117.89
2025-03-28 10:35:58, 28,, 8341,, 110.78
2025-03-28 10:36:08, 46,, 8341,, 108.38
2025-03-28 10:36:18, 43,, 8341,, 154.06
2025-03-28 10:36:28, 54,, 8341,, 187.28
2025-03-28 10:36:38, 30,, 8341,, 110.78
2025-03-28 10:36:48, 27,, 8341,, 100.79
2025-03-28 10:36:58, 22,, 8341,, 184.89
2025-03-28 10:37:08, 27,, 8341,, 183.58
2025-03-28 10:37:18, 36,, 8341,, 200.99
2025-03-28 10:37:28, 46,, 8341,, 164.21
2025-03-28 10:37:38, 55,, 8341,, 87.84
2025-03-28 10:37:49, 59,, 8341,, 156.08
2025-03-28 10:37:59, 26,, 8341,, 95.99
2025-03-28 10:38:09, 37,, 8341,, 73.99
2025-03-28 10:38:19, 51,, 8341,, 190.75
2025-03-28 10:38:29, 21,, 8341,, 75.96
2025-03-28 10:38:39, 61,, 8341,, 148.72
2025-03-28 10:38:49, 30,, 8341,, 144.41
2025-03-28 10:38:59, 51,, 8341,, 129.07
2025-03-28 10:39:09, 37,, 8341,, 83.58
2025-03-28 10:39:19, 45,, 8341,, 184.66
2025-03-28 10:39:29, 27,, 8341,, 159.05
2025-03-28 10:39:39, 64,, 8341,, 102.91
2025-03-28 10:39:49, 35,, 8341,, 119.08
2025-03-28 10:39:59, 33,, 8341,, 214.63
2025-03-28 10:40:09, 59,, 8341,, 170.32
2025-03-28 10:40:19, 52,, 8341,, 189.92
2025-03-28 10:40:29, 37,, 8341,, 90.30
2025-03-28 10:40:39, 28,, 8341,, 151.29
2025-03-28 10:40:49, 60,, 8341,, 201.26
2025-03-28 10:40:59, 46,, 8341,, 175.10
2025-03-28 10:41:09, 55,, 8341,, 237.57
2025-03-28 10:41:19, 62,, 8341,, 228.18
2025-03-28 10:41:29, 30,, 8341,, 84.97
2025-03-28 10:41:39, 27,, 8341,, 174.86
2025-03-28 10:41:50, 33,, 8341,, 124.59
2025-03-28 10:42:00, 69,, 8341,, 154.64
2025-03-28 10:42:10, 54,, 8341,, 86.46
2025-03-28 10:42:20, 48,, 8341,, 244.24
2025-03-28 10:42:30, 30,, 8341,, 84.54
2025-03-28 10:42:40, 29,, 8341,, 92.16
2025-03-28 10:42:50, 46,, 8341,, 218.02
2025-03-28 10:43:00, 49,, 8341,, 237.73
2025-03-28 10:43:10, 29,, 8341,, 124.59
2025-03-28 10:43:20, 32,, 8341,, 85.45
2025-03-28 10:43:30, 27,, 8341,, 185.01
2025-03-28 10:43:40, 39,, 8341,, 188.84
2025-03-28 10:43:50, 43,, 8341,, 168.88
2025-03-28 10:44:00, 41,, 8341,, 117.96
2025-03-28 10:44:10, 52,, 8341,, 191.83
2025-03-28 10:44:20, 30,, 8341,, 84.54
2025-03-28 10:44:30, 21,, 8341,, 80.17
2025-03-28 10:44:40, 28,, 8341,, 88.86
2025-03-28 10:44:50, 55,, 8341,, 236.93
2025-03-28 10:45:00, 35,, 8341,, 217.98
2025-03-28 10:45:10, 30,, 8341,, 138.95
2025-03-28 10:45:20, 21,, 8341,, 134.64
2025-03-28 10:45:30, 36,, 8341,, 115.49
2025-03-28 10:45:40, 48,, 8341,, 239.32
2025-03-28 10:45:51, 18,, 8341,, 124.36
2025-03-28 10:46:01, 33,, 8341,, 110.45
2025-03-28 10:46:11, 17,, 8341,, 101.81
2025-03-28 10:46:21, 38,, 8341,, 183.93
2025-03-28 10:46:31, 38,, 8341,, 177.61
2025-03-28 10:46:41, 34,, 8341,, 156.93
2025-03-28 10:46:51, 22,, 8341,, 130.81
2025-03-28 10:47:01, 37,, 8341,, 75.91
2025-03-28 10:47:11, 73,, 8341,, 241.54
2025-03-28 10:47:21, 47,, 8341,, 223.89
2025-03-28 10:47:31, 63,, 8341,, 226.75
2025-03-28 10:47:41, 35,, 8341,, 87.84
2025-03-28 10:47:51, 39,, 8341,, 151.29
2025-03-28 10:48:01, 29,, 8341,, 149.38
2025-03-28 10:48:11, 40,, 8341,, 211.29
2025-03-28 10:48:21, 30,, 8341,, 99.83
2025-03-28 10:48:31, 31,, 8341,, 113.73
2025-03-28 10:48:41, 27,, 8341,, 149.00
2025-03-28 10:48:51, 29,, 8341,, 104.69
2025-03-28 10:49:01, 55,, 8341,, 198.04
2025-03-28 10:49:11, 45,, 8341,, 79.80
2025-03-28 10:49:21, 28,, 8341,, 211.77
2025-03-28 10:49:31, 31,, 8341,, 87.00
2025-03-28 10:49:41, 26,, 8341,, 224.99
2025-03-28 10:49:51, 46,, 8341,, 88.32
2025-03-28 10:50:02, 40,, 8341,, 163.62
2025-03-28 10:50:12, 18,, 8341,, 98.87
2025-03-28 10:50:22, 36,, 8341,, 205.90
2025-03-28 10:50:32, 55,, 8341,, 104.55
2025-03-28 10:50:42, 38,, 8341,, 104.14
2025-03-28 10:50:52, 61,, 8341,, 184.54
2025-03-28 10:51:02, 54,, 8341,, 188.84
2025-03-28 10:51:12, 64,, 8341,, 80.23
2025-03-28 10:51:22, 33,, 8341,, 154.16
2025-03-28 10:51:32, 21,, 8341,, 86.46
2025-03-28 10:51:42, 28,, 8341,, 195.65
2025-03-28 10:51:52, 32,, 8341,, 180.71
2025-03-28 10:52:02, 28,, 8341,, 85.93
2025-03-28 10:52:12, 46,, 8341,, 95.03
2025-03-28 10:52:22, 52,, 8341,, 113.17
2025-03-28 10:52:32, 59,, 8341,, 177.01
2025-03-28 10:52:42, 25,, 8341,, 116.93
2025-03-28 10:52:52, 30,, 8341,, 89.28
2025-03-28 10:53:02, 52,, 8341,, 188.48
2025-03-28 10:53:12, 27,, 8341,, 119.88
2025-03-28 10:53:22, 52,, 8341,, 115.57
2025-03-28 10:53:32, 48,, 8341,, 166.97
2025-03-28 10:53:42, 25,, 8341,, 197.43
2025-03-28 10:53:52, 0,, 8341,, 216.40
2025-03-28 10:54:03, 51,, 8341,, 176.05
2025-03-28 10:54:13, 62,, 8341,, 205.42
2025-03-28 10:54:23, 41,, 8341,, 217.98
2025-03-28 10:54:33, 30,, 8341,, 221.17
2025-03-28 10:54:43, 55,, 8341,, 116.60
2025-03-28 10:54:53, 25,, 8341,, 93.18
2025-03-28 10:55:03, 77,, 8341,, 125.63
2025-03-28 10:55:13, 39,, 8341,, 169.59
2025-03-28 10:55:23, 33,, 8341,, 83.27
2025-03-28 10:55:33, 19,, 8341,, 205.97
2025-03-28 10:55:43, 50,, 8341,, 150.92
2025-03-28 10:55:53, 37,, 8341,, 179.52
2025-03-28 10:56:03, 76,, 8341,, 159.43
2025-03-28 10:56:13, 63,, 8341,, 114.21
2025-03-28 10:56:23, 40,, 8341,, 222.93
2025-03-28 10:56:33, 54,, 8341,, 78.36
2025-03-28 10:56:43, 32,, 8341,, 221.17
2025-03-28 10:56:53, 27,, 8341,, 99.48
2025-03-28 10:57:03, 27,, 8341,, 93.24
2025-03-28 10:57:13, 38,, 8341,, 134.73
2025-03-28 10:57:23, 47,, 8341,, 146.61
2025-03-28 10:57:33, 18,, 8341,, 217.50
2025-03-28 10:57:43, 65,, 8341,, 76.44
2025-03-28 10:57:54, 38,, 8341,, 211.77
2025-03-28 10:58:04, 24,, 8341,, 95.10
2025-03-28 10:58:14, 30,, 8341,, 169.11
2025-03-28 10:58:24, 33,, 8341,, 142.40
2025-03-28 10:58:34, 30,, 8341,, 85.50
2025-03-28 10:58:44, 28,, 8341,, 102.22
2025-03-28 10:58:54, 27,, 8341,, 83.11
2025-03-28 10:59:04, 36,, 8341,, 173.18
2025-03-28 10:59:14, 42,, 8341,, 219.92
2025-03-28 10:59:24, 62,, 8341,, 161.23
2025-03-28 10:59:34, 61,, 8341,, 218.64
2025-03-28 10:59:44, 61,, 8341,, 240.59
2025-03-28 10:59:54, 26,, 8341,, 144.31
2025-03-28 11:00:04, 49,, 8341,, 173.66
2025-03-28 11:00:14, 13,, 8341,, 80.23
2025-03-28 11:00:24, 61,, 8341,, 232.63
2025-03-28 11:00:34, 21,, 8341,, 215.92
2025-03-28 11:00:44, 36,, 8341,, 211.62
2025-03-28 11:00:54, 55,, 8341,, 243.14
2025-03-28 11:01:04, 53,, 8341,, 250.77
2025-03-28 11:01:14, 28,, 8341,, 113.40
2025-03-28 11:01:24, 46,, 8341,, 108.67
2025-03-28 11:01:34, 27,, 8341,, 85.62
2025-03-28 11:01:45, 55,, 8341,, 174.85
2025-03-28 11:01:55, 46,, 8341,, 151.50
2025-03-28 11:02:05, 41,, 8341,, 178.08
2025-03-28 11:02:15, 61,, 8341,, 188.01
2025-03-28 11:02:25, 27,, 8341,, 216.54
2025-03-28 11:02:35, 36,, 8341,, 220.51
2025-03-28 11:02:45, 46,, 8341,, 177.25
2025-03-28 11:02:55, 64,, 8341,, 219.89
2025-03-28 11:03:05, 30,, 8341,, 100.31
2025-03-28 11:03:15, 35,, 8341,, 82.57
2025-03-28 11:03:25, 37,, 8341,, 242.02
2025-03-28 11:03:35, 36,, 8341,, 91.68
2025-03-28 11:03:45, 48,, 8341,, 111.26
2025-03-28 11:03:55, 46,, 8341,, 175.57
2025-03-28 11:04:05, 43,, 8341,, 85.50
2025-03-28 11:04:15, 27,, 8341,, 194.57
2025-03-28 11:04:25, 36,, 8341,, 77.35
2025-03-28 11:04:35, 76,, 8341,, 166.12
2025-03-28 11:04:45, 58,, 8341,, 105.10
2025-03-28 11:04:55, 28,, 8341,, 149.00
2025-03-28 11:05:05, 52,, 8341,, 125.46
2025-03-28 11:05:15, 21,, 8341,, 150.82
2025-03-28 11:05:25, 37,, 8341,, 111.74
2025-03-28 11:05:35, 46,, 8341,, 131.77
2025-03-28 11:05:45, 46,, 8341,, 78.79
2025-03-28 11:05:55, 63,, 8341,, 226.27
2025-03-28 11:06:06, 27,, 8341,, 205.42
2025-03-28 11:06:16, 29,, 8341,, 156.08
2025-03-28 11:06:26, 35,, 8341,, 190.27
2025-03-28 11:06:36, 28,, 8341,, 99.83
2025-03-28 11:06:46, 40,, 8341,, 181.31
2025-03-28 11:06:56, 39,, 8341,, 239.79
2025-03-28 11:07:06, 64,, 8341,, 202.69
2025-03-28 11:07:16, 37,, 8341,, 141.73
2025-03-28 11:07:26, 55,, 8341,, 162.19
2025-03-28 11:07:36, 28,, 8341,, 212.10
2025-03-28 11:07:46, 44,, 8341,, 195.52
2025-03-28 11:07:56, 65,, 8341,, 187.88
2025-03-28 11:08:06, 49,, 8341,, 231.04
2025-03-28 11:08:16, 22,, 8341,, 217.35
2025-03-28 11:08:26, 36,, 8341,, 211.29
2025-03-28 11:08:36, 63,, 8341,, 223.41
2025-03-28 11:08:46, 54,, 8341,, 181.31
2025-03-28 11:08:56, 61,, 8341,, 215.45
2025-03-28 11:09:06, 62,, 8341,, 235.18
2025-03-28 11:09:16, 70,, 8341,, 186.57
2025-03-28 11:09:26, 57,, 8341,, 220.22
2025-03-28 11:09:36, 55,, 8341,, 103.18
2025-03-28 11:09:46, 76,, 8341,, 84.12
2025-03-28 11:09:56, 31,, 8341,, 194.57
2025-03-28 11:10:06, 54,, 8341,, 163.73
2025-03-28 11:10:17, 39,, 8341,, 122.84
2025-03-28 11:10:27, 32,, 8341,, 88.44
2025-03-28 11:10:37, 60,, 8341,, 243.61
2025-03-28 11:10:47, 45,, 8341,, 220.22
2025-03-28 11:10:57, 60,, 8341,, 231.35
2025-03-28 11:11:07, 34,, 8341,, 203.03
2025-03-28 11:11:17, 61,, 8341,, 202.35
2025-03-28 11:11:27, 27,, 8341,, 86.40
2025-03-28 11:11:37, 35,, 8341,, 247.89
2025-03-28 11:11:47, 27,, 8341,, 88.86
2025-03-28 11:11:57, 32,, 8341,, 129.85
2025-03-28 11:12:07, 31,, 8341,, 96.47
2025-03-28 11:12:17, 37,, 8341,, 141.44
2025-03-28 11:12:27, 22,, 8341,, 76.44
2025-03-28 11:12:37, 37,, 8341,, 78.79
2025-03-28 11:12:47, 57,, 8341,, 118.36
2025-03-28 11:12:57, 30,, 8341,, 179.76
2025-03-28 11:13:07, 63,, 8341,, 194.22
2025-03-28 11:13:17, 41,, 8341,, 211.62
2025-03-28 11:13:27, 16,, 8341,, 181.19
2025-03-28 11:13:37, 35,, 8341,, 142.20
2025-03-28 11:13:47, 27,, 8341,, 152.35
2025-03-28 11:13:57, 41,, 8341,, 184.18
2025-03-28 11:14:07, 54,, 8341,, 180.36
2025-03-28 11:14:18, 32,, 8341,, 112.69
2025-03-28 11:14:28, 63,, 8341,, 167.08
2025-03-28 11:14:38, 37,, 8341,, 99.83
2025-03-28 11:14:48, 27,, 8341,, 94.07
2025-03-28 11:14:58, 26,, 8341,, 213.68
2025-03-28 11:15:08, 51,, 8341,, 195.05
2025-03-28 11:15:18, 58,, 8341,, 105.03
2025-03-28 11:15:28, 29,, 8341,, 188.36
2025-03-28 11:15:38, 41,, 8341,, 151.50
2025-03-28 11:15:48, 53,, 8341,, 201.39
2025-03-28 11:15:58, 47,, 8341,, 241.70
2025-03-28 11:16:08, 43,, 8341,, 107.98
2025-03-28 11:16:18, 64,, 8341,, 206.51
2025-03-28 11:16:28, 38,, 8341,, 83.16
2025-03-28 11:16:38, 36,, 8341,, 77.40
2025-03-28 11:16:48, 30,, 8341,, 205.69
2025-03-28 11:16:58, 24,, 8341,, 88.38
2025-03-28 11:17:08, 35,, 8341,, 110.30
2025-03-28 11:17:18, 26,, 8341,, 154.54
2025-03-28 11:17:28, 48,, 8341,, 101.20
2025-03-28 11:17:38, 38,, 8341,, 211.96
2025-03-28 11:17:48, 36,, 8341,, 257.59
2025-03-28 11:17:58, 60,, 8341,, 238.36
2025-03-28 11:18:08, 34,, 8341,, 231.52
2025-03-28 11:18:19, 37,, 8341,, 96.54
2025-03-28 11:18:29, 33,, 8341,, 211.62
2025-03-28 11:18:39, 66,, 8341,, 219.26
2025-03-28 11:18:49, 26,, 8341,, 174.74
2025-03-28 11:18:59, 28,, 8341,, 144.12
2025-03-28 11:19:09, 54,, 8341,, 88.32
2025-03-28 11:19:19, 26,, 8341,, 166.49
2025-03-28 11:19:29, 38,, 8341,, 204.12
2025-03-28 11:19:39, 27,, 8341,, 187.40
2025-03-28 11:19:49, 24,, 8341,, 78.26
2025-03-28 11:19:59, 45,, 8341,, 119.88
2025-03-28 11:20:09, 44,, 8341,, 168.40
2025-03-28 11:20:19, 28,, 8341,, 114.61
2025-03-28 11:20:29, 29,, 8341,, 198.73
2025-03-28 11:20:39, 59,, 8341,, 231.52
2025-03-28 11:20:49, 41,, 8341,, 89.34
2025-03-28 11:20:59, 46,, 8341,, 207.33
2025-03-28 11:21:09, 33,, 8341,, 179.40
2025-03-28 11:21:19, 33,, 8341,, 193.74
2025-03-28 11:21:29, 37,, 8341,, 160.38
2025-03-28 11:21:39, 23,, 8341,, 80.71
2025-03-28 11:21:49, 26,, 8341,, 154.64
2025-03-28 11:21:59, 54,, 8341,, 220.99
2025-03-28 11:22:09, 29,, 8341,, 83.11
2025-03-28 11:22:19, 28,, 8341,, 187.53
2025-03-28 11:22:30, 46,, 8341,, 93.12
2025-03-28 11:22:40, 21,, 8341,, 94.14
2025-03-28 11:22:50, 36,, 8341,, 136.74
2025-03-28 11:23:00, 36,, 8341,, 242.02
2025-03-28 11:23:10, 18,, 8341,, 74.09
2025-03-28 11:23:20, 63,, 8341,, 168.04
2025-03-28 11:23:30, 36,, 8341,, 88.80
2025-03-28 11:23:40, 30,, 8341,, 247.74
2025-03-28 11:23:50, 27,, 8341,, 132.25
2025-03-28 11:24:00, 30,, 8341,, 168.99
2025-03-28 11:24:10, 18,, 8341,, 237.57
2025-03-28 11:24:20, 51,, 8341,, 236.93
2025-03-28 11:24:30, 60,, 8341,, 232.48
2025-03-28 11:24:40, 46,, 8341,, 214.97
2025-03-28 11:24:50, 26,, 8341,, 167.08
2025-03-28 11:25:00, 47,, 8341,, 163.73
2025-03-28 11:25:10, 42,, 8341,, 133.77
2025-03-28 11:25:20, 62,, 8341,, 210.05
2025-03-28 11:25:30, 18,, 8341,, 74.95
2025-03-28 11:25:40, 27,, 8341,, 205.56
2025-03-28 11:25:50, 54,, 8341,, 116.53
2025-03-28 11:26:00, 28,, 8341,, 78.79
2025-03-28 11:26:10, 56,, 8341,, 207.47
2025-03-28 11:26:20, 22,, 8341,, 174.14
2025-03-28 11:26:30, 60,, 8341,, 184.54
2025-03-28 11:26:40, 41,, 8341,, 98.45
2025-03-28 11:26:51, 36,, 8341,, 179.40
2025-03-28 11:27:01, 37,, 8341,, 98.39
2025-03-28 11:27:11, 61,, 8341,, 216.07
2025-03-28 11:27:21, 46,, 8341,, 246.96
2025-03-28 11:27:31, 43,, 8341,, 103.25
2025-03-28 11:27:41, 20,, 8341,, 159.53
2025-03-28 11:27:51, 28,, 8341,, 73.13
2025-03-28 11:28:01, 37,, 8341,, 167.19
2025-03-28 11:28:11, 18,, 8341,, 75.53
2025-03-28 11:28:21, 38,, 8341,, 149.68
2025-03-28 11:28:31, 31,, 8341,, 172.46
2025-03-28 11:28:41, 35,, 8341,, 85.08
2025-03-28 11:28:51, 72,, 8341,, 206.65
2025-03-28 11:29:01, 56,, 8341,, 132.42
2025-03-28 11:29:11, 30,, 8341,, 139.81
2025-03-28 11:29:21, 54,, 8341,, 234.86
2025-03-28 11:29:31, 29,, 8341,, 171.75
2025-03-28 11:29:41, 70,, 8341,, 123.15
2025-03-28 11:29:51, 37,, 8341,, 162.19
2025-03-28 11:30:01, 0,, 8341,, 72.55
2025-03-28 11:30:11, 58,, 8341,, 90.24
2025-03-28 11:30:21, 18,, 8341,, 173.18
2025-03-28 11:30:31, 45,, 8341,, 111.74
2025-03-28 11:30:42, 38,, 8341,, 240.11
2025-03-28 11:30:52, 24,, 8341,, 125.07
2025-03-28 11:31:02, 30,, 8341,, 153.69
2025-03-28 11:31:12, 38,, 8341,, 218.16
2025-03-28 11:31:22, 30,, 8341,, 219.59
2025-03-28 11:31:32, 60,, 8341,, 224.52
2025-03-28 11:31:42, 22,, 8341,, 119.32
2025-03-28 11:31:52, 44,, 8341,, 204.60
2025-03-28 11:32:02, 60,, 8341,, 187.88
2025-03-28 11:32:12, 34,, 8341,, 86.40
2025-03-28 11:32:22, 61,, 8341,, 223.41
2025-03-28 11:32:32, 28,, 8341,, 172.71
2025-03-28 11:32:42, 60,, 8341,, 210.67
2025-03-28 11:32:52, 31,, 8341,, 217.69
2025-03-28 11:33:02, 45,, 8341,, 178.68
2025-03-28 11:33:12, 25,, 8341,, 122.75
2025-03-28 11:33:22, 60,, 8341,, 174.62
2025-03-28 11:33:32, 37,, 8341,, 127.07
2025-03-28 11:33:42, 38,, 8341,, 146.13
2025-03-28 11:33:52, 48,, 8341,, 208.42
2025-03-28 11:34:02, 32,, 8341,, 101.20
2025-03-28 11:34:12, 19,, 8341,, 120.44
2025-03-28 11:34:22, 61,, 8341,, 249.79
2025-03-28 11:34:32, 41,, 8341,, 197.78
2025-03-28 11:34:43, 42,, 8341,, 182.15
2025-03-28 11:34:53, 29,, 8341,, 88.32
2025-03-28 11:35:03, 42,, 8341,, 187.05
2025-03-28 11:35:13, 30,, 8341,, 219.12
2025-03-28 11:35:23, 30,, 8341,, 163.73
2025-03-28 11:35:33, 20,, 8341,, 88.32
2025-03-28 11:35:43, 19,, 8341,, 106.95
2025-03-28 11:35:53, 31,, 8341,, 100.79
2025-03-28 11:36:03, 64,, 8341,, 182.15
2025-03-28 11:36:13, 63,, 8341,, 141.82
2025-03-28 11:36:23, 39,, 8341,, 189.31
2025-03-28 11:36:33, 39,, 8341,, 232.32
2025-03-28 11:36:43, 28,, 8341,, 83.11
2025-03-28 11:36:53, 37,, 8341,, 101.26
2025-03-28 11:37:03, 59,, 8341,, 125.71
2025-03-28 11:37:13, 66,, 8341,, 109.01
2025-03-28 11:37:23, 19,, 8341,, 75.00
2025-03-28 11:37:33, 40,, 8341,, 126.59
2025-03-28 11:37:43, 29,, 8341,, 188.01
2025-03-28 11:37:53, 27,, 8341,, 77.40
2025-03-28 11:38:03, 36,, 8341,, 88.92
2025-03-28 11:38:13, 24,, 8341,, 186.09
2025-03-28 11:38:23, 62,, 8341,, 234.07
2025-03-28 11:38:33, 51,, 8341,, 77.40
2025-03-28 11:38:43, 45,, 8341,, 90.24
2025-03-28 11:38:53, 27,, 8341,, 75.91
2025-03-28 11:39:04, 56,, 8341,, 80.71
2025-03-28 11:39:14, 42,, 8341,, 177.61
2025-03-28 11:39:24, 28,, 8341,, 203.17
2025-03-28 11:39:34, 53,, 8341,, 173.66
2025-03-28 11:39:44, 33,, 8341,, 147.09
2025-03-28 11:39:54, 59,, 8341,, 196.35
2025-03-28 11:40:04, 32,, 8341,, 212.58
2025-03-28 11:40:14, 39,, 8341,, 171.75
2025-03-28 11:40:24, 36,, 8341,, 102.09
2025-03-28 11:40:34, 44,, 8341,, 210.53
2025-03-28 11:40:44, 47,, 8341,, 211.77
2025-03-28 11:40:54, 32,, 8341,, 87.42
2025-03-28 11:41:04, 29,, 8341,, 188.36
2025-03-28 11:41:14, 62,, 8341,, 214.16
2025-03-28 11:41:24, 27,, 8341,, 129.37
2025-03-28 11:41:34, 21,, 8341,, 75.43
2025-03-28 11:41:44, 40,, 8341,, 149.48
2025-03-28 11:41:54, 41,, 8341,, 217.83
2025-03-28 11:42:04, 50,, 8341,, 179.16
2025-03-28 11:42:14, 27,, 8341,, 90.30
2025-03-28 11:42:24, 34,, 8341,, 180.48
2025-03-28 11:42:34, 52,, 8341,, 168.52
2025-03-28 11:42:44, 61,, 8341,, 90.36
2025-03-28 11:42:54, 22,, 8341,, 177.61
2025-03-28 11:43:04, 61,, 8341,, 207.13
2025-03-28 11:43:15, 61,, 8341,, 234.54
2025-03-28 11:43:25, 54,, 8341,, 125.23
2025-03-28 11:43:35, 46,, 8341,, 174.62
2025-03-28 11:43:45, 32,, 8341,, 153.69
2025-03-28 11:43:55, 39,, 8341,, 96.47
2025-03-28 11:44:05, 36,, 8341,, 237.88
2025-03-28 11:44:15, 61,, 8341,, 250.77
2025-03-28 11:44:25, 37,, 8341,, 214.97
2025-03-28 11:44:35, 38,, 8341,, 161.71
2025-03-28 11:44:45, 30,, 8341,, 140.86
2025-03-28 11:44:55, 36,, 8341,, 118.84
2025-03-28 11:45:05, 26,, 8341,, 106.47
2025-03-28 11:45:15, 26,, 8341,, 75.91
2025-03-28 11:45:25, 37,, 8341,, 202.08
2025-03-28 11:45:35, 61,, 8341,, 236.29
2025-03-28 11:45:45, 32,, 8341,, 126.50
2025-03-28 11:45:55, 27,, 8341,, 92.64
2025-03-28 11:46:05, 59,, 8341,, 105.10
2025-03-28 11:46:15, 28,, 8341,, 140.38
2025-03-28 11:46:25, 29,, 8341,, 191.70
2025-03-28 11:46:35, 35,, 8341,, 244.88
2025-03-28 11:46:45, 27,, 8341,, 84.97
2025-03-28 11:46:55, 64,, 8341,, 181.79
2025-03-28 11:47:05, 27,, 8341,, 111.26
2025-03-28 11:47:15, 32,, 8341,, 92.16
2025-03-28 11:47:25, 28,, 8341,, 102.22
2025-03-28 11:47:36, 37,, 8341,, 180.48
2025-03-28 11:47:46, 30,, 8341,, 75.91
2025-03-28 11:47:56, 78,, 8341,, 96.47
2025-03-28 11:48:06, 38,, 8341,, 126.50
2025-03-28 11:48:16, 20,, 8341,, 195.18
2025-03-28 11:48:26, 27,, 8341,, 83.58
2025-03-28 11:48:36, 28,, 8341,, 110.78
2025-03-28 11:48:46, 46,, 8341,, 90.24
2025-03-28 11:48:56, 54,, 8341,, 190.40
2025-03-28 11:49:06, 33,, 8341,, 130.81
2025-03-28 11:49:16, 48,, 8341,, 159.90
2025-03-28 11:49:26, 37,, 8341,, 98.87
2025-03-28 11:49:36, 30,, 8341,, 195.05
2025-03-28 11:49:46, 56,, 8341,, 202.00
2025-03-28 11:49:56, 26,, 8341,, 174.37
2025-03-28 11:50:06, 22,, 8341,, 88.92
2025-03-28 11:50:16, 25,, 8341,, 168.15
2025-03-28 11:50:26, 34,, 8341,, 217.50
2025-03-28 11:50:36, 51,, 8341,, 202.96
2025-03-28 11:50:46, 61,, 8341,, 220.51
2025-03-28 11:50:56, 27,, 8341,, 84.66
2025-03-28 11:51:06, 28,, 8341,, 195.87
2025-03-28 11:51:16, 37,, 8341,, 186.92
2025-03-28 11:51:26, 55,, 8341,, 192.53
2025-03-28 11:51:36, 36,, 8341,, 212.91
2025-03-28 11:51:47, 27,, 8341,, 101.20
2025-03-28 11:51:57, 48,, 8341,, 180.71
2025-03-28 11:52:07, 46,, 8341,, 201.26
2025-03-28 11:52:17, 47,, 8341,, 110.78
2025-03-28 11:52:27, 31,, 8341,, 88.80
2025-03-28 11:52:37, 31,, 8341,, 215.30
2025-03-28 11:52:47, 29,, 8341,, 105.99
2025-03-28 11:52:57, 39,, 8341,, 89.76
2025-03-28 11:53:07, 61,, 8341,, 184.30
2025-03-28 11:53:17, 28,, 8341,, 198.04
2025-03-28 11:53:27, 29,, 8341,, 216.88
2025-03-28 11:53:37, 40,, 8341,, 193.39
2025-03-28 11:53:47, 23,, 8341,, 147.28
2025-03-28 11:53:57, 37,, 8341,, 209.52
2025-03-28 11:54:07, 45,, 8341,, 228.16
2025-03-28 11:54:17, 22,, 8341,, 72.55
2025-03-28 11:54:27, 33,, 8341,, 135.03
2025-03-28 11:54:37, 52,, 8341,, 214.01
2025-03-28 11:54:47, 27,, 8341,, 121.32
2025-03-28 11:54:57, 27,, 8341,, 84.01
2025-03-28 11:55:07, 48,, 8341,, 216.73
2025-03-28 11:55:17, 29,, 8341,, 197.30
2025-03-28 11:55:27, 38,, 8341,, 205.76
2025-03-28 11:55:37, 45,, 8341,, 110.30
2025-03-28 11:55:47, 46,, 8341,, 180.83
2025-03-28 11:55:58, 55,, 8341,, 149.86
2025-03-28 11:56:08, 63,, 8341,, 107.98
2025-03-28 11:56:18, 36,, 8341,, 154.16
2025-03-28 11:56:28, 23,, 8341,, 164.21
2025-03-28 11:56:38, 47,, 8341,, 202.69
2025-03-28 11:56:48, 59,, 8341,, 231.52
2025-03-28 11:56:58, 61,, 8341,, 232.80
2025-03-28 11:57:08, 62,, 8341,, 232.63
2025-03-28 11:57:18, 40,, 8341,, 93.12
2025-03-28 11:57:28, 55,, 8341,, 98.39
2025-03-28 11:57:38, 32,, 8341,, 193.35
2025-03-28 11:57:48, 27,, 8341,, 92.64
2025-03-28 11:57:58, 49,, 8341,, 192.18
2025-03-28 11:58:08, 51,, 8341,, 221.65
2025-03-28 11:58:18, 32,, 8341,, 97.50
2025-03-28 11:58:28, 61,, 8341,, 177.01
2025-03-28 11:58:38, 46,, 8341,, 225.47
2025-03-28 11:58:48, 31,, 8341,, 234.38
2025-03-28 11:58:58, 62,, 8341,, 219.74
2025-03-28 11:59:08, 42,, 8341,, 85.02
2025-03-28 11:59:18, 46,, 8341,, 105.99
2025-03-28 11:59:28, 50,, 8341,, 214.97
2025-03-28 11:59:38, 37,, 8341,, 165.17
2025-03-28 11:59:48, 40,, 8341,, 206.51
2025-03-28 11:59:58, 37,, 8341,, 92.70
2025-03-28 12:00:09, 28,, 8341,, 189.79
2025-03-28 12:00:19, 18,, 8341,, 153.69
2025-03-28 12:00:29, 64,, 8341,, 200.30
2025-03-28 12:00:39, 32,, 8341,, 115.49
2025-03-28 12:00:49, 57,, 8341,, 211.48
2025-03-28 12:00:59, 28,, 8341,, 118.44
2025-03-28 12:01:09, 46,, 8341,, 210.53
2025-03-28 12:01:19, 30,, 8341,, 147.09
2025-03-28 12:01:29, 49,, 8341,, 199.35
2025-03-28 12:01:39, 33,, 8341,, 124.67
2025-03-28 12:01:49, 18,, 8341,, 94.55
2025-03-28 12:01:59, 40,, 8341,, 222.46
2025-03-28 12:02:09, 18,, 8341,, 75.48
2025-03-28 12:02:19, 19,, 8341,, 143.16
2025-03-28 12:02:29, 57,, 8341,, 125.54
2025-03-28 12:02:39, 34,, 8341,, 124.11
2025-03-28 12:02:49, 28,, 8341,, 179.64
2025-03-28 12:02:59, 60,, 8341,, 185.14
2025-03-28 12:03:09, 34,, 8341,, 86.52
2025-03-28 12:03:19, 27,, 8341,, 91.26
2025-03-28 12:03:29, 36,, 8341,, 94.97
2025-03-28 12:03:39, 31,, 8341,, 126.50
2025-03-28 12:03:49, 57,, 8341,, 166.01
2025-03-28 12:03:59, 65,, 8341,, 217.98
2025-03-28 12:04:09, 52,, 8341,, 235.34
2025-03-28 12:04:19, 36,, 8341,, 79.21
2025-03-28 12:04:29, 27,, 8341,, 102.63
2025-03-28 12:04:40, 29,, 8341,, 213.06
2025-03-28 12:04:50, 18,, 8341,, 218.16
2025-03-28 12:05:00, 28,, 8341,, 135.12
2025-03-28 12:05:10, 52,, 8341,, 237.73
2025-03-28 12:05:20, 19,, 8341,, 90.72
2025-03-28 12:05:30, 32,, 8341,, 144.60
2025-03-28 12:05:40, 47,, 8341,, 224.52
2025-03-28 12:05:50, 36,, 8341,, 128.33
2025-03-28 12:06:00, 61,, 8341,, 169.84
2025-03-28 12:06:10, 80,, 8341,, 77.35
2025-03-28 12:06:20, 28,, 8341,, 206.99
2025-03-28 12:06:30, 27,, 8341,, 180.83
2025-03-28 12:06:40, 46,, 8341,, 137.12
2025-03-28 12:06:50, 30,, 8341,, 146.61
2025-03-28 12:07:00, 56,, 8341,, 235.34
2025-03-28 12:07:10, 28,, 8341,, 215.78
2025-03-28 12:07:20, 27,, 8341,, 110.45
2025-03-28 12:07:30, 31,, 8341,, 101.88
2025-03-28 12:07:40, 46,, 8341,, 140.00
2025-03-28 12:07:50, 38,, 8341,, 214.01
2025-03-28 12:08:00, 45,, 8341,, 161.71
2025-03-28 12:08:10, 29,, 8341,, 221.50
2025-03-28 12:08:20, 38,, 8341,, 221.50
2025-03-28 12:08:30, 52,, 8341,, 107.90
2025-03-28 12:08:40, 19,, 8341,, 173.78
2025-03-28 12:08:51, 64,, 8341,, 226.12
2025-03-28 12:09:01, 42,, 8341,, 153.21
2025-03-28 12:09:11, 33,, 8341,, 196.48
2025-03-28 12:09:21, 38,, 8341,, 111.74
2025-03-28 12:09:31, 47,, 8341,, 170.91
2025-03-28 12:09:41, 42,, 8341,, 85.98
2025-03-28 12:09:51, 61,, 8341,, 236.29
2025-03-28 12:10:01, 24,, 8341,, 110.37
2025-03-28 12:10:11, 36,, 8341,, 130.33
2025-03-28 12:10:21, 29,, 8341,, 91.74
2025-03-28 12:10:31, 27,, 8341,, 144.69
2025-03-28 12:10:41, 30,, 8341,, 207.47
2025-03-28 12:10:51, 55,, 8341,, 209.38
2025-03-28 12:11:01, 27,, 8341,, 117.08
2025-03-28 12:11:11, 26,, 8341,, 73.08
2025-03-28 12:11:21, 44,, 8341,, 213.20
2025-03-28 12:11:31, 46,, 8341,, 179.52
2025-03-28 12:11:41, 37,, 8341,, 160.12
2025-03-28 12:11:51, 40,, 8341,, 205.22
2025-03-28 12:12:01, 30,, 8341,, 179.64
2025-03-28 12:12:11, 28,, 8341,, 97.50
2025-03-28 12:12:21, 43,, 8341,, 138.08
2025-03-28 12:12:31, 27,, 8341,, 202.69
2025-03-28 12:12:41, 18,, 8341,, 174.62
2025-03-28 12:12:52, 64,, 8341,, 129.94
2025-03-28 12:13:02, 53,, 8341,, 208.62
2025-03-28 12:13:12, 18,, 8341,, 175.46
2025-03-28 12:13:22, 59,, 8341,, 201.12
2025-03-28 12:13:32, 39,, 8341,, 146.41
2025-03-28 12:13:42, 50,, 8341,, 237.88
2025-03-28 12:13:52, 29,, 8341,, 82.57
2025-03-28 12:14:02, 33,, 8341,, 206.85
2025-03-28 12:14:12, 38,, 8341,, 218.64
2025-03-28 12:14:22, 60,, 8341,, 206.99
2025-03-28 12:14:32, 39,, 8341,, 81.19
2025-03-28 12:14:42, 35,, 8341,, 195.65
2025-03-28 12:14:52, 25,, 8341,, 142.30
2025-03-28 12:15:02, 59,, 8341,, 178.44
2025-03-28 12:15:12, 50,, 8341,, 193.26
2025-03-28 12:15:22, 26,, 8341,, 95.64
2025-03-28 12:15:32, 62,, 8341,, 211.15
2025-03-28 12:15:42, 42,, 8341,, 152.73
2025-03-28 12:15:52, 27,, 8341,, 160.38
2025-03-28 12:16:02, 44,, 8341,, 193.13
2025-03-28 12:16:12, 27,, 8341,, 209.10
2025-03-28 12:16:22, 36,, 8341,, 93.60
2025-03-28 12:16:32, 68,, 8341,, 213.73
2025-03-28 12:16:42, 42,, 8341,, 117.49
2025-03-28 12:16:52, 12,, 8341,, 149.38
2025-03-28 12:17:02, 37,, 8341,, 95.99
2025-03-28 12:17:13, 42,, 8341,, 77.40
2025-03-28 12:17:23, 44,, 8341,, 143.83
2025-03-28 12:17:33, 44,, 8341,, 149.58
2025-03-28 12:17:43, 22,, 8341,, 219.41
2025-03-28 12:17:53, 35,, 8341,, 176.17
2025-03-28 12:18:03, 49,, 8341,, 121.32
2025-03-28 12:18:13, 39,, 8341,, 193.01
2025-03-28 12:18:23, 59,, 8341,, 173.66
2025-03-28 12:18:33, 37,, 8341,, 93.18
2025-03-28 12:18:43, 31,, 8341,, 99.96
2025-03-28 12:18:53, 55,, 8341,, 96.60
2025-03-28 12:19:03, 37,, 8341,, 187.17
2025-03-28 12:19:13, 64,, 8341,, 167.19
2025-03-28 12:19:23, 52,, 8341,, 180.83
2025-03-28 12:19:33, 37,, 8341,, 116.60
2025-03-28 12:19:43, 37,, 8341,, 112.69
2025-03-28 12:19:53, 17,, 8341,, 76.87
2025-03-28 12:20:03, 78,, 8341,, 196.00
2025-03-28 12:20:13, 50,, 8341,, 189.44
2025-03-28 12:20:23, 61,, 8341,, 99.83
2025-03-28 12:20:33, 45,, 8341,, 174.14
2025-03-28 12:20:43, 19,, 8341,, 141.73
2025-03-28 12:20:53, 30,, 8341,, 75.43
2025-03-28 12:21:03, 64,, 8341,, 204.46
2025-03-28 12:21:14, 36,, 8341,, 157.99
2025-03-28 12:21:24, 59,, 8341,, 212.10
2025-03-28 12:21:34, 27,, 8341,, 150.92
2025-03-28 12:21:44, 46,, 8341,, 116.60
2025-03-28 12:21:54, 18,, 8341,, 210.67
2025-03-28 12:22:04, 23,, 8341,, 75.91
2025-03-28 12:22:14, 28,, 8341,, 214.97
2025-03-28 12:22:24, 44,, 8341,, 206.65
2025-03-28 12:22:34, 36,, 8341,, 107.57
2025-03-28 12:22:44, 37,, 8341,, 202.35
2025-03-28 12:22:54, 48,, 8341,, 144.79
2025-03-28 12:23:04, 51,, 8341,, 184.54
2025-03-28 12:23:14, 27,, 8341,, 208.14
2025-03-28 12:23:24, 18,, 8341,, 87.90
2025-03-28 12:23:34, 35,, 8341,, 107.43
2025-03-28 12:23:44, 44,, 8341,, 142.87
2025-03-28 12:23:54, 18,, 8341,, 84.06
2025-03-28 12:24:04, 27,, 8341,, 113.65
2025-03-28 12:24:14, 30,, 8341,, 85.93
2025-03-28 12:24:24, 29,, 8341,, 165.17
2025-03-28 12:24:34, 55,, 8341,, 150.92
2025-03-28 12:24:44, 34,, 8341,, 242.33
2025-03-28 12:24:54, 33,, 8341,, 210.95
2025-03-28 12:25:04, 44,, 8341,, 232.00
2025-03-28 12:25:15, 47,, 8341,, 232.15
2025-03-28 12:25:25, 35,, 8341,, 210.33
2025-03-28 12:25:35, 36,, 8341,, 89.82
2025-03-28 12:25:45, 37,, 8341,, 166.97
2025-03-28 12:25:55, 20,, 8341,, 213.34
2025-03-28 12:26:05, 38,, 8341,, 144.69
2025-03-28 12:26:15, 61,, 8341,, 217.02
2025-03-28 12:26:25, 24,, 8341,, 185.62
2025-03-28 12:26:35, 59,, 8341,, 140.00
2025-03-28 12:26:45, 26,, 8341,, 76.87
2025-03-28 12:26:55, 36,, 8341,, 137.03
2025-03-28 12:27:05, 33,, 8341,, 177.85
2025-03-28 12:27:15, 75,, 8341,, 207.33
2025-03-28 12:27:25, 18,, 8341,, 159.90
2025-03-28 12:27:35, 57,, 8341,, 119.48
2025-03-28 12:27:45, 60,, 8341,, 130.81
2025-03-28 12:27:55, 48,, 8341,, 138.95
2025-03-28 12:28:05, 37,, 8341,, 77.35
2025-03-28 12:28:15, 60,, 8341,, 144.69
2025-03-28 12:28:25, 34,, 8341,, 155.60
2025-03-28 12:28:35, 59,, 8341,, 87.42
2025-03-28 12:28:45, 25,, 8341,, 219.89
2025-03-28 12:28:55, 30,, 8341,, 139.52
2025-03-28 12:29:05, 18,, 8341,, 174.50
2025-03-28 12:29:15, 37,, 8341,, 149.38
2025-03-28 12:29:25, 31,, 8341,, 98.93
2025-03-28 12:29:36, 39,, 8341,, 97.50
2025-03-28 12:29:46, 43,, 8341,, 89.82
2025-03-28 12:29:56, 46,, 8341,, 88.38
2025-03-28 12:30:06, 28,, 8341,, 90.36
2025-03-28 12:30:16, 61,, 8341,, 140.48
2025-03-28 12:30:26, 32,, 8341,, 81.24
2025-03-28 12:30:36, 28,, 8341,, 86.58
2025-03-28 12:30:46, 56,, 8341,, 220.37
2025-03-28 12:30:56, 37,, 8341,, 77.40
2025-03-28 12:31:06, 62,, 8341,, 218.12
2025-03-28 12:31:16, 44,, 8341,, 174.26
2025-03-28 12:31:26, 28,, 8341,, 110.93
2025-03-28 12:31:36, 41,, 8341,, 136.65
2025-03-28 12:31:46, 46,, 8341,, 75.96
2025-03-28 12:31:56, 37,, 8341,, 78.89
2025-03-28 12:32:06, 29,, 8341,, 93.60
2025-03-28 12:32:16, 56,, 8341,, 236.29
2025-03-28 12:32:26, 48,, 8341,, 160.28
2025-03-28 12:32:36, 35,, 8341,, 92.64
2025-03-28 12:32:46, 26,, 8341,, 86.40
2025-03-28 12:32:56, 42,, 8341,, 76.92
2025-03-28 12:33:06, 69,, 8341,, 125.54
2025-03-28 12:33:16, 34,, 8341,, 196.48
2025-03-28 12:33:26, 36,, 8341,, 85.45
2025-03-28 12:33:36, 46,, 8341,, 220.70
2025-03-28 12:33:47, 45,, 8341,, 195.05
2025-03-28 12:33:57, 47,, 8341,, 230.24
2025-03-28 12:34:07, 37,, 8341,, 103.59
2025-03-28 12:34:17, 28,, 8341,, 161.34
2025-03-28 12:34:27, 59,, 8341,, 237.41
2025-03-28 12:34:37, 58,, 8341,, 192.40
2025-03-28 12:34:47, 42,, 8341,, 220.25
2025-03-28 12:34:57, 55,, 8341,, 87.84
2025-03-28 12:35:07, 44,, 8341,, 211.96
2025-03-28 12:35:17, 57,, 8341,, 107.50
2025-03-28 12:35:27, 36,, 8341,, 186.45
2025-03-28 12:35:37, 39,, 8341,, 160.75
2025-03-28 12:35:47, 53,, 8341,, 214.97
2025-03-28 12:35:57, 34,, 8341,, 155.12
2025-03-28 12:36:07, 61,, 8341,, 203.17
2025-03-28 12:36:17, 35,, 8341,, 221.17
2025-03-28 12:36:27, 52,, 8341,, 140.96
2025-03-28 12:36:37, 18,, 8341,, 78.79
2025-03-28 12:36:47, 29,, 8341,, 146.71
2025-03-28 12:36:57, 47,, 8341,, 189.92
2025-03-28 12:37:07, 70,, 8341,, 214.78
2025-03-28 12:37:17, 64,, 8341,, 161.34
2025-03-28 12:37:27, 36,, 8341,, 88.32
2025-03-28 12:37:37, 36,, 8341,, 89.76
2025-03-28 12:37:47, 27,, 8341,, 116.45
2025-03-28 12:37:58, 53,, 8341,, 194.57
2025-03-28 12:38:08, 27,, 8341,, 75.43
2025-03-28 12:38:18, 52,, 8341,, 153.10
2025-03-28 12:38:28, 71,, 8341,, 227.23
2025-03-28 12:38:38, 26,, 8341,, 113.65
2025-03-28 12:38:48, 39,, 8341,, 125.63
2025-03-28 12:38:58, 34,, 8341,, 81.19
2025-03-28 12:39:08, 18,, 8341,, 76.87
2025-03-28 12:39:18, 71,, 8341,, 232.00
2025-03-28 12:39:28, 54,, 8341,, 171.39
2025-03-28 12:39:38, 46,, 8341,, 167.56
2025-03-28 12:39:48, 40,, 8341,, 86.04
2025-03-28 12:39:58, 45,, 8341,, 172.46
2025-03-28 12:40:08, 57,, 8341,, 193.87
2025-03-28 12:40:18, 25,, 8341,, 73.99
2025-03-28 12:40:28, 36,, 8341,, 88.26
2025-03-28 12:40:38, 38,, 8341,, 202.08
2025-03-28 12:40:48, 30,, 8341,, 92.16
2025-03-28 12:40:58, 39,, 8341,, 238.04
2025-03-28 12:41:08, 50,, 8341,, 150.71
2025-03-28 12:41:18, 27,, 8341,, 184.30
2025-03-28 12:41:28, 27,, 8341,, 90.78
2025-03-28 12:41:38, 39,, 8341,, 227.38
2025-03-28 12:41:48, 22,, 8341,, 124.27
2025-03-28 12:41:58, 46,, 8341,, 182.75
2025-03-28 12:42:08, 37,, 8341,, 203.65
2025-03-28 12:42:19, 46,, 8341,, 111.55
2025-03-28 12:42:29, 25,, 8341,, 206.93
2025-03-28 12:42:39, 27,, 8341,, 164.06
2025-03-28 12:42:49, 38,, 8341,, 95.77
2025-03-28 12:42:59, 37,, 8341,, 96.73
2025-03-28 12:43:09, 46,, 8341,, 223.68
2025-03-28 12:43:19, 49,, 8341,, 93.85
2025-03-28 12:43:29, 64,, 8341,, 178.56
2025-03-28 12:43:39, 66,, 8341,, 82.85
2025-03-28 12:43:49, 36,, 8341,, 173.17
2025-03-28 12:43:59, 27,, 8341,, 211.24
2025-03-28 12:44:09, 29,, 8341,, 86.21
2025-03-28 12:44:19, 41,, 8341,, 241.71
2025-03-28 12:44:29, 36,, 8341,, 102.02
2025-03-28 12:44:39, 57,, 8341,, 237.88
2025-03-28 12:44:49, 52,, 8341,, 137.40
2025-03-28 12:44:59, 40,, 8341,, 145.94
2025-03-28 12:45:09, 35,, 8341,, 127.24
2025-03-28 12:45:19, 45,, 8341,, 178.92
2025-03-28 12:45:29, 65,, 8341,, 200.23
2025-03-28 12:45:39, 30,, 8341,, 92.40
2025-03-28 12:45:49, 31,, 8341,, 100.57
2025-03-28 12:45:59, 33,, 8341,, 96.66
2025-03-28 12:46:09, 38,, 8341,, 164.32
2025-03-28 12:46:20, 56,, 8341,, 86.52
2025-03-28 12:46:30, 36,, 8341,, 121.40
2025-03-28 12:46:40, 44,, 8341,, 175.46
2025-03-28 12:46:50, 39,, 8341,, 177.96
2025-03-28 12:47:00, 47,, 8341,, 206.65
2025-03-28 12:47:10, 47,, 8341,, 210.62
2025-03-28 12:47:20, 36,, 8341,, 102.84
2025-03-28 12:47:30, 47,, 8341,, 85.56
2025-03-28 12:47:40, 53,, 8341,, 206.99
2025-03-28 12:47:50, 45,, 8341,, 99.35
2025-03-28 12:48:00, 47,, 8341,, 222.76
2025-03-28 12:48:10, 63,, 8341,, 217.83
2025-03-28 12:48:20, 18,, 8341,, 190.62
2025-03-28 12:48:30, 47,, 8343,, 121.40
2025-03-28 12:48:40, 30,, 8343,, 92.70
2025-03-28 12:48:50, 25,, 8343,, 78.31
2025-03-28 12:49:00, 77,, 8343,, 238.84
2025-03-28 12:49:10, 63,, 8343,, 232.15
2025-03-28 12:49:20, 54,, 8343,, 76.97
2025-03-28 12:49:30, 41,, 8343,, 182.87
2025-03-28 12:49:40, 36,, 8343,, 150.34
2025-03-28 12:49:50, 55,, 8343,, 93.60
2025-03-28 12:50:00, 52,, 8343,, 220.22
2025-03-28 12:50:10, 37,, 8343,, 100.31
2025-03-28 12:50:20, 19,, 8343,, 74.95
2025-03-28 12:50:31, 57,, 8343,, 202.82
2025-03-28 12:50:41, 32,, 8343,, 208.76
2025-03-28 12:50:51, 26,, 8343,, 235.50
2025-03-28 12:51:01, 28,, 8343,, 133.20
2025-03-28 12:51:11, 40,, 8343,, 167.56
2025-03-28 12:51:21, 28,, 8343,, 212.58
2025-03-28 12:51:31, 28,, 8343,, 130.51
2025-03-28 12:51:41, 19,, 8343,, 227.53
2025-03-28 12:51:51, 49,, 8343,, 76.44
2025-03-28 12:52:01, 35,, 8343,, 114.21
2025-03-28 12:52:11, 54,, 8343,, 230.88
2025-03-28 12:52:21, 19,, 8343,, 199.48
2025-03-28 12:52:31, 55,, 8343,, 196.40
2025-03-28 12:52:41, 55,, 8343,, 188.26
2025-03-28 12:52:51, 56,, 8343,, 167.08
2025-03-28 12:53:01, 57,, 8343,, 127.54
2025-03-28 12:53:11, 55,, 8343,, 247.58
2025-03-28 12:53:21, 36,, 8343,, 78.84
2025-03-28 12:53:31, 34,, 8343,, 212.72
2025-03-28 12:53:41, 32,, 8343,, 89.82
2025-03-28 12:53:51, 57,, 8343,, 187.53
2025-03-28 12:54:01, 21,, 8343,, 203.85
2025-03-28 12:54:11, 41,, 8343,, 216.26
2025-03-28 12:54:22, 54,, 8343,, 179.88
2025-03-28 12:54:32, 30,, 8343,, 177.01
2025-03-28 12:54:42, 33,, 8343,, 171.50
2025-03-28 12:54:52, 30,, 8343,, 218.79
2025-03-28 12:55:02, 63,, 8343,, 205.08
2025-03-28 12:55:12, 29,, 8343,, 225.32
2025-03-28 12:55:22, 59,, 8343,, 202.90
2025-03-28 12:55:32, 34,, 8343,, 86.40
2025-03-28 12:55:42, 49,, 8343,, 219.74
2025-03-28 12:55:52, 37,, 8343,, 157.51
2025-03-28 12:56:02, 35,, 8343,, 75.96
2025-03-28 12:56:12, 57,, 8343,, 117.49
2025-03-28 12:56:22, 29,, 8343,, 95.51
2025-03-28 12:56:32, 53,, 8343,, 101.26
2025-03-28 12:56:42, 60,, 8343,, 247.91
2025-03-28 12:56:52, 22,, 8343,, 85.02
2025-03-28 12:57:02, 36,, 8343,, 93.66
2025-03-28 12:57:12, 48,, 8343,, 221.17
2025-03-28 12:57:22, 44,, 8343,, 240.11
2025-03-28 12:57:32, 25,, 8343,, 104.62
2025-03-28 12:57:42, 52,, 8343,, 151.77
2025-03-28 12:57:52, 60,, 8343,, 174.50
2025-03-28 12:58:02, 28,, 8343,, 87.96
2025-03-28 12:58:12, 27,, 8343,, 187.05
2025-03-28 12:58:22, 22,, 8343,, 216.73
2025-03-28 12:58:32, 52,, 8343,, 242.82
2025-03-28 12:58:43, 72,, 8343,, 111.33
2025-03-28 12:58:53, 28,, 8343,, 101.33
2025-03-28 12:59:03, 45,, 8343,, 162.30
2025-03-28 12:59:13, 49,, 8343,, 235.65
2025-03-28 12:59:23, 28,, 8343,, 194.91
2025-03-28 12:59:33, 57,, 8343,, 196.82
2025-03-28 12:59:43, 35,, 8343,, 111.74
2025-03-28 12:59:53, 31,, 8343,, 105.99
2025-03-28 13:00:03, 34,, 8343,, 130.81
2025-03-28 13:00:13, 34,, 8343,, 215.78
2025-03-28 13:00:23, 35,, 8343,, 79.27
2025-03-28 13:00:33, 32,, 8343,, 134.16
2025-03-28 13:00:43, 53,, 8343,, 206.03
2025-03-28 13:00:53, 38,, 8343,, 153.21
2025-03-28 13:01:03, 27,, 8343,, 237.73
2025-03-28 13:01:13, 42,, 8343,, 164.95
2025-03-28 13:01:23, 29,, 8343,, 83.53
2025-03-28 13:01:33, 28,, 8343,, 213.73
2025-03-28 13:01:43, 40,, 8343,, 112.36
2025-03-28 13:01:53, 61,, 8343,, 222.46
2025-03-28 13:02:03, 30,, 8343,, 76.44
2025-03-28 13:02:13, 59,, 8343,, 168.52
2025-03-28 13:02:23, 37,, 8343,, 102.22
2025-03-28 13:02:33, 46,, 8343,, 188.61
2025-03-28 13:02:43, 37,, 8343,, 149.10
2025-03-28 13:02:53, 38,, 8343,, 211.91
2025-03-28 13:03:04, 33,, 8343,, 76.44
2025-03-28 13:03:14, 46,, 8343,, 191.22
2025-03-28 13:03:24, 28,, 8343,, 156.08
2025-03-28 13:03:34, 54,, 8343,, 83.58
2025-03-28 13:03:44, 71,, 8343,, 227.71
2025-03-28 13:03:54, 46,, 8343,, 157.51
2025-03-28 13:04:04, 54,, 8343,, 89.82
2025-03-28 13:04:14, 37,, 8343,, 131.94
2025-03-28 13:04:24, 47,, 8343,, 154.16
2025-03-28 13:04:34, 28,, 8343,, 137.12
2025-03-28 13:04:44, 42,, 8343,, 220.37
2025-03-28 13:04:54, 36,, 8343,, 188.96
2025-03-28 13:05:04, 17,, 8343,, 254.73
2025-03-28 13:05:14, 37,, 8343,, 207.33
2025-03-28 13:05:24, 27,, 8343,, 206.03
2025-03-28 13:05:34, 28,, 8343,, 101.74
2025-03-28 13:05:44, 30,, 8343,, 235.98
2025-03-28 13:05:54, 32,, 8343,, 103.18
2025-03-28 13:06:04, 61,, 8343,, 222.13
2025-03-28 13:06:14, 26,, 8343,, 88.38
2025-03-28 13:06:24, 56,, 8343,, 145.75
2025-03-28 13:06:34, 59,, 8343,, 215.78
2025-03-28 13:06:44, 37,, 8343,, 147.57
2025-03-28 13:06:54, 35,, 8343,, 221.03
2025-03-28 13:07:05, 37,, 8343,, 200.78
2025-03-28 13:07:15, 54,, 8343,, 213.54
2025-03-28 13:07:25, 28,, 8343,, 175.10
2025-03-28 13:07:35, 18,, 8343,, 233.43
2025-03-28 13:07:45, 46,, 8343,, 93.18
2025-03-28 13:07:55, 31,, 8343,, 98.93
2025-03-28 13:08:05, 28,, 8343,, 218.16
2025-03-28 13:08:15, 58,, 8343,, 244.24
2025-03-28 13:08:25, 24,, 8343,, 74.95
2025-03-28 13:08:35, 30,, 8343,, 171.77
2025-03-28 13:08:45, 56,, 8343,, 210.33
2025-03-28 13:08:55, 30,, 8343,, 107.02
2025-03-28 13:09:05, 59,, 8343,, 192.79
2025-03-28 13:09:15, 32,, 8343,, 222.93
2025-03-28 13:09:25, 52,, 8343,, 129.94
2025-03-28 13:09:35, 37,, 8343,, 114.61
2025-03-28 13:09:45, 45,, 8343,, 212.58
2025-03-28 13:09:55, 47,, 8343,, 130.42
2025-03-28 13:10:05, 50,, 8343,, 130.42
2025-03-28 13:10:15, 28,, 8343,, 111.81
2025-03-28 13:10:25, 36,, 8343,, 133.59
2025-03-28 13:10:35, 35,, 8343,, 123.15
2025-03-28 13:10:45, 28,, 8343,, 84.49
2025-03-28 13:10:55, 22,, 8343,, 140.77
2025-03-28 13:11:05, 56,, 8343,, 181.31
2025-03-28 13:11:16, 57,, 8343,, 149.48
2025-03-28 13:11:26, 26,, 8343,, 122.36
2025-03-28 13:11:36, 46,, 8343,, 182.87
2025-03-28 13:11:46, 48,, 8343,, 131.46
2025-03-28 13:11:56, 28,, 8343,, 79.80
2025-03-28 13:12:06, 38,, 8343,, 141.63
2025-03-28 13:12:16, 54,, 8343,, 245.05
2025-03-28 13:12:26, 62,, 8343,, 217.02
2025-03-28 13:12:36, 27,, 8343,, 218.31
2025-03-28 13:12:46, 60,, 8343,, 242.50
2025-03-28 13:12:56, 43,, 8343,, 249.96
2025-03-28 13:13:06, 58,, 8343,, 229.77
2025-03-28 13:13:16, 30,, 8343,, 78.41
2025-03-28 13:13:26, 23,, 8343,, 87.42
2025-03-28 13:13:36, 39,, 8343,, 154.85
2025-03-28 13:13:46, 38,, 8343,, 98.39
2025-03-28 13:13:56, 28,, 8343,, 200.64
2025-03-28 13:14:06, 75,, 8343,, 227.23
2025-03-28 13:14:16, 25,, 8343,, 74.52
2025-03-28 13:14:26, 40,, 8343,, 109.41
2025-03-28 13:14:36, 19,, 8343,, 103.25
2025-03-28 13:14:46, 52,, 8343,, 235.18
2025-03-28 13:14:56, 28,, 8343,, 130.33
2025-03-28 13:15:06, 32,, 8343,, 101.26
2025-03-28 13:15:16, 34,, 8343,, 128.42
2025-03-28 13:15:27, 58,, 8343,, 191.22
2025-03-28 13:15:37, 49,, 8343,, 181.43
2025-03-28 13:15:47, 34,, 8343,, 135.12
2025-03-28 13:15:57, 46,, 8343,, 95.99
2025-03-28 13:16:07, 59,, 8343,, 162.19
2025-03-28 13:16:17, 36,, 8343,, 210.19
2025-03-28 13:16:27, 46,, 8343,, 193.61
2025-03-28 13:16:37, 42,, 8343,, 92.64
2025-03-28 13:16:47, 60,, 8343,, 177.73
2025-03-28 13:16:57, 37,, 8343,, 172.34
2025-03-28 13:17:07, 38,, 8343,, 190.87
2025-03-28 13:17:17, 59,, 8343,, 222.76
2025-03-28 13:17:27, 37,, 8343,, 226.90
2025-03-28 13:17:37, 47,, 8343,, 204.26
2025-03-28 13:17:47, 47,, 8343,, 117.49
2025-03-28 13:17:57, 41,, 8343,, 200.99
2025-03-28 13:18:07, 40,, 8343,, 139.81
2025-03-28 13:18:17, 56,, 8343,, 170.32
2025-03-28 13:18:27, 47,, 8343,, 231.84
2025-03-28 13:18:37, 59,, 8343,, 134.16
2025-03-28 13:18:47, 47,, 8343,, 90.24
2025-03-28 13:18:57, 28,, 8343,, 153.79
2025-03-28 13:19:07, 53,, 8343,, 242.18
2025-03-28 13:19:17, 46,, 8343,, 112.77
2025-03-28 13:19:27, 34,, 8343,, 76.87
2025-03-28 13:19:38, 51,, 8343,, 229.14
2025-03-28 13:19:48, 38,, 8343,, 131.77
2025-03-28 13:19:58, 28,, 8343,, 107.02
2025-03-28 13:20:08, 29,, 8343,, 117.49
2025-03-28 13:20:18, 54,, 8343,, 209.38
2025-03-28 13:20:28, 30,, 8343,, 190.14
2025-03-28 13:20:38, 59,, 8343,, 198.39
2025-03-28 13:20:48, 50,, 8343,, 214.16
2025-03-28 13:20:58, 56,, 8343,, 87.90
2025-03-28 13:21:08, 49,, 8343,, 103.11
2025-03-28 13:21:18, 44,, 8343,, 183.58
2025-03-28 13:21:28, 59,, 8343,, 143.74
2025-03-28 13:21:38, 70,, 8343,, 95.03
2025-03-28 13:21:48, 33,, 8343,, 184.89
2025-03-28 13:21:58, 45,, 8343,, 146.51
2025-03-28 13:22:08, 36,, 8343,, 101.20
2025-03-28 13:22:18, 36,, 8343,, 105.10
2025-03-28 13:22:28, 47,, 8343,, 172.71
2025-03-28 13:22:38, 28,, 8343,, 139.33
2025-03-28 13:22:48, 47,, 8343,, 196.35
2025-03-28 13:22:58, 41,, 8343,, 240.11
2025-03-28 13:23:08, 66,, 8343,, 242.02
2025-03-28 13:23:18, 64,, 8343,, 105.99
2025-03-28 13:23:28, 39,, 8343,, 125.07
2025-03-28 13:23:38, 24,, 8343,, 88.74
2025-03-28 13:23:48, 35,, 8343,, 187.05
2025-03-28 13:23:59, 47,, 8343,, 236.45
2025-03-28 13:24:09, 46,, 8343,, 89.34
2025-03-28 13:24:19, 52,, 8343,, 175.21
2025-03-28 13:24:29, 27,, 8343,, 75.91
2025-03-28 13:24:39, 35,, 8343,, 99.41
2025-03-28 13:24:49, 36,, 8343,, 217.02
2025-03-28 13:24:59, 44,, 8343,, 168.15
2025-03-28 13:25:09, 57,, 8343,, 130.72
2025-03-28 13:25:19, 28,, 8343,, 195.52
2025-03-28 13:25:29, 83,, 8343,, 80.17
2025-03-28 13:25:39, 35,, 8343,, 106.95
2025-03-28 13:25:49, 38,, 8343,, 212.10
2025-03-28 13:25:59, 65,, 8343,, 232.63
2025-03-28 13:26:09, 37,, 8343,, 103.18
2025-03-28 13:26:19, 28,, 8343,, 105.03
2025-03-28 13:26:29, 47,, 8343,, 190.49
2025-03-28 13:26:39, 60,, 8343,, 191.83
2025-03-28 13:26:49, 40,, 8343,, 122.28
2025-03-28 13:26:59, 19,, 8343,, 76.82
2025-03-28 13:27:09, 42,, 8343,, 95.03
2025-03-28 13:27:19, 59,, 8343,, 204.12
2025-03-28 13:27:29, 28,, 8343,, 76.87
2025-03-28 13:27:39, 37,, 8343,, 80.76
2025-03-28 13:27:49, 27,, 8343,, 100.37
2025-03-28 13:27:59, 41,, 8343,, 144.12
2025-03-28 13:28:09, 27,, 8343,, 125.46
2025-03-28 13:28:20, 37,, 8343,, 228.18
2025-03-28 13:28:30, 28,, 8343,, 87.84
2025-03-28 13:28:40, 44,, 8343,, 185.37
2025-03-28 13:28:50, 41,, 8343,, 91.20
2025-03-28 13:29:00, 47,, 8343,, 185.62
2025-03-28 13:29:10, 31,, 8343,, 109.34
2025-03-28 13:29:20, 37,, 8343,, 85.93
2025-03-28 13:29:30, 36,, 8343,, 187.40
2025-03-28 13:29:40, 28,, 8343,, 195.18
2025-03-28 13:29:50, 19,, 8343,, 86.94
2025-03-28 13:30:00, 65,, 8343,, 223.23
2025-03-28 13:30:10, 38,, 8343,, 97.84
2025-03-28 13:30:20, 44,, 8343,, 76.82
2025-03-28 13:30:30, 28,, 8343,, 78.20
2025-03-28 13:30:40, 30,, 8343,, 164.95
2025-03-28 13:30:50, 29,, 8343,, 89.22
2025-03-28 13:31:00, 34,, 8343,, 93.53
2025-03-28 13:31:10, 62,, 8343,, 206.99
2025-03-28 13:31:20, 33,, 8343,, 161.71
2025-03-28 13:31:30, 63,, 8343,, 244.24
2025-03-28 13:31:40, 25,, 8343,, 105.51
2025-03-28 13:31:50, 62,, 8343,, 226.90
2025-03-28 13:32:00, 38,, 8343,, 91.68
2025-03-28 13:32:10, 27,, 8343,, 122.67
2025-03-28 13:32:20, 60,, 8343,, 232.15
2025-03-28 13:32:30, 46,, 8343,, 158.84
2025-03-28 13:32:41, 41,, 8343,, 186.22
2025-03-28 13:32:51, 39,, 8343,, 203.17
2025-03-28 13:33:01, 37,, 8343,, 222.31
2025-03-28 13:33:11, 51,, 8343,, 200.17
2025-03-28 13:33:21, 28,, 8343,, 130.42
2025-03-28 13:33:31, 28,, 8343,, 164.21
2025-03-28 13:33:41, 31,, 8343,, 94.62
2025-03-28 13:33:51, 41,, 8343,, 103.73
2025-03-28 13:34:01, 37,, 8343,, 198.52
2025-03-28 13:34:11, 54,, 8343,, 158.84
2025-03-28 13:34:21, 19,, 8343,, 138.38
2025-03-28 13:34:31, 50,, 8343,, 228.18
2025-03-28 13:34:41, 47,, 8343,, 166.01
2025-03-28 13:34:51, 39,, 8343,, 154.64
2025-03-28 13:35:01, 36,, 8343,, 95.51
2025-03-28 13:35:11, 72,, 8343,, 240.11
2025-03-28 13:35:21, 21,, 8343,, 73.51
2025-03-28 13:35:31, 30,, 8343,, 89.76
2025-03-28 13:35:41, 52,, 8343,, 175.57
2025-03-28 13:35:51, 23,, 8343,, 76.87
2025-03-28 13:36:01, 20,, 8343,, 167.93
2025-03-28 13:36:11, 52,, 8343,, 119.80
2025-03-28 13:36:21, 56,, 8343,, 103.18
2025-03-28 13:36:31, 55,, 8343,, 157.99
2025-03-28 13:36:41, 36,, 8343,, 90.90
2025-03-28 13:36:52, 32,, 8343,, 214.63
2025-03-28 13:37:02, 28,, 8343,, 103.66
2025-03-28 13:37:12, 28,, 8343,, 111.74
2025-03-28 13:37:22, 36,, 8343,, 103.59
2025-03-28 13:37:32, 37,, 8343,, 112.21
2025-03-28 13:37:42, 28,, 8343,, 95.99
2025-03-28 13:37:52, 22,, 8343,, 178.20
2025-03-28 13:38:02, 58,, 8343,, 174.14
2025-03-28 13:38:12, 38,, 8343,, 186.45
2025-03-28 13:38:22, 23,, 8343,, 78.74
2025-03-28 13:38:32, 37,, 8343,, 199.96
2025-03-28 13:38:42, 47,, 8343,, 233.43
2025-03-28 13:38:52, 39,, 8343,, 188.01
2025-03-28 13:39:02, 36,, 8343,, 169.84
2025-03-28 13:39:12, 58,, 8343,, 155.60
2025-03-28 13:39:22, 52,, 8343,, 232.00
2025-03-28 13:39:32, 42,, 8343,, 195.05
2025-03-28 13:39:42, 41,, 8343,, 109.34
2025-03-28 13:39:52, 46,, 8343,, 79.80
2025-03-28 13:40:02, 60,, 8343,, 221.35
2025-03-28 13:40:12, 31,, 8343,, 228.98
2025-03-28 13:40:22, 37,, 8343,, 138.47
2025-03-28 13:40:32, 28,, 8343,, 92.16
2025-03-28 13:40:42, 38,, 8343,, 171.27
2025-03-28 13:40:53, 53,, 8343,, 91.62
2025-03-28 13:41:03, 35,, 8343,, 210.48
2025-03-28 13:41:13, 29,, 8343,, 118.36
2025-03-28 13:41:23, 33,, 8343,, 234.71
2025-03-28 13:41:33, 39,, 8343,, 246.15
2025-03-28 13:41:43, 29,, 8343,, 98.32
2025-03-28 13:41:53, 35,, 8343,, 152.15
2025-03-28 13:42:03, 47,, 8343,, 221.65
2025-03-28 13:42:13, 28,, 8343,, 139.72
2025-03-28 13:42:23, 28,, 8343,, 210.19
2025-03-28 13:42:33, 28,, 8343,, 230.09
2025-03-28 13:42:43, 28,, 8343,, 174.98
2025-03-28 13:42:53, 76,, 8343,, 249.65
2025-03-28 13:43:03, 64,, 8343,, 235.98
2025-03-28 13:43:13, 44,, 8343,, 156.08
2025-03-28 13:43:23, 35,, 8343,, 238.04
2025-03-28 13:43:33, 52,, 8343,, 182.51
2025-03-28 13:43:43, 38,, 8343,, 234.70
2025-03-28 13:43:53, 54,, 8343,, 158.47
2025-03-28 13:44:03, 40,, 8343,, 117.41
2025-03-28 13:44:13, 47,, 8343,, 96.89
2025-03-28 13:44:23, 32,, 8343,, 240.11
2025-03-28 13:44:33, 28,, 8343,, 177.61
2025-03-28 13:44:43, 55,, 8343,, 95.45
2025-03-28 13:44:53, 18,, 8343,, 107.98
2025-03-28 13:45:04, 28,, 8343,, 83.53
2025-03-28 13:45:14, 51,, 8343,, 102.15
2025-03-28 13:45:24, 49,, 8343,, 135.60
2025-03-28 13:45:34, 63,, 8343,, 88.32
2025-03-28 13:45:44, 49,, 8343,, 202.08
2025-03-28 13:45:54, 37,, 8343,, 97.84
2025-03-28 13:46:04, 29,, 8343,, 120.28
2025-03-28 13:46:14, 57,, 8343,, 151.40
2025-03-28 13:46:24, 35,, 8343,, 93.12
2025-03-28 13:46:34, 42,, 8343,, 245.19
2025-03-28 13:46:44, 32,, 8343,, 234.38
2025-03-28 13:46:54, 30,, 8343,, 74.04
2025-03-28 13:47:04, 27,, 8343,, 239.00
2025-03-28 13:47:14, 40,, 8343,, 165.17
2025-03-28 13:47:24, 36,, 8343,, 136.55
2025-03-28 13:47:34, 52,, 8343,, 201.26
2025-03-28 13:47:44, 51,, 8343,, 109.89
2025-03-28 13:47:54, 62,, 8343,, 215.11
2025-03-28 13:48:04, 28,, 8343,, 177.01
2025-03-28 13:48:14, 33,, 8343,, 99.76
2025-03-28 13:48:24, 37,, 8343,, 112.14
2025-03-28 13:48:34, 56,, 8343,, 240.26
2025-03-28 13:48:44, 28,, 8343,, 210.33
2025-03-28 13:48:54, 62,, 8343,, 206.24
2025-03-28 13:49:05, 62,, 8343,, 168.40
2025-03-28 13:49:15, 29,, 8343,, 203.03
2025-03-28 13:49:25, 25,, 8343,, 129.85
2025-03-28 13:49:35, 48,, 8343,, 90.18
2025-03-28 13:49:45, 38,, 8343,, 114.13
2025-03-28 13:49:55, 71,, 8343,, 194.57
2025-03-28 13:50:05, 31,, 8343,, 174.02
2025-03-28 13:50:15, 30,, 8343,, 158.95
2025-03-28 13:50:25, 28,, 8343,, 164.21
2025-03-28 13:50:35, 33,, 8343,, 146.03
2025-03-28 13:50:45, 72,, 8343,, 198.73
2025-03-28 13:50:55, 36,, 8343,, 118.92
2025-03-28 13:51:05, 52,, 8343,, 154.64
2025-03-28 13:51:15, 52,, 8343,, 76.82
2025-03-28 13:51:25, 69,, 8343,, 85.93
2025-03-28 13:51:35, 54,, 8343,, 84.49
2025-03-28 13:51:45, 47,, 8343,, 228.34
2025-03-28 13:51:55, 28,, 8343,, 114.13
2025-03-28 13:52:05, 42,, 8343,, 215.45
2025-03-28 13:52:15, 19,, 8343,, 112.21
2025-03-28 13:52:25, 37,, 8343,, 211.77
2025-03-28 13:52:35, 37,, 8343,, 206.85
2025-03-28 13:52:45, 61,, 8343,, 151.87
2025-03-28 13:52:55, 31,, 8343,, 203.51
2025-03-28 13:53:05, 59,, 8343,, 231.52
2025-03-28 13:53:15, 37,, 8343,, 149.86
2025-03-28 13:53:25, 50,, 8343,, 179.88
2025-03-28 13:53:36, 58,, 8343,, 214.01
2025-03-28 13:53:46, 46,, 8343,, 151.29
2025-03-28 13:53:56, 47,, 8343,, 181.67
2025-03-28 13:54:06, 42,, 8343,, 229.46
2025-03-28 13:54:16, 48,, 8343,, 176.89
2025-03-28 13:54:26, 64,, 8343,, 93.12
2025-03-28 13:54:36, 49,, 8343,, 150.92
2025-03-28 13:54:46, 64,, 8343,, 219.74
2025-03-28 13:54:56, 39,, 8343,, 163.62
2025-03-28 13:55:06, 21,, 8343,, 124.27
2025-03-28 13:55:16, 59,, 8343,, 230.57
2025-03-28 13:55:26, 31,, 8343,, 150.44
2025-03-28 13:55:36, 19,, 8343,, 86.88
2025-03-28 13:55:46, 55,, 8343,, 236.61
2025-03-28 13:55:56, 50,, 8343,, 246.96
2025-03-28 13:56:06, 38,, 8343,, 149.86
2025-03-28 13:56:16, 19,, 8343,, 73.51
2025-03-28 13:56:26, 28,, 8343,, 88.80
2025-03-28 13:56:36, 24,, 8343,, 138.86
2025-03-28 13:56:46, 28,, 8343,, 174.50
2025-03-28 13:56:56, 41,, 8343,, 152.45
2025-03-28 13:57:06, 29,, 8343,, 99.35
2025-03-28 13:57:16, 45,, 8343,, 161.82
2025-03-28 13:57:26, 33,, 8343,, 90.72
2025-03-28 13:57:36, 38,, 8343,, 168.99
2025-03-28 13:57:47, 54,, 8343,, 141.44
2025-03-28 13:57:57, 51,, 8343,, 160.86
2025-03-28 13:58:07, 45,, 8343,, 208.76
2025-03-28 13:58:17, 41,, 8343,, 248.39
2025-03-28 13:58:27, 25,, 8343,, 173.66
2025-03-28 13:58:37, 10,, 8343,, 231.69
2025-03-28 13:58:47, 40,, 8343,, 181.19
2025-03-28 13:58:57, 21,, 8343,, 181.19
2025-03-28 13:59:07, 47,, 8343,, 130.33
2025-03-28 13:59:17, 28,, 8343,, 122.19
2025-03-28 13:59:27, 56,, 8343,, 240.26
2025-03-28 13:59:37, 19,, 8343,, 196.82
2025-03-28 13:59:47, 59,, 8343,, 244.88
2025-03-28 13:59:57, 35,, 8343,, 226.75
2025-03-28 14:00:07, 80,, 8343,, 84.54
2025-03-28 14:00:17, 28,, 8343,, 93.60
2025-03-28 14:00:27, 35,, 8343,, 210.81
2025-03-28 14:00:37, 80,, 8343,, 188.23
2025-03-28 14:00:47, 26,, 8343,, 168.40
2025-03-28 14:00:57, 46,, 8343,, 156.93
2025-03-28 14:01:07, 49,, 8343,, 151.77
2025-03-28 14:01:17, 36,, 8343,, 182.15
2025-03-28 14:01:27, 77,, 8343,, 158.95
2025-03-28 14:01:37, 27,, 8343,, 81.61
2025-03-28 14:01:47, 65,, 8343,, 78.74
2025-03-28 14:01:58, 59,, 8343,, 103.52
2025-03-28 14:02:08, 46,, 8343,, 227.08
2025-03-28 14:02:18, 28,, 8343,, 77.30
2025-03-28 14:02:28, 31,, 8343,, 175.10
2025-03-28 14:02:38, 33,, 8343,, 210.33
2025-03-28 14:02:48, 37,, 8343,, 138.65
2025-03-28 14:02:58, 38,, 8343,, 91.26
2025-03-28 14:03:08, 46,, 8343,, 238.68
2025-03-28 14:03:18, 53,, 8343,, 158.36
2025-03-28 14:03:28, 51,, 8343,, 92.16
2025-03-28 14:03:38, 61,, 8343,, 247.27
2025-03-28 14:03:48, 41,, 8343,, 224.99
2025-03-28 14:03:58, 57,, 8343,, 152.25
2025-03-28 14:04:08, 91,, 8343,, 99.28
2025-03-28 14:04:18, 47,, 8343,, 90.24
2025-03-28 14:04:28, 23,, 8343,, 76.34
2025-03-28 14:04:38, 58,, 8343,, 233.27
2025-03-28 14:04:48, 28,, 8343,, 157.04
2025-03-28 14:04:58, 46,, 8343,, 121.71
2025-03-28 14:05:08, 29,, 8343,, 85.98
2025-03-28 14:05:18, 22,, 8343,, 180.24
2025-03-28 14:05:28, 29,, 8343,, 86.04
2025-03-28 14:05:38, 41,, 8343,, 222.93
2025-03-28 14:05:48, 23,, 8343,, 78.74
2025-03-28 14:05:58, 43,, 8343,, 96.47
2025-03-28 14:06:09, 28,, 8343,, 255.21
2025-03-28 14:06:19, 38,, 8343,, 82.57
2025-03-28 14:06:29, 46,, 8343,, 193.61
2025-03-28 14:06:39, 42,, 8343,, 213.25
2025-03-28 14:06:49, 34,, 8343,, 139.91
2025-03-28 14:06:59, 52,, 8343,, 198.73
2025-03-28 14:07:09, 61,, 8343,, 250.30
2025-03-28 14:07:19, 46,, 8343,, 109.89
2025-03-28 14:07:29, 28,, 8343,, 88.38
2025-03-28 14:07:39, 56,, 8343,, 203.99
2025-03-28 14:07:49, 48,, 8343,, 92.16
2025-03-28 14:07:59, 19,, 8343,, 139.33
2025-03-28 14:08:09, 28,, 8343,, 84.97
2025-03-28 14:08:19, 59,, 8343,, 217.02
2025-03-28 14:08:29, 28,, 8343,, 199.08
2025-03-28 14:08:39, 13,, 8343,, 75.43
2025-03-28 14:08:49, 28,, 8343,, 164.58
2025-03-28 14:08:59, 39,, 8343,, 236.77
2025-03-28 14:09:09, 41,, 8343,, 218.31
2025-03-28 14:09:19, 31,, 8343,, 80.33
2025-03-28 14:09:29, 47,, 8343,, 78.84
2025-03-28 14:09:39, 28,, 8343,, 85.93
2025-03-28 14:09:49, 38,, 8343,, 176.05
2025-03-28 14:09:59, 19,, 8343,, 89.70
2025-03-28 14:10:09, 37,, 8343,, 106.40
2025-03-28 14:10:19, 63,, 8343,, 238.04
2025-03-28 14:10:29, 28,, 8343,, 185.84
2025-03-28 14:10:40, 52,, 8343,, 195.87
2025-03-28 14:10:50, 50,, 8343,, 152.25
2025-03-28 14:11:00, 28,, 8343,, 167.08
2025-03-28 14:11:10, 30,, 8343,, 203.37
2025-03-28 14:11:20, 42,, 8343,, 231.84
2025-03-28 14:11:30, 42,, 8343,, 236.61
2025-03-28 14:11:40, 38,, 8343,, 214.16
2025-03-28 14:11:50, 48,, 8343,, 167.08
2025-03-28 14:12:00, 30,, 8343,, 215.30
2025-03-28 14:12:10, 42,, 8343,, 234.07
2025-03-28 14:12:20, 28,, 8343,, 170.32
2025-03-28 14:12:30, 38,, 8343,, 219.59
2025-03-28 14:12:40, 39,, 8343,, 137.90
2025-03-28 14:12:50, 75,, 8343,, 234.71
2025-03-28 14:13:00, 31,, 8343,, 137.90
2025-03-28 14:13:10, 60,, 8343,, 222.79
2025-03-28 14:13:20, 25,, 8343,, 102.63
2025-03-28 14:13:30, 18,, 8343,, 234.38
2025-03-28 14:13:40, 53,, 8343,, 157.78
2025-03-28 14:13:50, 42,, 8343,, 98.39
2025-03-28 14:14:00, 40,, 8343,, 216.40
2025-03-28 14:14:10, 21,, 8343,, 193.01
2025-03-28 14:14:20, 56,, 8343,, 233.27
2025-03-28 14:14:30, 38,, 8343,, 152.25
2025-03-28 14:14:40, 50,, 8343,, 133.68
2025-03-28 14:14:50, 54,, 8343,, 211.15
2025-03-28 14:15:01, 45,, 8343,, 174.14
2025-03-28 14:15:11, 49,, 8343,, 241.38
2025-03-28 14:15:21, 49,, 8343,, 104.07
2025-03-28 14:15:31, 41,, 8343,, 87.96
2025-03-28 14:15:41, 51,, 8343,, 250.77
2025-03-28 14:15:51, 54,, 8343,, 158.95
2025-03-28 14:16:01, 33,, 8343,, 94.62
2025-03-28 14:16:11, 19,, 8343,, 92.64
2025-03-28 14:16:21, 61,, 8343,, 103.66
2025-03-28 14:16:31, 28,, 8343,, 104.62
2025-03-28 14:16:41, 47,, 8343,, 103.59
2025-03-28 14:16:51, 26,, 8343,, 118.84
2025-03-28 14:17:01, 36,, 8343,, 133.68
2025-03-28 14:17:11, 19,, 8343,, 90.72
2025-03-28 14:17:21, 28,, 8343,, 226.75
2025-03-28 14:17:31, 30,, 8343,, 177.61
2025-03-28 14:17:41, 19,, 8343,, 107.90
2025-03-28 14:17:51, 28,, 8343,, 179.40
2025-03-28 14:18:01, 74,, 8343,, 194.09
2025-03-28 14:18:11, 40,, 8343,, 228.81
2025-03-28 14:18:21, 73,, 8343,, 106.06
2025-03-28 14:18:31, 28,, 8343,, 165.65
2025-03-28 14:18:41, 35,, 8343,, 238.20
2025-03-28 14:18:51, 47,, 8343,, 84.01
2025-03-28 14:19:02, 56,, 8343,, 222.79
2025-03-28 14:19:12, 48,, 8343,, 92.57
2025-03-28 14:19:22, 27,, 8343,, 101.61
2025-03-28 14:19:32, 23,, 8343,, 137.99
2025-03-28 14:19:42, 28,, 8343,, 209.72
2025-03-28 14:19:52, 28,, 8343,, 176.53
2025-03-28 14:20:02, 40,, 8343,, 91.20
2025-03-28 14:20:12, 38,, 8343,, 206.37
2025-03-28 14:20:22, 33,, 8343,, 157.41
2025-03-28 14:20:32, 55,, 8343,, 211.15
2025-03-28 14:20:42, 34,, 8343,, 148.42
2025-03-28 14:20:52, 28,, 8343,, 209.10
2025-03-28 14:21:02, 37,, 8343,, 181.55
2025-03-28 14:21:12, 61,, 8343,, 96.06
2025-03-28 14:21:22, 54,, 8343,, 249.82
2025-03-28 14:21:32, 52,, 8343,, 181.31
2025-03-28 14:21:42, 28,, 8343,, 88.74
2025-03-28 14:21:52, 53,, 8343,, 89.34
2025-03-28 14:22:02, 18,, 8343,, 97.43
2025-03-28 14:22:12, 39,, 8343,, 172.71
2025-03-28 14:22:22, 19,, 8343,, 111.18
2025-03-28 14:22:32, 65,, 8343,, 78.79
2025-03-28 14:22:42, 26,, 8343,, 111.26
2025-03-28 14:22:52, 29,, 8343,, 102.70
2025-03-28 14:23:02, 62,, 8343,, 184.06
2025-03-28 14:23:12, 29,, 8343,, 86.04
2025-03-28 14:23:23, 90,, 8343,, 162.41
2025-03-28 14:23:33, 38,, 8343,, 207.61
2025-03-28 14:23:43, 56,, 8343,, 200.51
2025-03-28 14:23:53, 27,, 8343,, 151.67
2025-03-28 14:24:03, 34,, 8343,, 92.70
2025-03-28 14:24:13, 23,, 8343,, 100.85
2025-03-28 14:24:23, 54,, 8343,, 176.17
2025-03-28 14:24:33, 31,, 8343,, 95.58
2025-03-28 14:24:43, 59,, 8343,, 207.67
2025-03-28 14:24:53, 42,, 8343,, 184.41
2025-03-28 14:25:03, 13,, 8343,, 117.33
2025-03-28 14:25:13, 50,, 8343,, 149.66
2025-03-28 14:25:23, 28,, 8343,, 166.49
2025-03-28 14:25:33, 37,, 8343,, 195.52
2025-03-28 14:25:43, 28,, 8343,, 103.11
2025-03-28 14:25:53, 34,, 8343,, 87.31
2025-03-28 14:26:03, 36,, 8343,, 103.04
2025-03-28 14:26:13, 21,, 8343,, 166.60
2025-03-28 14:26:23, 37,, 8343,, 241.54
2025-03-28 14:26:33, 31,, 8343,, 187.40
2025-03-28 14:26:43, 61,, 8343,, 195.39
2025-03-28 14:26:53, 62,, 8343,, 192.18
2025-03-28 14:27:03, 65,, 8343,, 205.90
2025-03-28 14:27:13, 49,, 8343,, 144.60
2025-03-28 14:27:23, 20,, 8343,, 192.91
2025-03-28 14:27:33, 38,, 8343,, 181.43
2025-03-28 14:27:44, 59,, 8343,, 161.71
2025-03-28 14:27:54, 50,, 8343,, 117.49
2025-03-28 14:28:04, 27,, 8343,, 134.07
2025-03-28 14:28:14, 64,, 8343,, 184.06
2025-03-28 14:28:24, 56,, 8343,, 212.44
2025-03-28 14:28:34, 56,, 8343,, 191.70
2025-03-28 14:28:44, 62,, 8343,, 92.22
2025-03-28 14:28:54, 57,, 8343,, 189.31
2025-03-28 14:29:04, 40,, 8343,, 180.83
2025-03-28 14:29:14, 19,, 8343,, 73.99
2025-03-28 14:29:24, 55,, 8343,, 247.43
2025-03-28 14:29:34, 47,, 8343,, 225.95
2025-03-28 14:29:44, 55,, 8343,, 180.00
2025-03-28 14:29:54, 41,, 8343,, 235.02
2025-03-28 14:30:04, 42,, 8343,, 158.36
2025-03-28 14:30:14, 28,, 8343,, 80.65
2025-03-28 14:30:24, 45,, 8343,, 200.03
2025-03-28 14:30:34, 31,, 8343,, 123.15
2025-03-28 14:30:44, 31,, 8343,, 80.65
2025-03-28 14:30:54, 35,, 8343,, 220.22
2025-03-28 14:31:04, 28,, 8343,, 95.51
2025-03-28 14:31:14, 19,, 8343,, 78.26
2025-03-28 14:31:24, 28,, 8343,, 99.35
2025-03-28 14:31:34, 28,, 8343,, 123.15
2025-03-28 14:31:44, 57,, 8343,, 80.17
2025-03-28 14:31:55, 58,, 8343,, 76.34
2025-03-28 14:32:05, 28,, 8343,, 90.72
2025-03-28 14:32:15, 28,, 8343,, 179.64
2025-03-28 14:32:25, 34,, 8343,, 167.56
2025-03-28 14:32:35, 46,, 8343,, 181.31
2025-03-28 14:32:45, 42,, 8343,, 156.56
2025-03-28 14:32:55, 56,, 8343,, 230.40
2025-03-28 14:33:05, 40,, 8343,, 181.43
2025-03-28 14:33:15, 44,, 8343,, 213.68
2025-03-28 14:33:25, 36,, 8343,, 210.81
2025-03-28 14:33:35, 39,, 8343,, 220.40
2025-03-28 14:33:45, 19,, 8343,, 163.51
2025-03-28 14:33:55, 34,, 8343,, 90.24
2025-03-28 14:34:05, 35,, 8343,, 96.41
2025-03-28 14:34:15, 47,, 8343,, 216.11
2025-03-28 14:34:25, 63,, 8343,, 125.94
2025-03-28 14:34:35, 45,, 8343,, 87.78
2025-03-28 14:34:45, 57,, 8343,, 172.11
2025-03-28 14:34:55, 21,, 8343,, 208.42
2025-03-28 14:35:05, 19,, 8343,, 94.55
2025-03-28 14:35:15, 52,, 8343,, 171.16
2025-03-28 14:35:25, 41,, 8343,, 97.36
2025-03-28 14:35:35, 28,, 8343,, 206.71
2025-03-28 14:35:45, 40,, 8343,, 221.50
2025-03-28 14:35:55, 61,, 8343,, 226.90
2025-03-28 14:36:06, 42,, 8343,, 205.90
2025-03-28 14:36:16, 28,, 8343,, 85.93
2025-03-28 14:36:26, 47,, 8343,, 137.03
2025-03-28 14:36:36, 36,, 8343,, 163.84
2025-03-28 14:36:46, 28,, 8343,, 126.11
2025-03-28 14:36:56, 37,, 8343,, 87.96
2025-03-28 14:37:06, 30,, 8343,, 158.47
2025-03-28 14:37:16, 59,, 8343,, 244.24
2025-03-28 14:37:26, 29,, 8343,, 84.97
2025-03-28 14:37:36, 28,, 8343,, 147.47
2025-03-28 14:37:46, 63,, 8343,, 113.17
2025-03-28 14:37:56, 66,, 8343,, 163.62
2025-03-28 14:38:06, 29,, 8343,, 165.17
2025-03-28 14:38:16, 28,, 8343,, 193.48
2025-03-28 14:38:26, 28,, 8343,, 106.40
2025-03-28 14:38:36, 55,, 8343,, 243.45
2025-03-28 14:38:46, 28,, 8343,, 204.74
2025-03-28 14:38:56, 11,, 8343,, 75.96
2025-03-28 14:39:06, 19,, 8343,, 168.99
2025-03-28 14:39:16, 38,, 8343,, 160.28
2025-03-28 14:39:26, 37,, 8343,, 221.98
2025-03-28 14:39:36, 37,, 8343,, 181.19
2025-03-28 14:39:46, 50,, 8343,, 95.58
2025-03-28 14:39:56, 50,, 8343,, 107.02
2025-03-28 14:40:06, 29,, 8343,, 75.86
2025-03-28 14:40:17, 38,, 8343,, 75.43
2025-03-28 14:40:27, 62,, 8343,, 227.23
2025-03-28 14:40:37, 43,, 8343,, 117.96
2025-03-28 14:40:47, 25,, 8343,, 88.74
2025-03-28 14:40:57, 36,, 8343,, 234.07
2025-03-28 14:41:07, 49,, 8343,, 173.66
2025-03-28 14:41:17, 29,, 8343,, 169.47
2025-03-28 14:41:27, 28,, 8343,, 76.01
2025-03-28 14:41:37, 29,, 8343,, 76.92
2025-03-28 14:41:47, 28,, 8343,, 114.61
2025-03-28 14:41:57, 27,, 8343,, 103.04
2025-03-28 14:42:07, 38,, 8343,, 243.29
2025-03-28 14:42:17, 37,, 8343,, 235.18
2025-03-28 14:42:27, 51,, 8343,, 167.22
2025-03-28 14:42:37, 22,, 8343,, 81.61
2025-03-28 14:42:47, 33,, 8343,, 222.46
2025-03-28 14:42:57, 29,, 8343,, 244.55
2025-03-28 14:43:07, 52,, 8343,, 76.92
2025-03-28 14:43:17, 38,, 8343,, 101.20
2025-03-28 14:43:27, 20,, 8343,, 74.47
2025-03-28 14:43:37, 32,, 8343,, 149.38
2025-03-28 14:43:47, 72,, 8343,, 217.17
2025-03-28 14:43:57, 37,, 8343,, 167.56
2025-03-28 14:44:07, 51,, 8343,, 151.19
2025-03-28 14:44:18, 48,, 8343,, 97.43
2025-03-28 14:44:28, 19,, 8343,, 205.90
2025-03-28 14:44:38, 65,, 8343,, 239.16
2025-03-28 14:44:48, 38,, 8343,, 175.10
2025-03-28 14:44:58, 39,, 8343,, 117.49
2025-03-28 14:45:08, 36,, 8343,, 109.41
2025-03-28 14:45:18, 37,, 8343,, 233.27
2025-03-28 14:45:28, 52,, 8343,, 187.88
2025-03-28 14:45:38, 51,, 8343,, 180.36
2025-03-28 14:45:48, 39,, 8343,, 221.03
2025-03-28 14:45:58, 24,, 8343,, 241.86
2025-03-28 14:46:08, 54,, 8343,, 230.41
2025-03-28 14:46:18, 65,, 8343,, 216.73
2025-03-28 14:46:28, 33,, 8343,, 148.23
2025-03-28 14:46:38, 60,, 8343,, 217.21
2025-03-28 14:46:48, 39,, 8343,, 103.11
2025-03-28 14:46:58, 31,, 8343,, 171.87
2025-03-28 14:47:08, 56,, 8343,, 194.22
2025-03-28 14:47:18, 67,, 8343,, 168.15
2025-03-28 14:47:28, 60,, 8343,, 210.33
2025-03-28 14:47:38, 28,, 8343,, 106.95
2025-03-28 14:47:48, 60,, 8343,, 96.89
2025-03-28 14:47:58, 44,, 8343,, 99.28
2025-03-28 14:48:08, 29,, 8343,, 216.73
2025-03-28 14:48:18, 28,, 8343,, 165.90
2025-03-28 14:48:29, 55,, 8343,, 220.07
2025-03-28 14:48:39, 33,, 8343,, 142.59
2025-03-28 14:48:49, 59,, 8343,, 166.97
2025-03-28 14:48:59, 32,, 8343,, 114.61
2025-03-28 14:49:09, 32,, 8343,, 109.34
2025-03-28 14:49:19, 56,, 8343,, 190.75
2025-03-28 14:49:29, 30,, 8343,, 114.21
2025-03-28 14:49:39, 37,, 8343,, 82.62
2025-03-28 14:49:49, 30,, 8343,, 102.63
2025-03-28 14:49:59, 64,, 8343,, 224.67
2025-03-28 14:50:09, 38,, 8343,, 155.50
2025-03-28 14:50:19, 26,, 8343,, 229.14
2025-03-28 14:50:29, 44,, 8343,, 96.54
2025-03-28 14:50:39, 58,, 8343,, 129.94
2025-03-28 14:50:49, 53,, 8343,, 166.86
2025-03-28 14:50:59, 19,, 8343,, 140.29
2025-03-28 14:51:09, 28,, 8343,, 203.85
2025-03-28 14:51:19, 52,, 8343,, 177.49
2025-03-28 14:51:29, 61,, 8343,, 155.60
2025-03-28 14:51:39, 35,, 8343,, 133.68
2025-03-28 14:51:49, 19,, 8343,, 109.27
2025-03-28 14:51:59, 38,, 8343,, 174.14
2025-03-28 14:52:09, 40,, 8343,, 101.20
2025-03-28 14:52:19, 37,, 8343,, 236.77
2025-03-28 14:52:29, 35,, 8343,, 146.89
2025-03-28 14:52:39, 28,, 8343,, 117.89
2025-03-28 14:52:50, 52,, 8343,, 109.34
2025-03-28 14:53:00, 31,, 8343,, 162.78
2025-03-28 14:53:10, 33,, 8343,, 76.34
2025-03-28 14:53:20, 53,, 8343,, 208.62
2025-03-28 14:53:30, 32,, 8343,, 180.24
2025-03-28 14:53:40, 37,, 8343,, 116.45
2025-03-28 14:53:50, 30,, 8343,, 104.55
2025-03-28 14:54:00, 57,, 8343,, 95.51
2025-03-28 14:54:10, 48,, 8343,, 88.80
2025-03-28 14:54:20, 57,, 8343,, 224.84
2025-03-28 14:54:30, 31,, 8343,, 172.71
2025-03-28 14:54:40, 38,, 8343,, 157.51
2025-03-28 14:54:50, 47,, 8343,, 174.14
2025-03-28 14:55:00, 38,, 8343,, 114.13
2025-03-28 14:55:10, 87,, 8343,, 166.46
2025-03-28 14:55:20, 29,, 8343,, 118.44
2025-03-28 14:55:30, 63,, 8343,, 179.88
2025-03-28 14:55:40, 28,, 8343,, 166.38
2025-03-28 14:55:50, 38,, 8343,, 116.05
2025-03-28 14:56:00, 38,, 8343,, 180.83
2025-03-28 14:56:10, 39,, 8343,, 79.21
2025-03-28 14:56:20, 27,, 8343,, 194.70
2025-03-28 14:56:30, 60,, 8343,, 104.07
2025-03-28 14:56:40, 18,, 8343,, 75.96
2025-03-28 14:56:50, 33,, 8343,, 231.37
2025-03-28 14:57:00, 35,, 8343,, 190.01
2025-03-28 14:57:10, 34,, 8343,, 104.62
2025-03-28 14:57:21, 50,, 8343,, 237.57
2025-03-28 14:57:31, 28,, 8343,, 171.27
2025-03-28 14:57:41, 61,, 8343,, 187.53
2025-03-28 14:57:51, 35,, 8343,, 188.96
2025-03-28 14:58:01, 42,, 8343,, 86.94
2025-03-28 14:58:11, 31,, 8343,, 75.43
2025-03-28 14:58:21, 53,, 8343,, 109.82
2025-03-28 14:58:31, 41,, 8343,, 239.47
2025-03-28 14:58:41, 37,, 8343,, 93.47
2025-03-28 14:58:51, 55,, 8343,, 156.45
2025-03-28 14:59:01, 31,, 8343,, 100.72
2025-03-28 14:59:11, 28,, 8343,, 141.25
2025-03-28 14:59:21, 56,, 8343,, 114.61
2025-03-28 14:59:31, 46,, 8343,, 106.95
2025-03-28 14:59:41, 78,, 8343,, 98.32
2025-03-28 14:59:51, 20,, 8343,, 193.13
2025-03-28 15:00:01, 53,, 8343,, 200.17
2025-03-28 15:00:11, 31,, 8343,, 75.38
2025-03-28 15:00:21, 72,, 8343,, 117.89
2025-03-28 15:00:31, 48,, 8343,, 235.50
2025-03-28 15:00:41, 40,, 8343,, 243.61
2025-03-28 15:00:51, 37,, 8343,, 77.88
2025-03-28 15:01:01, 54,, 8343,, 97.01
2025-03-28 15:01:11, 51,, 8343,, 130.72
2025-03-28 15:01:22, 49,, 8343,, 193.61
2025-03-28 15:01:32, 38,, 8343,, 81.13
2025-03-28 15:01:42, 37,, 8343,, 105.51
2025-03-28 15:01:52, 62,, 8343,, 240.11
2025-03-28 15:02:02, 39,, 8343,, 115.57
2025-03-28 15:02:12, 52,, 8343,, 142.20
2025-03-28 15:02:22, 56,, 8343,, 163.62
2025-03-28 15:02:32, 58,, 8343,, 231.68
2025-03-28 15:02:42, 28,, 8343,, 87.31
2025-03-28 15:02:52, 45,, 8343,, 218.31
2025-03-28 15:03:02, 38,, 8343,, 166.97
2025-03-28 15:03:12, 28,, 8343,, 179.28
2025-03-28 15:03:22, 20,, 8343,, 123.15
2025-03-28 15:03:32, 27,, 8343,, 76.39
2025-03-28 15:03:42, 24,, 8343,, 94.14
2025-03-28 15:03:52, 28,, 8343,, 211.91
2025-03-28 15:04:02, 57,, 8343,, 175.46
2025-03-28 15:04:12, 41,, 8343,, 222.79
2025-03-28 15:04:22, 54,, 8343,, 160.75
2025-03-28 15:04:32, 48,, 8343,, 231.37
2025-03-28 15:04:42, 43,, 8343,, 198.60
2025-03-28 15:04:52, 30,, 8343,, 84.97
2025-03-28 15:05:02, 71,, 8343,, 109.34
2025-03-28 15:05:12, 44,, 8343,, 172.23
2025-03-28 15:05:22, 22,, 8343,, 73.51
2025-03-28 15:05:32, 28,, 8343,, 226.12
2025-03-28 15:05:43, 36,, 8343,, 207.81
2025-03-28 15:05:53, 56,, 8343,, 184.30
2025-03-28 15:06:03, 53,, 8343,, 187.75
2025-03-28 15:06:13, 20,, 8343,, 163.51
2025-03-28 15:06:23, 33,, 8343,, 207.19
2025-03-28 15:06:33, 50,, 8343,, 147.85
2025-03-28 15:06:43, 62,, 8343,, 161.60
2025-03-28 15:06:53, 25,, 8343,, 137.03
2025-03-28 15:07:03, 56,, 8343,, 238.36
2025-03-28 15:07:13, 50,, 8343,, 162.30
2025-03-28 15:07:23, 42,, 8343,, 181.79
2025-03-28 15:07:33, 58,, 8343,, 124.59
2025-03-28 15:07:43, 28,, 8343,, 115.65
2025-03-28 15:07:53, 46,, 8343,, 105.10
2025-03-28 15:08:03, 25,, 8343,, 109.34
2025-03-28 15:08:13, 44,, 8343,, 156.56
2025-03-28 15:08:23, 22,, 8343,, 140.29
2025-03-28 15:08:33, 45,, 8343,, 129.94
2025-03-28 15:08:43, 39,, 8343,, 89.34
2025-03-28 15:08:53, 22,, 8343,, 206.65
2025-03-28 15:09:03, 40,, 8343,, 149.76
2025-03-28 15:09:13, 72,, 8343,, 97.84
2025-03-28 15:09:23, 39,, 8343,, 107.43
2025-03-28 15:09:33, 19,, 8343,, 73.51
2025-03-28 15:09:43, 37,, 8343,, 93.53
2025-03-28 15:09:54, 63,, 8343,, 225.97
2025-03-28 15:10:04, 42,, 8343,, 198.26
2025-03-28 15:10:14, 39,, 8343,, 166.75
2025-03-28 15:10:24, 61,, 8343,, 241.69
2025-03-28 15:10:34, 29,, 8343,, 142.68
2025-03-28 15:10:44, 27,, 8343,, 238.20
2025-03-28 15:10:54, 30,, 8343,, 226.90
2025-03-28 15:11:04, 42,, 8343,, 203.99
2025-03-28 15:11:14, 27,, 8343,, 136.94
2025-03-28 15:11:24, 72,, 8343,, 240.27
2025-03-28 15:11:34, 61,, 8343,, 175.69
2025-03-28 15:11:44, 51,, 8343,, 141.92
2025-03-28 15:11:54, 29,, 8343,, 113.10
2025-03-28 15:12:04, 19,, 8343,, 257.72
2025-03-28 15:12:14, 47,, 8343,, 212.58
2025-03-28 15:12:24, 31,, 8343,, 82.57
2025-03-28 15:12:34, 28,, 8343,, 100.79
2025-03-28 15:12:44, 31,, 8343,, 227.05
2025-03-28 15:12:54, 42,, 8343,, 232.31
2025-03-28 15:13:04, 41,, 8343,, 202.55
2025-03-28 15:13:14, 19,, 8343,, 73.51
2025-03-28 15:13:24, 66,, 8343,, 87.84
2025-03-28 15:13:34, 60,, 8343,, 191.70
2025-03-28 15:13:44, 29,, 8343,, 159.90
2025-03-28 15:13:54, 46,, 8343,, 105.10
2025-03-28 15:14:04, 60,, 8343,, 218.16
2025-03-28 15:14:15, 79,, 8343,, 147.47
2025-03-28 15:14:25, 52,, 8343,, 220.07
2025-03-28 15:14:35, 29,, 8343,, 175.57
2025-03-28 15:14:45, 64,, 8343,, 180.36
2025-03-28 15:14:55, 71,, 8343,, 75.86
2025-03-28 15:15:05, 27,, 8343,, 90.72
2025-03-28 15:15:15, 60,, 8343,, 205.56
2025-03-28 15:15:25, 50,, 8343,, 239.79
2025-03-28 15:15:35, 38,, 8343,, 108.05
2025-03-28 15:15:45, 42,, 8343,, 118.36
2025-03-28 15:15:55, 35,, 8343,, 212.44
2025-03-28 15:16:05, 53,, 8343,, 174.62
2025-03-28 15:16:15, 71,, 8343,, 219.12
2025-03-28 15:16:25, 23,, 8343,, 147.47
2025-03-28 15:16:35, 28,, 8343,, 75.91
2025-03-28 15:16:45, 62,, 8343,, 161.23
2025-03-28 15:16:55, 64,, 8343,, 95.03
2025-03-28 15:17:05, 35,, 8343,, 114.61
2025-03-28 15:17:15, 33,, 8343,, 78.31
2025-03-28 15:17:25, 31,, 8343,, 207.67
2025-03-28 15:17:35, 0,, 8343,, 58.20
