Timestamp, GPU Util (%), Memory Used (MiB), Power (W)
2025-03-28 00:38:00, 0,, 21,, 39.08
2025-03-28 00:38:10, 0,, 21,, 39.08
2025-03-28 00:38:20, 0,, 21,, 39.08
2025-03-28 00:38:30, 0,, 21,, 39.08
2025-03-28 00:38:40, 0,, 21,, 39.10
2025-03-28 00:38:50, 0,, 21,, 39.08
2025-03-28 00:39:01, 0,, 21,, 39.08
2025-03-28 00:39:11, 0,, 21,, 39.08
2025-03-28 00:39:21, 0,, 21,, 39.10
2025-03-28 00:39:31, 0,, 21,, 39.08
2025-03-28 00:39:41, 0,, 21,, 39.08
2025-03-28 00:39:51, 0,, 21,, 39.08
2025-03-28 00:40:01, 0,, 327,, 54.43
2025-03-28 00:40:11, 59,, 7531,, 101.81
2025-03-28 00:40:21, 46,, 7531,, 129.07
2025-03-28 00:40:31, 52,, 7531,, 135.78
2025-03-28 00:40:41, 44,, 7531,, 125.32
2025-03-28 00:40:51, 54,, 7531,, 173.42
2025-03-28 00:41:01, 48,, 7531,, 149.10
2025-03-28 00:41:11, 52,, 7531,, 170.66
2025-03-28 00:41:21, 49,, 7531,, 154.37
2025-03-28 00:41:31, 47,, 7531,, 183.59
2025-03-28 00:41:41, 53,, 7531,, 173.78
2025-03-28 00:41:51, 53,, 7533,, 166.24
2025-03-28 00:42:01, 43,, 7533,, 156.77
2025-03-28 00:42:11, 50,, 7533,, 163.36
2025-03-28 00:42:21, 52,, 7533,, 181.20
2025-03-28 00:42:31, 44,, 7533,, 175.21
2025-03-28 00:42:41, 45,, 7533,, 147.86
2025-03-28 00:42:51, 44,, 7533,, 120.52
2025-03-28 00:43:01, 42,, 7533,, 152.08
2025-03-28 00:43:12, 45,, 7533,, 179.64
2025-03-28 00:43:22, 48,, 7533,, 163.95
2025-03-28 00:43:32, 56,, 7533,, 145.37
2025-03-28 00:43:42, 52,, 7533,, 173.05
2025-03-28 00:43:52, 62,, 7533,, 100.51
2025-03-28 00:44:02, 52,, 7533,, 168.85
2025-03-28 00:44:12, 56,, 7533,, 178.80
2025-03-28 00:44:22, 56,, 7533,, 134.25
2025-03-28 00:44:32, 57,, 7533,, 179.16
2025-03-28 00:44:42, 49,, 7533,, 160.60
2025-03-28 00:44:52, 47,, 7533,, 172.94
2025-03-28 00:45:02, 50,, 7533,, 152.08
2025-03-28 00:45:12, 48,, 7533,, 148.72
2025-03-28 00:45:22, 35,, 7533,, 151.98
2025-03-28 00:45:32, 53,, 7533,, 206.93
2025-03-28 00:45:42, 43,, 7533,, 163.58
2025-03-28 00:45:52, 54,, 7533,, 132.42
2025-03-28 00:46:02, 54,, 7533,, 137.70
2025-03-28 00:46:12, 47,, 7533,, 123.40
2025-03-28 00:46:22, 53,, 7533,, 160.97
2025-03-28 00:46:32, 48,, 7533,, 154.47
2025-03-28 00:46:42, 59,, 7533,, 171.98
2025-03-28 00:46:52, 42,, 7533,, 168.74
2025-03-28 00:47:02, 56,, 7533,, 164.80
2025-03-28 00:47:12, 47,, 7533,, 143.93
2025-03-28 00:47:23, 51,, 7533,, 147.18
2025-03-28 00:47:33, 38,, 7533,, 95.64
2025-03-28 00:47:43, 25,, 7533,, 197.48
2025-03-28 00:47:53, 54,, 7533,, 144.02
2025-03-28 00:48:03, 51,, 7533,, 145.37
2025-03-28 00:48:13, 38,, 7533,, 196.87
2025-03-28 00:48:23, 52,, 7533,, 188.48
2025-03-28 00:48:33, 53,, 7533,, 171.39
2025-03-28 00:48:43, 47,, 7533,, 147.18
2025-03-28 00:48:53, 45,, 7533,, 154.37
2025-03-28 00:49:03, 39,, 7533,, 210.00
2025-03-28 00:49:13, 49,, 7533,, 150.74
2025-03-28 00:49:23, 46,, 7533,, 154.37
2025-03-28 00:49:33, 43,, 7533,, 88.98
2025-03-28 00:49:43, 46,, 7533,, 177.73
2025-03-28 00:49:53, 57,, 7533,, 120.04
2025-03-28 00:50:03, 56,, 7533,, 193.17
2025-03-28 00:50:13, 46,, 7533,, 108.60
2025-03-28 00:50:23, 53,, 7533,, 146.71
2025-03-28 00:50:33, 55,, 7533,, 193.52
2025-03-28 00:50:43, 46,, 7533,, 155.60
2025-03-28 00:50:53, 46,, 7533,, 149.20
2025-03-28 00:51:03, 50,, 7533,, 171.98
2025-03-28 00:51:13, 44,, 7533,, 159.27
2025-03-28 00:51:23, 45,, 7533,, 159.27
2025-03-28 00:51:34, 42,, 7533,, 73.66
2025-03-28 00:51:44, 42,, 7533,, 165.39
2025-03-28 00:51:54, 46,, 7533,, 161.56
2025-03-28 00:52:04, 36,, 7533,, 151.60
2025-03-28 00:52:14, 51,, 7533,, 156.87
2025-03-28 00:52:24, 60,, 7533,, 163.84
2025-03-28 00:52:34, 53,, 7533,, 155.43
2025-03-28 00:52:44, 63,, 7533,, 208.08
2025-03-28 00:52:54, 51,, 7533,, 166.83
2025-03-28 00:53:04, 54,, 7533,, 174.01
2025-03-28 00:53:14, 42,, 7533,, 165.28
2025-03-28 00:53:24, 47,, 7533,, 163.36
2025-03-28 00:53:34, 54,, 7533,, 187.42
2025-03-28 00:53:44, 51,, 7533,, 156.29
2025-03-28 00:53:54, 55,, 7533,, 173.42
2025-03-28 00:54:04, 49,, 7533,, 186.34
2025-03-28 00:54:14, 47,, 7533,, 185.74
2025-03-28 00:54:24, 54,, 7533,, 145.27
2025-03-28 00:54:34, 52,, 7533,, 188.74
2025-03-28 00:54:44, 40,, 7533,, 150.16
2025-03-28 00:54:54, 49,, 7533,, 168.26
2025-03-28 00:55:04, 54,, 7533,, 134.82
2025-03-28 00:55:14, 51,, 7533,, 167.90
2025-03-28 00:55:24, 42,, 7533,, 90.36
2025-03-28 00:55:34, 40,, 7533,, 194.96
2025-03-28 00:55:44, 56,, 7533,, 107.57
2025-03-28 00:55:55, 47,, 7533,, 154.85
2025-03-28 00:56:05, 35,, 7533,, 188.74
2025-03-28 00:56:15, 49,, 7533,, 149.58
2025-03-28 00:56:25, 47,, 7533,, 103.32
2025-03-28 00:56:35, 26,, 7533,, 155.81
2025-03-28 00:56:45, 56,, 7533,, 143.93
2025-03-28 00:56:55, 48,, 7533,, 169.11
2025-03-28 00:57:05, 56,, 7533,, 186.22
2025-03-28 00:57:15, 46,, 7533,, 166.24
2025-03-28 00:57:25, 46,, 7533,, 176.41
2025-03-28 00:57:35, 47,, 7533,, 90.84
2025-03-28 00:57:45, 54,, 7533,, 157.35
2025-03-28 00:57:55, 44,, 7533,, 186.82
2025-03-28 00:58:05, 52,, 7533,, 164.91
2025-03-28 00:58:15, 54,, 7533,, 179.64
2025-03-28 00:58:25, 36,, 7533,, 177.25
2025-03-28 00:58:35, 46,, 7533,, 116.20
2025-03-28 00:58:45, 47,, 7533,, 94.20
2025-03-28 00:58:55, 44,, 7533,, 103.80
2025-03-28 00:59:05, 57,, 7533,, 120.04
2025-03-28 00:59:15, 49,, 7533,, 191.48
2025-03-28 00:59:25, 47,, 7533,, 187.65
2025-03-28 00:59:35, 48,, 7533,, 170.07
2025-03-28 00:59:45, 51,, 7533,, 87.00
2025-03-28 00:59:56, 57,, 7533,, 162.62
2025-03-28 01:00:06, 47,, 7533,, 178.32
2025-03-28 01:00:16, 55,, 7533,, 119.08
2025-03-28 01:00:26, 51,, 7533,, 166.71
2025-03-28 01:00:36, 56,, 7533,, 198.31
2025-03-28 01:00:46, 62,, 7533,, 134.82
2025-03-28 01:00:56, 58,, 7533,, 131.55
2025-03-28 01:01:06, 56,, 7533,, 151.98
2025-03-28 01:01:16, 45,, 7533,, 179.76
2025-03-28 01:01:26, 45,, 7533,, 186.82
2025-03-28 01:01:36, 50,, 7533,, 178.68
2025-03-28 01:01:46, 47,, 7533,, 153.79
2025-03-28 01:01:56, 38,, 7533,, 167.42
2025-03-28 01:02:06, 55,, 7533,, 134.43
2025-03-28 01:02:16, 52,, 7533,, 142.59
2025-03-28 01:02:26, 52,, 7533,, 176.29
2025-03-28 01:02:36, 43,, 7533,, 145.37
2025-03-28 01:02:46, 36,, 7533,, 166.46
2025-03-28 01:02:56, 53,, 7533,, 124.27
2025-03-28 01:03:06, 49,, 7533,, 161.66
2025-03-28 01:03:16, 54,, 7533,, 193.26
2025-03-28 01:03:26, 50,, 7533,, 152.08
2025-03-28 01:03:36, 47,, 7533,, 139.23
2025-03-28 01:03:46, 56,, 7533,, 97.56
2025-03-28 01:03:56, 52,, 7533,, 179.64
2025-03-28 01:04:07, 50,, 7533,, 140.19
2025-03-28 01:04:17, 57,, 7533,, 123.40
2025-03-28 01:04:27, 59,, 7533,, 212.19
2025-03-28 01:04:37, 44,, 7533,, 150.92
2025-03-28 01:04:47, 52,, 7533,, 164.91
2025-03-28 01:04:57, 49,, 7533,, 148.72
2025-03-28 01:05:07, 54,, 7533,, 154.37
2025-03-28 01:05:17, 53,, 7533,, 136.26
2025-03-28 01:05:27, 57,, 7533,, 177.73
2025-03-28 01:05:37, 52,, 7533,, 137.31
2025-03-28 01:05:47, 55,, 7533,, 148.14
2025-03-28 01:05:57, 45,, 7533,, 146.32
2025-03-28 01:06:07, 40,, 7533,, 176.65
2025-03-28 01:06:17, 56,, 7533,, 81.77
2025-03-28 01:06:27, 56,, 7533,, 175.33
2025-03-28 01:06:37, 51,, 7533,, 169.95
2025-03-28 01:06:47, 53,, 7533,, 91.86
2025-03-28 01:06:57, 43,, 7533,, 199.75
2025-03-28 01:07:07, 58,, 7533,, 144.41
2025-03-28 01:07:17, 44,, 7533,, 207.40
2025-03-28 01:07:27, 57,, 7533,, 162.51
2025-03-28 01:07:37, 57,, 7533,, 171.62
2025-03-28 01:07:47, 53,, 7533,, 175.33
2025-03-28 01:07:57, 59,, 7533,, 157.83
2025-03-28 01:08:07, 48,, 7533,, 142.49
2025-03-28 01:08:18, 50,, 7533,, 161.45
2025-03-28 01:08:28, 56,, 7533,, 196.87
2025-03-28 01:08:38, 52,, 7533,, 162.99
2025-03-28 01:08:48, 46,, 7533,, 131.94
2025-03-28 01:08:58, 53,, 7533,, 162.51
2025-03-28 01:09:08, 53,, 7533,, 179.16
2025-03-28 01:09:18, 47,, 7533,, 170.54
2025-03-28 01:09:28, 54,, 7533,, 179.64
2025-03-28 01:09:38, 63,, 7533,, 158.20
2025-03-28 01:09:48, 48,, 7533,, 142.01
2025-03-28 01:09:58, 54,, 7533,, 148.14
2025-03-28 01:10:08, 45,, 7533,, 147.28
2025-03-28 01:10:18, 37,, 7533,, 194.83
2025-03-28 01:10:28, 68,, 7533,, 202.62
2025-03-28 01:10:38, 53,, 7533,, 140.09
2025-03-28 01:10:48, 54,, 7533,, 141.53
2025-03-28 01:10:58, 53,, 7533,, 130.51
2025-03-28 01:11:08, 46,, 7533,, 149.48
2025-03-28 01:11:18, 43,, 7533,, 142.40
2025-03-28 01:11:28, 47,, 7533,, 147.76
2025-03-28 01:11:38, 52,, 7533,, 174.49
2025-03-28 01:11:48, 41,, 7533,, 198.66
2025-03-28 01:11:58, 54,, 7533,, 153.41
2025-03-28 01:12:08, 50,, 7533,, 144.41
2025-03-28 01:12:18, 46,, 7533,, 180.60
2025-03-28 01:12:29, 54,, 7533,, 155.70
2025-03-28 01:12:39, 47,, 7533,, 167.30
2025-03-28 01:12:49, 63,, 7533,, 186.70
2025-03-28 01:12:59, 55,, 7533,, 213.49
2025-03-28 01:13:09, 47,, 7533,, 163.58
2025-03-28 01:13:19, 44,, 7533,, 175.21
2025-03-28 01:13:29, 49,, 7533,, 159.75
2025-03-28 01:13:39, 53,, 7533,, 164.91
2025-03-28 01:13:49, 57,, 7533,, 124.36
2025-03-28 01:13:59, 46,, 7533,, 155.06
2025-03-28 01:14:09, 31,, 7533,, 185.26
2025-03-28 01:14:19, 49,, 7533,, 150.64
2025-03-28 01:14:29, 51,, 7533,, 111.48
2025-03-28 01:14:39, 57,, 7533,, 128.19
2025-03-28 01:14:49, 51,, 7533,, 141.53
2025-03-28 01:14:59, 61,, 7533,, 151.70
2025-03-28 01:15:09, 49,, 7533,, 144.41
2025-03-28 01:15:19, 46,, 7533,, 165.50
2025-03-28 01:15:29, 52,, 7533,, 157.35
2025-03-28 01:15:39, 44,, 7533,, 160.60
2025-03-28 01:15:49, 56,, 7533,, 105.65
2025-03-28 01:15:59, 51,, 7533,, 140.19
2025-03-28 01:16:09, 59,, 7533,, 210.95
2025-03-28 01:16:19, 55,, 7533,, 151.12
2025-03-28 01:16:29, 47,, 7533,, 93.24
2025-03-28 01:16:40, 50,, 7533,, 140.96
2025-03-28 01:16:50, 47,, 7533,, 133.47
2025-03-28 01:17:00, 55,, 7533,, 147.57
2025-03-28 01:17:10, 56,, 7533,, 166.35
2025-03-28 01:17:20, 38,, 7533,, 172.46
2025-03-28 01:17:30, 43,, 7533,, 195.92
2025-03-28 01:17:40, 45,, 7533,, 187.65
2025-03-28 01:17:50, 47,, 7533,, 137.22
2025-03-28 01:18:00, 33,, 7533,, 158.68
2025-03-28 01:18:10, 60,, 7533,, 86.10
2025-03-28 01:18:20, 46,, 7533,, 156.29
2025-03-28 01:18:30, 57,, 7533,, 194.35
2025-03-28 01:18:40, 55,, 7533,, 135.87
2025-03-28 01:18:50, 55,, 7533,, 146.32
2025-03-28 01:19:00, 57,, 7533,, 165.39
2025-03-28 01:19:10, 54,, 7533,, 158.68
2025-03-28 01:19:20, 56,, 7533,, 186.82
2025-03-28 01:19:30, 50,, 7533,, 182.03
2025-03-28 01:19:40, 49,, 7533,, 102.36
2025-03-28 01:19:50, 53,, 7533,, 76.01
2025-03-28 01:20:00, 53,, 7533,, 139.13
2025-03-28 01:20:10, 56,, 7533,, 166.35
2025-03-28 01:20:20, 42,, 7533,, 140.48
2025-03-28 01:20:30, 54,, 7533,, 173.05
2025-03-28 01:20:40, 53,, 7533,, 150.26
2025-03-28 01:20:51, 58,, 7533,, 191.96
2025-03-28 01:21:01, 52,, 7533,, 121.40
2025-03-28 01:21:11, 55,, 7533,, 159.05
2025-03-28 01:21:21, 46,, 7533,, 149.58
2025-03-28 01:21:31, 57,, 7533,, 87.96
2025-03-28 01:21:41, 53,, 7533,, 150.74
2025-03-28 01:21:51, 57,, 7533,, 187.90
2025-03-28 01:22:01, 58,, 7533,, 150.54
2025-03-28 01:22:11, 38,, 7533,, 133.86
2025-03-28 01:22:21, 42,, 7533,, 141.05
2025-03-28 01:22:31, 53,, 7533,, 159.16
2025-03-28 01:22:41, 51,, 7533,, 146.42
2025-03-28 01:22:51, 53,, 7533,, 161.56
2025-03-28 01:23:01, 56,, 7533,, 147.76
2025-03-28 01:23:11, 65,, 7533,, 201.53
2025-03-28 01:23:21, 57,, 7533,, 93.72
2025-03-28 01:23:31, 50,, 7533,, 178.32
2025-03-28 01:23:41, 49,, 7533,, 207.61
2025-03-28 01:23:51, 53,, 7533,, 173.90
2025-03-28 01:24:01, 49,, 7533,, 158.68
2025-03-28 01:24:11, 39,, 7533,, 140.96
2025-03-28 01:24:21, 55,, 7533,, 157.24
2025-03-28 01:24:31, 47,, 7533,, 172.57
2025-03-28 01:24:41, 54,, 7533,, 162.04
2025-03-28 01:24:52, 54,, 7533,, 101.40
2025-03-28 01:25:02, 56,, 7533,, 141.63
2025-03-28 01:25:12, 45,, 7533,, 185.74
2025-03-28 01:25:22, 53,, 7533,, 96.18
2025-03-28 01:25:32, 51,, 7533,, 166.46
2025-03-28 01:25:42, 50,, 7533,, 146.23
2025-03-28 01:25:52, 62,, 7533,, 188.13
2025-03-28 01:26:02, 36,, 7533,, 172.46
2025-03-28 01:26:12, 53,, 7533,, 142.01
2025-03-28 01:26:22, 51,, 7533,, 187.65
2025-03-28 01:26:32, 52,, 7533,, 99.96
2025-03-28 01:26:42, 49,, 7533,, 140.00
2025-03-28 01:26:52, 55,, 7533,, 163.95
2025-03-28 01:27:02, 33,, 7533,, 155.81
2025-03-28 01:27:12, 47,, 7533,, 148.14
2025-03-28 01:27:22, 52,, 7533,, 153.69
2025-03-28 01:27:32, 57,, 7533,, 183.47
2025-03-28 01:27:42, 60,, 7533,, 212.39
2025-03-28 01:27:52, 52,, 7533,, 121.88
2025-03-28 01:28:02, 52,, 7533,, 167.42
2025-03-28 01:28:12, 54,, 7533,, 99.00
2025-03-28 01:28:22, 52,, 7533,, 212.72
2025-03-28 01:28:32, 42,, 7533,, 161.08
2025-03-28 01:28:42, 55,, 7533,, 168.52
2025-03-28 01:28:53, 59,, 7533,, 171.02
2025-03-28 01:29:03, 55,, 7533,, 134.91
2025-03-28 01:29:13, 42,, 7533,, 149.68
2025-03-28 01:29:23, 53,, 7533,, 215.73
2025-03-28 01:29:33, 59,, 7533,, 137.70
2025-03-28 01:29:43, 46,, 7533,, 135.30
2025-03-28 01:29:53, 57,, 7533,, 102.36
2025-03-28 01:30:03, 47,, 7533,, 116.28
2025-03-28 01:30:13, 56,, 7533,, 142.01
2025-03-28 01:30:23, 52,, 7533,, 185.26
2025-03-28 01:30:33, 52,, 7533,, 197.70
2025-03-28 01:30:43, 56,, 7533,, 215.88
2025-03-28 01:30:53, 40,, 7533,, 73.08
2025-03-28 01:31:03, 46,, 7533,, 92.28
2025-03-28 01:31:13, 52,, 7533,, 150.64
2025-03-28 01:31:23, 56,, 7533,, 167.42
2025-03-28 01:31:33, 56,, 7533,, 173.42
2025-03-28 01:31:43, 43,, 7533,, 113.80
2025-03-28 01:31:53, 51,, 7533,, 161.08
2025-03-28 01:32:03, 48,, 7533,, 92.76
2025-03-28 01:32:13, 51,, 7533,, 161.08
2025-03-28 01:32:23, 45,, 7533,, 139.52
2025-03-28 01:32:33, 52,, 7533,, 180.48
2025-03-28 01:32:43, 59,, 7533,, 181.20
2025-03-28 01:32:54, 56,, 7533,, 186.70
2025-03-28 01:33:04, 56,, 7533,, 147.66
2025-03-28 01:33:14, 54,, 7533,, 165.76
2025-03-28 01:33:24, 49,, 7533,, 130.99
2025-03-28 01:33:34, 45,, 7533,, 139.52
2025-03-28 01:33:44, 39,, 7533,, 169.70
2025-03-28 01:33:54, 53,, 7533,, 85.14
2025-03-28 01:34:04, 51,, 7533,, 212.87
2025-03-28 01:34:14, 52,, 7533,, 152.56
2025-03-28 01:34:24, 54,, 7533,, 95.16
2025-03-28 01:34:34, 50,, 7533,, 128.76
2025-03-28 01:34:44, 54,, 7533,, 104.28
2025-03-28 01:34:54, 52,, 7533,, 172.46
2025-03-28 01:35:04, 55,, 7533,, 195.92
2025-03-28 01:35:14, 46,, 7533,, 168.74
2025-03-28 01:35:24, 42,, 7533,, 144.89
2025-03-28 01:35:34, 56,, 7533,, 154.37
2025-03-28 01:35:44, 45,, 7533,, 95.64
2025-03-28 01:35:54, 45,, 7533,, 184.91
2025-03-28 01:36:04, 52,, 7533,, 163.58
2025-03-28 01:36:14, 50,, 7533,, 130.90
2025-03-28 01:36:24, 46,, 7533,, 159.27
2025-03-28 01:36:34, 51,, 7533,, 90.36
2025-03-28 01:36:44, 56,, 7533,, 174.74
2025-03-28 01:36:54, 54,, 7533,, 174.62
2025-03-28 01:37:05, 45,, 7533,, 166.35
2025-03-28 01:37:15, 47,, 7533,, 163.84
2025-03-28 01:37:25, 52,, 7533,, 88.50
2025-03-28 01:37:35, 48,, 7533,, 177.13
2025-03-28 01:37:45, 48,, 7533,, 159.64
2025-03-28 01:37:55, 54,, 7533,, 139.61
2025-03-28 01:38:05, 52,, 7533,, 140.19
2025-03-28 01:38:15, 47,, 7533,, 88.02
2025-03-28 01:38:25, 49,, 7533,, 138.65
2025-03-28 01:38:35, 54,, 7533,, 186.22
2025-03-28 01:38:45, 45,, 7533,, 161.66
2025-03-28 01:38:55, 45,, 7533,, 138.65
2025-03-28 01:39:05, 55,, 7533,, 189.69
2025-03-28 01:39:15, 51,, 7533,, 185.38
2025-03-28 01:39:25, 42,, 7533,, 174.97
2025-03-28 01:39:35, 42,, 7533,, 143.35
2025-03-28 01:39:45, 46,, 7533,, 163.84
2025-03-28 01:39:55, 42,, 7533,, 147.28
2025-03-28 01:40:05, 55,, 7533,, 167.19
2025-03-28 01:40:15, 42,, 7533,, 162.62
2025-03-28 01:40:25, 49,, 7533,, 86.10
2025-03-28 01:40:35, 41,, 7533,, 140.67
2025-03-28 01:40:45, 48,, 7533,, 178.32
2025-03-28 01:40:56, 48,, 7533,, 158.68
2025-03-28 01:41:06, 34,, 7533,, 202.82
2025-03-28 01:41:16, 46,, 7533,, 145.75
2025-03-28 01:41:26, 55,, 7533,, 184.30
2025-03-28 01:41:36, 56,, 7533,, 145.85
2025-03-28 01:41:46, 44,, 7533,, 181.08
2025-03-28 01:41:56, 38,, 7533,, 177.13
2025-03-28 01:42:06, 56,, 7533,, 91.86
2025-03-28 01:42:16, 47,, 7533,, 135.39
2025-03-28 01:42:26, 51,, 7533,, 128.67
2025-03-28 01:42:36, 54,, 7533,, 202.14
2025-03-28 01:42:46, 48,, 7533,, 219.71
2025-03-28 01:42:56, 56,, 7533,, 125.71
2025-03-28 01:43:06, 60,, 7533,, 119.56
2025-03-28 01:43:16, 50,, 7533,, 145.85
2025-03-28 01:43:26, 43,, 7533,, 111.00
2025-03-28 01:43:36, 50,, 7533,, 194.00
2025-03-28 01:43:46, 56,, 7533,, 145.75
2025-03-28 01:43:56, 46,, 7533,, 155.33
2025-03-28 01:44:06, 56,, 7533,, 183.47
2025-03-28 01:44:16, 71,, 7533,, 158.20
2025-03-28 01:44:26, 38,, 7533,, 192.44
2025-03-28 01:44:36, 61,, 7533,, 202.48
2025-03-28 01:44:46, 58,, 7533,, 133.29
2025-03-28 01:44:56, 40,, 7533,, 157.83
2025-03-28 01:45:07, 44,, 7533,, 204.05
2025-03-28 01:45:17, 55,, 7533,, 148.14
2025-03-28 01:45:27, 46,, 7533,, 188.26
2025-03-28 01:45:37, 63,, 7533,, 161.45
2025-03-28 01:45:47, 43,, 7533,, 164.43
2025-03-28 01:45:57, 48,, 7533,, 161.77
2025-03-28 01:46:07, 47,, 7533,, 182.51
2025-03-28 01:46:17, 54,, 7533,, 156.77
2025-03-28 01:46:27, 58,, 7533,, 146.42
2025-03-28 01:46:37, 51,, 7533,, 177.73
2025-03-28 01:46:47, 45,, 7533,, 145.37
2025-03-28 01:46:57, 38,, 7533,, 125.32
2025-03-28 01:47:07, 56,, 7533,, 137.22
2025-03-28 01:47:17, 45,, 7533,, 168.26
2025-03-28 01:47:27, 50,, 7533,, 82.74
2025-03-28 01:47:37, 57,, 7533,, 198.66
2025-03-28 01:47:47, 40,, 7533,, 147.66
2025-03-28 01:47:57, 58,, 7533,, 208.70
2025-03-28 01:48:07, 41,, 7533,, 123.79
2025-03-28 01:48:17, 41,, 7533,, 151.12
2025-03-28 01:48:27, 56,, 7533,, 198.18
2025-03-28 01:48:37, 50,, 7533,, 161.56
2025-03-28 01:48:47, 70,, 7533,, 122.84
2025-03-28 01:48:57, 33,, 7533,, 141.82
2025-03-28 01:49:08, 60,, 7533,, 148.62
2025-03-28 01:49:18, 50,, 7533,, 136.26
2025-03-28 01:49:28, 39,, 7533,, 88.98
2025-03-28 01:49:38, 49,, 7533,, 146.32
2025-03-28 01:49:48, 44,, 7533,, 135.87
2025-03-28 01:49:58, 44,, 7533,, 163.36
2025-03-28 01:50:08, 40,, 7533,, 81.29
2025-03-28 01:50:18, 35,, 7533,, 141.44
2025-03-28 01:50:28, 74,, 7533,, 148.72
2025-03-28 01:50:38, 45,, 7533,, 161.56
2025-03-28 01:50:48, 47,, 7533,, 202.62
2025-03-28 01:50:58, 46,, 7533,, 162.04
2025-03-28 01:51:08, 57,, 7533,, 154.95
2025-03-28 01:51:18, 54,, 7533,, 192.57
2025-03-28 01:51:28, 52,, 7533,, 153.04
2025-03-28 01:51:38, 58,, 7533,, 183.95
2025-03-28 01:51:48, 62,, 7533,, 187.30
2025-03-28 01:51:58, 76,, 7533,, 149.78
2025-03-28 01:52:08, 55,, 7533,, 196.74
2025-03-28 01:52:18, 66,, 7533,, 171.50
2025-03-28 01:52:28, 67,, 7533,, 117.72
2025-03-28 01:52:38, 65,, 7533,, 192.69
2025-03-28 01:52:48, 56,, 7533,, 197.70
2025-03-28 01:52:58, 48,, 7533,, 96.66
2025-03-28 01:53:08, 44,, 7533,, 154.27
2025-03-28 01:53:19, 55,, 7533,, 183.24
2025-03-28 01:53:29, 45,, 7533,, 167.90
2025-03-28 01:53:39, 56,, 7533,, 138.27
2025-03-28 01:53:49, 47,, 7533,, 162.04
2025-03-28 01:53:59, 47,, 7533,, 131.55
2025-03-28 01:54:09, 56,, 7533,, 160.60
2025-03-28 01:54:19, 52,, 7533,, 195.79
2025-03-28 01:54:29, 42,, 7533,, 146.32
2025-03-28 01:54:39, 38,, 7533,, 159.64
2025-03-28 01:54:49, 44,, 7533,, 212.67
2025-03-28 01:54:59, 55,, 7533,, 131.46
2025-03-28 01:55:09, 57,, 7533,, 168.74
2025-03-28 01:55:19, 50,, 7533,, 113.32
2025-03-28 01:55:29, 57,, 7533,, 156.77
2025-03-28 01:55:39, 41,, 7533,, 205.15
2025-03-28 01:55:49, 58,, 7533,, 173.05
2025-03-28 01:55:59, 50,, 7533,, 143.54
2025-03-28 01:56:09, 44,, 7533,, 170.66
2025-03-28 01:56:19, 55,, 7533,, 170.18
2025-03-28 01:56:29, 45,, 7533,, 180.12
2025-03-28 01:56:39, 39,, 7533,, 132.42
2025-03-28 01:56:49, 56,, 7533,, 168.26
2025-03-28 01:56:59, 58,, 7533,, 96.66
2025-03-28 01:57:09, 52,, 7533,, 156.87
2025-03-28 01:57:19, 58,, 7533,, 127.71
2025-03-28 01:57:29, 42,, 7533,, 184.91
2025-03-28 01:57:40, 57,, 7533,, 220.51
2025-03-28 01:57:50, 62,, 7533,, 220.51
2025-03-28 01:58:00, 46,, 7533,, 175.93
2025-03-28 01:58:10, 47,, 7533,, 173.90
2025-03-28 01:58:20, 40,, 7533,, 170.66
2025-03-28 01:58:30, 67,, 7533,, 154.10
2025-03-28 01:58:40, 56,, 7533,, 85.56
2025-03-28 01:58:50, 50,, 7533,, 121.48
2025-03-28 01:59:00, 76,, 7533,, 166.83
2025-03-28 01:59:10, 71,, 7533,, 176.77
2025-03-28 01:59:20, 52,, 7533,, 86.10
2025-03-28 01:59:30, 45,, 7533,, 167.19
2025-03-28 01:59:40, 58,, 7533,, 83.64
2025-03-28 01:59:50, 56,, 7533,, 183.22
2025-03-28 02:00:00, 57,, 7533,, 167.19
2025-03-28 02:00:10, 55,, 7533,, 162.04
2025-03-28 02:00:20, 54,, 7533,, 179.76
2025-03-28 02:00:30, 37,, 7533,, 159.75
2025-03-28 02:00:40, 53,, 7533,, 133.08
2025-03-28 02:00:50, 54,, 7533,, 140.67
2025-03-28 02:01:00, 55,, 7533,, 176.29
2025-03-28 02:01:10, 43,, 7533,, 95.22
2025-03-28 02:01:20, 53,, 7533,, 142.49
2025-03-28 02:01:31, 44,, 7533,, 188.26
2025-03-28 02:01:41, 40,, 7533,, 166.35
2025-03-28 02:01:51, 45,, 7533,, 192.91
2025-03-28 02:02:01, 46,, 7533,, 73.61
2025-03-28 02:02:11, 0,, 7533,, 69.29
2025-03-28 02:02:21, 57,, 7533,, 158.58
2025-03-28 02:02:31, 59,, 7533,, 139.13
2025-03-28 02:02:41, 59,, 7533,, 161.56
2025-03-28 02:02:51, 56,, 7533,, 155.33
2025-03-28 02:03:01, 54,, 7533,, 145.85
2025-03-28 02:03:11, 53,, 7533,, 175.81
2025-03-28 02:03:21, 50,, 7533,, 182.03
2025-03-28 02:03:31, 52,, 7533,, 182.51
2025-03-28 02:03:41, 58,, 7533,, 178.20
2025-03-28 02:03:51, 52,, 7533,, 191.96
2025-03-28 02:04:01, 39,, 7533,, 168.63
2025-03-28 02:04:11, 48,, 7533,, 162.88
2025-03-28 02:04:21, 42,, 7533,, 167.19
2025-03-28 02:04:31, 47,, 7533,, 151.12
2025-03-28 02:04:41, 49,, 7533,, 156.29
2025-03-28 02:04:51, 46,, 7533,, 204.26
2025-03-28 02:05:01, 40,, 7533,, 218.93
2025-03-28 02:05:11, 43,, 7533,, 103.32
2025-03-28 02:05:21, 40,, 7533,, 157.72
2025-03-28 02:05:32, 52,, 7533,, 133.95
2025-03-28 02:05:42, 42,, 7533,, 115.24
2025-03-28 02:05:52, 49,, 7533,, 189.09
2025-03-28 02:06:02, 56,, 7533,, 153.89
2025-03-28 02:06:12, 49,, 7533,, 132.42
2025-03-28 02:06:22, 45,, 7533,, 190.52
2025-03-28 02:06:32, 47,, 7533,, 94.20
2025-03-28 02:06:42, 57,, 7533,, 114.36
2025-03-28 02:06:52, 45,, 7533,, 184.43
2025-03-28 02:07:02, 48,, 7533,, 157.72
2025-03-28 02:07:12, 51,, 7533,, 191.96
2025-03-28 02:07:22, 48,, 7533,, 167.67
2025-03-28 02:07:32, 44,, 7533,, 153.51
2025-03-28 02:07:42, 56,, 7533,, 167.19
2025-03-28 02:07:52, 52,, 7533,, 187.65
2025-03-28 02:08:02, 48,, 7533,, 153.51
2025-03-28 02:08:12, 49,, 7533,, 173.05
2025-03-28 02:08:22, 60,, 7533,, 182.99
2025-03-28 02:08:32, 44,, 7533,, 185.74
2025-03-28 02:08:42, 34,, 7533,, 189.69
2025-03-28 02:08:52, 56,, 7533,, 198.66
2025-03-28 02:09:02, 56,, 7533,, 180.12
2025-03-28 02:09:12, 42,, 7533,, 195.79
2025-03-28 02:09:22, 63,, 7533,, 145.27
2025-03-28 02:09:32, 55,, 7533,, 182.39
2025-03-28 02:09:43, 57,, 7533,, 142.97
2025-03-28 02:09:53, 45,, 7533,, 185.74
2025-03-28 02:10:03, 50,, 7533,, 188.74
2025-03-28 02:10:13, 44,, 7533,, 142.40
2025-03-28 02:10:23, 50,, 7533,, 152.08
2025-03-28 02:10:33, 47,, 7533,, 91.80
2025-03-28 02:10:43, 58,, 7533,, 189.44
2025-03-28 02:10:53, 46,, 7533,, 167.67
2025-03-28 02:11:03, 46,, 7533,, 129.55
2025-03-28 02:11:13, 45,, 7533,, 171.62
2025-03-28 02:11:23, 55,, 7533,, 130.20
2025-03-28 02:11:33, 39,, 7533,, 173.53
2025-03-28 02:11:43, 45,, 7533,, 141.15
2025-03-28 02:11:53, 50,, 7533,, 150.16
2025-03-28 02:12:03, 49,, 7533,, 173.05
2025-03-28 02:12:13, 39,, 7533,, 86.58
2025-03-28 02:12:23, 51,, 7533,, 154.75
2025-03-28 02:12:33, 51,, 7533,, 189.69
2025-03-28 02:12:43, 63,, 7533,, 155.70
2025-03-28 02:12:53, 51,, 7533,, 97.56
2025-03-28 02:13:03, 52,, 7533,, 189.21
2025-03-28 02:13:13, 61,, 7533,, 100.44
2025-03-28 02:13:23, 55,, 7533,, 157.14
2025-03-28 02:13:33, 49,, 7533,, 137.22
2025-03-28 02:13:43, 58,, 7533,, 162.51
2025-03-28 02:13:54, 54,, 7533,, 165.87
2025-03-28 02:14:04, 47,, 7533,, 141.63
2025-03-28 02:14:14, 31,, 7533,, 156.02
2025-03-28 02:14:24, 53,, 7533,, 89.46
2025-03-28 02:14:34, 40,, 7533,, 167.67
2025-03-28 02:14:44, 58,, 7533,, 179.76
2025-03-28 02:14:54, 48,, 7533,, 172.57
2025-03-28 02:15:04, 57,, 7533,, 170.54
2025-03-28 02:15:14, 47,, 7533,, 156.39
2025-03-28 02:15:24, 42,, 7533,, 135.78
2025-03-28 02:15:34, 44,, 7533,, 180.12
2025-03-28 02:15:44, 45,, 7533,, 151.60
2025-03-28 02:15:54, 46,, 7533,, 144.41
2025-03-28 02:16:04, 53,, 7533,, 217.65
2025-03-28 02:16:14, 46,, 7533,, 222.43
2025-03-28 02:16:24, 56,, 7533,, 152.45
2025-03-28 02:16:34, 66,, 7533,, 150.92
2025-03-28 02:16:44, 54,, 7533,, 221.80
2025-03-28 02:16:54, 54,, 7533,, 110.04
2025-03-28 02:17:04, 43,, 7533,, 174.85
2025-03-28 02:17:14, 53,, 7533,, 151.60
2025-03-28 02:17:24, 54,, 7533,, 100.92
2025-03-28 02:17:34, 56,, 7533,, 164.43
2025-03-28 02:17:44, 54,, 7533,, 153.89
2025-03-28 02:17:54, 59,, 7533,, 77.02
2025-03-28 02:18:05, 62,, 7533,, 203.92
2025-03-28 02:18:15, 63,, 7533,, 171.02
2025-03-28 02:18:25, 60,, 7533,, 158.20
2025-03-28 02:18:35, 50,, 7533,, 220.18
2025-03-28 02:18:45, 60,, 7533,, 217.17
2025-03-28 02:18:55, 56,, 7533,, 167.30
2025-03-28 02:19:05, 53,, 7533,, 134.34
2025-03-28 02:19:15, 57,, 7533,, 169.59
2025-03-28 02:19:25, 50,, 7533,, 146.32
2025-03-28 02:19:35, 39,, 7533,, 145.65
2025-03-28 02:19:45, 36,, 7533,, 142.97
2025-03-28 02:19:55, 56,, 7533,, 135.69
2025-03-28 02:20:05, 47,, 7533,, 159.16
2025-03-28 02:20:15, 56,, 7533,, 189.21
2025-03-28 02:20:25, 54,, 7533,, 142.87
2025-03-28 02:20:35, 53,, 7533,, 170.07
2025-03-28 02:20:45, 41,, 7533,, 184.43
2025-03-28 02:20:55, 53,, 7533,, 185.86
2025-03-28 02:21:05, 50,, 7533,, 164.43
2025-03-28 02:21:15, 44,, 7533,, 145.85
2025-03-28 02:21:25, 56,, 7533,, 120.04
2025-03-28 02:21:35, 48,, 7533,, 193.87
2025-03-28 02:21:45, 53,, 7533,, 125.32
2025-03-28 02:21:56, 54,, 7533,, 133.38
2025-03-28 02:22:06, 53,, 7533,, 196.74
2025-03-28 02:22:16, 34,, 7533,, 89.40
2025-03-28 02:22:26, 47,, 7533,, 176.65
2025-03-28 02:22:36, 57,, 7533,, 191.00
2025-03-28 02:22:46, 51,, 7533,, 137.70
2025-03-28 02:22:56, 49,, 7533,, 179.76
2025-03-28 02:23:06, 48,, 7533,, 190.30
2025-03-28 02:23:16, 55,, 7533,, 157.72
2025-03-28 02:23:26, 63,, 7533,, 175.33
2025-03-28 02:23:36, 50,, 7533,, 174.37
2025-03-28 02:23:46, 52,, 7533,, 166.46
2025-03-28 02:23:56, 45,, 7533,, 155.33
2025-03-28 02:24:06, 59,, 7533,, 177.37
2025-03-28 02:24:16, 41,, 7533,, 191.61
2025-03-28 02:24:26, 53,, 7533,, 170.54
2025-03-28 02:24:36, 63,, 7533,, 178.32
2025-03-28 02:24:46, 57,, 7533,, 171.98
2025-03-28 02:24:56, 31,, 7533,, 128.76
2025-03-28 02:25:06, 54,, 7533,, 155.33
2025-03-28 02:25:16, 47,, 7533,, 147.28
2025-03-28 02:25:26, 40,, 7533,, 193.26
2025-03-28 02:25:36, 42,, 7533,, 142.59
2025-03-28 02:25:46, 50,, 7533,, 136.26
2025-03-28 02:25:56, 50,, 7533,, 176.29
2025-03-28 02:26:06, 53,, 7533,, 147.18
2025-03-28 02:26:17, 46,, 7533,, 221.95
2025-03-28 02:26:27, 57,, 7533,, 142.40
2025-03-28 02:26:37, 60,, 7533,, 159.16
2025-03-28 02:26:47, 62,, 7533,, 161.82
2025-03-28 02:26:57, 54,, 7533,, 142.87
2025-03-28 02:27:07, 55,, 7533,, 113.40
2025-03-28 02:27:17, 48,, 7533,, 163.95
2025-03-28 02:27:27, 44,, 7533,, 172.57
2025-03-28 02:27:37, 50,, 7533,, 190.30
2025-03-28 02:27:47, 57,, 7533,, 158.31
2025-03-28 02:27:57, 58,, 7533,, 142.59
2025-03-28 02:28:07, 57,, 7533,, 163.10
2025-03-28 02:28:17, 47,, 7533,, 147.76
2025-03-28 02:28:27, 48,, 7533,, 203.44
2025-03-28 02:28:37, 46,, 7533,, 178.68
2025-03-28 02:28:47, 48,, 7533,, 155.06
2025-03-28 02:28:57, 50,, 7533,, 151.60
2025-03-28 02:29:07, 51,, 7533,, 136.74
2025-03-28 02:29:17, 49,, 7533,, 147.76
2025-03-28 02:29:27, 47,, 7533,, 163.10
2025-03-28 02:29:37, 48,, 7533,, 185.38
2025-03-28 02:29:47, 47,, 7533,, 93.30
2025-03-28 02:29:57, 57,, 7533,, 140.57
2025-03-28 02:30:07, 51,, 7533,, 115.80
2025-03-28 02:30:18, 56,, 7533,, 178.92
2025-03-28 02:30:28, 51,, 7533,, 99.07
2025-03-28 02:30:38, 33,, 7533,, 217.65
2025-03-28 02:30:48, 36,, 7533,, 128.19
2025-03-28 02:30:58, 50,, 7533,, 130.03
2025-03-28 02:31:08, 31,, 7533,, 189.09
2025-03-28 02:31:18, 33,, 7533,, 155.91
2025-03-28 02:31:28, 57,, 7533,, 161.66
2025-03-28 02:31:38, 48,, 7533,, 205.35
2025-03-28 02:31:48, 45,, 7533,, 130.59
2025-03-28 02:31:58, 54,, 7533,, 134.91
2025-03-28 02:32:08, 48,, 7533,, 147.76
2025-03-28 02:32:18, 42,, 7533,, 147.28
2025-03-28 02:32:28, 45,, 7533,, 174.49
2025-03-28 02:32:38, 51,, 7533,, 154.95
2025-03-28 02:32:48, 47,, 7533,, 100.03
2025-03-28 02:32:58, 50,, 7533,, 131.94
2025-03-28 02:33:08, 44,, 7533,, 140.96
2025-03-28 02:33:18, 56,, 7533,, 193.87
2025-03-28 02:33:28, 49,, 7533,, 182.51
2025-03-28 02:33:38, 45,, 7533,, 198.92
2025-03-28 02:33:48, 57,, 7533,, 180.12
2025-03-28 02:33:58, 58,, 7533,, 166.35
2025-03-28 02:34:08, 68,, 7533,, 144.31
2025-03-28 02:34:18, 48,, 7533,, 111.89
2025-03-28 02:34:29, 41,, 7533,, 182.99
2025-03-28 02:34:39, 44,, 7533,, 180.48
2025-03-28 02:34:49, 47,, 7533,, 176.89
2025-03-28 02:34:59, 56,, 7533,, 181.08
2025-03-28 02:35:09, 0,, 7533,, 54.91
