Timestamp, GPU Util (%), Memory Used (MiB), Power (W)
2025-03-26 21:31:31, 0,, 21,, 40.95
2025-03-26 21:31:41, 0,, 21,, 40.47
2025-03-26 21:31:52, 0,, 21,, 40.95
2025-03-26 21:32:02, 0,, 21,, 40.97
2025-03-26 21:32:12, 0,, 21,, 40.97
2025-03-26 21:32:22, 0,, 21,, 40.97
2025-03-26 21:32:32, 0,, 21,, 40.95
2025-03-26 21:32:42, 0,, 21,, 40.95
2025-03-26 21:32:52, 0,, 21,, 40.95
2025-03-26 21:33:02, 0,, 21,, 40.95
2025-03-26 21:33:12, 0,, 21,, 40.97
2025-03-26 21:33:22, 0,, 21,, 40.97
2025-03-26 21:33:32, 0,, 21,, 40.95
2025-03-26 21:33:42, 1,, 8175,, 54.36
2025-03-26 21:33:52, 75,, 8337,, 149.48
2025-03-26 21:34:02, 26,, 8337,, 170.79
2025-03-26 21:34:12, 27,, 8337,, 104.14
2025-03-26 21:34:22, 54,, 8339,, 147.57
2025-03-26 21:34:32, 74,, 8339,, 218.46
2025-03-26 21:34:42, 44,, 8339,, 230.88
2025-03-26 21:34:52, 18,, 8339,, 200.43
2025-03-26 21:35:02, 40,, 8339,, 167.08
2025-03-26 21:35:12, 35,, 8339,, 156.66
2025-03-26 21:35:22, 35,, 8339,, 229.77
2025-03-26 21:35:33, 74,, 8339,, 143.74
2025-03-26 21:35:43, 37,, 8339,, 80.28
2025-03-26 21:35:53, 36,, 8339,, 218.31
2025-03-26 21:36:03, 48,, 8339,, 180.00
2025-03-26 21:36:13, 37,, 8339,, 200.17
2025-03-26 21:36:23, 63,, 8339,, 204.74
2025-03-26 21:36:33, 64,, 8339,, 180.48
2025-03-26 21:36:43, 36,, 8339,, 178.92
2025-03-26 21:36:53, 31,, 8339,, 136.65
2025-03-26 21:37:03, 25,, 8339,, 171.87
2025-03-26 21:37:13, 31,, 8339,, 175.46
2025-03-26 21:37:23, 37,, 8339,, 222.13
2025-03-26 21:37:33, 74,, 8339,, 166.97
2025-03-26 21:37:43, 30,, 8339,, 212.44
2025-03-26 21:37:53, 45,, 8339,, 105.17
2025-03-26 21:38:03, 48,, 8339,, 104.69
2025-03-26 21:38:13, 27,, 8339,, 82.62
2025-03-26 21:38:23, 39,, 8339,, 75.96
2025-03-26 21:38:33, 51,, 8339,, 162.99
2025-03-26 21:38:43, 37,, 8339,, 80.23
2025-03-26 21:38:53, 43,, 8339,, 107.09
2025-03-26 21:39:03, 22,, 8339,, 202.21
2025-03-26 21:39:13, 49,, 8339,, 109.01
2025-03-26 21:39:24, 37,, 8339,, 214.78
2025-03-26 21:39:34, 46,, 8339,, 161.82
2025-03-26 21:39:44, 63,, 8339,, 152.73
2025-03-26 21:39:54, 38,, 8339,, 224.52
2025-03-26 21:40:04, 53,, 8339,, 204.74
2025-03-26 21:40:14, 28,, 8339,, 135.21
2025-03-26 21:40:24, 62,, 8339,, 175.21
2025-03-26 21:40:34, 54,, 8339,, 79.75
2025-03-26 21:40:44, 21,, 8339,, 149.96
2025-03-26 21:40:54, 30,, 8339,, 72.60
2025-03-26 21:41:04, 36,, 8339,, 199.82
2025-03-26 21:41:14, 32,, 8339,, 234.54
2025-03-26 21:41:24, 55,, 8339,, 80.23
2025-03-26 21:41:34, 58,, 8339,, 90.78
2025-03-26 21:41:44, 28,, 8339,, 117.49
2025-03-26 21:41:54, 18,, 8339,, 71.16
2025-03-26 21:42:04, 27,, 8339,, 150.06
2025-03-26 21:42:14, 53,, 8339,, 212.72
2025-03-26 21:42:24, 20,, 8339,, 93.18
2025-03-26 21:42:34, 60,, 8339,, 207.13
2025-03-26 21:42:44, 39,, 8339,, 143.83
2025-03-26 21:42:54, 39,, 8339,, 195.79
2025-03-26 21:43:04, 48,, 8339,, 174.74
2025-03-26 21:43:14, 63,, 8339,, 162.41
2025-03-26 21:43:25, 43,, 8339,, 103.18
2025-03-26 21:43:35, 23,, 8339,, 73.08
2025-03-26 21:43:45, 29,, 8339,, 205.56
2025-03-26 21:43:55, 31,, 8339,, 94.14
2025-03-26 21:44:05, 23,, 8339,, 78.79
2025-03-26 21:44:15, 50,, 8339,, 210.00
2025-03-26 21:44:25, 31,, 8339,, 119.00
2025-03-26 21:44:35, 46,, 8339,, 161.66
2025-03-26 21:44:45, 12,, 8339,, 115.24
2025-03-26 21:44:55, 31,, 8339,, 113.32
2025-03-26 21:45:05, 58,, 8339,, 97.97
2025-03-26 21:45:15, 70,, 8339,, 159.90
2025-03-26 21:45:25, 22,, 8339,, 219.74
2025-03-26 21:45:35, 44,, 8339,, 232.63
2025-03-26 21:45:45, 37,, 8339,, 176.41
2025-03-26 21:45:55, 38,, 8339,, 79.32
2025-03-26 21:46:05, 28,, 8339,, 133.20
2025-03-26 21:46:15, 39,, 8339,, 203.78
2025-03-26 21:46:25, 12,, 8339,, 157.72
2025-03-26 21:46:35, 27,, 8339,, 86.52
2025-03-26 21:46:45, 58,, 8339,, 72.60
2025-03-26 21:46:55, 42,, 8339,, 232.95
2025-03-26 21:47:05, 31,, 8339,, 199.21
2025-03-26 21:47:16, 29,, 8339,, 102.77
2025-03-26 21:47:26, 50,, 8339,, 212.58
2025-03-26 21:47:36, 28,, 8339,, 105.58
2025-03-26 21:47:46, 36,, 8339,, 147.09
2025-03-26 21:47:56, 41,, 8339,, 176.77
2025-03-26 21:48:06, 46,, 8339,, 212.24
2025-03-26 21:48:16, 50,, 8339,, 218.79
2025-03-26 21:48:26, 19,, 8339,, 81.24
2025-03-26 21:48:36, 55,, 8339,, 218.93
2025-03-26 21:48:46, 35,, 8339,, 95.10
2025-03-26 21:48:56, 27,, 8339,, 209.52
2025-03-26 21:49:06, 50,, 8339,, 90.36
2025-03-26 21:49:16, 17,, 8339,, 94.20
2025-03-26 21:49:26, 28,, 8339,, 204.94
2025-03-26 21:49:36, 38,, 8339,, 233.43
2025-03-26 21:49:46, 33,, 8339,, 227.71
2025-03-26 21:49:56, 30,, 8339,, 179.40
2025-03-26 21:50:06, 59,, 8339,, 199.48
2025-03-26 21:50:16, 38,, 8339,, 170.91
2025-03-26 21:50:26, 50,, 8339,, 86.52
2025-03-26 21:50:37, 61,, 8339,, 205.08
2025-03-26 21:50:47, 41,, 8339,, 237.41
2025-03-26 21:50:57, 25,, 8339,, 87.36
2025-03-26 21:51:07, 32,, 8339,, 75.00
2025-03-26 21:51:17, 37,, 8339,, 160.01
2025-03-26 21:51:27, 22,, 8339,, 161.82
2025-03-26 21:51:37, 36,, 8339,, 208.76
2025-03-26 21:51:47, 62,, 8339,, 163.36
2025-03-26 21:51:57, 28,, 8339,, 110.37
2025-03-26 21:52:07, 64,, 8339,, 198.52
2025-03-26 21:52:17, 29,, 8339,, 73.13
2025-03-26 21:52:27, 46,, 8339,, 99.35
2025-03-26 21:52:37, 28,, 8339,, 115.09
2025-03-26 21:52:47, 23,, 8339,, 201.87
2025-03-26 21:52:57, 60,, 8339,, 197.22
2025-03-26 21:53:07, 33,, 8339,, 180.60
2025-03-26 21:53:17, 28,, 8339,, 80.76
2025-03-26 21:53:27, 63,, 8339,, 228.66
2025-03-26 21:53:37, 36,, 8339,, 83.64
2025-03-26 21:53:47, 58,, 8339,, 235.82
2025-03-26 21:53:57, 40,, 8339,, 239.16
2025-03-26 21:54:07, 46,, 8339,, 214.16
2025-03-26 21:54:17, 46,, 8339,, 215.78
2025-03-26 21:54:27, 27,, 8339,, 117.08
2025-03-26 21:54:37, 27,, 8339,, 84.60
2025-03-26 21:54:48, 45,, 8339,, 82.20
2025-03-26 21:54:58, 33,, 8339,, 142.30
2025-03-26 21:55:08, 22,, 8339,, 79.27
2025-03-26 21:55:18, 47,, 8339,, 234.71
2025-03-26 21:55:28, 28,, 8339,, 180.00
2025-03-26 21:55:38, 21,, 8339,, 93.60
2025-03-26 21:55:48, 41,, 8339,, 195.05
2025-03-26 21:55:58, 47,, 8339,, 151.87
2025-03-26 21:56:08, 38,, 8339,, 152.35
2025-03-26 21:56:18, 55,, 8339,, 243.93
2025-03-26 21:56:28, 30,, 8339,, 115.09
2025-03-26 21:56:38, 56,, 8339,, 217.98
2025-03-26 21:56:48, 30,, 8339,, 175.10
2025-03-26 21:56:58, 39,, 8339,, 93.24
2025-03-26 21:57:08, 28,, 8339,, 203.17
2025-03-26 21:57:18, 31,, 8339,, 223.71
2025-03-26 21:57:28, 46,, 8339,, 204.12
2025-03-26 21:57:38, 37,, 8339,, 83.58
2025-03-26 21:57:48, 37,, 8339,, 182.75
2025-03-26 21:57:58, 48,, 8339,, 239.32
2025-03-26 21:58:08, 37,, 8339,, 99.89
2025-03-26 21:58:18, 37,, 8339,, 97.91
2025-03-26 21:58:28, 68,, 8339,, 94.07
2025-03-26 21:58:38, 58,, 8339,, 183.58
2025-03-26 21:58:49, 63,, 8339,, 207.33
2025-03-26 21:58:59, 31,, 8339,, 163.25
2025-03-26 21:59:09, 18,, 8339,, 137.51
2025-03-26 21:59:19, 58,, 8339,, 90.78
2025-03-26 21:59:29, 60,, 8339,, 116.12
2025-03-26 21:59:39, 41,, 8339,, 213.20
2025-03-26 21:59:49, 46,, 8339,, 181.31
2025-03-26 21:59:59, 30,, 8339,, 167.08
2025-03-26 22:00:09, 22,, 8339,, 144.60
2025-03-26 22:00:19, 64,, 8339,, 126.28
2025-03-26 22:00:29, 28,, 8339,, 120.36
2025-03-26 22:00:39, 39,, 8339,, 143.83
2025-03-26 22:00:49, 46,, 8339,, 186.70
2025-03-26 22:00:59, 59,, 8339,, 242.81
2025-03-26 22:01:09, 18,, 8339,, 174.26
2025-03-26 22:01:19, 62,, 8339,, 166.12
2025-03-26 22:01:29, 39,, 8339,, 94.14
2025-03-26 22:01:39, 29,, 8339,, 216.54
2025-03-26 22:01:49, 18,, 8339,, 79.80
2025-03-26 22:01:59, 30,, 8339,, 191.35
2025-03-26 22:02:09, 36,, 8339,, 118.92
2025-03-26 22:02:19, 32,, 8339,, 136.17
2025-03-26 22:02:30, 32,, 8339,, 198.39
2025-03-26 22:02:40, 45,, 8339,, 85.50
2025-03-26 22:02:50, 22,, 8339,, 121.32
2025-03-26 22:03:00, 51,, 8339,, 107.50
2025-03-26 22:03:10, 46,, 8339,, 154.27
2025-03-26 22:03:20, 28,, 8339,, 97.01
2025-03-26 22:03:30, 63,, 8339,, 210.48
2025-03-26 22:03:40, 34,, 8339,, 212.72
2025-03-26 22:03:50, 59,, 8339,, 228.34
2025-03-26 22:04:00, 64,, 8339,, 206.65
2025-03-26 22:04:10, 61,, 8339,, 166.97
2025-03-26 22:04:20, 26,, 8339,, 189.57
2025-03-26 22:04:30, 22,, 8339,, 222.61
2025-03-26 22:04:40, 28,, 8339,, 106.13
2025-03-26 22:04:50, 48,, 8339,, 85.02
2025-03-26 22:05:00, 31,, 8339,, 88.38
2025-03-26 22:05:10, 46,, 8339,, 127.63
2025-03-26 22:05:20, 42,, 8339,, 118.92
2025-03-26 22:05:30, 30,, 8339,, 82.68
2025-03-26 22:05:40, 18,, 8339,, 85.50
2025-03-26 22:05:50, 37,, 8339,, 89.40
2025-03-26 22:06:01, 56,, 8339,, 218.79
2025-03-26 22:06:11, 27,, 8339,, 109.89
2025-03-26 22:06:21, 18,, 8339,, 87.42
2025-03-26 22:06:31, 69,, 8339,, 224.19
2025-03-26 22:06:41, 60,, 8339,, 166.97
2025-03-26 22:06:51, 32,, 8339,, 93.18
2025-03-26 22:07:01, 53,, 8339,, 118.52
2025-03-26 22:07:11, 30,, 8339,, 83.64
2025-03-26 22:07:21, 45,, 8339,, 85.98
2025-03-26 22:07:31, 32,, 8339,, 140.48
2025-03-26 22:07:41, 26,, 8339,, 78.36
2025-03-26 22:07:51, 20,, 8339,, 190.87
2025-03-26 22:08:01, 39,, 8339,, 137.99
2025-03-26 22:08:11, 59,, 8339,, 219.59
2025-03-26 22:08:21, 27,, 8339,, 217.02
2025-03-26 22:08:31, 68,, 8339,, 72.60
2025-03-26 22:08:41, 71,, 8339,, 101.74
2025-03-26 22:08:51, 36,, 8339,, 197.78
2025-03-26 22:09:01, 38,, 8339,, 85.08
2025-03-26 22:09:11, 18,, 8339,, 93.18
2025-03-26 22:09:21, 31,, 8339,, 102.29
2025-03-26 22:09:31, 37,, 8339,, 224.04
2025-03-26 22:09:41, 52,, 8339,, 230.57
2025-03-26 22:09:51, 36,, 8339,, 139.04
2025-03-26 22:10:01, 27,, 8339,, 97.84
2025-03-26 22:10:12, 40,, 8339,, 116.60
2025-03-26 22:10:22, 20,, 8339,, 74.52
2025-03-26 22:10:32, 47,, 8339,, 246.62
2025-03-26 22:10:42, 38,, 8339,, 231.20
2025-03-26 22:10:52, 36,, 8339,, 113.73
2025-03-26 22:11:02, 51,, 8339,, 129.55
2025-03-26 22:11:12, 63,, 8339,, 170.91
2025-03-26 22:11:22, 51,, 8339,, 226.75
2025-03-26 22:11:32, 40,, 8339,, 199.82
2025-03-26 22:11:42, 37,, 8339,, 86.46
2025-03-26 22:11:52, 45,, 8339,, 188.84
2025-03-26 22:12:02, 24,, 8339,, 86.94
2025-03-26 22:12:12, 30,, 8339,, 191.70
2025-03-26 22:12:22, 22,, 8339,, 71.11
2025-03-26 22:12:32, 21,, 8339,, 75.48
2025-03-26 22:12:42, 18,, 8339,, 110.37
2025-03-26 22:12:52, 29,, 8339,, 90.30
2025-03-26 22:13:02, 29,, 8339,, 142.97
2025-03-26 22:13:12, 52,, 8339,, 163.36
2025-03-26 22:13:22, 36,, 8339,, 207.81
2025-03-26 22:13:32, 38,, 8339,, 75.43
2025-03-26 22:13:42, 55,, 8339,, 225.62
2025-03-26 22:13:52, 27,, 8339,, 190.40
2025-03-26 22:14:03, 12,, 8339,, 78.89
2025-03-26 22:14:13, 36,, 8339,, 183.70
2025-03-26 22:14:23, 30,, 8339,, 88.44
2025-03-26 22:14:33, 36,, 8339,, 139.04
2025-03-26 22:14:43, 19,, 8339,, 127.15
2025-03-26 22:14:53, 60,, 8339,, 190.87
2025-03-26 22:15:03, 30,, 8339,, 202.21
2025-03-26 22:15:13, 35,, 8339,, 138.56
2025-03-26 22:15:23, 62,, 8339,, 182.87
2025-03-26 22:15:33, 59,, 8339,, 199.48
2025-03-26 22:15:43, 51,, 8339,, 122.67
2025-03-26 22:15:53, 70,, 8339,, 177.61
2025-03-26 22:16:03, 39,, 8339,, 87.90
2025-03-26 22:16:13, 30,, 8339,, 108.93
2025-03-26 22:16:23, 62,, 8339,, 192.66
2025-03-26 22:16:33, 61,, 8339,, 152.35
2025-03-26 22:16:43, 51,, 8339,, 170.91
2025-03-26 22:16:53, 39,, 8339,, 233.11
2025-03-26 22:17:03, 57,, 8339,, 193.39
2025-03-26 22:17:13, 36,, 8339,, 87.48
2025-03-26 22:17:23, 29,, 8339,, 76.97
2025-03-26 22:17:33, 27,, 8339,, 178.56
2025-03-26 22:17:43, 39,, 8339,, 79.80
2025-03-26 22:17:53, 27,, 8339,, 196.13
2025-03-26 22:18:04, 27,, 8339,, 82.68
2025-03-26 22:18:14, 59,, 8339,, 228.01
2025-03-26 22:18:24, 39,, 8339,, 198.87
2025-03-26 22:18:34, 37,, 8339,, 199.48
2025-03-26 22:18:44, 64,, 8339,, 241.38
2025-03-26 22:18:54, 61,, 8339,, 214.97
2025-03-26 22:19:04, 59,, 8339,, 159.53
2025-03-26 22:19:14, 30,, 8339,, 94.55
2025-03-26 22:19:24, 71,, 8339,, 179.52
2025-03-26 22:19:34, 37,, 8339,, 90.36
2025-03-26 22:19:44, 42,, 8339,, 232.95
2025-03-26 22:19:54, 49,, 8339,, 234.38
2025-03-26 22:20:04, 63,, 8339,, 123.71
2025-03-26 22:20:14, 32,, 8339,, 213.06
2025-03-26 22:20:24, 27,, 8339,, 77.93
2025-03-26 22:20:34, 62,, 8339,, 218.31
2025-03-26 22:20:44, 54,, 8339,, 195.05
2025-03-26 22:20:54, 44,, 8339,, 155.23
2025-03-26 22:21:04, 46,, 8339,, 228.49
2025-03-26 22:21:14, 26,, 8339,, 106.61
2025-03-26 22:21:24, 37,, 8339,, 193.48
2025-03-26 22:21:34, 52,, 8339,, 207.95
2025-03-26 22:21:44, 28,, 8339,, 161.71
2025-03-26 22:21:54, 60,, 8339,, 156.56
2025-03-26 22:22:05, 30,, 8339,, 197.09
2025-03-26 22:22:15, 34,, 8339,, 76.01
2025-03-26 22:22:25, 38,, 8339,, 148.62
2025-03-26 22:22:35, 36,, 8339,, 177.01
2025-03-26 22:22:45, 27,, 8339,, 110.45
2025-03-26 22:22:55, 30,, 8339,, 108.93
2025-03-26 22:23:05, 57,, 8339,, 160.75
2025-03-26 22:23:15, 34,, 8339,, 191.83
2025-03-26 22:23:25, 58,, 8339,, 165.17
2025-03-26 22:23:35, 35,, 8339,, 171.98
2025-03-26 22:23:45, 31,, 8339,, 102.29
2025-03-26 22:23:55, 55,, 8339,, 240.59
2025-03-26 22:24:05, 30,, 8339,, 74.04
2025-03-26 22:24:15, 45,, 8339,, 171.27
2025-03-26 22:24:25, 62,, 8339,, 243.76
2025-03-26 22:24:35, 34,, 8339,, 192.79
2025-03-26 22:24:45, 47,, 8339,, 75.96
2025-03-26 22:24:55, 37,, 8339,, 85.08
2025-03-26 22:25:05, 58,, 8339,, 231.83
2025-03-26 22:25:15, 37,, 8339,, 73.56
2025-03-26 22:25:25, 59,, 8339,, 237.25
2025-03-26 22:25:35, 38,, 8339,, 85.08
2025-03-26 22:25:45, 30,, 8339,, 84.54
2025-03-26 22:25:55, 17,, 8339,, 155.12
2025-03-26 22:26:06, 54,, 8339,, 142.68
2025-03-26 22:26:16, 28,, 8339,, 90.30
2025-03-26 22:26:26, 23,, 8339,, 206.03
2025-03-26 22:26:36, 61,, 8339,, 199.96
2025-03-26 22:26:46, 24,, 8339,, 77.83
2025-03-26 22:26:56, 36,, 8339,, 120.04
2025-03-26 22:27:06, 47,, 8339,, 224.21
2025-03-26 22:27:16, 42,, 8339,, 233.59
2025-03-26 22:27:26, 65,, 8339,, 113.65
2025-03-26 22:27:36, 51,, 8339,, 140.48
2025-03-26 22:27:46, 43,, 8339,, 116.12
2025-03-26 22:27:56, 53,, 8339,, 223.56
2025-03-26 22:28:06, 39,, 8339,, 158.95
2025-03-26 22:28:16, 33,, 8339,, 206.37
2025-03-26 22:28:26, 59,, 8339,, 244.40
2025-03-26 22:28:36, 63,, 8339,, 189.57
2025-03-26 22:28:46, 61,, 8339,, 216.73
2025-03-26 22:28:56, 33,, 8339,, 74.52
2025-03-26 22:29:06, 30,, 8339,, 123.63
2025-03-26 22:29:16, 28,, 8339,, 97.97
2025-03-26 22:29:26, 83,, 8339,, 72.55
2025-03-26 22:29:36, 51,, 8339,, 161.93
2025-03-26 22:29:47, 47,, 8339,, 86.04
2025-03-26 22:29:57, 38,, 8339,, 74.04
2025-03-26 22:30:07, 27,, 8339,, 202.55
2025-03-26 22:30:17, 24,, 8339,, 71.16
2025-03-26 22:30:27, 37,, 8339,, 85.93
2025-03-26 22:30:37, 55,, 8339,, 168.77
2025-03-26 22:30:47, 31,, 8339,, 84.66
2025-03-26 22:30:57, 44,, 8339,, 136.08
2025-03-26 22:31:07, 26,, 8339,, 125.15
2025-03-26 22:31:17, 18,, 8339,, 205.56
2025-03-26 22:31:27, 32,, 8339,, 211.91
2025-03-26 22:31:37, 69,, 8339,, 244.88
2025-03-26 22:31:47, 26,, 8339,, 93.66
2025-03-26 22:31:57, 62,, 8339,, 245.67
2025-03-26 22:32:07, 51,, 8339,, 230.09
2025-03-26 22:32:17, 18,, 8339,, 73.56
2025-03-26 22:32:27, 17,, 8339,, 89.82
2025-03-26 22:32:37, 20,, 8339,, 80.71
2025-03-26 22:32:47, 33,, 8339,, 112.29
2025-03-26 22:32:57, 46,, 8339,, 152.25
2025-03-26 22:33:07, 63,, 8339,, 230.41
2025-03-26 22:33:17, 40,, 8339,, 215.59
2025-03-26 22:33:27, 36,, 8339,, 91.80
2025-03-26 22:33:37, 20,, 8339,, 166.12
2025-03-26 22:33:47, 46,, 8339,, 138.95
2025-03-26 22:33:57, 37,, 8339,, 220.70
2025-03-26 22:34:08, 73,, 8339,, 104.14
2025-03-26 22:34:18, 50,, 8339,, 138.08
2025-03-26 22:34:28, 37,, 8339,, 209.86
2025-03-26 22:34:38, 18,, 8339,, 169.95
2025-03-26 22:34:48, 37,, 8339,, 157.99
2025-03-26 22:34:58, 36,, 8339,, 147.09
2025-03-26 22:35:08, 62,, 8339,, 104.14
2025-03-26 22:35:18, 34,, 8339,, 99.41
2025-03-26 22:35:28, 50,, 8339,, 237.57
2025-03-26 22:35:38, 55,, 8339,, 197.43
2025-03-26 22:35:48, 58,, 8339,, 184.66
2025-03-26 22:35:58, 48,, 8339,, 141.82
2025-03-26 22:36:08, 68,, 8339,, 228.18
2025-03-26 22:36:18, 27,, 8339,, 109.41
2025-03-26 22:36:28, 60,, 8339,, 92.70
2025-03-26 22:36:38, 27,, 8339,, 120.84
2025-03-26 22:36:48, 39,, 8339,, 228.34
2025-03-26 22:36:58, 46,, 8339,, 201.26
2025-03-26 22:37:08, 52,, 8339,, 89.88
2025-03-26 22:37:18, 29,, 8339,, 93.66
2025-03-26 22:37:28, 28,, 8339,, 226.58
2025-03-26 22:37:38, 26,, 8339,, 86.94
2025-03-26 22:37:48, 24,, 8339,, 216.40
2025-03-26 22:37:58, 18,, 8339,, 226.27
2025-03-26 22:38:09, 37,, 8339,, 93.60
2025-03-26 22:38:19, 25,, 8339,, 97.01
2025-03-26 22:38:29, 58,, 8339,, 91.80
2025-03-26 22:38:39, 46,, 8339,, 88.86
2025-03-26 22:38:49, 24,, 8339,, 99.89
2025-03-26 22:38:59, 63,, 8339,, 137.99
2025-03-26 22:39:09, 27,, 8339,, 75.96
2025-03-26 22:39:19, 27,, 8339,, 89.40
2025-03-26 22:39:29, 18,, 8341,, 177.01
2025-03-26 22:39:39, 18,, 8341,, 78.31
2025-03-26 22:39:49, 59,, 8341,, 165.17
2025-03-26 22:39:59, 60,, 8341,, 182.99
2025-03-26 22:40:09, 45,, 8341,, 231.84
2025-03-26 22:40:19, 28,, 8341,, 78.79
2025-03-26 22:40:29, 31,, 8341,, 182.27
2025-03-26 22:40:39, 49,, 8341,, 156.66
2025-03-26 22:40:49, 46,, 8341,, 198.04
2025-03-26 22:40:59, 40,, 8341,, 217.83
2025-03-26 22:41:09, 58,, 8341,, 215.78
2025-03-26 22:41:19, 54,, 8341,, 247.10
2025-03-26 22:41:29, 22,, 8341,, 184.06
2025-03-26 22:41:40, 59,, 8341,, 117.01
2025-03-26 22:41:50, 27,, 8341,, 219.26
2025-03-26 22:42:00, 27,, 8341,, 97.91
2025-03-26 22:42:10, 42,, 8341,, 175.21
2025-03-26 22:42:20, 52,, 8341,, 214.97
2025-03-26 22:42:30, 47,, 8341,, 189.19
2025-03-26 22:42:40, 71,, 8341,, 218.12
2025-03-26 22:42:50, 49,, 8341,, 214.20
2025-03-26 22:43:00, 25,, 8341,, 83.64
2025-03-26 22:43:10, 24,, 8341,, 75.00
2025-03-26 22:43:20, 23,, 8341,, 119.40
2025-03-26 22:43:30, 56,, 8341,, 149.58
2025-03-26 22:43:40, 28,, 8341,, 84.60
2025-03-26 22:43:50, 38,, 8341,, 218.93
2025-03-26 22:44:00, 36,, 8341,, 89.28
2025-03-26 22:44:10, 52,, 8341,, 118.92
2025-03-26 22:44:20, 18,, 8341,, 194.09
2025-03-26 22:44:30, 59,, 8341,, 152.35
2025-03-26 22:44:40, 41,, 8341,, 180.83
2025-03-26 22:44:50, 44,, 8341,, 93.66
2025-03-26 22:45:00, 46,, 8341,, 197.09
2025-03-26 22:45:11, 19,, 8341,, 91.26
2025-03-26 22:45:21, 63,, 8341,, 157.72
2025-03-26 22:45:31, 27,, 8341,, 218.12
2025-03-26 22:45:41, 61,, 8341,, 238.36
2025-03-26 22:45:51, 64,, 8341,, 151.87
2025-03-26 22:46:01, 51,, 8341,, 87.36
2025-03-26 22:46:11, 26,, 8341,, 182.15
2025-03-26 22:46:21, 18,, 8341,, 92.70
2025-03-26 22:46:31, 60,, 8341,, 89.34
2025-03-26 22:46:41, 51,, 8341,, 197.43
2025-03-26 22:46:51, 27,, 8341,, 220.22
2025-03-26 22:47:01, 62,, 8341,, 157.41
2025-03-26 22:47:11, 49,, 8341,, 164.32
2025-03-26 22:47:21, 61,, 8341,, 243.61
2025-03-26 22:47:31, 23,, 8341,, 95.10
2025-03-26 22:47:41, 58,, 8341,, 159.05
2025-03-26 22:47:51, 32,, 8341,, 245.19
2025-03-26 22:48:01, 22,, 8341,, 102.29
2025-03-26 22:48:11, 25,, 8341,, 211.96
2025-03-26 22:48:21, 61,, 8341,, 222.61
2025-03-26 22:48:31, 53,, 8341,, 76.49
2025-03-26 22:48:41, 51,, 8341,, 216.07
2025-03-26 22:48:51, 71,, 8341,, 247.58
2025-03-26 22:49:01, 26,, 8341,, 148.52
2025-03-26 22:49:11, 59,, 8341,, 208.08
2025-03-26 22:49:22, 52,, 8341,, 201.87
2025-03-26 22:49:32, 51,, 8341,, 83.64
2025-03-26 22:49:42, 41,, 8341,, 168.88
2025-03-26 22:49:52, 46,, 8341,, 214.30
2025-03-26 22:50:02, 52,, 8341,, 243.93
2025-03-26 22:50:12, 27,, 8341,, 86.04
2025-03-26 22:50:22, 51,, 8341,, 177.85
2025-03-26 22:50:32, 22,, 8341,, 111.26
2025-03-26 22:50:42, 53,, 8341,, 189.09
2025-03-26 22:50:52, 43,, 8341,, 119.88
2025-03-26 22:51:02, 43,, 8341,, 148.04
2025-03-26 22:51:12, 27,, 8341,, 122.36
2025-03-26 22:51:22, 39,, 8341,, 209.24
2025-03-26 22:51:32, 55,, 8341,, 244.88
2025-03-26 22:51:42, 63,, 8341,, 173.90
2025-03-26 22:51:52, 24,, 8341,, 235.18
2025-03-26 22:52:02, 51,, 8341,, 93.18
2025-03-26 22:52:12, 15,, 8341,, 145.46
2025-03-26 22:52:22, 74,, 8341,, 155.23
2025-03-26 22:52:32, 18,, 8341,, 92.70
2025-03-26 22:52:42, 61,, 8341,, 87.42
2025-03-26 22:52:52, 30,, 8341,, 219.92
2025-03-26 22:53:02, 33,, 8341,, 118.84
2025-03-26 22:53:13, 19,, 8341,, 218.02
2025-03-26 22:53:23, 32,, 8341,, 117.96
2025-03-26 22:53:33, 60,, 8341,, 117.01
2025-03-26 22:53:43, 29,, 8341,, 92.22
2025-03-26 22:53:53, 31,, 8341,, 94.62
2025-03-26 22:54:03, 26,, 8341,, 90.84
2025-03-26 22:54:13, 58,, 8341,, 210.48
2025-03-26 22:54:23, 38,, 8341,, 115.65
2025-03-26 22:54:33, 63,, 8341,, 89.88
2025-03-26 22:54:43, 54,, 8341,, 160.38
2025-03-26 22:54:53, 49,, 8341,, 168.52
2025-03-26 22:55:03, 29,, 8341,, 99.35
2025-03-26 22:55:13, 31,, 8341,, 176.89
2025-03-26 22:55:23, 37,, 8341,, 143.83
2025-03-26 22:55:33, 60,, 8341,, 176.29
2025-03-26 22:55:43, 37,, 8341,, 221.65
2025-03-26 22:55:53, 50,, 8341,, 188.84
2025-03-26 22:56:03, 43,, 8341,, 137.99
2025-03-26 22:56:13, 37,, 8341,, 187.53
2025-03-26 22:56:23, 29,, 8341,, 109.49
2025-03-26 22:56:33, 21,, 8341,, 95.16
2025-03-26 22:56:43, 62,, 8341,, 109.49
2025-03-26 22:56:53, 33,, 8341,, 221.32
2025-03-26 22:57:03, 50,, 8341,, 76.97
2025-03-26 22:57:13, 47,, 8341,, 251.56
2025-03-26 22:57:24, 42,, 8341,, 141.82
2025-03-26 22:57:34, 42,, 8341,, 189.31
2025-03-26 22:57:44, 29,, 8341,, 119.40
2025-03-26 22:57:54, 25,, 8341,, 203.17
2025-03-26 22:58:04, 57,, 8341,, 152.25
2025-03-26 22:58:14, 24,, 8341,, 100.85
2025-03-26 22:58:24, 37,, 8341,, 184.18
2025-03-26 22:58:34, 28,, 8341,, 89.88
2025-03-26 22:58:44, 26,, 8341,, 142.78
2025-03-26 22:58:54, 51,, 8341,, 157.51
2025-03-26 22:59:04, 54,, 8341,, 90.78
2025-03-26 22:59:14, 32,, 8341,, 198.66
2025-03-26 22:59:24, 56,, 8341,, 228.81
2025-03-26 22:59:34, 61,, 8341,, 145.17
2025-03-26 22:59:44, 43,, 8341,, 115.65
2025-03-26 22:59:54, 60,, 8341,, 103.25
2025-03-26 23:00:04, 34,, 8341,, 110.37
2025-03-26 23:00:14, 27,, 8341,, 73.51
2025-03-26 23:00:24, 15,, 8341,, 74.04
2025-03-26 23:00:34, 41,, 8341,, 215.73
2025-03-26 23:00:44, 49,, 8341,, 131.77
2025-03-26 23:00:54, 36,, 8341,, 132.25
2025-03-26 23:01:04, 37,, 8341,, 161.34
2025-03-26 23:01:14, 36,, 8341,, 107.98
2025-03-26 23:01:25, 27,, 8341,, 120.84
2025-03-26 23:01:35, 74,, 8341,, 81.19
2025-03-26 23:01:45, 44,, 8341,, 222.93
2025-03-26 23:01:55, 28,, 8341,, 124.19
2025-03-26 23:02:05, 20,, 8341,, 146.71
2025-03-26 23:02:15, 62,, 8341,, 220.70
2025-03-26 23:02:25, 38,, 8341,, 116.60
2025-03-26 23:02:35, 28,, 8341,, 121.88
2025-03-26 23:02:45, 71,, 8341,, 199.00
2025-03-26 23:02:55, 36,, 8341,, 189.92
2025-03-26 23:03:05, 18,, 8341,, 74.57
2025-03-26 23:03:15, 29,, 8341,, 73.99
2025-03-26 23:03:25, 23,, 8341,, 182.87
2025-03-26 23:03:35, 49,, 8341,, 72.65
2025-03-26 23:03:45, 58,, 8341,, 156.18
2025-03-26 23:03:55, 36,, 8341,, 117.56
2025-03-26 23:04:05, 33,, 8341,, 112.36
2025-03-26 23:04:15, 50,, 8341,, 209.57
2025-03-26 23:04:25, 18,, 8341,, 72.12
2025-03-26 23:04:35, 36,, 8341,, 157.14
2025-03-26 23:04:45, 31,, 8341,, 192.31
2025-03-26 23:04:55, 40,, 8341,, 239.95
2025-03-26 23:05:05, 37,, 8341,, 148.90
2025-03-26 23:05:15, 37,, 8341,, 74.52
2025-03-26 23:05:25, 37,, 8341,, 222.46
2025-03-26 23:05:35, 18,, 8341,, 144.12
2025-03-26 23:05:46, 33,, 8341,, 98.39
2025-03-26 23:05:56, 63,, 8341,, 176.65
2025-03-26 23:06:06, 27,, 8341,, 73.51
2025-03-26 23:06:16, 71,, 8341,, 211.15
2025-03-26 23:06:26, 26,, 8341,, 83.58
2025-03-26 23:06:36, 29,, 8341,, 149.86
2025-03-26 23:06:46, 23,, 8341,, 72.55
2025-03-26 23:06:56, 57,, 8341,, 169.59
2025-03-26 23:07:06, 18,, 8341,, 79.37
2025-03-26 23:07:16, 40,, 8341,, 129.46
2025-03-26 23:07:26, 37,, 8341,, 122.36
2025-03-26 23:07:36, 32,, 8341,, 209.10
2025-03-26 23:07:46, 38,, 8341,, 116.53
2025-03-26 23:07:56, 27,, 8341,, 208.76
2025-03-26 23:08:06, 46,, 8341,, 198.04
2025-03-26 23:08:16, 36,, 8341,, 121.80
2025-03-26 23:08:26, 42,, 8341,, 103.25
2025-03-26 23:08:36, 18,, 8341,, 118.44
2025-03-26 23:08:46, 28,, 8341,, 122.84
2025-03-26 23:08:56, 54,, 8341,, 214.49
2025-03-26 23:09:06, 24,, 8341,, 86.94
2025-03-26 23:09:16, 35,, 8341,, 124.19
2025-03-26 23:09:27, 32,, 8341,, 137.51
2025-03-26 23:09:37, 53,, 8341,, 216.54
2025-03-26 23:09:47, 59,, 8341,, 197.09
2025-03-26 23:09:57, 41,, 8341,, 106.13
2025-03-26 23:10:07, 49,, 8341,, 90.36
2025-03-26 23:10:17, 60,, 8341,, 236.93
2025-03-26 23:10:27, 42,, 8341,, 103.66
2025-03-26 23:10:37, 38,, 8341,, 177.01
2025-03-26 23:10:47, 36,, 8341,, 128.50
2025-03-26 23:10:57, 28,, 8341,, 207.47
2025-03-26 23:11:07, 29,, 8341,, 73.56
2025-03-26 23:11:17, 53,, 8341,, 110.85
2025-03-26 23:11:27, 58,, 8341,, 102.22
2025-03-26 23:11:37, 33,, 8341,, 105.65
2025-03-26 23:11:47, 18,, 8341,, 70.20
2025-03-26 23:11:57, 57,, 8341,, 210.05
2025-03-26 23:12:07, 37,, 8341,, 87.00
2025-03-26 23:12:17, 50,, 8341,, 209.38
2025-03-26 23:12:27, 43,, 8341,, 94.14
2025-03-26 23:12:37, 53,, 8341,, 187.30
2025-03-26 23:12:47, 33,, 8341,, 123.79
2025-03-26 23:12:57, 63,, 8341,, 168.99
2025-03-26 23:13:07, 25,, 8341,, 97.50
2025-03-26 23:13:17, 18,, 8341,, 192.91
2025-03-26 23:13:27, 36,, 8341,, 205.42
2025-03-26 23:13:37, 30,, 8341,, 96.41
2025-03-26 23:13:47, 54,, 8341,, 148.14
2025-03-26 23:13:58, 37,, 8341,, 74.52
2025-03-26 23:14:08, 31,, 8341,, 132.81
2025-03-26 23:14:18, 54,, 8341,, 231.52
2025-03-26 23:14:28, 27,, 8341,, 195.65
2025-03-26 23:14:38, 33,, 8341,, 103.25
2025-03-26 23:14:48, 69,, 8341,, 78.31
2025-03-26 23:14:58, 46,, 8341,, 217.65
2025-03-26 23:15:08, 21,, 8341,, 154.75
2025-03-26 23:15:18, 47,, 8341,, 230.72
2025-03-26 23:15:28, 37,, 8341,, 76.92
2025-03-26 23:15:38, 34,, 8341,, 175.69
2025-03-26 23:15:48, 63,, 8341,, 213.20
2025-03-26 23:15:58, 33,, 8341,, 129.46
2025-03-26 23:16:08, 28,, 8341,, 138.47
2025-03-26 23:16:18, 53,, 8341,, 169.84
2025-03-26 23:16:28, 46,, 8341,, 188.48
2025-03-26 23:16:38, 36,, 8341,, 177.61
2025-03-26 23:16:48, 63,, 8341,, 197.91
2025-03-26 23:16:58, 50,, 8341,, 222.13
2025-03-26 23:17:08, 51,, 8341,, 158.58
2025-03-26 23:17:18, 25,, 8341,, 102.22
2025-03-26 23:17:28, 54,, 8341,, 137.51
2025-03-26 23:17:38, 63,, 8341,, 193.39
2025-03-26 23:17:48, 50,, 8341,, 219.89
2025-03-26 23:17:58, 47,, 8341,, 187.65
2025-03-26 23:18:08, 48,, 8341,, 219.41
2025-03-26 23:18:18, 29,, 8341,, 120.36
2025-03-26 23:18:29, 27,, 8341,, 194.09
2025-03-26 23:18:39, 71,, 8341,, 97.50
2025-03-26 23:18:49, 59,, 8341,, 189.44
2025-03-26 23:18:59, 66,, 8341,, 157.99
2025-03-26 23:19:09, 43,, 8341,, 94.14
2025-03-26 23:19:19, 15,, 8341,, 79.32
2025-03-26 23:19:29, 34,, 8341,, 85.02
2025-03-26 23:19:39, 31,, 8341,, 78.36
2025-03-26 23:19:49, 39,, 8341,, 114.21
2025-03-26 23:19:59, 39,, 8341,, 200.91
2025-03-26 23:20:09, 62,, 8341,, 114.21
2025-03-26 23:20:19, 52,, 8341,, 184.78
2025-03-26 23:20:29, 61,, 8341,, 234.23
2025-03-26 23:20:39, 30,, 8341,, 83.58
2025-03-26 23:20:49, 47,, 8341,, 223.89
2025-03-26 23:20:59, 59,, 8341,, 200.78
2025-03-26 23:21:09, 75,, 8341,, 182.27
2025-03-26 23:21:19, 18,, 8341,, 208.08
2025-03-26 23:21:29, 50,, 8341,, 126.59
2025-03-26 23:21:39, 44,, 8341,, 189.44
2025-03-26 23:21:49, 37,, 8341,, 128.02
2025-03-26 23:21:59, 46,, 8341,, 224.37
2025-03-26 23:22:10, 36,, 8341,, 157.99
2025-03-26 23:22:20, 35,, 8341,, 104.62
2025-03-26 23:22:30, 38,, 8341,, 194.70
2025-03-26 23:22:40, 64,, 8341,, 226.43
2025-03-26 23:22:50, 32,, 8341,, 163.36
2025-03-26 23:23:00, 21,, 8341,, 205.69
2025-03-26 23:23:10, 33,, 8341,, 75.00
2025-03-26 23:23:20, 54,, 8341,, 155.23
2025-03-26 23:23:30, 30,, 8341,, 75.91
2025-03-26 23:23:40, 35,, 8341,, 72.65
2025-03-26 23:23:50, 59,, 8341,, 179.52
2025-03-26 23:24:00, 26,, 8341,, 73.08
2025-03-26 23:24:10, 37,, 8341,, 204.12
2025-03-26 23:24:20, 41,, 8341,, 202.21
2025-03-26 23:24:30, 58,, 8341,, 153.21
2025-03-26 23:24:40, 35,, 8341,, 113.17
2025-03-26 23:24:50, 45,, 8341,, 157.04
2025-03-26 23:25:00, 38,, 8341,, 82.14
2025-03-26 23:25:10, 38,, 8341,, 167.56
2025-03-26 23:25:20, 23,, 8341,, 90.78
2025-03-26 23:25:30, 55,, 8341,, 236.13
2025-03-26 23:25:40, 29,, 8341,, 195.65
2025-03-26 23:25:51, 39,, 8341,, 227.38
2025-03-26 23:26:01, 30,, 8341,, 197.43
2025-03-26 23:26:11, 40,, 8341,, 205.22
2025-03-26 23:26:21, 39,, 8341,, 212.10
2025-03-26 23:26:31, 45,, 8341,, 162.78
2025-03-26 23:26:41, 65,, 8341,, 205.42
2025-03-26 23:26:51, 18,, 8341,, 120.92
2025-03-26 23:27:01, 26,, 8341,, 121.80
2025-03-26 23:27:11, 29,, 8341,, 75.96
2025-03-26 23:27:21, 18,, 8341,, 183.10
2025-03-26 23:27:31, 39,, 8341,, 175.81
2025-03-26 23:27:41, 35,, 8341,, 70.73
2025-03-26 23:27:51, 63,, 8341,, 188.01
2025-03-26 23:28:01, 55,, 8341,, 122.84
2025-03-26 23:28:11, 42,, 8341,, 185.86
2025-03-26 23:28:21, 46,, 8341,, 89.40
2025-03-26 23:28:31, 73,, 8341,, 220.22
2025-03-26 23:28:41, 44,, 8341,, 81.67
2025-03-26 23:28:51, 49,, 8341,, 94.07
2025-03-26 23:29:01, 43,, 8343,, 220.70
2025-03-26 23:29:11, 42,, 8343,, 240.11
2025-03-26 23:29:21, 41,, 8343,, 235.02
2025-03-26 23:29:31, 38,, 8343,, 79.75
2025-03-26 23:29:41, 38,, 8343,, 235.02
2025-03-26 23:29:51, 19,, 8343,, 157.14
2025-03-26 23:30:01, 52,, 8343,, 101.33
2025-03-26 23:30:12, 44,, 8343,, 202.35
2025-03-26 23:30:22, 38,, 8343,, 111.26
2025-03-26 23:30:32, 57,, 8343,, 221.32
2025-03-26 23:30:42, 19,, 8343,, 75.53
2025-03-26 23:30:52, 24,, 8343,, 197.43
2025-03-26 23:31:02, 22,, 8343,, 151.87
2025-03-26 23:31:12, 81,, 8343,, 85.02
2025-03-26 23:31:22, 51,, 8343,, 175.69
2025-03-26 23:31:32, 35,, 8343,, 185.97
2025-03-26 23:31:42, 49,, 8343,, 190.40
2025-03-26 23:31:52, 30,, 8343,, 159.43
2025-03-26 23:32:02, 37,, 8343,, 124.67
2025-03-26 23:32:12, 74,, 8343,, 137.12
2025-03-26 23:32:22, 33,, 8343,, 215.45
2025-03-26 23:32:32, 33,, 8343,, 138.47
2025-03-26 23:32:42, 28,, 8343,, 220.55
2025-03-26 23:32:52, 31,, 8343,, 125.63
2025-03-26 23:33:02, 29,, 8343,, 99.41
2025-03-26 23:33:12, 40,, 8343,, 117.89
2025-03-26 23:33:22, 40,, 8343,, 108.46
2025-03-26 23:33:32, 65,, 8343,, 214.63
2025-03-26 23:33:42, 23,, 8343,, 79.27
2025-03-26 23:33:53, 34,, 8343,, 152.73
2025-03-26 23:34:03, 28,, 8343,, 143.26
2025-03-26 23:34:13, 28,, 8343,, 199.69
2025-03-26 23:34:23, 44,, 8343,, 206.65
2025-03-26 23:34:33, 32,, 8343,, 141.82
2025-03-26 23:34:43, 69,, 8343,, 92.64
2025-03-26 23:34:53, 29,, 8343,, 218.64
2025-03-26 23:35:03, 48,, 8343,, 89.88
2025-03-26 23:35:13, 25,, 8343,, 123.71
2025-03-26 23:35:23, 27,, 8343,, 89.34
2025-03-26 23:35:33, 38,, 8343,, 218.64
2025-03-26 23:35:43, 54,, 8343,, 208.90
2025-03-26 23:35:53, 38,, 8343,, 212.29
2025-03-26 23:36:03, 25,, 8343,, 110.30
2025-03-26 23:36:13, 65,, 8343,, 175.46
2025-03-26 23:36:23, 37,, 8343,, 220.88
2025-03-26 23:36:33, 37,, 8343,, 146.03
2025-03-26 23:36:43, 42,, 8343,, 157.99
2025-03-26 23:36:53, 57,, 8343,, 170.79
2025-03-26 23:37:03, 42,, 8343,, 237.09
2025-03-26 23:37:13, 65,, 8343,, 238.84
2025-03-26 23:37:23, 28,, 8343,, 85.50
2025-03-26 23:37:34, 54,, 8343,, 119.00
2025-03-26 23:37:44, 28,, 8343,, 95.64
2025-03-26 23:37:54, 49,, 8343,, 182.75
2025-03-26 23:38:04, 20,, 8343,, 162.78
2025-03-26 23:38:14, 54,, 8343,, 98.04
2025-03-26 23:38:24, 29,, 8343,, 113.73
2025-03-26 23:38:34, 49,, 8343,, 111.26
2025-03-26 23:38:44, 35,, 8343,, 95.10
2025-03-26 23:38:54, 64,, 8343,, 241.07
2025-03-26 23:39:04, 39,, 8343,, 194.09
2025-03-26 23:39:14, 39,, 8343,, 158.58
2025-03-26 23:39:24, 65,, 8343,, 156.18
2025-03-26 23:39:34, 58,, 8343,, 157.72
2025-03-26 23:39:44, 29,, 8343,, 82.68
2025-03-26 23:39:54, 54,, 8343,, 176.17
2025-03-26 23:40:04, 31,, 8343,, 94.20
2025-03-26 23:40:14, 26,, 8343,, 223.89
2025-03-26 23:40:24, 23,, 8343,, 106.06
2025-03-26 23:40:34, 28,, 8343,, 131.94
2025-03-26 23:40:44, 34,, 8343,, 191.83
2025-03-26 23:40:54, 32,, 8343,, 189.31
2025-03-26 23:41:04, 51,, 8343,, 212.72
2025-03-26 23:41:14, 28,, 8343,, 167.34
2025-03-26 23:41:25, 25,, 8343,, 106.95
2025-03-26 23:41:35, 28,, 8343,, 95.10
2025-03-26 23:41:45, 57,, 8343,, 75.48
2025-03-26 23:41:55, 38,, 8343,, 233.75
2025-03-26 23:42:05, 63,, 8343,, 107.02
2025-03-26 23:42:15, 29,, 8343,, 129.37
2025-03-26 23:42:25, 50,, 8343,, 180.48
2025-03-26 23:42:35, 29,, 8343,, 102.22
2025-03-26 23:42:45, 22,, 8343,, 121.15
2025-03-26 23:42:55, 47,, 8343,, 136.17
2025-03-26 23:43:05, 19,, 8343,, 94.14
2025-03-26 23:43:15, 64,, 8343,, 248.39
2025-03-26 23:43:25, 40,, 8343,, 242.81
2025-03-26 23:43:35, 45,, 8343,, 155.23
2025-03-26 23:43:45, 78,, 8343,, 105.65
2025-03-26 23:43:55, 31,, 8343,, 76.97
2025-03-26 23:44:05, 64,, 8343,, 236.13
2025-03-26 23:44:15, 44,, 8343,, 118.92
2025-03-26 23:44:25, 33,, 8343,, 164.10
2025-03-26 23:44:35, 10,, 8343,, 103.73
2025-03-26 23:44:45, 25,, 8343,, 111.74
2025-03-26 23:44:55, 43,, 8343,, 233.91
2025-03-26 23:45:05, 67,, 8343,, 212.58
2025-03-26 23:45:15, 40,, 8343,, 174.02
2025-03-26 23:45:25, 40,, 8343,, 243.60
2025-03-26 23:45:35, 54,, 8343,, 224.52
2025-03-26 23:45:46, 43,, 8343,, 89.34
2025-03-26 23:45:56, 44,, 8343,, 107.43
2025-03-26 23:46:06, 26,, 8343,, 141.92
2025-03-26 23:46:16, 32,, 8343,, 105.10
2025-03-26 23:46:26, 31,, 8343,, 197.57
2025-03-26 23:46:36, 63,, 8343,, 93.24
2025-03-26 23:46:46, 28,, 8343,, 97.43
2025-03-26 23:46:56, 46,, 8343,, 223.41
2025-03-26 23:47:06, 55,, 8343,, 170.91
2025-03-26 23:47:16, 59,, 8343,, 243.76
2025-03-26 23:47:26, 72,, 8343,, 75.91
2025-03-26 23:47:36, 56,, 8343,, 233.75
2025-03-26 23:47:46, 48,, 8343,, 187.53
2025-03-26 23:47:56, 30,, 8343,, 167.56
2025-03-26 23:48:06, 37,, 8343,, 235.34
2025-03-26 23:48:16, 52,, 8343,, 176.05
2025-03-26 23:48:26, 37,, 8343,, 94.14
2025-03-26 23:48:36, 36,, 8343,, 169.47
2025-03-26 23:48:46, 37,, 8343,, 82.62
2025-03-26 23:48:56, 47,, 8343,, 227.53
2025-03-26 23:49:06, 28,, 8343,, 76.92
2025-03-26 23:49:16, 28,, 8343,, 86.88
2025-03-26 23:49:27, 60,, 8343,, 244.40
2025-03-26 23:49:37, 39,, 8343,, 157.62
2025-03-26 23:49:47, 46,, 8343,, 93.24
2025-03-26 23:49:57, 62,, 8343,, 163.25
2025-03-26 23:50:07, 31,, 8343,, 169.47
2025-03-26 23:50:17, 32,, 8343,, 107.09
2025-03-26 23:50:27, 42,, 8343,, 187.40
2025-03-26 23:50:37, 63,, 8343,, 221.80
2025-03-26 23:50:47, 37,, 8343,, 105.10
2025-03-26 23:50:57, 70,, 8343,, 210.53
2025-03-26 23:51:07, 86,, 8343,, 75.48
2025-03-26 23:51:17, 37,, 8343,, 187.05
2025-03-26 23:51:27, 40,, 8343,, 213.54
2025-03-26 23:51:37, 49,, 8343,, 251.73
2025-03-26 23:51:47, 59,, 8343,, 135.69
2025-03-26 23:51:57, 45,, 8343,, 170.07
2025-03-26 23:52:07, 30,, 8343,, 157.99
2025-03-26 23:52:17, 29,, 8343,, 86.94
2025-03-26 23:52:27, 64,, 8343,, 210.81
2025-03-26 23:52:37, 53,, 8343,, 222.61
2025-03-26 23:52:47, 21,, 8343,, 169.59
2025-03-26 23:52:57, 46,, 8343,, 244.09
2025-03-26 23:53:07, 59,, 8343,, 183.10
2025-03-26 23:53:17, 59,, 8343,, 207.47
2025-03-26 23:53:27, 38,, 8343,, 185.97
2025-03-26 23:53:37, 40,, 8343,, 192.44
2025-03-26 23:53:47, 36,, 8343,, 126.98
2025-03-26 23:53:57, 59,, 8343,, 203.03
2025-03-26 23:54:08, 49,, 8343,, 173.78
2025-03-26 23:54:18, 41,, 8343,, 131.86
2025-03-26 23:54:28, 51,, 8343,, 192.31
2025-03-26 23:54:38, 51,, 8343,, 235.02
2025-03-26 23:54:48, 45,, 8343,, 148.62
2025-03-26 23:54:58, 28,, 8343,, 79.80
2025-03-26 23:55:08, 29,, 8343,, 172.34
2025-03-26 23:55:18, 37,, 8343,, 102.15
2025-03-26 23:55:28, 51,, 8343,, 211.77
2025-03-26 23:55:38, 37,, 8343,, 153.21
2025-03-26 23:55:48, 28,, 8343,, 85.02
2025-03-26 23:55:58, 30,, 8343,, 178.32
2025-03-26 23:56:08, 56,, 8343,, 175.21
2025-03-26 23:56:18, 39,, 8343,, 81.72
2025-03-26 23:56:28, 51,, 8343,, 235.65
2025-03-26 23:56:38, 56,, 8343,, 97.97
2025-03-26 23:56:48, 28,, 8343,, 86.52
2025-03-26 23:56:58, 43,, 8343,, 106.13
2025-03-26 23:57:08, 39,, 8343,, 180.36
2025-03-26 23:57:18, 37,, 8343,, 236.29
2025-03-26 23:57:28, 31,, 8343,, 188.01
2025-03-26 23:57:38, 38,, 8343,, 227.08
2025-03-26 23:57:48, 38,, 8343,, 231.68
2025-03-26 23:57:58, 83,, 8343,, 104.21
2025-03-26 23:58:08, 51,, 8343,, 158.20
2025-03-26 23:58:18, 50,, 8343,, 227.38
2025-03-26 23:58:28, 41,, 8343,, 107.02
2025-03-26 23:58:38, 36,, 8343,, 235.18
2025-03-26 23:58:49, 33,, 8343,, 105.10
2025-03-26 23:58:59, 45,, 8343,, 154.64
2025-03-26 23:59:09, 40,, 8343,, 242.02
2025-03-26 23:59:19, 29,, 8343,, 108.53
2025-03-26 23:59:29, 35,, 8343,, 220.55
2025-03-26 23:59:39, 20,, 8343,, 133.77
2025-03-26 23:59:49, 26,, 8343,, 237.41
2025-03-26 23:59:59, 56,, 8343,, 233.43
2025-03-27 00:00:09, 43,, 8343,, 204.60
2025-03-27 00:00:19, 22,, 8343,, 123.79
2025-03-27 00:00:29, 28,, 8343,, 150.92
2025-03-27 00:00:39, 28,, 8343,, 109.97
2025-03-27 00:00:49, 62,, 8343,, 168.63
2025-03-27 00:00:59, 17,, 8343,, 118.52
2025-03-27 00:01:09, 35,, 8343,, 199.61
2025-03-27 00:01:19, 39,, 8343,, 173.66
2025-03-27 00:01:29, 43,, 8343,, 195.05
2025-03-27 00:01:39, 46,, 8343,, 133.59
2025-03-27 00:01:49, 47,, 8343,, 78.84
2025-03-27 00:01:59, 53,, 8343,, 157.51
2025-03-27 00:02:09, 22,, 8343,, 75.48
2025-03-27 00:02:19, 54,, 8343,, 127.94
2025-03-27 00:02:29, 42,, 8343,, 123.23
2025-03-27 00:02:40, 40,, 8343,, 133.29
2025-03-27 00:02:50, 47,, 8343,, 213.54
2025-03-27 00:03:00, 28,, 8343,, 170.32
2025-03-27 00:03:10, 60,, 8343,, 241.23
2025-03-27 00:03:20, 37,, 8343,, 85.45
2025-03-27 00:03:30, 32,, 8343,, 213.68
2025-03-27 00:03:40, 29,, 8343,, 187.65
2025-03-27 00:03:50, 62,, 8343,, 164.10
2025-03-27 00:04:00, 61,, 8343,, 112.29
2025-03-27 00:04:10, 52,, 8343,, 105.10
2025-03-27 00:04:20, 47,, 8343,, 146.99
2025-03-27 00:04:30, 70,, 8343,, 234.07
2025-03-27 00:04:40, 47,, 8343,, 223.56
2025-03-27 00:04:50, 29,, 8343,, 160.38
2025-03-27 00:05:00, 20,, 8343,, 81.24
2025-03-27 00:05:10, 36,, 8343,, 120.36
2025-03-27 00:05:20, 54,, 8343,, 219.74
2025-03-27 00:05:30, 28,, 8343,, 158.58
2025-03-27 00:05:40, 34,, 8343,, 99.28
2025-03-27 00:05:50, 42,, 8343,, 126.50
2025-03-27 00:06:01, 57,, 8343,, 144.21
2025-03-27 00:06:11, 34,, 8343,, 211.43
2025-03-27 00:06:21, 33,, 8343,, 232.15
2025-03-27 00:06:31, 26,, 8343,, 153.69
2025-03-27 00:06:41, 45,, 8343,, 139.04
2025-03-27 00:06:51, 78,, 8343,, 225.17
2025-03-27 00:07:01, 54,, 8343,, 145.17
2025-03-27 00:07:11, 37,, 8343,, 193.39
2025-03-27 00:07:21, 38,, 8343,, 203.78
2025-03-27 00:07:31, 58,, 8343,, 75.48
2025-03-27 00:07:41, 19,, 8343,, 231.20
2025-03-27 00:07:51, 42,, 8343,, 117.56
2025-03-27 00:08:01, 36,, 8343,, 156.08
2025-03-27 00:08:11, 39,, 8343,, 140.86
2025-03-27 00:08:21, 51,, 8343,, 133.86
2025-03-27 00:08:31, 49,, 8343,, 227.23
2025-03-27 00:08:41, 32,, 8343,, 106.13
2025-03-27 00:08:51, 34,, 8343,, 161.23
2025-03-27 00:09:01, 23,, 8343,, 158.47
2025-03-27 00:09:11, 63,, 8343,, 221.17
2025-03-27 00:09:21, 41,, 8343,, 222.76
2025-03-27 00:09:31, 35,, 8343,, 233.43
2025-03-27 00:09:41, 46,, 8343,, 218.31
2025-03-27 00:09:51, 21,, 8343,, 80.28
2025-03-27 00:10:01, 36,, 8343,, 179.76
2025-03-27 00:10:12, 56,, 8343,, 215.45
2025-03-27 00:10:22, 29,, 8343,, 223.08
2025-03-27 00:10:32, 51,, 8343,, 203.03
2025-03-27 00:10:42, 37,, 8343,, 163.25
2025-03-27 00:10:52, 59,, 8343,, 224.67
2025-03-27 00:11:02, 28,, 8343,, 116.05
2025-03-27 00:11:12, 19,, 8343,, 236.93
2025-03-27 00:11:22, 60,, 8343,, 193.61
2025-03-27 00:11:32, 37,, 8343,, 150.44
2025-03-27 00:11:42, 47,, 8343,, 234.23
2025-03-27 00:11:52, 38,, 8343,, 120.36
2025-03-27 00:12:02, 49,, 8343,, 93.12
2025-03-27 00:12:12, 29,, 8343,, 85.93
2025-03-27 00:12:22, 30,, 8343,, 208.56
2025-03-27 00:12:32, 19,, 8343,, 108.38
2025-03-27 00:12:42, 34,, 8343,, 196.00
2025-03-27 00:12:52, 47,, 8343,, 148.52
2025-03-27 00:13:02, 64,, 8343,, 244.72
2025-03-27 00:13:12, 47,, 8343,, 182.15
2025-03-27 00:13:22, 38,, 8343,, 181.67
2025-03-27 00:13:32, 47,, 8343,, 168.99
2025-03-27 00:13:42, 60,, 8343,, 193.74
2025-03-27 00:13:53, 56,, 8343,, 76.87
2025-03-27 00:14:03, 33,, 8343,, 106.06
2025-03-27 00:14:13, 60,, 8343,, 221.03
2025-03-27 00:14:23, 57,, 8343,, 194.91
2025-03-27 00:14:33, 46,, 8343,, 94.49
2025-03-27 00:14:43, 33,, 8343,, 182.87
2025-03-27 00:14:53, 30,, 8343,, 226.90
2025-03-27 00:15:03, 47,, 8343,, 157.14
2025-03-27 00:15:13, 45,, 8343,, 97.01
2025-03-27 00:15:23, 37,, 8343,, 181.79
2025-03-27 00:15:33, 44,, 8343,, 230.72
2025-03-27 00:15:43, 28,, 8343,, 74.57
2025-03-27 00:15:53, 54,, 8343,, 230.24
2025-03-27 00:16:03, 29,, 8343,, 104.69
2025-03-27 00:16:13, 28,, 8343,, 87.36
2025-03-27 00:16:23, 68,, 8343,, 188.61
2025-03-27 00:16:33, 47,, 8343,, 163.15
2025-03-27 00:16:43, 12,, 8343,, 199.82
2025-03-27 00:16:53, 62,, 8343,, 214.49
2025-03-27 00:17:03, 30,, 8343,, 125.15
2025-03-27 00:17:13, 36,, 8343,, 238.52
2025-03-27 00:17:24, 74,, 8343,, 173.78
2025-03-27 00:17:34, 56,, 8343,, 206.03
2025-03-27 00:17:44, 25,, 8343,, 192.79
2025-03-27 00:17:54, 55,, 8343,, 164.21
2025-03-27 00:18:04, 29,, 8343,, 237.09
2025-03-27 00:18:14, 32,, 8343,, 117.01
2025-03-27 00:18:24, 40,, 8343,, 76.92
2025-03-27 00:18:34, 59,, 8343,, 149.58
2025-03-27 00:18:44, 61,, 8343,, 212.72
2025-03-27 00:18:54, 30,, 8343,, 212.44
2025-03-27 00:19:04, 30,, 8343,, 205.56
2025-03-27 00:19:14, 57,, 8343,, 87.36
2025-03-27 00:19:24, 29,, 8343,, 161.34
2025-03-27 00:19:34, 47,, 8343,, 213.06
2025-03-27 00:19:44, 39,, 8343,, 139.13
2025-03-27 00:19:54, 62,, 8343,, 232.31
2025-03-27 00:20:04, 46,, 8343,, 219.89
2025-03-27 00:20:14, 47,, 8343,, 141.82
2025-03-27 00:20:24, 34,, 8343,, 208.76
2025-03-27 00:20:34, 33,, 8343,, 129.94
2025-03-27 00:20:45, 37,, 8343,, 206.85
2025-03-27 00:20:55, 40,, 8343,, 233.11
2025-03-27 00:21:05, 59,, 8343,, 109.89
2025-03-27 00:21:15, 36,, 8343,, 81.72
2025-03-27 00:21:25, 64,, 8343,, 120.44
2025-03-27 00:21:35, 51,, 8343,, 177.73
2025-03-27 00:21:45, 48,, 8343,, 217.02
2025-03-27 00:21:55, 86,, 8343,, 226.43
2025-03-27 00:22:05, 28,, 8343,, 123.71
2025-03-27 00:22:15, 46,, 8343,, 157.99
2025-03-27 00:22:25, 31,, 8343,, 183.22
2025-03-27 00:22:35, 28,, 8343,, 213.49
2025-03-27 00:22:45, 24,, 8343,, 119.48
2025-03-27 00:22:55, 26,, 8343,, 91.74
2025-03-27 00:23:05, 38,, 8343,, 83.11
2025-03-27 00:23:15, 48,, 8343,, 180.00
2025-03-27 00:23:25, 36,, 8343,, 222.93
2025-03-27 00:23:35, 29,, 8343,, 98.93
2025-03-27 00:23:45, 37,, 8343,, 137.42
2025-03-27 00:23:55, 27,, 8343,, 101.74
2025-03-27 00:24:05, 64,, 8343,, 182.51
2025-03-27 00:24:15, 43,, 8343,, 127.63
2025-03-27 00:24:25, 25,, 8343,, 174.26
2025-03-27 00:24:35, 19,, 8343,, 142.40
2025-03-27 00:24:45, 30,, 8343,, 231.68
2025-03-27 00:24:55, 55,, 8343,, 157.35
2025-03-27 00:25:06, 25,, 8343,, 95.51
2025-03-27 00:25:16, 36,, 8343,, 85.02
2025-03-27 00:25:26, 32,, 8343,, 139.04
2025-03-27 00:25:36, 38,, 8343,, 228.01
2025-03-27 00:25:46, 33,, 8343,, 204.60
2025-03-27 00:25:56, 51,, 8343,, 207.13
2025-03-27 00:26:06, 62,, 8343,, 224.84
2025-03-27 00:26:16, 26,, 8343,, 87.96
2025-03-27 00:26:26, 29,, 8343,, 243.29
2025-03-27 00:26:36, 38,, 8343,, 135.12
2025-03-27 00:26:46, 27,, 8343,, 168.04
2025-03-27 00:26:56, 28,, 8343,, 130.90
2025-03-27 00:27:06, 30,, 8343,, 203.17
2025-03-27 00:27:16, 45,, 8343,, 152.83
2025-03-27 00:27:26, 47,, 8343,, 236.29
2025-03-27 00:27:36, 29,, 8343,, 87.36
2025-03-27 00:27:46, 52,, 8343,, 168.18
2025-03-27 00:27:56, 47,, 8343,, 152.73
2025-03-27 00:28:06, 28,, 8343,, 216.07
2025-03-27 00:28:16, 61,, 8343,, 188.48
2025-03-27 00:28:26, 38,, 8343,, 193.26
2025-03-27 00:28:36, 33,, 8343,, 131.94
2025-03-27 00:28:47, 46,, 8343,, 190.40
2025-03-27 00:28:57, 44,, 8343,, 147.57
2025-03-27 00:29:07, 0,, 8343,, 71.69
2025-03-27 00:29:17, 51,, 8343,, 109.89
2025-03-27 00:29:27, 35,, 8343,, 85.02
2025-03-27 00:29:37, 75,, 8343,, 233.59
2025-03-27 00:29:47, 16,, 8343,, 232.48
2025-03-27 00:29:57, 37,, 8343,, 222.76
2025-03-27 00:30:07, 21,, 8343,, 183.70
2025-03-27 00:30:17, 33,, 8343,, 90.72
2025-03-27 00:30:27, 64,, 8343,, 227.38
2025-03-27 00:30:37, 37,, 8343,, 101.20
2025-03-27 00:30:47, 28,, 8343,, 89.82
2025-03-27 00:30:57, 40,, 8343,, 250.27
2025-03-27 00:31:07, 23,, 8343,, 153.31
2025-03-27 00:31:17, 19,, 8343,, 101.81
2025-03-27 00:31:27, 20,, 8343,, 88.86
2025-03-27 00:31:37, 27,, 8343,, 99.89
2025-03-27 00:31:47, 23,, 8343,, 75.91
2025-03-27 00:31:57, 22,, 8343,, 213.87
2025-03-27 00:32:07, 60,, 8343,, 111.74
2025-03-27 00:32:17, 45,, 8343,, 139.04
2025-03-27 00:32:27, 40,, 8343,, 232.63
2025-03-27 00:32:37, 18,, 8343,, 116.68
2025-03-27 00:32:47, 28,, 8343,, 135.69
2025-03-27 00:32:57, 24,, 8343,, 95.58
2025-03-27 00:33:07, 47,, 8343,, 202.82
2025-03-27 00:33:18, 55,, 8343,, 218.64
2025-03-27 00:33:28, 49,, 8343,, 224.04
2025-03-27 00:33:38, 33,, 8343,, 210.67
2025-03-27 00:33:48, 24,, 8343,, 94.14
2025-03-27 00:33:58, 76,, 8343,, 251.87
2025-03-27 00:34:08, 38,, 8343,, 99.41
2025-03-27 00:34:18, 31,, 8343,, 184.06
2025-03-27 00:34:28, 37,, 8343,, 196.48
2025-03-27 00:34:38, 50,, 8343,, 229.44
2025-03-27 00:34:48, 66,, 8343,, 189.57
2025-03-27 00:34:58, 38,, 8343,, 183.22
2025-03-27 00:35:08, 48,, 8343,, 197.91
2025-03-27 00:35:18, 19,, 8343,, 215.45
2025-03-27 00:35:28, 34,, 8343,, 168.15
2025-03-27 00:35:38, 64,, 8343,, 160.38
2025-03-27 00:35:48, 46,, 8343,, 207.61
2025-03-27 00:35:58, 32,, 8343,, 177.01
2025-03-27 00:36:08, 71,, 8343,, 168.88
2025-03-27 00:36:18, 31,, 8343,, 97.43
2025-03-27 00:36:28, 46,, 8343,, 162.56
2025-03-27 00:36:38, 37,, 8343,, 163.62
2025-03-27 00:36:48, 62,, 8343,, 130.33
2025-03-27 00:36:58, 28,, 8343,, 114.69
2025-03-27 00:37:08, 28,, 8343,, 110.37
2025-03-27 00:37:18, 47,, 8343,, 103.66
2025-03-27 00:37:28, 31,, 8343,, 87.90
2025-03-27 00:37:38, 44,, 8343,, 107.57
2025-03-27 00:37:48, 19,, 8343,, 75.48
2025-03-27 00:37:59, 19,, 8343,, 87.48
2025-03-27 00:38:09, 29,, 8343,, 100.24
2025-03-27 00:38:19, 19,, 8343,, 87.84
2025-03-27 00:38:29, 45,, 8343,, 182.15
2025-03-27 00:38:39, 63,, 8343,, 211.29
2025-03-27 00:38:49, 32,, 8343,, 141.82
2025-03-27 00:38:59, 28,, 8343,, 182.87
2025-03-27 00:39:09, 44,, 8343,, 173.78
2025-03-27 00:39:19, 29,, 8343,, 81.72
2025-03-27 00:39:29, 38,, 8343,, 114.13
2025-03-27 00:39:39, 19,, 8343,, 152.35
2025-03-27 00:39:49, 37,, 8343,, 96.95
2025-03-27 00:39:59, 23,, 8343,, 98.39
2025-03-27 00:40:09, 60,, 8343,, 167.08
2025-03-27 00:40:19, 28,, 8343,, 85.08
2025-03-27 00:40:29, 59,, 8343,, 224.99
2025-03-27 00:40:39, 29,, 8343,, 158.47
2025-03-27 00:40:49, 31,, 8343,, 185.26
2025-03-27 00:40:59, 40,, 8343,, 142.87
2025-03-27 00:41:09, 55,, 8343,, 206.99
2025-03-27 00:41:19, 20,, 8343,, 138.08
2025-03-27 00:41:29, 29,, 8343,, 76.92
2025-03-27 00:41:39, 42,, 8343,, 122.36
2025-03-27 00:41:50, 54,, 8343,, 163.15
2025-03-27 00:42:00, 31,, 8343,, 100.79
2025-03-27 00:42:10, 63,, 8343,, 216.07
2025-03-27 00:42:20, 58,, 8343,, 96.95
2025-03-27 00:42:30, 28,, 8343,, 188.96
2025-03-27 00:42:40, 38,, 8343,, 174.50
2025-03-27 00:42:50, 46,, 8343,, 101.40
2025-03-27 00:43:00, 19,, 8343,, 76.92
2025-03-27 00:43:10, 49,, 8343,, 243.93
2025-03-27 00:43:20, 62,, 8343,, 150.44
2025-03-27 00:43:30, 56,, 8343,, 225.47
2025-03-27 00:43:40, 43,, 8343,, 236.77
2025-03-27 00:43:50, 37,, 8343,, 152.93
2025-03-27 00:44:00, 39,, 8343,, 220.22
2025-03-27 00:44:10, 48,, 8343,, 224.99
2025-03-27 00:44:20, 40,, 8343,, 93.12
2025-03-27 00:44:30, 47,, 8343,, 236.93
2025-03-27 00:44:40, 54,, 8343,, 240.11
2025-03-27 00:44:50, 29,, 8343,, 81.72
2025-03-27 00:45:00, 28,, 8343,, 149.00
2025-03-27 00:45:10, 53,, 8343,, 122.84
2025-03-27 00:45:21, 57,, 8343,, 234.38
2025-03-27 00:45:31, 50,, 8343,, 207.27
2025-03-27 00:45:41, 32,, 8343,, 166.12
2025-03-27 00:45:51, 20,, 8343,, 94.68
2025-03-27 00:46:01, 36,, 8343,, 152.63
2025-03-27 00:46:11, 42,, 8343,, 85.98
2025-03-27 00:46:21, 38,, 8343,, 203.17
2025-03-27 00:46:31, 53,, 8343,, 137.51
2025-03-27 00:46:41, 37,, 8343,, 123.71
2025-03-27 00:46:51, 26,, 8343,, 167.56
2025-03-27 00:47:01, 40,, 8343,, 237.41
2025-03-27 00:47:11, 51,, 8343,, 212.87
2025-03-27 00:47:21, 59,, 8343,, 232.48
2025-03-27 00:47:31, 51,, 8343,, 155.70
2025-03-27 00:47:41, 13,, 8343,, 92.16
2025-03-27 00:47:51, 80,, 8343,, 219.59
2025-03-27 00:48:01, 40,, 8343,, 195.52
2025-03-27 00:48:11, 63,, 8343,, 222.13
2025-03-27 00:48:21, 60,, 8343,, 224.67
2025-03-27 00:48:31, 45,, 8343,, 106.47
2025-03-27 00:48:41, 59,, 8343,, 198.52
2025-03-27 00:48:51, 58,, 8343,, 201.53
2025-03-27 00:49:01, 36,, 8343,, 212.24
2025-03-27 00:49:11, 28,, 8343,, 102.29
2025-03-27 00:49:21, 69,, 8343,, 77.93
2025-03-27 00:49:32, 59,, 8343,, 103.25
2025-03-27 00:49:42, 37,, 8343,, 187.40
2025-03-27 00:49:52, 37,, 8343,, 89.34
2025-03-27 00:50:02, 61,, 8343,, 248.22
2025-03-27 00:50:12, 50,, 8343,, 158.10
2025-03-27 00:50:22, 35,, 8343,, 158.10
2025-03-27 00:50:32, 37,, 8343,, 227.23
2025-03-27 00:50:42, 59,, 8343,, 76.44
2025-03-27 00:50:52, 37,, 8343,, 236.77
2025-03-27 00:51:02, 64,, 8343,, 85.08
2025-03-27 00:51:12, 48,, 8343,, 165.17
2025-03-27 00:51:22, 37,, 8343,, 158.47
2025-03-27 00:51:32, 27,, 8343,, 75.48
2025-03-27 00:51:42, 36,, 8343,, 235.18
2025-03-27 00:51:52, 47,, 8343,, 164.21
2025-03-27 00:52:02, 24,, 8343,, 183.10
2025-03-27 00:52:12, 34,, 8343,, 110.37
2025-03-27 00:52:22, 31,, 8343,, 189.09
2025-03-27 00:52:32, 40,, 8343,, 195.87
2025-03-27 00:52:42, 42,, 8343,, 219.89
2025-03-27 00:52:52, 43,, 8343,, 147.66
2025-03-27 00:53:02, 36,, 8343,, 160.86
2025-03-27 00:53:12, 38,, 8343,, 219.74
2025-03-27 00:53:23, 46,, 8343,, 174.37
2025-03-27 00:53:33, 55,, 8343,, 141.92
2025-03-27 00:53:43, 38,, 8343,, 161.45
2025-03-27 00:53:53, 46,, 8343,, 200.30
2025-03-27 00:54:03, 46,, 8343,, 202.35
2025-03-27 00:54:13, 65,, 8343,, 242.18
2025-03-27 00:54:23, 38,, 8343,, 210.81
2025-03-27 00:54:33, 44,, 8343,, 156.29
2025-03-27 00:54:43, 51,, 8343,, 237.88
2025-03-27 00:54:53, 48,, 8343,, 203.65
2025-03-27 00:55:03, 35,, 8343,, 101.81
2025-03-27 00:55:13, 46,, 8343,, 166.12
2025-03-27 00:55:23, 21,, 8343,, 200.91
2025-03-27 00:55:33, 28,, 8343,, 123.79
2025-03-27 00:55:43, 35,, 8343,, 255.38
2025-03-27 00:55:53, 44,, 8343,, 159.32
2025-03-27 00:56:03, 32,, 8343,, 203.51
2025-03-27 00:56:13, 52,, 8343,, 223.56
2025-03-27 00:56:23, 28,, 8343,, 111.81
2025-03-27 00:56:33, 28,, 8343,, 225.14
2025-03-27 00:56:43, 61,, 8343,, 208.76
2025-03-27 00:56:54, 38,, 8343,, 76.44
2025-03-27 00:57:04, 31,, 8343,, 78.84
2025-03-27 00:57:14, 51,, 8343,, 237.41
2025-03-27 00:57:24, 52,, 8343,, 169.11
2025-03-27 00:57:34, 61,, 8343,, 216.07
2025-03-27 00:57:44, 52,, 8343,, 101.88
2025-03-27 00:57:54, 37,, 8343,, 182.15
2025-03-27 00:58:04, 38,, 8343,, 76.39
2025-03-27 00:58:14, 47,, 8343,, 85.08
2025-03-27 00:58:24, 28,, 8343,, 98.87
2025-03-27 00:58:34, 55,, 8343,, 176.65
2025-03-27 00:58:44, 61,, 8343,, 169.95
2025-03-27 00:58:54, 29,, 8343,, 215.92
2025-03-27 00:59:04, 63,, 8343,, 124.27
2025-03-27 00:59:14, 58,, 8343,, 157.72
2025-03-27 00:59:24, 37,, 8343,, 240.59
2025-03-27 00:59:34, 19,, 8343,, 76.39
2025-03-27 00:59:44, 76,, 8343,, 105.10
2025-03-27 00:59:54, 28,, 8343,, 190.75
2025-03-27 01:00:04, 48,, 8343,, 106.54
2025-03-27 01:00:14, 29,, 8343,, 107.57
2025-03-27 01:00:24, 36,, 8343,, 192.05
2025-03-27 01:00:34, 79,, 8343,, 102.77
2025-03-27 01:00:44, 36,, 8343,, 112.29
2025-03-27 01:00:55, 35,, 8343,, 91.74
2025-03-27 01:01:05, 60,, 8343,, 198.87
2025-03-27 01:01:15, 41,, 8343,, 158.26
2025-03-27 01:01:25, 38,, 8343,, 232.15
2025-03-27 01:01:35, 48,, 8343,, 210.48
2025-03-27 01:01:45, 57,, 8343,, 89.88
2025-03-27 01:01:55, 38,, 8343,, 161.82
2025-03-27 01:02:05, 63,, 8343,, 235.34
2025-03-27 01:02:15, 70,, 8343,, 233.11
2025-03-27 01:02:25, 46,, 8343,, 211.62
2025-03-27 01:02:35, 47,, 8343,, 173.30
2025-03-27 01:02:45, 35,, 8343,, 119.48
2025-03-27 01:02:55, 41,, 8343,, 104.21
2025-03-27 01:03:05, 50,, 8343,, 204.12
2025-03-27 01:03:15, 55,, 8343,, 225.65
2025-03-27 01:03:25, 40,, 8343,, 196.48
2025-03-27 01:03:35, 56,, 8343,, 119.88
2025-03-27 01:03:45, 60,, 8343,, 208.76
2025-03-27 01:03:55, 39,, 8343,, 87.90
2025-03-27 01:04:05, 56,, 8343,, 183.22
2025-03-27 01:04:15, 38,, 8343,, 76.92
2025-03-27 01:04:25, 61,, 8343,, 190.40
2025-03-27 01:04:35, 50,, 8343,, 208.08
2025-03-27 01:04:45, 45,, 8343,, 224.99
2025-03-27 01:04:56, 37,, 8343,, 163.25
2025-03-27 01:05:06, 37,, 8343,, 208.28
2025-03-27 01:05:16, 33,, 8343,, 218.64
2025-03-27 01:05:26, 42,, 8343,, 218.46
2025-03-27 01:05:36, 47,, 8343,, 109.41
2025-03-27 01:05:46, 76,, 8343,, 117.56
2025-03-27 01:05:56, 46,, 8343,, 86.52
2025-03-27 01:06:06, 47,, 8343,, 201.73
2025-03-27 01:06:16, 65,, 8343,, 242.02
2025-03-27 01:06:26, 69,, 8343,, 90.30
2025-03-27 01:06:36, 37,, 8343,, 162.41
2025-03-27 01:06:46, 19,, 8343,, 84.12
2025-03-27 01:06:56, 57,, 8343,, 197.91
2025-03-27 01:07:06, 47,, 8343,, 223.56
2025-03-27 01:07:16, 58,, 8343,, 230.72
2025-03-27 01:07:26, 27,, 8343,, 73.51
2025-03-27 01:07:36, 39,, 8343,, 142.78
2025-03-27 01:07:46, 39,, 8343,, 117.16
2025-03-27 01:07:56, 58,, 8343,, 87.48
2025-03-27 01:08:06, 21,, 8343,, 226.43
2025-03-27 01:08:16, 47,, 8343,, 212.58
2025-03-27 01:08:27, 47,, 8343,, 203.99
2025-03-27 01:08:37, 35,, 8343,, 147.57
2025-03-27 01:08:47, 61,, 8343,, 190.40
2025-03-27 01:08:57, 38,, 8343,, 172.94
2025-03-27 01:09:07, 30,, 8343,, 162.78
2025-03-27 01:09:17, 55,, 8343,, 157.62
2025-03-27 01:09:27, 47,, 8343,, 207.47
2025-03-27 01:09:37, 26,, 8343,, 242.97
2025-03-27 01:09:47, 28,, 8343,, 237.41
2025-03-27 01:09:57, 33,, 8343,, 116.68
2025-03-27 01:10:07, 39,, 8343,, 85.02
2025-03-27 01:10:17, 25,, 8343,, 148.04
2025-03-27 01:10:27, 28,, 8343,, 221.17
2025-03-27 01:10:37, 20,, 8343,, 75.43
2025-03-27 01:10:47, 41,, 8343,, 181.55
2025-03-27 01:10:57, 21,, 8343,, 95.58
2025-03-27 01:11:07, 38,, 8343,, 79.27
2025-03-27 01:11:17, 62,, 8343,, 243.93
2025-03-27 01:11:27, 40,, 8343,, 136.17
2025-03-27 01:11:37, 19,, 8343,, 84.06
2025-03-27 01:11:47, 37,, 8343,, 147.09
2025-03-27 01:11:57, 30,, 8343,, 196.13
2025-03-27 01:12:07, 54,, 8343,, 211.77
2025-03-27 01:12:17, 34,, 8343,, 236.93
2025-03-27 01:12:27, 42,, 8343,, 232.63
2025-03-27 01:12:37, 29,, 8343,, 84.06
2025-03-27 01:12:47, 41,, 8343,, 146.32
2025-03-27 01:12:57, 61,, 8343,, 152.25
2025-03-27 01:13:08, 62,, 8343,, 240.90
2025-03-27 01:13:18, 52,, 8343,, 240.27
2025-03-27 01:13:28, 38,, 8343,, 164.21
2025-03-27 01:13:38, 53,, 8343,, 159.53
2025-03-27 01:13:48, 64,, 8343,, 193.13
2025-03-27 01:13:58, 38,, 8343,, 88.92
2025-03-27 01:14:08, 20,, 8343,, 138.95
2025-03-27 01:14:18, 19,, 8343,, 178.92
2025-03-27 01:14:28, 34,, 8343,, 131.86
2025-03-27 01:14:38, 48,, 8343,, 243.45
2025-03-27 01:14:48, 31,, 8343,, 205.56
2025-03-27 01:14:58, 32,, 8343,, 253.95
2025-03-27 01:15:08, 28,, 8343,, 166.35
2025-03-27 01:15:18, 61,, 8343,, 100.44
2025-03-27 01:15:28, 34,, 8343,, 227.08
2025-03-27 01:15:38, 29,, 8343,, 75.91
2025-03-27 01:15:48, 31,, 8343,, 90.84
2025-03-27 01:15:58, 47,, 8343,, 180.83
2025-03-27 01:16:08, 37,, 8343,, 152.15
2025-03-27 01:16:18, 58,, 8343,, 241.07
2025-03-27 01:16:28, 28,, 8343,, 202.82
2025-03-27 01:16:38, 46,, 8343,, 225.65
2025-03-27 01:16:48, 28,, 8343,, 76.82
2025-03-27 01:16:58, 29,, 8343,, 86.40
2025-03-27 01:17:08, 43,, 8343,, 153.41
2025-03-27 01:17:18, 55,, 8343,, 235.82
2025-03-27 01:17:28, 36,, 8343,, 89.34
2025-03-27 01:17:39, 28,, 8343,, 147.95
2025-03-27 01:17:49, 54,, 8343,, 191.83
2025-03-27 01:17:59, 49,, 8343,, 233.59
2025-03-27 01:18:09, 61,, 8343,, 170.54
2025-03-27 01:18:19, 47,, 8343,, 85.98
2025-03-27 01:18:29, 46,, 8343,, 143.74
2025-03-27 01:18:39, 38,, 8343,, 215.78
2025-03-27 01:18:49, 50,, 8343,, 223.89
2025-03-27 01:18:59, 62,, 8343,, 231.03
2025-03-27 01:19:09, 54,, 8343,, 154.16
2025-03-27 01:19:19, 65,, 8343,, 153.31
2025-03-27 01:19:29, 46,, 8343,, 106.54
2025-03-27 01:19:39, 49,, 8343,, 225.47
2025-03-27 01:19:49, 19,, 8343,, 112.29
2025-03-27 01:19:59, 37,, 8343,, 250.44
2025-03-27 01:20:09, 54,, 8343,, 210.19
2025-03-27 01:20:19, 30,, 8343,, 85.45
2025-03-27 01:20:29, 37,, 8343,, 100.79
2025-03-27 01:20:39, 43,, 8343,, 198.52
2025-03-27 01:20:49, 45,, 8343,, 217.06
2025-03-27 01:20:59, 47,, 8343,, 78.79
2025-03-27 01:21:09, 51,, 8343,, 232.95
2025-03-27 01:21:19, 59,, 8343,, 232.15
2025-03-27 01:21:30, 19,, 8343,, 79.75
2025-03-27 01:21:40, 44,, 8343,, 234.23
2025-03-27 01:21:50, 47,, 8343,, 87.48
2025-03-27 01:22:00, 32,, 8343,, 90.78
2025-03-27 01:22:10, 19,, 8343,, 72.65
2025-03-27 01:22:20, 34,, 8343,, 216.26
2025-03-27 01:22:30, 56,, 8343,, 196.48
2025-03-27 01:22:40, 52,, 8343,, 184.18
2025-03-27 01:22:50, 64,, 8343,, 159.53
2025-03-27 01:23:00, 58,, 8343,, 251.22
2025-03-27 01:23:10, 28,, 8343,, 143.83
2025-03-27 01:23:20, 39,, 8343,, 182.75
2025-03-27 01:23:30, 22,, 8343,, 79.32
2025-03-27 01:23:40, 47,, 8343,, 99.89
2025-03-27 01:23:50, 27,, 8343,, 82.20
2025-03-27 01:24:00, 47,, 8343,, 190.40
2025-03-27 01:24:10, 61,, 8343,, 182.51
2025-03-27 01:24:20, 29,, 8343,, 118.44
2025-03-27 01:24:30, 35,, 8343,, 80.23
2025-03-27 01:24:40, 22,, 8343,, 131.77
2025-03-27 01:24:50, 26,, 8343,, 158.84
2025-03-27 01:25:00, 52,, 8343,, 213.06
2025-03-27 01:25:11, 50,, 8343,, 189.31
2025-03-27 01:25:21, 62,, 8343,, 123.79
2025-03-27 01:25:31, 29,, 8343,, 139.91
2025-03-27 01:25:41, 49,, 8343,, 90.78
2025-03-27 01:25:51, 34,, 8343,, 173.90
2025-03-27 01:26:01, 29,, 8343,, 214.97
2025-03-27 01:26:11, 47,, 8343,, 91.80
2025-03-27 01:26:21, 37,, 8343,, 85.50
2025-03-27 01:26:31, 34,, 8343,, 167.19
2025-03-27 01:26:41, 54,, 8343,, 165.06
2025-03-27 01:26:51, 23,, 8343,, 98.45
2025-03-27 01:27:01, 38,, 8343,, 98.45
2025-03-27 01:27:11, 46,, 8343,, 85.98
2025-03-27 01:27:21, 28,, 8343,, 83.16
2025-03-27 01:27:31, 57,, 8343,, 214.49
2025-03-27 01:27:41, 29,, 8343,, 77.83
2025-03-27 01:27:51, 48,, 8343,, 90.72
2025-03-27 01:28:01, 36,, 8343,, 182.87
2025-03-27 01:28:11, 29,, 8343,, 216.07
2025-03-27 01:28:21, 47,, 8343,, 225.17
2025-03-27 01:28:31, 48,, 8343,, 97.50
2025-03-27 01:28:41, 36,, 8343,, 121.88
2025-03-27 01:28:51, 56,, 8343,, 221.03
2025-03-27 01:29:01, 41,, 8343,, 102.29
2025-03-27 01:29:11, 51,, 8343,, 111.81
