Timestamp, GPU Util (%), Memory Used (MiB), Power (W)
2025-03-25 15:49:28, 0,, 21,, 42.47
2025-03-25 15:49:38, 27,, 8337,, 94.74
2025-03-25 15:49:48, 39,, 8337,, 208.90
2025-03-25 15:49:58, 60,, 8339,, 232.15
2025-03-25 15:50:08, 18,, 8339,, 75.15
2025-03-25 15:50:18, 18,, 8339,, 95.64
2025-03-25 15:50:28, 41,, 8339,, 156.29
2025-03-25 15:50:38, 39,, 8339,, 243.61
2025-03-25 15:50:48, 64,, 8339,, 237.25
2025-03-25 15:50:59, 40,, 8339,, 164.80
2025-03-25 15:51:09, 64,, 8339,, 153.41
2025-03-25 15:51:19, 62,, 8339,, 223.86
2025-03-25 15:51:29, 48,, 8339,, 164.91
2025-03-25 15:51:39, 42,, 8339,, 171.50
2025-03-25 15:51:49, 43,, 8339,, 173.42
2025-03-25 15:51:59, 60,, 8339,, 201.05
2025-03-25 15:52:09, 76,, 8339,, 231.99
2025-03-25 15:52:19, 28,, 8339,, 88.08
2025-03-25 15:52:29, 37,, 8339,, 165.87
2025-03-25 15:52:39, 31,, 8339,, 96.60
2025-03-25 15:52:49, 34,, 8339,, 212.53
2025-03-25 15:52:59, 37,, 8339,, 113.96
2025-03-25 15:53:09, 61,, 8339,, 190.78
2025-03-25 15:53:19, 64,, 8339,, 177.48
2025-03-25 15:53:29, 30,, 8339,, 123.96
2025-03-25 15:53:39, 47,, 8339,, 167.90
2025-03-25 15:53:49, 37,, 8339,, 90.90
2025-03-25 15:53:59, 28,, 8339,, 149.68
2025-03-25 15:54:09, 45,, 8339,, 229.75
2025-03-25 15:54:19, 56,, 8339,, 147.48
2025-03-25 15:54:29, 27,, 8339,, 222.90
2025-03-25 15:54:39, 50,, 8339,, 226.25
2025-03-25 15:54:50, 27,, 8339,, 105.31
2025-03-25 15:55:00, 63,, 8339,, 148.72
2025-03-25 15:55:10, 45,, 8339,, 99.55
2025-03-25 15:55:20, 55,, 8339,, 132.12
2025-03-25 15:55:30, 18,, 8339,, 113.00
2025-03-25 15:55:40, 65,, 8341,, 181.20
2025-03-25 15:55:50, 46,, 8341,, 156.87
2025-03-25 15:56:00, 36,, 8341,, 169.81
2025-03-25 15:56:10, 33,, 8341,, 223.05
2025-03-25 15:56:20, 30,, 8341,, 97.14
2025-03-25 15:56:30, 61,, 8341,, 155.43
2025-03-25 15:56:40, 28,, 8341,, 213.49
2025-03-25 15:56:50, 54,, 8341,, 198.31
2025-03-25 15:57:00, 31,, 8341,, 223.20
2025-03-25 15:57:10, 54,, 8341,, 189.47
2025-03-25 15:57:20, 49,, 8341,, 198.31
2025-03-25 15:57:30, 22,, 8341,, 92.40
2025-03-25 15:57:40, 46,, 8341,, 172.10
2025-03-25 15:58:36, 32,, 8341,, 183.47
2025-03-25 15:58:46, 28,, 8341,, 115.80
2025-03-25 15:58:56, 52,, 8341,, 99.00
2025-03-25 15:59:06, 76,, 8341,, 194.00
2025-03-25 15:59:16, 47,, 8341,, 172.46
2025-03-25 15:59:26, 27,, 8341,, 84.18
2025-03-25 15:59:36, 43,, 8341,, 197.83
2025-03-25 15:59:46, 59,, 8341,, 143.93
2025-03-25 15:59:56, 73,, 8341,, 132.99
2025-03-25 16:00:06, 29,, 8341,, 133.95
2025-03-25 16:00:16, 28,, 8341,, 97.14
2025-03-25 16:00:26, 28,, 8341,, 201.87
2025-03-25 16:00:36, 45,, 8341,, 171.98
2025-03-25 16:00:46, 28,, 8341,, 144.41
2025-03-25 16:00:57, 57,, 8341,, 122.44
2025-03-25 16:01:07, 33,, 8341,, 206.65
2025-03-25 16:01:17, 28,, 8341,, 182.03
2025-03-25 16:01:27, 28,, 8341,, 78.89
2025-03-25 16:01:37, 46,, 8341,, 203.30
2025-03-25 16:01:47, 40,, 8341,, 144.12
2025-03-25 16:01:57, 67,, 8341,, 172.10
2025-03-25 16:02:07, 38,, 8341,, 201.53
2025-03-25 16:02:17, 49,, 8341,, 204.88
2025-03-25 16:02:27, 27,, 8341,, 100.37
2025-03-25 16:02:37, 54,, 8341,, 93.24
2025-03-25 16:02:47, 72,, 8341,, 122.44
2025-03-25 16:02:57, 37,, 8341,, 118.20
2025-03-25 16:03:07, 35,, 8341,, 109.49
2025-03-25 16:03:17, 28,, 8341,, 136.26
2025-03-25 16:03:27, 18,, 8341,, 79.00
2025-03-25 16:03:37, 37,, 8341,, 220.18
2025-03-25 16:03:47, 55,, 8341,, 94.26
2025-03-25 16:03:57, 22,, 8341,, 102.36
2025-03-25 16:04:07, 25,, 8341,, 169.70
2025-03-25 16:04:17, 47,, 8341,, 170.29
2025-03-25 16:04:27, 53,, 8341,, 154.85
2025-03-25 16:04:37, 18,, 8341,, 155.81
2025-03-25 16:04:47, 63,, 8341,, 175.93
2025-03-25 16:04:57, 29,, 8341,, 218.27
2025-03-25 16:05:07, 65,, 8341,, 188.61
2025-03-25 16:05:18, 30,, 8341,, 96.18
2025-03-25 16:05:28, 46,, 8341,, 175.81
2025-03-25 16:05:38, 18,, 8341,, 77.02
2025-03-25 16:05:48, 36,, 8341,, 88.98
2025-03-25 16:05:58, 24,, 8341,, 78.94
2025-03-25 16:06:08, 28,, 8341,, 97.62
2025-03-25 16:06:18, 28,, 8341,, 131.07
2025-03-25 16:06:28, 56,, 8341,, 193.39
2025-03-25 16:06:38, 42,, 8341,, 140.57
2025-03-25 16:06:48, 19,, 8341,, 115.32
2025-03-25 16:06:58, 35,, 8341,, 94.20
2025-03-25 16:07:08, 25,, 8341,, 220.04
2025-03-25 16:07:18, 35,, 8341,, 182.76
2025-03-25 16:07:28, 40,, 8341,, 167.19
2025-03-25 16:07:38, 28,, 8341,, 117.16
2025-03-25 16:07:48, 63,, 8341,, 226.58
2025-03-25 16:07:58, 59,, 8341,, 185.99
2025-03-25 16:08:08, 38,, 8341,, 200.09
2025-03-25 16:08:18, 29,, 8341,, 88.02
2025-03-25 16:08:28, 40,, 8341,, 220.04
2025-03-25 16:08:38, 30,, 8341,, 96.12
2025-03-25 16:08:48, 27,, 8341,, 122.44
2025-03-25 16:08:58, 62,, 8341,, 239.48
2025-03-25 16:09:08, 17,, 8341,, 78.89
2025-03-25 16:09:19, 56,, 8341,, 182.87
2025-03-25 16:09:29, 56,, 8341,, 213.01
2025-03-25 16:09:39, 82,, 8341,, 121.00
2025-03-25 16:09:49, 37,, 8341,, 164.91
2025-03-25 16:09:59, 28,, 8341,, 126.84
2025-03-25 16:10:09, 34,, 8341,, 99.00
2025-03-25 16:10:19, 36,, 8341,, 148.14
2025-03-25 16:10:29, 17,, 8341,, 185.38
2025-03-25 16:10:39, 70,, 8341,, 222.28
2025-03-25 16:10:49, 52,, 8341,, 107.16
2025-03-25 16:10:59, 37,, 8341,, 80.33
2025-03-25 16:11:09, 46,, 8341,, 231.83
2025-03-25 16:11:19, 36,, 8341,, 98.59
2025-03-25 16:11:29, 18,, 8341,, 167.67
2025-03-25 16:11:39, 37,, 8341,, 242.82
2025-03-25 16:11:49, 63,, 8341,, 188.86
2025-03-25 16:11:59, 23,, 8341,, 144.79
2025-03-25 16:12:09, 37,, 8341,, 78.94
2025-03-25 16:12:19, 30,, 8341,, 143.93
2025-03-25 16:12:29, 27,, 8341,, 114.84
2025-03-25 16:12:39, 36,, 8341,, 112.85
2025-03-25 16:12:49, 29,, 8341,, 191.96
2025-03-25 16:13:00, 18,, 8341,, 90.84
2025-03-25 16:13:10, 23,, 8341,, 79.37
2025-03-25 16:13:20, 30,, 8341,, 230.72
2025-03-25 16:13:30, 55,, 8341,, 140.19
2025-03-25 16:13:40, 55,, 8341,, 248.08
2025-03-25 16:13:50, 40,, 8341,, 236.77
2025-03-25 16:14:00, 64,, 8341,, 239.32
2025-03-25 16:14:10, 21,, 8341,, 207.61
2025-03-25 16:14:20, 32,, 8341,, 206.51
2025-03-25 16:14:30, 27,, 8341,, 153.99
2025-03-25 16:14:40, 59,, 8341,, 232.79
2025-03-25 16:14:50, 60,, 8341,, 222.28
2025-03-25 16:15:00, 32,, 8341,, 88.98
2025-03-25 16:15:10, 22,, 8341,, 197.35
2025-03-25 16:15:20, 22,, 8341,, 131.07
2025-03-25 16:15:30, 40,, 8341,, 181.20
2025-03-25 16:15:40, 39,, 8341,, 162.04
2025-03-25 16:15:50, 75,, 8341,, 163.10
2025-03-25 16:16:00, 53,, 8341,, 131.77
2025-03-25 16:16:10, 30,, 8341,, 120.52
2025-03-25 16:16:20, 36,, 8341,, 133.95
2025-03-25 16:16:30, 56,, 8341,, 108.60
2025-03-25 16:16:40, 23,, 8341,, 260.32
2025-03-25 16:16:50, 53,, 8341,, 127.15
2025-03-25 16:17:00, 28,, 8341,, 210.95
2025-03-25 16:17:10, 77,, 8341,, 82.79
2025-03-25 16:17:21, 33,, 8341,, 78.94
2025-03-25 16:17:31, 63,, 8341,, 241.87
2025-03-25 16:17:41, 37,, 8341,, 173.42
2025-03-25 16:17:51, 28,, 8341,, 103.80
2025-03-25 16:18:01, 36,, 8341,, 105.65
2025-03-25 16:18:11, 64,, 8341,, 175.45
2025-03-25 16:18:21, 53,, 8341,, 119.56
2025-03-25 16:18:31, 55,, 8341,, 126.36
2025-03-25 16:18:41, 56,, 8341,, 139.52
2025-03-25 16:18:51, 40,, 8341,, 170.18
2025-03-25 16:19:01, 53,, 8341,, 129.07
2025-03-25 16:19:11, 17,, 8341,, 84.66
2025-03-25 16:19:21, 55,, 8341,, 135.87
2025-03-25 16:19:31, 47,, 8341,, 171.02
2025-03-25 16:19:41, 43,, 8341,, 109.56
2025-03-25 16:19:51, 62,, 8341,, 252.21
2025-03-25 16:20:01, 38,, 8341,, 113.96
2025-03-25 16:20:11, 63,, 8341,, 141.05
2025-03-25 16:20:21, 28,, 8341,, 82.74
2025-03-25 16:20:31, 36,, 8341,, 96.18
2025-03-25 16:20:41, 38,, 8341,, 136.26
2025-03-25 16:20:51, 30,, 8341,, 81.29
2025-03-25 16:21:01, 55,, 8341,, 89.94
2025-03-25 16:21:11, 30,, 8341,, 186.70
2025-03-25 16:21:22, 61,, 8341,, 204.40
2025-03-25 16:21:32, 61,, 8341,, 201.39
2025-03-25 16:21:42, 62,, 8341,, 168.74
2025-03-25 16:21:52, 64,, 8341,, 88.50
2025-03-25 16:22:02, 31,, 8341,, 78.46
2025-03-25 16:22:12, 53,, 8341,, 86.64
2025-03-25 16:22:22, 54,, 8341,, 96.60
2025-03-25 16:22:32, 65,, 8341,, 192.79
2025-03-25 16:22:42, 45,, 8341,, 229.44
2025-03-25 16:22:52, 37,, 8341,, 79.37
2025-03-25 16:23:02, 59,, 8341,, 108.05
2025-03-25 16:23:12, 49,, 8341,, 197.22
2025-03-25 16:23:22, 71,, 8341,, 237.41
2025-03-25 16:23:32, 12,, 8341,, 91.32
2025-03-25 16:23:42, 37,, 8341,, 107.16
2025-03-25 16:23:52, 52,, 8341,, 225.62
2025-03-25 16:24:02, 52,, 8341,, 164.54
2025-03-25 16:24:12, 62,, 8341,, 238.68
2025-03-25 16:24:22, 41,, 8341,, 236.29
2025-03-25 16:24:32, 38,, 8341,, 238.52
2025-03-25 16:24:42, 55,, 8341,, 90.90
2025-03-25 16:24:52, 34,, 8341,, 110.52
2025-03-25 16:25:02, 19,, 8341,, 100.03
2025-03-25 16:25:12, 30,, 8341,, 183.95
2025-03-25 16:25:22, 46,, 8341,, 191.96
2025-03-25 16:25:32, 62,, 8341,, 165.28
2025-03-25 16:25:43, 37,, 8341,, 91.80
2025-03-25 16:25:53, 28,, 8341,, 191.96
2025-03-25 16:26:03, 19,, 8341,, 83.64
2025-03-25 16:26:13, 53,, 8341,, 88.02
2025-03-25 16:26:23, 51,, 8341,, 233.42
2025-03-25 16:26:33, 32,, 8341,, 144.79
2025-03-25 16:26:43, 30,, 8341,, 179.40
2025-03-25 16:26:53, 46,, 8341,, 213.82
2025-03-25 16:27:03, 28,, 8341,, 116.20
2025-03-25 16:27:13, 30,, 8341,, 215.73
2025-03-25 16:27:23, 37,, 8341,, 180.60
2025-03-25 16:27:33, 62,, 8341,, 163.84
2025-03-25 16:27:43, 52,, 8341,, 111.00
2025-03-25 16:27:53, 32,, 8341,, 171.14
2025-03-25 16:28:03, 56,, 8341,, 196.74
2025-03-25 16:28:13, 45,, 8341,, 182.51
2025-03-25 16:28:23, 29,, 8341,, 105.24
2025-03-25 16:28:33, 60,, 8341,, 205.83
2025-03-25 16:28:43, 38,, 8341,, 150.54
2025-03-25 16:28:53, 61,, 8341,, 196.26
2025-03-25 16:29:03, 55,, 8341,, 189.09
2025-03-25 16:29:13, 60,, 8341,, 153.51
2025-03-25 16:29:23, 35,, 8341,, 142.49
2025-03-25 16:29:33, 64,, 8341,, 164.54
2025-03-25 16:29:43, 34,, 8341,, 82.31
2025-03-25 16:29:54, 66,, 8341,, 241.87
2025-03-25 16:30:04, 28,, 8341,, 100.92
2025-03-25 16:30:14, 42,, 8341,, 106.75
2025-03-25 16:30:24, 54,, 8341,, 109.15
2025-03-25 16:30:34, 31,, 8341,, 126.75
2025-03-25 16:30:44, 19,, 8341,, 223.38
2025-03-25 16:30:54, 65,, 8341,, 202.00
2025-03-25 16:31:04, 59,, 8341,, 79.43
2025-03-25 16:31:14, 25,, 8341,, 90.90
2025-03-25 16:31:24, 31,, 8341,, 205.83
2025-03-25 16:31:34, 60,, 8341,, 100.99
2025-03-25 16:31:44, 49,, 8341,, 92.82
2025-03-25 16:31:54, 56,, 8341,, 219.89
2025-03-25 16:32:04, 44,, 8341,, 79.37
2025-03-25 16:32:14, 49,, 8341,, 232.47
2025-03-25 16:32:24, 62,, 8341,, 185.86
2025-03-25 16:32:34, 74,, 8341,, 199.48
2025-03-25 16:32:44, 53,, 8341,, 212.72
2025-03-25 16:32:54, 38,, 8341,, 185.86
2025-03-25 16:33:04, 20,, 8341,, 87.48
2025-03-25 16:33:14, 37,, 8341,, 103.39
2025-03-25 16:33:24, 40,, 8341,, 196.26
2025-03-25 16:33:34, 36,, 8341,, 148.24
2025-03-25 16:33:44, 43,, 8341,, 211.43
2025-03-25 16:33:54, 39,, 8341,, 111.00
2025-03-25 16:34:05, 37,, 8341,, 147.76
2025-03-25 16:34:15, 46,, 8341,, 148.14
2025-03-25 16:34:25, 46,, 8341,, 159.64
2025-03-25 16:34:35, 36,, 8341,, 144.50
2025-03-25 16:34:45, 52,, 8341,, 216.84
2025-03-25 16:34:55, 61,, 8341,, 220.04
2025-03-25 16:35:05, 36,, 8341,, 81.29
2025-03-25 16:35:15, 31,, 8341,, 77.98
2025-03-25 16:35:25, 42,, 8341,, 165.87
2025-03-25 16:35:35, 70,, 8341,, 100.92
2025-03-25 16:35:45, 34,, 8341,, 122.04
2025-03-25 16:35:55, 31,, 8341,, 202.00
2025-03-25 16:36:05, 54,, 8341,, 190.52
2025-03-25 16:36:15, 32,, 8341,, 143.45
2025-03-25 16:36:25, 17,, 8341,, 150.54
2025-03-25 16:36:35, 31,, 8341,, 172.57
2025-03-25 16:36:45, 28,, 8341,, 101.40
2025-03-25 16:36:55, 78,, 8341,, 150.64
2025-03-25 16:37:05, 18,, 8341,, 104.83
2025-03-25 16:37:15, 61,, 8341,, 164.32
2025-03-25 16:37:25, 60,, 8341,, 163.84
2025-03-25 16:37:35, 34,, 8341,, 135.87
2025-03-25 16:37:45, 26,, 8341,, 201.53
2025-03-25 16:37:55, 30,, 8341,, 183.47
2025-03-25 16:38:05, 27,, 8341,, 121.40
2025-03-25 16:38:15, 43,, 8341,, 225.29
2025-03-25 16:38:26, 59,, 8341,, 239.96
2025-03-25 16:38:36, 61,, 8341,, 221.95
2025-03-25 16:38:46, 47,, 8341,, 219.89
2025-03-25 16:38:56, 57,, 8341,, 148.24
2025-03-25 16:39:06, 38,, 8341,, 169.70
2025-03-25 16:39:16, 55,, 8341,, 190.04
2025-03-25 16:39:26, 57,, 8341,, 158.79
2025-03-25 16:39:36, 61,, 8341,, 155.81
2025-03-25 16:39:46, 34,, 8341,, 151.98
2025-03-25 16:39:56, 55,, 8341,, 220.07
2025-03-25 16:40:06, 78,, 8341,, 83.21
2025-03-25 16:40:16, 64,, 8341,, 87.00
2025-03-25 16:40:26, 64,, 8341,, 126.19
2025-03-25 16:40:36, 43,, 8341,, 137.31
2025-03-25 16:40:46, 38,, 8341,, 89.94
2025-03-25 16:40:56, 64,, 8341,, 112.85
2025-03-25 16:41:06, 56,, 8341,, 161.18
2025-03-25 16:41:16, 60,, 8341,, 239.00
2025-03-25 16:41:26, 37,, 8341,, 117.16
2025-03-25 16:41:36, 22,, 8341,, 77.98
2025-03-25 16:41:46, 46,, 8341,, 208.22
2025-03-25 16:41:56, 27,, 8341,, 92.34
2025-03-25 16:42:06, 57,, 8341,, 184.91
2025-03-25 16:42:16, 54,, 8341,, 183.35
2025-03-25 16:42:26, 36,, 8341,, 94.26
2025-03-25 16:42:37, 36,, 8341,, 224.97
2025-03-25 16:42:47, 56,, 8341,, 121.96
2025-03-25 16:42:57, 18,, 8341,, 118.60
2025-03-25 16:43:07, 62,, 8341,, 241.55
2025-03-25 16:43:17, 33,, 8341,, 103.73
2025-03-25 16:43:27, 32,, 8341,, 202.96
2025-03-25 16:43:37, 55,, 8341,, 157.35
2025-03-25 16:43:47, 55,, 8341,, 104.28
2025-03-25 16:43:57, 36,, 8341,, 96.66
2025-03-25 16:44:07, 20,, 8341,, 122.52
2025-03-25 16:44:17, 54,, 8341,, 158.89
2025-03-25 16:44:27, 46,, 8341,, 175.81
2025-03-25 16:44:37, 37,, 8341,, 92.88
2025-03-25 16:44:47, 18,, 8341,, 119.64
2025-03-25 16:44:57, 59,, 8341,, 170.29
2025-03-25 16:45:07, 32,, 8341,, 192.91
2025-03-25 16:45:17, 30,, 8341,, 204.40
2025-03-25 16:45:27, 39,, 8341,, 160.01
2025-03-25 16:45:37, 54,, 8341,, 93.66
2025-03-25 16:45:47, 27,, 8341,, 91.80
2025-03-25 16:45:57, 36,, 8341,, 226.25
2025-03-25 16:46:07, 28,, 8341,, 161.56
2025-03-25 16:46:17, 27,, 8341,, 82.79
2025-03-25 16:46:27, 30,, 8341,, 150.74
2025-03-25 16:46:37, 61,, 8341,, 231.35
2025-03-25 16:46:48, 55,, 8341,, 186.95
2025-03-25 16:46:58, 18,, 8341,, 221.47
2025-03-25 16:47:08, 45,, 8341,, 88.98
2025-03-25 16:47:18, 35,, 8341,, 226.25
2025-03-25 16:47:28, 28,, 8341,, 197.70
2025-03-25 16:47:38, 55,, 8341,, 173.53
2025-03-25 16:47:48, 43,, 8341,, 212.67
2025-03-25 16:47:58, 19,, 8341,, 86.04
2025-03-25 16:48:08, 52,, 8341,, 164.54
2025-03-25 16:48:18, 35,, 8341,, 123.48
2025-03-25 16:48:28, 27,, 8341,, 141.05
2025-03-25 16:48:38, 46,, 8341,, 212.39
2025-03-25 16:48:48, 50,, 8341,, 109.89
2025-03-25 16:48:58, 26,, 8341,, 140.76
2025-03-25 16:49:08, 35,, 8341,, 218.12
2025-03-25 16:49:18, 61,, 8341,, 166.35
2025-03-25 16:49:28, 28,, 8341,, 114.76
2025-03-25 16:49:38, 28,, 8341,, 123.00
2025-03-25 16:49:48, 26,, 8341,, 154.75
2025-03-25 16:49:58, 23,, 8341,, 86.10
2025-03-25 16:50:08, 37,, 8341,, 99.07
2025-03-25 16:50:18, 28,, 8341,, 181.68
2025-03-25 16:50:28, 37,, 8341,, 90.90
2025-03-25 16:50:38, 31,, 8341,, 178.20
2025-03-25 16:50:48, 63,, 8341,, 241.55
2025-03-25 16:50:58, 37,, 8341,, 188.48
2025-03-25 16:51:08, 31,, 8341,, 158.20
2025-03-25 16:51:19, 58,, 8341,, 89.94
2025-03-25 16:51:29, 39,, 8341,, 99.55
2025-03-25 16:51:39, 58,, 8341,, 221.95
2025-03-25 16:51:49, 46,, 8341,, 194.35
2025-03-25 16:51:59, 25,, 8341,, 222.76
2025-03-25 16:52:09, 38,, 8341,, 95.16
2025-03-25 16:52:19, 37,, 8341,, 212.53
2025-03-25 16:52:29, 32,, 8341,, 135.87
2025-03-25 16:52:39, 46,, 8341,, 113.88
2025-03-25 16:52:49, 57,, 8341,, 201.53
2025-03-25 16:52:59, 35,, 8341,, 201.87
2025-03-25 16:53:09, 54,, 8341,, 216.36
2025-03-25 16:53:19, 47,, 8341,, 114.84
2025-03-25 16:53:29, 37,, 8341,, 78.36
2025-03-25 16:53:39, 66,, 8341,, 122.92
2025-03-25 16:53:49, 53,, 8341,, 115.24
2025-03-25 16:53:59, 28,, 8341,, 113.88
2025-03-25 16:54:09, 38,, 8341,, 131.16
2025-03-25 16:54:19, 31,, 8341,, 221.95
2025-03-25 16:54:29, 28,, 8341,, 80.28
2025-03-25 16:54:39, 61,, 8341,, 213.49
2025-03-25 16:54:49, 47,, 8341,, 160.12
2025-03-25 16:54:59, 28,, 8341,, 169.11
2025-03-25 16:55:09, 49,, 8341,, 107.64
2025-03-25 16:55:19, 46,, 8341,, 99.48
2025-03-25 16:55:29, 29,, 8341,, 95.64
2025-03-25 16:55:40, 55,, 8341,, 222.90
2025-03-25 16:55:50, 19,, 8341,, 218.27
2025-03-25 16:56:00, 33,, 8341,, 90.42
2025-03-25 16:56:10, 42,, 8341,, 184.55
2025-03-25 16:56:20, 46,, 8341,, 79.37
2025-03-25 16:56:30, 36,, 8341,, 224.99
2025-03-25 16:56:40, 43,, 8341,, 114.84
2025-03-25 16:56:50, 29,, 8341,, 108.19
2025-03-25 16:57:00, 31,, 8341,, 79.85
2025-03-25 16:57:10, 55,, 8341,, 223.23
2025-03-25 16:57:20, 61,, 8341,, 197.83
2025-03-25 16:57:30, 18,, 8341,, 80.33
2025-03-25 16:57:40, 30,, 8341,, 162.04
2025-03-25 16:57:50, 41,, 8341,, 183.11
2025-03-25 16:58:00, 60,, 8341,, 236.93
2025-03-25 16:58:10, 18,, 8341,, 83.21
2025-03-25 16:58:20, 33,, 8341,, 203.92
2025-03-25 16:58:30, 52,, 8341,, 191.00
2025-03-25 16:58:40, 42,, 8341,, 98.04
2025-03-25 16:58:50, 28,, 8341,, 133.47
2025-03-25 16:59:00, 27,, 8341,, 87.48
2025-03-25 16:59:10, 41,, 8341,, 84.71
2025-03-25 16:59:20, 64,, 8341,, 100.03
2025-03-25 16:59:30, 22,, 8341,, 92.82
2025-03-25 16:59:40, 37,, 8341,, 105.65
2025-03-25 16:59:51, 37,, 8341,, 148.34
2025-03-25 17:00:01, 46,, 8341,, 88.38
2025-03-25 17:00:11, 56,, 8341,, 201.18
2025-03-25 17:00:21, 55,, 8341,, 239.00
2025-03-25 17:00:31, 46,, 8341,, 175.81
2025-03-25 17:00:41, 31,, 8341,, 77.50
2025-03-25 17:00:51, 33,, 8341,, 236.61
2025-03-25 17:01:01, 47,, 8341,, 92.28
2025-03-25 17:01:11, 62,, 8341,, 127.71
2025-03-25 17:01:21, 31,, 8341,, 114.28
2025-03-25 17:01:31, 49,, 8341,, 131.38
2025-03-25 17:01:41, 59,, 8341,, 223.23
2025-03-25 17:01:51, 55,, 8341,, 240.75
2025-03-25 17:02:01, 36,, 8341,, 156.87
2025-03-25 17:02:11, 48,, 8341,, 81.77
2025-03-25 17:02:21, 37,, 8341,, 99.07
2025-03-25 17:02:31, 38,, 8341,, 150.06
2025-03-25 17:02:41, 65,, 8341,, 183.95
2025-03-25 17:02:51, 37,, 8341,, 155.81
2025-03-25 17:03:01, 30,, 8341,, 121.08
2025-03-25 17:03:11, 55,, 8341,, 123.00
2025-03-25 17:03:21, 46,, 8341,, 182.99
2025-03-25 17:03:31, 57,, 8341,, 161.56
2025-03-25 17:03:41, 60,, 8341,, 169.70
2025-03-25 17:03:51, 54,, 8341,, 221.95
2025-03-25 17:04:02, 38,, 8341,, 223.38
2025-03-25 17:04:12, 23,, 8341,, 144.89
2025-03-25 17:04:22, 61,, 8341,, 159.16
2025-03-25 17:04:32, 36,, 8341,, 97.08
2025-03-25 17:04:42, 62,, 8341,, 153.99
2025-03-25 17:04:52, 53,, 8341,, 85.67
2025-03-25 17:05:02, 60,, 8341,, 189.44
2025-03-25 17:05:12, 40,, 8341,, 158.58
2025-03-25 17:05:22, 24,, 8341,, 80.87
2025-03-25 17:05:32, 60,, 8341,, 143.93
2025-03-25 17:05:42, 23,, 8341,, 99.96
2025-03-25 17:05:52, 41,, 8341,, 81.77
2025-03-25 17:06:02, 42,, 8341,, 206.31
2025-03-25 17:06:12, 64,, 8341,, 242.51
2025-03-25 17:06:22, 44,, 8341,, 90.42
2025-03-25 17:06:32, 37,, 8341,, 158.10
2025-03-25 17:06:42, 46,, 8341,, 125.32
2025-03-25 17:06:52, 28,, 8341,, 91.32
2025-03-25 17:07:02, 56,, 8341,, 226.73
2025-03-25 17:07:12, 28,, 8341,, 92.82
2025-03-25 17:07:22, 30,, 8341,, 94.68
2025-03-25 17:07:32, 53,, 8341,, 157.24
2025-03-25 17:07:42, 28,, 8341,, 196.40
2025-03-25 17:07:52, 45,, 8341,, 194.35
2025-03-25 17:08:02, 63,, 8341,, 230.23
2025-03-25 17:08:12, 35,, 8341,, 115.32
2025-03-25 17:08:23, 55,, 8341,, 225.29
2025-03-25 17:08:33, 42,, 8341,, 234.22
2025-03-25 17:08:43, 60,, 8341,, 199.13
2025-03-25 17:08:53, 51,, 8341,, 235.49
2025-03-25 17:09:03, 28,, 8341,, 204.05
2025-03-25 17:09:13, 42,, 8341,, 82.79
2025-03-25 17:09:23, 46,, 8341,, 120.60
2025-03-25 17:09:33, 36,, 8341,, 212.72
2025-03-25 17:09:43, 28,, 8341,, 131.16
2025-03-25 17:09:53, 44,, 8341,, 186.95
2025-03-25 17:10:03, 37,, 8341,, 232.79
2025-03-25 17:10:13, 68,, 8341,, 164.06
2025-03-25 17:10:23, 55,, 8341,, 245.21
2025-03-25 17:10:33, 46,, 8341,, 250.47
2025-03-25 17:10:43, 28,, 8341,, 220.18
2025-03-25 17:10:53, 61,, 8341,, 208.84
2025-03-25 17:11:03, 32,, 8341,, 124.44
2025-03-25 17:11:13, 69,, 8341,, 119.64
2025-03-25 17:11:23, 41,, 8341,, 178.92
2025-03-25 17:11:33, 55,, 8341,, 196.87
2025-03-25 17:11:43, 35,, 8341,, 103.39
2025-03-25 17:11:53, 43,, 8341,, 156.50
2025-03-25 17:12:03, 57,, 8341,, 235.49
2025-03-25 17:12:13, 62,, 8341,, 214.73
2025-03-25 17:12:23, 64,, 8341,, 163.95
2025-03-25 17:12:33, 56,, 8341,, 167.05
2025-03-25 17:12:44, 48,, 8341,, 98.11
2025-03-25 17:12:54, 33,, 8341,, 80.87
2025-03-25 17:13:04, 62,, 8341,, 122.12
2025-03-25 17:13:14, 38,, 8341,, 82.79
2025-03-25 17:13:24, 41,, 8341,, 164.06
2025-03-25 17:13:34, 30,, 8341,, 156.02
2025-03-25 17:13:44, 43,, 8341,, 203.44
2025-03-25 17:13:54, 19,, 8341,, 215.07
2025-03-25 17:14:04, 27,, 8341,, 226.73
2025-03-25 17:14:14, 67,, 8341,, 103.46
2025-03-25 17:14:24, 46,, 8341,, 229.75
2025-03-25 17:14:34, 60,, 8341,, 167.42
2025-03-25 17:14:44, 44,, 8341,, 169.33
2025-03-25 17:14:54, 65,, 8341,, 96.18
2025-03-25 17:15:04, 66,, 8341,, 206.31
2025-03-25 17:15:14, 66,, 8341,, 198.18
2025-03-25 17:15:24, 48,, 8341,, 158.31
2025-03-25 17:15:34, 26,, 8341,, 194.96
2025-03-25 17:15:44, 31,, 8341,, 233.42
2025-03-25 17:15:54, 58,, 8341,, 150.26
2025-03-25 17:16:04, 28,, 8341,, 78.04
2025-03-25 17:16:14, 55,, 8341,, 178.44
2025-03-25 17:16:24, 37,, 8341,, 210.14
2025-03-25 17:16:34, 40,, 8341,, 169.81
2025-03-25 17:16:45, 62,, 8341,, 93.36
2025-03-25 17:16:55, 28,, 8341,, 109.15
2025-03-25 17:17:05, 35,, 8341,, 251.11
2025-03-25 17:17:15, 27,, 8341,, 101.06
2025-03-25 17:17:25, 64,, 8341,, 219.85
2025-03-25 17:17:35, 27,, 8341,, 98.65
2025-03-25 17:17:45, 54,, 8341,, 170.18
2025-03-25 17:17:55, 28,, 8341,, 150.26
2025-03-25 17:18:05, 23,, 8341,, 193.65
2025-03-25 17:18:15, 28,, 8341,, 158.41
2025-03-25 17:18:25, 62,, 8341,, 229.90
2025-03-25 17:18:35, 28,, 8341,, 146.32
2025-03-25 17:18:45, 28,, 8341,, 198.92
2025-03-25 17:18:55, 39,, 8341,, 83.27
2025-03-25 17:19:05, 28,, 8341,, 151.70
2025-03-25 17:19:15, 32,, 8341,, 190.52
2025-03-25 17:19:25, 42,, 8341,, 102.43
2025-03-25 17:19:35, 60,, 8341,, 200.70
2025-03-25 17:19:45, 26,, 8341,, 93.36
2025-03-25 17:19:55, 29,, 8341,, 93.36
2025-03-25 17:20:05, 53,, 8341,, 230.23
2025-03-25 17:20:15, 30,, 8341,, 97.56
2025-03-25 17:20:25, 18,, 8341,, 88.08
2025-03-25 17:20:35, 37,, 8341,, 105.86
2025-03-25 17:20:45, 24,, 8341,, 133.47
2025-03-25 17:20:55, 51,, 8341,, 230.08
2025-03-25 17:21:05, 40,, 8341,, 89.52
2025-03-25 17:21:15, 40,, 8341,, 147.28
2025-03-25 17:21:26, 20,, 8341,, 89.04
2025-03-25 17:21:36, 43,, 8341,, 241.87
2025-03-25 17:21:46, 30,, 8341,, 221.14
2025-03-25 17:21:56, 37,, 8341,, 107.23
2025-03-25 17:22:06, 39,, 8341,, 118.68
2025-03-25 17:22:16, 33,, 8341,, 141.63
2025-03-25 17:22:26, 32,, 8341,, 133.08
2025-03-25 17:22:36, 62,, 8341,, 104.35
2025-03-25 17:22:46, 60,, 8341,, 124.92
2025-03-25 17:22:56, 51,, 8341,, 94.74
2025-03-25 17:23:06, 22,, 8341,, 172.94
2025-03-25 17:23:16, 51,, 8341,, 135.00
2025-03-25 17:23:26, 41,, 8341,, 87.60
2025-03-25 17:23:36, 15,, 8341,, 92.82
2025-03-25 17:23:46, 27,, 8341,, 230.86
2025-03-25 17:23:56, 27,, 8341,, 221.47
2025-03-25 17:24:06, 72,, 8341,, 186.95
2025-03-25 17:24:16, 18,, 8341,, 135.00
2025-03-25 17:24:26, 44,, 8341,, 220.66
2025-03-25 17:24:36, 28,, 8341,, 176.04
2025-03-25 17:24:46, 37,, 8341,, 146.90
2025-03-25 17:24:56, 55,, 8341,, 181.32
2025-03-25 17:25:06, 37,, 8341,, 77.07
2025-03-25 17:25:17, 63,, 8341,, 176.29
2025-03-25 17:25:27, 12,, 8341,, 101.95
2025-03-25 17:25:37, 60,, 8341,, 165.02
2025-03-25 17:25:47, 20,, 8341,, 184.55
2025-03-25 17:25:57, 46,, 8341,, 187.42
2025-03-25 17:26:07, 48,, 8341,, 169.22
2025-03-25 17:26:17, 29,, 8341,, 101.95
2025-03-25 17:26:27, 77,, 8341,, 239.32
2025-03-25 17:26:37, 36,, 8341,, 225.60
2025-03-25 17:26:47, 62,, 8341,, 208.84
2025-03-25 17:26:57, 53,, 8341,, 164.65
2025-03-25 17:27:07, 29,, 8341,, 97.69
2025-03-25 17:27:17, 57,, 8341,, 216.36
2025-03-25 17:27:27, 37,, 8341,, 160.81
2025-03-25 17:27:37, 48,, 8341,, 224.49
2025-03-25 17:27:47, 32,, 8341,, 261.93
2025-03-25 17:27:57, 41,, 8341,, 219.71
2025-03-25 17:28:07, 64,, 8341,, 160.33
2025-03-25 17:28:17, 32,, 8341,, 169.70
2025-03-25 17:28:27, 52,, 8341,, 166.94
2025-03-25 17:28:37, 41,, 8341,, 201.18
2025-03-25 17:28:47, 42,, 8341,, 198.44
2025-03-25 17:28:57, 60,, 8341,, 123.48
2025-03-25 17:29:07, 39,, 8341,, 213.63
2025-03-25 17:29:17, 62,, 8341,, 221.62
2025-03-25 17:29:28, 61,, 8341,, 213.96
2025-03-25 17:29:38, 49,, 8341,, 101.40
2025-03-25 17:29:48, 55,, 8341,, 227.84
2025-03-25 17:29:58, 54,, 8341,, 154.10
2025-03-25 17:30:08, 36,, 8341,, 105.79
2025-03-25 17:30:18, 62,, 8341,, 205.35
2025-03-25 17:30:28, 36,, 8341,, 82.85
2025-03-25 17:30:38, 31,, 8341,, 158.79
2025-03-25 17:30:48, 52,, 8341,, 160.23
2025-03-25 17:30:58, 61,, 8341,, 218.75
2025-03-25 17:31:08, 30,, 8341,, 247.29
2025-03-25 17:31:18, 29,, 8341,, 134.91
2025-03-25 17:31:28, 37,, 8341,, 139.71
2025-03-25 17:31:38, 36,, 8341,, 143.83
2025-03-25 17:31:48, 60,, 8341,, 107.71
2025-03-25 17:31:58, 34,, 8341,, 80.92
2025-03-25 17:32:08, 51,, 8341,, 80.97
2025-03-25 17:32:18, 37,, 8341,, 122.68
2025-03-25 17:32:28, 28,, 8341,, 250.32
2025-03-25 17:32:38, 45,, 8341,, 220.00
2025-03-25 17:32:48, 29,, 8341,, 191.86
2025-03-25 17:32:58, 32,, 8341,, 197.62
2025-03-25 17:33:08, 31,, 8341,, 102.57
2025-03-25 17:33:18, 64,, 8341,, 188.99
2025-03-25 17:33:28, 37,, 8341,, 82.90
2025-03-25 17:33:38, 33,, 8341,, 213.15
2025-03-25 17:33:48, 30,, 8341,, 92.46
2025-03-25 17:33:59, 38,, 8341,, 167.64
2025-03-25 17:34:09, 71,, 8341,, 79.05
2025-03-25 17:34:19, 37,, 8341,, 106.41
2025-03-25 17:34:29, 52,, 8341,, 164.76
2025-03-25 17:34:39, 30,, 8341,, 219.52
2025-03-25 17:34:49, 46,, 8341,, 94.81
2025-03-25 17:34:59, 37,, 8341,, 208.50
2025-03-25 17:35:09, 26,, 8341,, 84.77
2025-03-25 17:35:19, 62,, 8341,, 197.01
2025-03-25 17:35:29, 25,, 8341,, 153.34
2025-03-25 17:35:39, 26,, 8341,, 141.72
2025-03-25 17:35:49, 18,, 8341,, 101.60
2025-03-25 17:35:59, 51,, 8341,, 188.99
2025-03-25 17:36:09, 39,, 8341,, 86.21
2025-03-25 17:36:19, 43,, 8341,, 127.49
2025-03-25 17:36:29, 63,, 8341,, 219.04
2025-03-25 17:36:39, 37,, 8341,, 227.66
2025-03-25 17:36:49, 53,, 8341,, 224.31
2025-03-25 17:36:59, 56,, 8341,, 155.16
2025-03-25 17:37:09, 42,, 8341,, 160.55
2025-03-25 17:37:19, 28,, 8341,, 146.52
2025-03-25 17:37:29, 36,, 8341,, 189.47
2025-03-25 17:37:39, 34,, 8341,, 79.53
2025-03-25 17:37:49, 36,, 8341,, 114.51
2025-03-25 17:37:59, 49,, 8341,, 180.00
2025-03-25 17:38:09, 22,, 8341,, 119.32
2025-03-25 17:38:20, 65,, 8341,, 229.90
2025-03-25 17:38:30, 55,, 8341,, 199.40
2025-03-25 17:38:40, 37,, 8341,, 92.95
2025-03-25 17:38:50, 39,, 8341,, 110.26
2025-03-25 17:39:00, 54,, 8341,, 188.03
2025-03-25 17:39:10, 42,, 8341,, 85.73
2025-03-25 17:39:20, 20,, 8341,, 128.37
2025-03-25 17:39:30, 40,, 8341,, 110.67
2025-03-25 17:39:40, 35,, 8341,, 217.46
2025-03-25 17:39:50, 36,, 8341,, 100.16
2025-03-25 17:40:00, 18,, 8341,, 121.72
2025-03-25 17:40:10, 76,, 8341,, 105.93
2025-03-25 17:40:20, 40,, 8341,, 227.18
2025-03-25 17:40:30, 39,, 8341,, 171.85
2025-03-25 17:40:40, 38,, 8341,, 125.09
2025-03-25 17:40:50, 43,, 8341,, 166.57
2025-03-25 17:41:00, 39,, 8341,, 91.02
2025-03-25 17:41:10, 28,, 8341,, 119.32
2025-03-25 17:41:20, 62,, 8341,, 242.35
2025-03-25 17:41:30, 33,, 8341,, 160.33
2025-03-25 17:41:40, 32,, 8341,, 99.68
2025-03-25 17:41:50, 62,, 8341,, 191.38
2025-03-25 17:42:00, 34,, 8341,, 96.31
2025-03-25 17:42:10, 27,, 8341,, 216.02
2025-03-25 17:42:20, 29,, 8341,, 88.62
2025-03-25 17:42:30, 16,, 8341,, 139.41
2025-03-25 17:42:41, 45,, 8341,, 96.31
2025-03-25 17:42:51, 78,, 8341,, 171.85
2025-03-25 17:43:01, 48,, 8341,, 219.52
2025-03-25 17:43:11, 39,, 8341,, 97.75
2025-03-25 17:43:21, 50,, 8343,, 178.44
2025-03-25 17:43:31, 50,, 8343,, 218.23
2025-03-25 17:43:41, 54,, 8343,, 140.85
2025-03-25 17:43:51, 39,, 8343,, 204.88
2025-03-25 17:44:01, 49,, 8343,, 241.08
2025-03-25 17:44:11, 29,, 8343,, 96.79
2025-03-25 17:44:21, 74,, 8343,, 189.95
2025-03-25 17:44:31, 79,, 8343,, 92.46
2025-03-25 17:44:41, 37,, 8343,, 79.05
2025-03-25 17:44:51, 54,, 8343,, 232.62
2025-03-25 17:45:01, 54,, 8343,, 168.12
2025-03-25 17:45:11, 34,, 8343,, 138.93
2025-03-25 17:45:21, 34,, 8343,, 167.05
2025-03-25 17:45:31, 49,, 8343,, 211.52
2025-03-25 17:45:41, 37,, 8343,, 180.96
2025-03-25 17:45:51, 65,, 8343,, 234.54
2025-03-25 17:46:01, 53,, 8343,, 240.12
2025-03-25 17:46:11, 41,, 8343,, 212.53
2025-03-25 17:46:21, 36,, 8343,, 239.00
2025-03-25 17:46:31, 66,, 8343,, 204.19
2025-03-25 17:46:41, 45,, 8343,, 242.67
