Timestamp, GPU Util (%), Memory Used (MiB), Power (W)
2025-03-26 21:33:37, 0,, 21,, 40.52
2025-03-26 21:33:47, 0,, 4497,, 55.87
2025-03-26 21:33:57, 31,, 8337,, 79.80
2025-03-26 21:34:07, 64,, 8337,, 219.89
2025-03-26 21:34:17, 35,, 8339,, 162.51
2025-03-26 21:34:27, 28,, 8339,, 120.92
2025-03-26 21:34:37, 36,, 8339,, 208.90
2025-03-26 21:34:47, 53,, 8339,, 186.82
2025-03-26 21:34:57, 41,, 8339,, 183.59
2025-03-26 21:35:07, 27,, 8339,, 167.56
2025-03-26 21:35:17, 27,, 8339,, 122.44
2025-03-26 21:35:27, 40,, 8339,, 161.18
2025-03-26 21:35:37, 30,, 8339,, 74.62
2025-03-26 21:35:47, 27,, 8339,, 75.58
2025-03-26 21:35:57, 27,, 8341,, 78.94
2025-03-26 21:36:07, 45,, 8341,, 107.23
2025-03-26 21:36:17, 37,, 8341,, 109.63
2025-03-26 21:36:27, 46,, 8341,, 162.14
2025-03-26 21:36:37, 53,, 8341,, 123.48
2025-03-26 21:36:47, 58,, 8341,, 152.66
2025-03-26 21:36:57, 20,, 8341,, 70.68
2025-03-26 21:37:08, 64,, 8341,, 184.43
2025-03-26 21:37:18, 50,, 8341,, 128.59
2025-03-26 21:37:28, 46,, 8341,, 91.86
2025-03-26 21:37:38, 45,, 8341,, 211.91
2025-03-26 21:37:48, 47,, 8341,, 238.84
2025-03-26 21:37:58, 37,, 8341,, 109.15
2025-03-26 21:38:08, 17,, 8341,, 90.36
2025-03-26 21:38:18, 40,, 8341,, 85.56
2025-03-26 21:38:28, 30,, 8341,, 103.73
2025-03-26 21:38:38, 65,, 8341,, 184.30
2025-03-26 21:38:48, 32,, 8341,, 143.35
2025-03-26 21:38:58, 60,, 8341,, 100.51
2025-03-26 21:39:08, 29,, 8341,, 105.58
2025-03-26 21:39:18, 54,, 8341,, 86.04
2025-03-26 21:39:28, 52,, 8341,, 76.97
2025-03-26 21:39:38, 27,, 8341,, 148.04
2025-03-26 21:39:48, 55,, 8341,, 138.18
2025-03-26 21:39:58, 40,, 8341,, 163.95
2025-03-26 21:40:08, 42,, 8341,, 162.04
2025-03-26 21:40:18, 28,, 8341,, 85.08
2025-03-26 21:40:28, 31,, 8341,, 120.44
2025-03-26 21:40:38, 35,, 8341,, 104.83
2025-03-26 21:40:49, 27,, 8341,, 188.13
2025-03-26 21:40:59, 32,, 8341,, 83.75
2025-03-26 21:41:09, 30,, 8341,, 98.45
2025-03-26 21:41:19, 32,, 8341,, 175.81
2025-03-26 21:41:29, 28,, 8341,, 209.18
2025-03-26 21:41:39, 31,, 8341,, 107.64
2025-03-26 21:41:49, 28,, 8341,, 198.79
2025-03-26 21:41:59, 32,, 8341,, 207.13
2025-03-26 21:42:09, 21,, 8341,, 193.87
2025-03-26 21:42:19, 28,, 8341,, 220.85
2025-03-26 21:42:29, 63,, 8341,, 82.25
2025-03-26 21:42:39, 33,, 8341,, 123.79
2025-03-26 21:42:49, 56,, 8341,, 140.00
2025-03-26 21:42:59, 31,, 8341,, 139.04
2025-03-26 21:43:09, 30,, 8341,, 224.99
2025-03-26 21:43:19, 59,, 8341,, 225.29
2025-03-26 21:43:29, 54,, 8341,, 81.29
2025-03-26 21:43:39, 36,, 8341,, 166.24
2025-03-26 21:43:49, 39,, 8341,, 73.56
2025-03-26 21:43:59, 26,, 8341,, 173.53
2025-03-26 21:44:09, 23,, 8341,, 72.70
2025-03-26 21:44:19, 18,, 8341,, 157.62
2025-03-26 21:44:29, 37,, 8341,, 100.92
2025-03-26 21:44:39, 60,, 8341,, 187.17
2025-03-26 21:44:50, 28,, 8341,, 83.75
2025-03-26 21:45:00, 28,, 8341,, 85.56
2025-03-26 21:45:10, 47,, 8341,, 145.37
2025-03-26 21:45:20, 46,, 8341,, 93.66
2025-03-26 21:45:30, 29,, 8341,, 80.33
2025-03-26 21:45:40, 25,, 8341,, 196.13
2025-03-26 21:45:50, 37,, 8341,, 84.18
2025-03-26 21:46:00, 18,, 8341,, 163.47
2025-03-26 21:46:10, 47,, 8341,, 111.81
2025-03-26 21:46:20, 65,, 8341,, 100.03
2025-03-26 21:46:30, 37,, 8341,, 98.52
2025-03-26 21:46:40, 28,, 8341,, 157.35
2025-03-26 21:46:50, 58,, 8341,, 185.74
2025-03-26 21:47:00, 27,, 8341,, 85.08
2025-03-26 21:47:10, 47,, 8341,, 178.32
2025-03-26 21:47:20, 25,, 8341,, 97.08
2025-03-26 21:47:30, 59,, 8341,, 224.19
2025-03-26 21:47:40, 18,, 8341,, 131.94
2025-03-26 21:47:50, 17,, 8341,, 162.62
2025-03-26 21:48:00, 18,, 8341,, 72.65
2025-03-26 21:48:10, 42,, 8341,, 182.51
2025-03-26 21:48:20, 46,, 8341,, 160.12
2025-03-26 21:48:30, 52,, 8341,, 223.71
2025-03-26 21:48:40, 34,, 8341,, 152.56
2025-03-26 21:48:51, 22,, 8341,, 159.16
2025-03-26 21:49:01, 45,, 8341,, 176.89
2025-03-26 21:49:11, 29,, 8341,, 166.35
2025-03-26 21:49:21, 49,, 8341,, 195.79
2025-03-26 21:49:31, 63,, 8341,, 166.83
2025-03-26 21:49:41, 46,, 8341,, 75.53
2025-03-26 21:49:51, 21,, 8341,, 136.74
2025-03-26 21:50:01, 38,, 8341,, 215.26
2025-03-26 21:50:11, 21,, 8341,, 195.79
2025-03-26 21:50:21, 28,, 8341,, 116.76
2025-03-26 21:50:31, 64,, 8341,, 187.05
2025-03-26 21:50:41, 40,, 8341,, 233.58
2025-03-26 21:50:51, 30,, 8341,, 72.17
2025-03-26 21:51:01, 33,, 8341,, 143.93
2025-03-26 21:51:11, 27,, 8341,, 82.79
2025-03-26 21:51:21, 45,, 8341,, 160.12
2025-03-26 21:51:31, 37,, 8341,, 79.80
2025-03-26 21:51:41, 18,, 8341,, 183.82
2025-03-26 21:51:51, 36,, 8341,, 78.46
2025-03-26 21:52:01, 52,, 8341,, 130.11
2025-03-26 21:52:11, 52,, 8341,, 175.45
2025-03-26 21:52:21, 36,, 8341,, 184.07
2025-03-26 21:52:31, 37,, 8341,, 82.25
2025-03-26 21:52:42, 54,, 8341,, 226.25
2025-03-26 21:52:52, 38,, 8341,, 179.28
2025-03-26 21:53:02, 36,, 8341,, 101.47
2025-03-26 21:53:12, 37,, 8341,, 115.32
2025-03-26 21:53:22, 52,, 8341,, 172.69
2025-03-26 21:53:32, 41,, 8341,, 238.84
2025-03-26 21:53:42, 39,, 8341,, 84.71
2025-03-26 21:53:52, 60,, 8341,, 144.50
2025-03-26 21:54:02, 52,, 8341,, 178.44
2025-03-26 21:54:12, 43,, 8341,, 178.80
2025-03-26 21:54:22, 28,, 8341,, 103.32
2025-03-26 21:54:32, 60,, 8341,, 182.15
2025-03-26 21:54:42, 29,, 8341,, 163.58
2025-03-26 21:54:52, 36,, 8341,, 106.75
2025-03-26 21:55:02, 45,, 8341,, 214.59
2025-03-26 21:55:12, 49,, 8341,, 70.77
2025-03-26 21:55:22, 60,, 8341,, 227.84
2025-03-26 21:55:32, 45,, 8341,, 187.78
2025-03-26 21:55:42, 36,, 8341,, 135.48
2025-03-26 21:55:52, 46,, 8341,, 73.18
2025-03-26 21:56:02, 45,, 8341,, 79.91
2025-03-26 21:56:12, 37,, 8341,, 93.36
2025-03-26 21:56:22, 77,, 8341,, 88.56
2025-03-26 21:56:32, 35,, 8341,, 95.22
2025-03-26 21:56:42, 36,, 8341,, 115.80
2025-03-26 21:56:52, 31,, 8341,, 214.11
2025-03-26 21:57:03, 29,, 8341,, 178.80
2025-03-26 21:57:13, 26,, 8341,, 169.11
2025-03-26 21:57:23, 49,, 8341,, 219.89
2025-03-26 21:57:33, 61,, 8341,, 224.82
2025-03-26 21:57:43, 45,, 8341,, 184.30
2025-03-26 21:57:53, 54,, 8341,, 133.77
2025-03-26 21:58:03, 60,, 8341,, 182.99
2025-03-26 21:58:13, 28,, 8341,, 181.20
2025-03-26 21:58:23, 37,, 8341,, 224.82
2025-03-26 21:58:33, 35,, 8341,, 153.04
2025-03-26 21:58:43, 46,, 8341,, 228.49
2025-03-26 21:58:53, 55,, 8341,, 101.81
2025-03-26 21:59:03, 64,, 8341,, 209.66
2025-03-26 21:59:13, 32,, 8341,, 144.41
2025-03-26 21:59:23, 43,, 8341,, 133.08
2025-03-26 21:59:33, 29,, 8341,, 98.59
2025-03-26 21:59:43, 53,, 8341,, 165.02
2025-03-26 21:59:53, 36,, 8341,, 188.74
2025-03-26 22:00:03, 52,, 8341,, 213.96
2025-03-26 22:00:13, 34,, 8341,, 135.48
2025-03-26 22:00:23, 54,, 8341,, 171.98
2025-03-26 22:00:33, 32,, 8341,, 170.66
2025-03-26 22:00:43, 28,, 8341,, 220.37
2025-03-26 22:00:53, 60,, 8341,, 185.62
2025-03-26 22:01:04, 32,, 8341,, 120.52
2025-03-26 22:01:14, 33,, 8341,, 86.15
2025-03-26 22:01:24, 28,, 8341,, 132.03
2025-03-26 22:01:34, 27,, 8341,, 155.70
2025-03-26 22:01:44, 52,, 8341,, 185.74
2025-03-26 22:01:54, 70,, 8341,, 196.05
2025-03-26 22:02:04, 39,, 8341,, 171.02
2025-03-26 22:02:14, 30,, 8341,, 172.46
2025-03-26 22:02:24, 36,, 8341,, 218.60
2025-03-26 22:02:34, 43,, 8341,, 92.82
2025-03-26 22:02:44, 45,, 8341,, 90.84
2025-03-26 22:02:54, 36,, 8341,, 217.17
2025-03-26 22:03:04, 61,, 8341,, 214.11
2025-03-26 22:03:14, 44,, 8341,, 193.74
2025-03-26 22:03:24, 52,, 8341,, 218.60
2025-03-26 22:03:34, 8,, 8341,, 71.69
2025-03-26 22:03:44, 22,, 8341,, 78.94
2025-03-26 22:03:54, 36,, 8341,, 126.67
2025-03-26 22:04:04, 37,, 8341,, 108.12
2025-03-26 22:04:14, 55,, 8341,, 133.86
2025-03-26 22:04:24, 42,, 8341,, 246.00
2025-03-26 22:04:34, 18,, 8341,, 74.62
2025-03-26 22:04:44, 62,, 8341,, 240.75
2025-03-26 22:04:54, 63,, 8341,, 181.68
2025-03-26 22:05:05, 71,, 8341,, 110.04
2025-03-26 22:05:15, 53,, 8341,, 208.42
2025-03-26 22:05:25, 60,, 8341,, 102.77
2025-03-26 22:05:35, 50,, 8341,, 85.19
2025-03-26 22:05:45, 43,, 8341,, 85.14
2025-03-26 22:05:55, 31,, 8341,, 167.30
2025-03-26 22:06:05, 36,, 8341,, 151.12
2025-03-26 22:06:15, 27,, 8341,, 211.24
2025-03-26 22:06:25, 44,, 8341,, 204.26
2025-03-26 22:06:35, 30,, 8341,, 76.01
2025-03-26 22:06:45, 20,, 8341,, 195.44
2025-03-26 22:06:55, 29,, 8341,, 214.44
2025-03-26 22:07:05, 63,, 8341,, 142.78
2025-03-26 22:07:15, 57,, 8341,, 253.81
2025-03-26 22:07:25, 54,, 8341,, 115.24
2025-03-26 22:07:35, 25,, 8341,, 157.35
2025-03-26 22:07:45, 42,, 8341,, 133.77
2025-03-26 22:07:55, 64,, 8341,, 86.04
2025-03-26 22:08:05, 45,, 8341,, 84.71
2025-03-26 22:08:15, 47,, 8341,, 165.76
2025-03-26 22:08:25, 52,, 8341,, 174.61
2025-03-26 22:08:35, 56,, 8341,, 140.48
2025-03-26 22:08:45, 27,, 8341,, 133.38
2025-03-26 22:08:55, 30,, 8341,, 170.43
2025-03-26 22:09:06, 26,, 8341,, 107.09
2025-03-26 22:09:16, 39,, 8341,, 212.87
2025-03-26 22:09:26, 36,, 8341,, 203.10
2025-03-26 22:09:36, 36,, 8341,, 114.84
2025-03-26 22:09:46, 23,, 8341,, 165.65
2025-03-26 22:09:56, 42,, 8341,, 219.41
2025-03-26 22:10:06, 22,, 8341,, 74.57
2025-03-26 22:10:16, 26,, 8341,, 96.60
2025-03-26 22:10:26, 31,, 8341,, 219.23
2025-03-26 22:10:36, 17,, 8341,, 220.66
2025-03-26 22:10:46, 36,, 8341,, 108.53
2025-03-26 22:10:56, 46,, 8341,, 174.74
2025-03-26 22:11:06, 48,, 8341,, 192.44
2025-03-26 22:11:16, 35,, 8341,, 131.94
2025-03-26 22:11:26, 36,, 8341,, 114.28
2025-03-26 22:11:36, 64,, 8341,, 226.25
2025-03-26 22:11:46, 56,, 8341,, 86.64
2025-03-26 22:11:56, 64,, 8341,, 139.04
2025-03-26 22:12:06, 27,, 8341,, 95.70
2025-03-26 22:12:16, 46,, 8341,, 93.24
2025-03-26 22:12:26, 69,, 8341,, 179.28
2025-03-26 22:12:36, 36,, 8341,, 82.20
2025-03-26 22:12:46, 61,, 8341,, 167.19
2025-03-26 22:12:56, 35,, 8341,, 102.84
2025-03-26 22:13:07, 64,, 8341,, 204.26
2025-03-26 22:13:17, 45,, 8341,, 223.86
2025-03-26 22:13:27, 65,, 8341,, 141.53
2025-03-26 22:13:37, 34,, 8341,, 105.17
2025-03-26 22:13:47, 55,, 8341,, 178.20
2025-03-26 22:13:57, 40,, 8341,, 85.08
2025-03-26 22:14:07, 29,, 8341,, 89.04
2025-03-26 22:14:17, 40,, 8341,, 224.19
2025-03-26 22:14:27, 52,, 8341,, 120.44
2025-03-26 22:14:37, 50,, 8341,, 249.82
2025-03-26 22:14:47, 36,, 8341,, 90.36
2025-03-26 22:14:57, 38,, 8341,, 183.35
2025-03-26 22:15:07, 21,, 8341,, 131.55
2025-03-26 22:15:17, 63,, 8341,, 93.30
2025-03-26 22:15:27, 65,, 8341,, 203.92
2025-03-26 22:15:37, 35,, 8341,, 130.51
2025-03-26 22:15:47, 47,, 8341,, 207.88
2025-03-26 22:15:57, 32,, 8341,, 180.72
2025-03-26 22:16:07, 23,, 8341,, 75.10
2025-03-26 22:16:17, 54,, 8341,, 81.35
2025-03-26 22:16:27, 40,, 8341,, 126.84
2025-03-26 22:16:37, 30,, 8341,, 97.62
2025-03-26 22:16:47, 60,, 8341,, 204.05
2025-03-26 22:16:57, 36,, 8341,, 178.44
2025-03-26 22:17:07, 35,, 8341,, 206.31
2025-03-26 22:17:17, 63,, 8341,, 162.62
2025-03-26 22:17:27, 28,, 8341,, 215.54
2025-03-26 22:17:38, 53,, 8341,, 192.09
2025-03-26 22:17:48, 34,, 8341,, 83.75
2025-03-26 22:17:58, 38,, 8341,, 117.16
2025-03-26 22:18:08, 39,, 8341,, 219.23
2025-03-26 22:18:18, 21,, 8341,, 85.19
2025-03-26 22:18:28, 53,, 8341,, 89.88
2025-03-26 22:18:38, 62,, 8341,, 209.52
2025-03-26 22:18:48, 18,, 8341,, 120.92
2025-03-26 22:18:58, 28,, 8341,, 74.67
2025-03-26 22:19:08, 54,, 8341,, 200.43
2025-03-26 22:19:18, 44,, 8341,, 243.14
2025-03-26 22:19:28, 23,, 8341,, 79.32
2025-03-26 22:19:38, 35,, 8341,, 206.65
2025-03-26 22:19:48, 24,, 8341,, 240.90
2025-03-26 22:19:58, 32,, 8341,, 130.59
2025-03-26 22:20:08, 29,, 8341,, 169.11
2025-03-26 22:20:18, 38,, 8341,, 99.89
2025-03-26 22:20:28, 32,, 8341,, 183.47
2025-03-26 22:20:38, 48,, 8341,, 217.02
2025-03-26 22:20:48, 18,, 8341,, 130.99
2025-03-26 22:20:58, 27,, 8341,, 200.43
2025-03-26 22:21:08, 73,, 8341,, 167.19
2025-03-26 22:21:18, 18,, 8341,, 164.80
2025-03-26 22:21:28, 61,, 8341,, 253.81
2025-03-26 22:21:39, 39,, 8341,, 189.57
2025-03-26 22:21:49, 31,, 8341,, 109.01
2025-03-26 22:21:59, 25,, 8341,, 86.52
2025-03-26 22:22:09, 29,, 8341,, 102.29
2025-03-26 22:22:19, 9,, 8341,, 129.63
2025-03-26 22:22:29, 45,, 8341,, 146.32
2025-03-26 22:22:39, 54,, 8341,, 83.16
2025-03-26 22:22:49, 40,, 8341,, 147.66
2025-03-26 22:22:59, 24,, 8341,, 214.16
2025-03-26 22:23:09, 63,, 8341,, 222.10
2025-03-26 22:23:19, 27,, 8341,, 182.87
2025-03-26 22:23:29, 27,, 8341,, 106.13
2025-03-26 22:23:39, 37,, 8341,, 93.66
2025-03-26 22:23:49, 45,, 8341,, 74.14
2025-03-26 22:23:59, 36,, 8341,, 202.69
2025-03-26 22:24:09, 38,, 8341,, 87.00
2025-03-26 22:24:19, 39,, 8341,, 149.58
2025-03-26 22:24:29, 48,, 8341,, 158.20
2025-03-26 22:24:39, 38,, 8341,, 197.70
2025-03-26 22:24:49, 36,, 8341,, 202.62
2025-03-26 22:24:59, 39,, 8341,, 203.10
2025-03-26 22:25:09, 56,, 8341,, 225.29
2025-03-26 22:25:19, 55,, 8341,, 210.14
2025-03-26 22:25:29, 24,, 8341,, 103.80
2025-03-26 22:25:39, 28,, 8341,, 204.88
2025-03-26 22:25:49, 60,, 8341,, 157.35
2025-03-26 22:26:00, 22,, 8341,, 72.12
2025-03-26 22:26:10, 47,, 8341,, 172.82
2025-03-26 22:26:20, 34,, 8341,, 154.58
2025-03-26 22:26:30, 59,, 8341,, 212.58
2025-03-26 22:26:40, 63,, 8341,, 75.00
2025-03-26 22:26:50, 45,, 8341,, 167.30
2025-03-26 22:27:00, 27,, 8341,, 120.44
2025-03-26 22:27:10, 50,, 8341,, 111.81
2025-03-26 22:27:20, 28,, 8341,, 78.36
2025-03-26 22:27:30, 51,, 8341,, 79.85
2025-03-26 22:27:40, 38,, 8341,, 218.60
2025-03-26 22:27:50, 75,, 8341,, 155.81
2025-03-26 22:28:00, 36,, 8341,, 102.36
2025-03-26 22:28:10, 33,, 8341,, 214.63
2025-03-26 22:28:20, 58,, 8341,, 219.71
2025-03-26 22:28:30, 24,, 8341,, 74.04
2025-03-26 22:28:40, 45,, 8341,, 162.51
2025-03-26 22:28:50, 36,, 8341,, 207.27
2025-03-26 22:29:00, 59,, 8341,, 212.87
2025-03-26 22:29:10, 33,, 8341,, 113.88
2025-03-26 22:29:20, 35,, 8341,, 198.87
2025-03-26 22:29:30, 56,, 8341,, 192.57
2025-03-26 22:29:40, 42,, 8341,, 96.66
2025-03-26 22:29:50, 34,, 8341,, 201.87
2025-03-26 22:30:00, 62,, 8341,, 109.56
2025-03-26 22:30:11, 37,, 8341,, 107.23
2025-03-26 22:30:21, 31,, 8341,, 178.08
2025-03-26 22:30:31, 47,, 8341,, 152.93
2025-03-26 22:30:41, 27,, 8341,, 75.00
2025-03-26 22:30:51, 45,, 8341,, 170.18
2025-03-26 22:31:01, 44,, 8341,, 153.62
2025-03-26 22:31:11, 54,, 8341,, 121.80
2025-03-26 22:31:21, 46,, 8341,, 206.65
2025-03-26 22:31:31, 28,, 8341,, 213.49
2025-03-26 22:31:41, 48,, 8341,, 163.36
2025-03-26 22:31:51, 35,, 8341,, 168.04
2025-03-26 22:32:01, 40,, 8341,, 219.89
2025-03-26 22:32:11, 46,, 8341,, 215.73
2025-03-26 22:32:21, 41,, 8341,, 236.45
2025-03-26 22:32:31, 55,, 8341,, 76.49
2025-03-26 22:32:41, 38,, 8341,, 164.65
2025-03-26 22:32:51, 33,, 8341,, 219.41
2025-03-26 22:33:01, 70,, 8341,, 127.54
2025-03-26 22:33:11, 46,, 8341,, 110.45
2025-03-26 22:33:21, 55,, 8341,, 96.06
2025-03-26 22:33:31, 24,, 8341,, 149.48
2025-03-26 22:33:41, 34,, 8341,, 184.07
2025-03-26 22:33:51, 25,, 8341,, 73.66
2025-03-26 22:34:01, 28,, 8341,, 182.51
2025-03-26 22:34:11, 23,, 8341,, 82.25
2025-03-26 22:34:22, 30,, 8341,, 207.61
2025-03-26 22:34:32, 37,, 8341,, 166.83
2025-03-26 22:34:42, 60,, 8341,, 223.71
2025-03-26 22:34:52, 31,, 8341,, 85.02
2025-03-26 22:35:02, 59,, 8341,, 218.12
2025-03-26 22:35:12, 53,, 8341,, 148.14
2025-03-26 22:35:22, 31,, 8341,, 109.97
2025-03-26 22:35:32, 43,, 8341,, 212.53
2025-03-26 22:35:42, 55,, 8341,, 206.79
2025-03-26 22:35:52, 27,, 8341,, 91.26
2025-03-26 22:36:02, 38,, 8341,, 190.04
2025-03-26 22:36:12, 29,, 8341,, 217.31
2025-03-26 22:36:22, 36,, 8341,, 96.12
2025-03-26 22:36:32, 60,, 8341,, 233.27
2025-03-26 22:36:42, 50,, 8341,, 218.12
2025-03-26 22:36:52, 67,, 8341,, 160.01
2025-03-26 22:37:02, 49,, 8341,, 235.02
2025-03-26 22:37:12, 27,, 8341,, 89.88
2025-03-26 22:37:22, 38,, 8341,, 91.74
2025-03-26 22:37:32, 51,, 8341,, 141.05
2025-03-26 22:37:42, 19,, 8341,, 223.38
2025-03-26 22:37:52, 27,, 8341,, 74.52
2025-03-26 22:38:02, 27,, 8341,, 82.20
2025-03-26 22:38:12, 28,, 8341,, 109.89
2025-03-26 22:38:22, 23,, 8341,, 224.64
2025-03-26 22:38:32, 35,, 8341,, 123.79
2025-03-26 22:38:43, 37,, 8341,, 210.81
2025-03-26 22:38:53, 36,, 8341,, 189.69
2025-03-26 22:39:03, 49,, 8341,, 105.72
2025-03-26 22:39:13, 21,, 8341,, 73.18
2025-03-26 22:39:23, 28,, 8341,, 219.56
2025-03-26 22:39:33, 61,, 8341,, 181.55
2025-03-26 22:39:43, 30,, 8341,, 222.25
2025-03-26 22:39:53, 53,, 8341,, 153.89
2025-03-26 22:40:03, 43,, 8341,, 224.19
2025-03-26 22:40:13, 29,, 8341,, 84.12
2025-03-26 22:40:23, 37,, 8341,, 98.11
2025-03-26 22:40:33, 59,, 8341,, 200.43
2025-03-26 22:40:43, 46,, 8341,, 177.84
2025-03-26 22:40:53, 55,, 8341,, 217.17
2025-03-26 22:41:03, 69,, 8341,, 215.11
2025-03-26 22:41:13, 59,, 8341,, 245.85
2025-03-26 22:41:23, 29,, 8341,, 189.09
2025-03-26 22:41:33, 38,, 8341,, 90.84
2025-03-26 22:41:43, 31,, 8341,, 190.17
2025-03-26 22:41:53, 60,, 8341,, 159.43
2025-03-26 22:42:03, 44,, 8341,, 147.76
2025-03-26 22:42:13, 47,, 8341,, 215.40
2025-03-26 22:42:23, 48,, 8341,, 245.69
2025-03-26 22:42:33, 48,, 8341,, 163.10
2025-03-26 22:42:43, 62,, 8341,, 153.41
2025-03-26 22:42:54, 59,, 8341,, 168.85
2025-03-26 22:43:04, 52,, 8341,, 180.00
2025-03-26 22:43:14, 37,, 8341,, 109.97
2025-03-26 22:43:24, 41,, 8341,, 106.06
2025-03-26 22:43:34, 46,, 8341,, 156.29
2025-03-26 22:43:44, 53,, 8341,, 88.02
2025-03-26 22:43:54, 59,, 8341,, 206.59
2025-03-26 22:44:04, 47,, 8341,, 217.79
2025-03-26 22:44:14, 55,, 8341,, 207.40
2025-03-26 22:44:24, 37,, 8341,, 127.63
2025-03-26 22:44:34, 58,, 8341,, 242.82
2025-03-26 22:44:44, 31,, 8341,, 159.27
2025-03-26 22:44:54, 54,, 8341,, 105.72
2025-03-26 22:45:04, 36,, 8341,, 184.07
2025-03-26 22:45:14, 33,, 8341,, 83.64
2025-03-26 22:45:24, 44,, 8341,, 138.75
2025-03-26 22:45:34, 36,, 8341,, 122.44
2025-03-26 22:45:44, 37,, 8341,, 77.88
2025-03-26 22:45:54, 36,, 8341,, 157.62
2025-03-26 22:46:04, 55,, 8341,, 163.84
2025-03-26 22:46:14, 64,, 8341,, 197.57
2025-03-26 22:46:24, 47,, 8341,, 223.23
2025-03-26 22:46:34, 76,, 8341,, 200.91
2025-03-26 22:46:44, 37,, 8341,, 226.10
2025-03-26 22:46:54, 29,, 8341,, 247.76
2025-03-26 22:47:05, 45,, 8341,, 149.48
2025-03-26 22:47:15, 28,, 8341,, 220.51
2025-03-26 22:47:25, 31,, 8341,, 78.94
2025-03-26 22:47:35, 60,, 8341,, 216.21
2025-03-26 22:47:45, 63,, 8341,, 157.83
2025-03-26 22:47:55, 39,, 8341,, 168.74
2025-03-26 22:48:05, 36,, 8341,, 181.68
2025-03-26 22:48:15, 30,, 8341,, 83.27
2025-03-26 22:48:25, 31,, 8341,, 74.62
2025-03-26 22:48:35, 61,, 8341,, 114.69
2025-03-26 22:48:45, 46,, 8341,, 174.85
2025-03-26 22:48:55, 72,, 8341,, 138.84
2025-03-26 22:49:05, 42,, 8341,, 163.25
2025-03-26 22:49:15, 63,, 8341,, 198.39
2025-03-26 22:49:25, 28,, 8341,, 152.73
2025-03-26 22:49:35, 60,, 8341,, 92.22
2025-03-26 22:49:45, 54,, 8341,, 165.28
2025-03-26 22:49:55, 59,, 8341,, 246.48
2025-03-26 22:50:05, 27,, 8341,, 232.15
2025-03-26 22:50:15, 58,, 8341,, 243.78
2025-03-26 22:50:25, 49,, 8341,, 121.88
2025-03-26 22:50:35, 50,, 8341,, 170.07
2025-03-26 22:50:45, 30,, 8341,, 220.22
2025-03-26 22:50:55, 50,, 8341,, 95.10
2025-03-26 22:51:05, 27,, 8341,, 139.61
2025-03-26 22:51:16, 56,, 8341,, 127.71
2025-03-26 22:51:26, 62,, 8341,, 189.09
2025-03-26 22:51:36, 37,, 8341,, 97.50
2025-03-26 22:51:46, 38,, 8341,, 162.14
2025-03-26 22:51:56, 42,, 8341,, 204.12
2025-03-26 22:52:06, 22,, 8341,, 72.60
2025-03-26 22:52:16, 41,, 8341,, 76.01
2025-03-26 22:52:26, 36,, 8341,, 194.22
2025-03-26 22:52:36, 52,, 8341,, 146.71
2025-03-26 22:52:46, 34,, 8341,, 113.80
2025-03-26 22:52:56, 60,, 8341,, 169.59
2025-03-26 22:53:06, 29,, 8341,, 174.01
2025-03-26 22:53:16, 31,, 8341,, 88.50
2025-03-26 22:53:26, 18,, 8341,, 206.31
2025-03-26 22:53:36, 30,, 8341,, 77.93
2025-03-26 22:53:46, 18,, 8341,, 80.33
2025-03-26 22:53:56, 43,, 8341,, 94.14
2025-03-26 22:54:06, 55,, 8341,, 181.68
2025-03-26 22:54:16, 55,, 8341,, 144.41
2025-03-26 22:54:26, 17,, 8341,, 80.76
2025-03-26 22:54:36, 51,, 8341,, 93.72
2025-03-26 22:54:46, 32,, 8341,, 186.70
2025-03-26 22:54:56, 60,, 8341,, 217.65
2025-03-26 22:55:06, 49,, 8341,, 160.12
2025-03-26 22:55:16, 29,, 8341,, 89.40
2025-03-26 22:55:26, 30,, 8341,, 216.21
2025-03-26 22:55:37, 29,, 8341,, 210.62
2025-03-26 22:55:47, 63,, 8341,, 168.15
2025-03-26 22:55:57, 64,, 8341,, 170.29
2025-03-26 22:56:07, 60,, 8341,, 197.35
2025-03-26 22:56:17, 36,, 8341,, 111.89
2025-03-26 22:56:27, 46,, 8341,, 85.56
2025-03-26 22:56:37, 27,, 8341,, 80.28
2025-03-26 22:56:47, 48,, 8341,, 173.90
2025-03-26 22:56:57, 59,, 8341,, 90.84
2025-03-26 22:57:07, 60,, 8341,, 164.32
2025-03-26 22:57:17, 33,, 8341,, 100.99
2025-03-26 22:57:27, 22,, 8341,, 193.26
2025-03-26 22:57:37, 30,, 8341,, 97.56
2025-03-26 22:57:47, 55,, 8341,, 142.10
2025-03-26 22:57:57, 62,, 8341,, 201.66
2025-03-26 22:58:07, 30,, 8341,, 85.19
2025-03-26 22:58:17, 30,, 8341,, 183.59
2025-03-26 22:58:27, 33,, 8341,, 108.60
2025-03-26 22:58:37, 53,, 8341,, 85.08
2025-03-26 22:58:47, 28,, 8341,, 171.02
2025-03-26 22:58:57, 27,, 8341,, 220.70
2025-03-26 22:59:07, 62,, 8341,, 210.81
2025-03-26 22:59:17, 64,, 8341,, 191.26
2025-03-26 22:59:27, 58,, 8341,, 157.72
2025-03-26 22:59:37, 71,, 8341,, 123.48
2025-03-26 22:59:48, 63,, 8341,, 173.42
2025-03-26 22:59:58, 34,, 8341,, 173.30
2025-03-26 23:00:08, 18,, 8341,, 106.54
2025-03-26 23:00:18, 59,, 8341,, 160.60
2025-03-26 23:00:28, 58,, 8341,, 216.69
2025-03-26 23:00:38, 37,, 8341,, 94.20
2025-03-26 23:00:48, 62,, 8341,, 170.18
2025-03-26 23:00:58, 24,, 8341,, 153.51
2025-03-26 23:01:08, 55,, 8341,, 146.13
2025-03-26 23:01:18, 42,, 8341,, 135.30
2025-03-26 23:01:28, 25,, 8341,, 205.69
2025-03-26 23:01:38, 28,, 8341,, 224.82
2025-03-26 23:01:48, 27,, 8341,, 86.94
2025-03-26 23:01:58, 25,, 8341,, 199.61
2025-03-26 23:02:08, 46,, 8341,, 104.35
2025-03-26 23:02:18, 54,, 8341,, 155.43
2025-03-26 23:02:28, 49,, 8341,, 170.54
2025-03-26 23:02:38, 36,, 8341,, 138.08
2025-03-26 23:02:48, 63,, 8341,, 205.01
2025-03-26 23:02:58, 29,, 8341,, 134.91
2025-03-26 23:03:08, 35,, 8341,, 190.65
2025-03-26 23:03:18, 48,, 8341,, 86.52
2025-03-26 23:03:28, 45,, 8341,, 157.04
2025-03-26 23:03:38, 54,, 8341,, 206.31
2025-03-26 23:03:48, 34,, 8341,, 88.44
2025-03-26 23:03:59, 51,, 8341,, 200.78
2025-03-26 23:04:09, 39,, 8341,, 145.46
2025-03-26 23:04:19, 52,, 8341,, 95.10
2025-03-26 23:04:29, 47,, 8341,, 188.61
2025-03-26 23:04:39, 28,, 8341,, 74.62
2025-03-26 23:04:49, 27,, 8341,, 218.93
2025-03-26 23:04:59, 34,, 8341,, 175.69
2025-03-26 23:05:09, 23,, 8341,, 75.53
2025-03-26 23:05:19, 54,, 8341,, 83.70
2025-03-26 23:05:29, 36,, 8341,, 121.32
2025-03-26 23:05:39, 39,, 8341,, 206.37
2025-03-26 23:05:49, 56,, 8341,, 186.70
2025-03-26 23:05:59, 29,, 8341,, 198.18
2025-03-26 23:06:09, 38,, 8341,, 78.94
2025-03-26 23:06:19, 36,, 8341,, 190.52
2025-03-26 23:06:29, 54,, 8341,, 204.88
2025-03-26 23:06:39, 59,, 8341,, 158.68
2025-03-26 23:06:49, 54,, 8341,, 178.80
2025-03-26 23:06:59, 38,, 8341,, 216.07
2025-03-26 23:07:09, 29,, 8341,, 106.13
2025-03-26 23:07:19, 72,, 8341,, 138.27
2025-03-26 23:07:29, 59,, 8341,, 225.14
2025-03-26 23:07:39, 52,, 8341,, 217.17
2025-03-26 23:07:49, 55,, 8341,, 91.74
2025-03-26 23:07:59, 59,, 8341,, 205.35
2025-03-26 23:08:10, 61,, 8341,, 235.34
2025-03-26 23:08:20, 18,, 8341,, 86.10
2025-03-26 23:08:30, 53,, 8341,, 83.16
2025-03-26 23:08:40, 34,, 8341,, 91.26
2025-03-26 23:08:50, 46,, 8341,, 88.92
2025-03-26 23:09:00, 36,, 8341,, 150.44
2025-03-26 23:09:10, 25,, 8341,, 113.73
2025-03-26 23:09:20, 36,, 8341,, 108.05
2025-03-26 23:09:30, 41,, 8341,, 80.33
2025-03-26 23:09:40, 25,, 8341,, 84.60
2025-03-26 23:09:50, 41,, 8341,, 79.80
2025-03-26 23:10:00, 43,, 8341,, 199.48
2025-03-26 23:10:10, 36,, 8341,, 101.33
2025-03-26 23:10:20, 55,, 8341,, 212.39
2025-03-26 23:10:30, 59,, 8341,, 195.44
2025-03-26 23:10:40, 26,, 8341,, 208.22
2025-03-26 23:10:50, 42,, 8341,, 168.74
2025-03-26 23:11:00, 33,, 8341,, 119.96
2025-03-26 23:11:10, 51,, 8341,, 162.99
2025-03-26 23:11:20, 58,, 8341,, 157.24
2025-03-26 23:11:30, 33,, 8341,, 73.99
2025-03-26 23:11:40, 36,, 8341,, 141.15
2025-03-26 23:11:50, 42,, 8341,, 224.99
2025-03-26 23:12:00, 19,, 8341,, 129.55
2025-03-26 23:12:10, 36,, 8341,, 170.07
2025-03-26 23:12:20, 33,, 8341,, 99.96
2025-03-26 23:12:31, 27,, 8341,, 78.94
2025-03-26 23:12:41, 27,, 8341,, 235.01
2025-03-26 23:12:51, 40,, 8341,, 230.55
2025-03-26 23:13:01, 37,, 8341,, 80.33
2025-03-26 23:13:11, 29,, 8341,, 224.52
2025-03-26 23:13:21, 50,, 8341,, 146.90
2025-03-26 23:13:31, 33,, 8341,, 112.36
2025-03-26 23:13:41, 40,, 8341,, 206.31
2025-03-26 23:13:51, 63,, 8341,, 82.74
2025-03-26 23:14:01, 60,, 8341,, 219.74
2025-03-26 23:14:11, 28,, 8341,, 211.91
2025-03-26 23:14:21, 45,, 8341,, 123.32
2025-03-26 23:14:31, 62,, 8341,, 177.25
2025-03-26 23:14:41, 63,, 8341,, 163.10
2025-03-26 23:14:51, 17,, 8341,, 220.37
2025-03-26 23:15:01, 45,, 8341,, 164.32
2025-03-26 23:15:11, 62,, 8341,, 190.65
2025-03-26 23:15:21, 22,, 8341,, 75.48
2025-03-26 23:15:31, 47,, 8341,, 179.52
2025-03-26 23:15:41, 18,, 8341,, 128.67
2025-03-26 23:15:51, 76,, 8341,, 148.14
2025-03-26 23:16:01, 40,, 8341,, 220.85
2025-03-26 23:16:11, 51,, 8341,, 190.87
2025-03-26 23:16:21, 27,, 8341,, 74.57
2025-03-26 23:16:31, 23,, 8341,, 190.40
2025-03-26 23:16:42, 37,, 8341,, 176.17
2025-03-26 23:16:52, 53,, 8341,, 87.00
2025-03-26 23:17:02, 35,, 8341,, 88.44
2025-03-26 23:17:12, 18,, 8341,, 217.50
2025-03-26 23:17:22, 37,, 8341,, 83.64
2025-03-26 23:17:32, 49,, 8341,, 197.57
2025-03-26 23:17:42, 27,, 8341,, 151.98
2025-03-26 23:17:52, 48,, 8341,, 130.90
2025-03-26 23:18:02, 51,, 8341,, 181.43
2025-03-26 23:18:12, 32,, 8341,, 229.77
2025-03-26 23:18:22, 41,, 8341,, 88.02
2025-03-26 23:18:32, 42,, 8341,, 85.56
2025-03-26 23:18:42, 57,, 8341,, 249.03
2025-03-26 23:18:52, 35,, 8341,, 163.47
2025-03-26 23:19:02, 47,, 8341,, 166.24
2025-03-26 23:19:12, 46,, 8341,, 199.96
2025-03-26 23:19:22, 28,, 8341,, 186.70
2025-03-26 23:19:32, 55,, 8341,, 221.95
2025-03-26 23:19:42, 45,, 8341,, 243.14
2025-03-26 23:19:52, 36,, 8341,, 105.72
2025-03-26 23:20:02, 17,, 8341,, 82.25
2025-03-26 23:20:12, 36,, 8341,, 210.14
2025-03-26 23:20:22, 39,, 8341,, 204.67
2025-03-26 23:20:32, 28,, 8341,, 115.32
2025-03-26 23:20:43, 27,, 8341,, 104.21
2025-03-26 23:20:53, 39,, 8341,, 84.60
2025-03-26 23:21:03, 76,, 8341,, 153.41
2025-03-26 23:21:13, 47,, 8341,, 211.77
2025-03-26 23:21:23, 29,, 8341,, 192.57
2025-03-26 23:21:33, 32,, 8341,, 106.61
2025-03-26 23:21:43, 64,, 8341,, 220.85
2025-03-26 23:21:53, 39,, 8341,, 184.43
2025-03-26 23:22:03, 42,, 8341,, 191.83
2025-03-26 23:22:13, 32,, 8341,, 97.62
2025-03-26 23:22:23, 19,, 8341,, 75.53
2025-03-26 23:22:33, 21,, 8341,, 215.73
2025-03-26 23:22:43, 54,, 8341,, 212.05
2025-03-26 23:22:53, 30,, 8341,, 94.68
2025-03-26 23:23:03, 27,, 8341,, 74.57
2025-03-26 23:23:13, 38,, 8341,, 216.98
2025-03-26 23:23:23, 36,, 8341,, 82.31
2025-03-26 23:23:33, 37,, 8341,, 95.16
2025-03-26 23:23:43, 61,, 8341,, 205.83
2025-03-26 23:23:53, 46,, 8341,, 158.84
2025-03-26 23:24:03, 46,, 8341,, 206.03
2025-03-26 23:24:13, 53,, 8341,, 188.48
2025-03-26 23:24:23, 27,, 8341,, 216.40
2025-03-26 23:24:33, 46,, 8341,, 150.06
2025-03-26 23:24:43, 40,, 8341,, 240.75
2025-03-26 23:24:53, 30,, 8341,, 122.36
2025-03-26 23:25:03, 60,, 8341,, 242.03
2025-03-26 23:25:14, 38,, 8341,, 193.17
2025-03-26 23:25:24, 38,, 8341,, 107.57
2025-03-26 23:25:34, 46,, 8341,, 213.34
2025-03-26 23:25:44, 35,, 8341,, 199.75
2025-03-26 23:25:54, 68,, 8341,, 232.79
2025-03-26 23:26:04, 30,, 8341,, 140.96
2025-03-26 23:26:14, 62,, 8341,, 106.68
2025-03-26 23:26:24, 33,, 8341,, 206.31
2025-03-26 23:26:34, 54,, 8341,, 81.24
2025-03-26 23:26:44, 69,, 8341,, 188.51
2025-03-26 23:26:54, 18,, 8341,, 227.36
2025-03-26 23:27:04, 32,, 8341,, 192.57
2025-03-26 23:27:14, 28,, 8341,, 103.25
2025-03-26 23:27:24, 29,, 8341,, 191.26
2025-03-26 23:27:34, 39,, 8341,, 75.05
2025-03-26 23:27:44, 32,, 8343,, 209.04
2025-03-26 23:27:54, 35,, 8343,, 75.10
2025-03-26 23:28:04, 47,, 8343,, 104.14
2025-03-26 23:28:14, 29,, 8343,, 237.57
2025-03-26 23:28:24, 78,, 8343,, 218.46
2025-03-26 23:28:34, 29,, 8343,, 119.96
2025-03-26 23:28:44, 36,, 8343,, 92.40
2025-03-26 23:28:54, 23,, 8343,, 103.32
2025-03-26 23:29:04, 50,, 8343,, 219.08
2025-03-26 23:29:14, 56,, 8343,, 159.16
2025-03-26 23:29:25, 55,, 8343,, 94.14
2025-03-26 23:29:35, 55,, 8343,, 102.77
2025-03-26 23:29:45, 19,, 8343,, 88.02
2025-03-26 23:29:55, 27,, 8343,, 221.32
2025-03-26 23:30:05, 20,, 8343,, 204.88
2025-03-26 23:30:15, 47,, 8343,, 164.91
2025-03-26 23:30:25, 19,, 8343,, 85.02
2025-03-26 23:30:35, 69,, 8343,, 234.86
2025-03-26 23:30:45, 28,, 8343,, 86.58
2025-03-26 23:30:55, 28,, 8343,, 77.45
2025-03-26 23:31:05, 36,, 8343,, 212.53
2025-03-26 23:31:15, 47,, 8343,, 121.08
2025-03-26 23:31:25, 56,, 8343,, 79.32
2025-03-26 23:31:35, 28,, 8343,, 216.36
2025-03-26 23:31:45, 44,, 8343,, 124.36
2025-03-26 23:31:55, 41,, 8343,, 137.51
2025-03-26 23:32:05, 30,, 8343,, 182.99
2025-03-26 23:32:15, 78,, 8343,, 137.31
2025-03-26 23:32:25, 47,, 8343,, 197.48
2025-03-26 23:32:35, 31,, 8343,, 85.08
2025-03-26 23:32:45, 29,, 8343,, 75.58
2025-03-26 23:32:55, 31,, 8343,, 183.47
2025-03-26 23:33:05, 23,, 8343,, 100.44
2025-03-26 23:33:15, 63,, 8343,, 164.06
2025-03-26 23:33:25, 46,, 8343,, 192.44
2025-03-26 23:33:35, 36,, 8343,, 116.60
2025-03-26 23:33:45, 26,, 8343,, 145.85
2025-03-26 23:33:56, 26,, 8343,, 115.24
2025-03-26 23:34:06, 41,, 8343,, 173.05
2025-03-26 23:34:16, 31,, 8343,, 110.85
2025-03-26 23:34:26, 40,, 8343,, 163.95
2025-03-26 23:34:36, 31,, 8343,, 109.41
2025-03-26 23:34:46, 27,, 8343,, 102.36
2025-03-26 23:34:56, 39,, 8343,, 86.04
2025-03-26 23:35:06, 72,, 8343,, 177.37
2025-03-26 23:35:16, 37,, 8343,, 176.77
2025-03-26 23:35:26, 37,, 8343,, 78.84
2025-03-26 23:35:36, 26,, 8343,, 76.44
2025-03-26 23:35:46, 21,, 8343,, 81.24
2025-03-26 23:35:56, 64,, 8343,, 159.05
2025-03-26 23:36:06, 47,, 8343,, 89.34
2025-03-26 23:36:16, 22,, 8343,, 78.36
2025-03-26 23:36:26, 31,, 8343,, 174.85
2025-03-26 23:36:36, 61,, 8343,, 198.31
2025-03-26 23:36:46, 63,, 8343,, 127.24
2025-03-26 23:36:56, 38,, 8343,, 101.88
2025-03-26 23:37:06, 39,, 8343,, 85.56
2025-03-26 23:37:16, 63,, 8343,, 241.87
2025-03-26 23:37:26, 28,, 8343,, 112.44
2025-03-26 23:37:36, 37,, 8343,, 106.68
2025-03-26 23:37:46, 50,, 8343,, 152.83
2025-03-26 23:37:56, 36,, 8343,, 239.48
2025-03-26 23:38:06, 32,, 8343,, 223.71
2025-03-26 23:38:17, 39,, 8343,, 169.59
2025-03-26 23:38:27, 52,, 8343,, 109.49
2025-03-26 23:38:37, 42,, 8343,, 187.42
2025-03-26 23:38:47, 24,, 8343,, 215.26
2025-03-26 23:38:57, 52,, 8343,, 243.30
2025-03-26 23:39:07, 54,, 8343,, 158.79
2025-03-26 23:39:17, 23,, 8343,, 86.04
2025-03-26 23:39:27, 22,, 8343,, 74.57
2025-03-26 23:39:37, 23,, 8343,, 112.44
2025-03-26 23:39:47, 36,, 8343,, 248.39
2025-03-26 23:39:57, 34,, 8343,, 111.41
2025-03-26 23:40:07, 48,, 8343,, 220.18
2025-03-26 23:40:17, 66,, 8343,, 245.85
2025-03-26 23:40:27, 29,, 8343,, 149.78
2025-03-26 23:40:37, 35,, 8343,, 176.29
2025-03-26 23:40:47, 28,, 8343,, 192.21
2025-03-26 23:40:57, 18,, 8343,, 90.90
2025-03-26 23:41:07, 38,, 8343,, 92.82
2025-03-26 23:41:17, 51,, 8343,, 193.17
2025-03-26 23:41:27, 32,, 8343,, 182.63
2025-03-26 23:41:37, 33,, 8343,, 85.14
2025-03-26 23:41:47, 19,, 8343,, 74.09
2025-03-26 23:41:57, 28,, 8343,, 74.52
2025-03-26 23:42:07, 64,, 8343,, 187.17
2025-03-26 23:42:17, 22,, 8343,, 155.91
2025-03-26 23:42:27, 53,, 8343,, 215.11
2025-03-26 23:42:38, 28,, 8343,, 146.23
2025-03-26 23:42:48, 37,, 8343,, 184.07
2025-03-26 23:42:58, 46,, 8343,, 80.39
2025-03-26 23:43:08, 41,, 8343,, 202.14
2025-03-26 23:43:18, 32,, 8343,, 137.70
2025-03-26 23:43:28, 60,, 8343,, 207.61
2025-03-26 23:43:38, 37,, 8343,, 239.96
2025-03-26 23:43:48, 52,, 8343,, 203.92
2025-03-26 23:43:58, 19,, 8343,, 74.62
2025-03-26 23:44:08, 60,, 8343,, 93.24
2025-03-26 23:44:18, 42,, 8343,, 179.76
2025-03-26 23:44:28, 19,, 8343,, 140.38
2025-03-26 23:44:38, 31,, 8343,, 91.86
2025-03-26 23:44:48, 40,, 8343,, 202.82
2025-03-26 23:44:58, 17,, 8343,, 92.76
2025-03-26 23:45:08, 21,, 8343,, 94.74
2025-03-26 23:45:18, 30,, 8343,, 155.23
2025-03-26 23:45:28, 32,, 8343,, 107.64
2025-03-26 23:45:38, 51,, 8343,, 223.23
2025-03-26 23:45:48, 47,, 8343,, 93.30
2025-03-26 23:45:58, 36,, 8343,, 236.29
2025-03-26 23:46:08, 53,, 8343,, 201.66
2025-03-26 23:46:18, 32,, 8343,, 164.06
2025-03-26 23:46:28, 18,, 8343,, 170.91
2025-03-26 23:46:38, 46,, 8343,, 181.91
2025-03-26 23:46:49, 51,, 8343,, 189.34
2025-03-26 23:46:59, 54,, 8343,, 186.57
2025-03-26 23:47:09, 55,, 8343,, 162.88
2025-03-26 23:47:19, 53,, 8343,, 245.84
2025-03-26 23:47:29, 41,, 8343,, 235.02
2025-03-26 23:47:39, 38,, 8343,, 172.10
2025-03-26 23:47:49, 45,, 8343,, 218.60
2025-03-26 23:47:59, 38,, 8343,, 118.12
2025-03-26 23:48:09, 37,, 8343,, 96.06
2025-03-26 23:48:19, 60,, 8343,, 229.92
2025-03-26 23:48:29, 52,, 8343,, 152.56
2025-03-26 23:48:39, 53,, 8343,, 186.22
2025-03-26 23:48:49, 37,, 8343,, 74.04
2025-03-26 23:48:59, 63,, 8343,, 107.64
2025-03-26 23:49:09, 28,, 8343,, 196.74
2025-03-26 23:49:19, 64,, 8343,, 230.88
2025-03-26 23:49:29, 61,, 8343,, 222.43
2025-03-26 23:49:39, 36,, 8343,, 102.84
2025-03-26 23:49:49, 46,, 8343,, 250.61
2025-03-26 23:49:59, 56,, 8343,, 234.22
2025-03-26 23:50:09, 64,, 8343,, 165.39
2025-03-26 23:50:19, 45,, 8343,, 107.71
2025-03-26 23:50:29, 63,, 8343,, 224.19
2025-03-26 23:50:39, 48,, 8343,, 197.91
2025-03-26 23:50:49, 30,, 8343,, 231.35
2025-03-26 23:51:00, 51,, 8343,, 229.60
2025-03-26 23:51:10, 42,, 8343,, 158.79
2025-03-26 23:51:20, 54,, 8343,, 168.26
2025-03-26 23:51:30, 38,, 8343,, 98.45
2025-03-26 23:51:40, 29,, 8343,, 127.71
2025-03-26 23:51:50, 41,, 8343,, 149.48
2025-03-26 23:52:00, 36,, 8343,, 102.29
2025-03-26 23:52:10, 62,, 8343,, 231.68
2025-03-26 23:52:20, 48,, 8343,, 212.44
2025-03-26 23:52:30, 40,, 8343,, 216.50
2025-03-26 23:52:40, 50,, 8343,, 227.53
2025-03-26 23:52:50, 29,, 8343,, 229.60
2025-03-26 23:53:00, 38,, 8343,, 216.36
2025-03-26 23:53:10, 38,, 8343,, 118.60
2025-03-26 23:53:20, 61,, 8343,, 85.50
2025-03-26 23:53:30, 50,, 8343,, 90.42
2025-03-26 23:53:40, 41,, 8343,, 238.04
2025-03-26 23:53:50, 47,, 8343,, 153.41
2025-03-26 23:54:00, 28,, 8343,, 210.00
2025-03-26 23:54:10, 36,, 8343,, 148.72
2025-03-26 23:54:20, 29,, 8343,, 171.73
2025-03-26 23:54:30, 20,, 8343,, 144.98
2025-03-26 23:54:40, 55,, 8343,, 241.39
2025-03-26 23:54:50, 42,, 8343,, 176.77
2025-03-26 23:55:00, 44,, 8343,, 165.02
2025-03-26 23:55:10, 38,, 8343,, 239.96
2025-03-26 23:55:21, 37,, 8343,, 111.33
2025-03-26 23:55:31, 49,, 8343,, 205.69
2025-03-26 23:55:41, 56,, 8343,, 126.75
2025-03-26 23:55:51, 63,, 8343,, 162.88
2025-03-26 23:56:01, 60,, 8343,, 226.90
2025-03-26 23:56:11, 55,, 8343,, 234.54
2025-03-26 23:56:21, 38,, 8343,, 184.78
2025-03-26 23:56:31, 54,, 8343,, 83.64
2025-03-26 23:56:41, 39,, 8343,, 228.32
2025-03-26 23:56:51, 50,, 8343,, 83.27
2025-03-26 23:57:01, 61,, 8343,, 179.28
2025-03-26 23:57:11, 54,, 8343,, 97.50
2025-03-26 23:57:21, 34,, 8343,, 195.44
2025-03-26 23:57:31, 36,, 8343,, 172.46
2025-03-26 23:57:41, 44,, 8343,, 222.76
2025-03-26 23:57:51, 52,, 8343,, 151.70
2025-03-26 23:58:01, 35,, 8343,, 138.08
2025-03-26 23:58:11, 27,, 8343,, 239.79
2025-03-26 23:58:21, 58,, 8343,, 158.10
2025-03-26 23:58:31, 35,, 8343,, 149.78
2025-03-26 23:58:41, 34,, 8343,, 201.39
2025-03-26 23:58:51, 55,, 8343,, 176.52
2025-03-26 23:59:01, 19,, 8343,, 81.24
2025-03-26 23:59:11, 34,, 8343,, 107.57
2025-03-26 23:59:22, 28,, 8343,, 144.89
2025-03-26 23:59:32, 48,, 8343,, 145.37
2025-03-26 23:59:42, 30,, 8343,, 170.54
2025-03-26 23:59:52, 40,, 8343,, 230.24
2025-03-27 00:00:02, 40,, 8343,, 176.89
2025-03-27 00:00:12, 30,, 8343,, 91.38
2025-03-27 00:00:22, 35,, 8343,, 201.26
2025-03-27 00:00:32, 22,, 8343,, 148.34
2025-03-27 00:00:42, 27,, 8343,, 85.02
2025-03-27 00:00:52, 59,, 8343,, 215.07
2025-03-27 00:01:02, 41,, 8343,, 165.50
2025-03-27 00:01:12, 42,, 8343,, 93.18
2025-03-27 00:01:22, 29,, 8343,, 89.46
2025-03-27 00:01:32, 54,, 8343,, 223.38
2025-03-27 00:01:42, 37,, 8343,, 175.33
2025-03-27 00:01:52, 19,, 8343,, 77.40
2025-03-27 00:02:02, 28,, 8343,, 93.78
2025-03-27 00:02:12, 44,, 8343,, 200.01
2025-03-27 00:02:22, 31,, 8343,, 87.60
2025-03-27 00:02:32, 64,, 8343,, 160.97
2025-03-27 00:02:42, 22,, 8343,, 90.84
2025-03-27 00:02:52, 31,, 8343,, 84.60
2025-03-27 00:03:02, 17,, 8343,, 75.10
2025-03-27 00:03:12, 37,, 8343,, 102.84
2025-03-27 00:03:22, 52,, 8343,, 234.70
2025-03-27 00:03:33, 20,, 8343,, 78.36
2025-03-27 00:03:43, 59,, 8343,, 186.22
2025-03-27 00:03:53, 48,, 8343,, 158.79
2025-03-27 00:04:03, 63,, 8343,, 98.04
2025-03-27 00:04:13, 43,, 8343,, 128.11
2025-03-27 00:04:23, 55,, 8343,, 230.88
2025-03-27 00:04:33, 48,, 8343,, 113.80
2025-03-27 00:04:43, 52,, 8343,, 170.43
2025-03-27 00:04:53, 18,, 8343,, 199.96
2025-03-27 00:05:03, 50,, 8343,, 177.13
2025-03-27 00:05:13, 19,, 8343,, 119.96
2025-03-27 00:05:23, 47,, 8343,, 138.93
2025-03-27 00:05:33, 46,, 8343,, 198.18
2025-03-27 00:05:43, 52,, 8343,, 244.88
2025-03-27 00:05:53, 41,, 8343,, 170.89
2025-03-27 00:06:03, 56,, 8343,, 203.92
2025-03-27 00:06:13, 54,, 8343,, 194.35
2025-03-27 00:06:23, 37,, 8343,, 103.73
2025-03-27 00:06:33, 47,, 8343,, 168.74
2025-03-27 00:06:43, 30,, 8343,, 218.93
2025-03-27 00:06:53, 73,, 8343,, 100.85
2025-03-27 00:07:03, 54,, 8343,, 96.47
2025-03-27 00:07:13, 30,, 8343,, 123.96
2025-03-27 00:07:23, 39,, 8343,, 129.94
2025-03-27 00:07:33, 56,, 8343,, 207.13
2025-03-27 00:07:43, 31,, 8343,, 112.92
2025-03-27 00:07:54, 34,, 8343,, 84.12
2025-03-27 00:08:04, 64,, 8343,, 179.16
2025-03-27 00:08:14, 26,, 8343,, 199.75
2025-03-27 00:08:24, 28,, 8343,, 88.98
2025-03-27 00:08:34, 33,, 8343,, 98.11
2025-03-27 00:08:44, 32,, 8343,, 110.37
2025-03-27 00:08:54, 29,, 8343,, 136.26
2025-03-27 00:09:04, 44,, 8343,, 206.17
2025-03-27 00:09:14, 14,, 8343,, 92.82
2025-03-27 00:09:24, 28,, 8343,, 190.52
2025-03-27 00:09:34, 28,, 8343,, 153.41
2025-03-27 00:09:44, 29,, 8343,, 117.08
2025-03-27 00:09:54, 36,, 8343,, 176.29
2025-03-27 00:10:04, 28,, 8343,, 147.57
2025-03-27 00:10:14, 47,, 8343,, 157.62
2025-03-27 00:10:24, 29,, 8343,, 100.85
2025-03-27 00:10:34, 19,, 8343,, 74.57
2025-03-27 00:10:44, 49,, 8343,, 107.71
2025-03-27 00:10:54, 27,, 8343,, 83.27
2025-03-27 00:11:04, 55,, 8343,, 157.72
2025-03-27 00:11:14, 37,, 8343,, 243.46
2025-03-27 00:11:24, 38,, 8343,, 140.57
2025-03-27 00:11:34, 42,, 8343,, 202.35
2025-03-27 00:11:44, 29,, 8343,, 171.98
2025-03-27 00:11:54, 46,, 8343,, 173.78
2025-03-27 00:12:05, 52,, 8343,, 184.07
2025-03-27 00:12:15, 27,, 8343,, 74.09
2025-03-27 00:12:25, 41,, 8343,, 86.52
2025-03-27 00:12:35, 59,, 8343,, 193.87
2025-03-27 00:12:45, 28,, 8343,, 161.66
2025-03-27 00:12:55, 54,, 8343,, 202.48
2025-03-27 00:13:05, 47,, 8343,, 226.90
2025-03-27 00:13:15, 19,, 8343,, 132.42
2025-03-27 00:13:25, 28,, 8343,, 81.29
2025-03-27 00:13:35, 37,, 8343,, 93.18
2025-03-27 00:13:45, 60,, 8343,, 223.23
2025-03-27 00:13:55, 25,, 8343,, 210.95
2025-03-27 00:14:05, 37,, 8343,, 164.32
2025-03-27 00:14:15, 46,, 8343,, 184.30
2025-03-27 00:14:25, 39,, 8343,, 115.32
2025-03-27 00:14:35, 43,, 8343,, 87.06
2025-03-27 00:14:45, 32,, 8343,, 187.88
2025-03-27 00:14:55, 28,, 8343,, 142.01
2025-03-27 00:15:05, 39,, 8343,, 182.03
2025-03-27 00:15:15, 26,, 8343,, 74.09
2025-03-27 00:15:25, 57,, 8343,, 167.67
2025-03-27 00:15:35, 27,, 8343,, 159.27
2025-03-27 00:15:45, 17,, 8343,, 109.49
2025-03-27 00:15:55, 30,, 8343,, 196.26
2025-03-27 00:16:05, 60,, 8343,, 176.53
2025-03-27 00:16:16, 60,, 8343,, 159.90
2025-03-27 00:16:26, 52,, 8343,, 170.18
2025-03-27 00:16:36, 45,, 8343,, 241.07
2025-03-27 00:16:46, 63,, 8343,, 229.92
2025-03-27 00:16:56, 75,, 8343,, 169.47
2025-03-27 00:17:06, 29,, 8343,, 89.40
2025-03-27 00:17:16, 51,, 8343,, 172.46
2025-03-27 00:17:26, 40,, 8343,, 208.22
2025-03-27 00:17:36, 19,, 8343,, 75.10
2025-03-27 00:17:46, 51,, 8343,, 182.39
2025-03-27 00:17:56, 17,, 8343,, 76.01
2025-03-27 00:18:06, 60,, 8343,, 162.62
2025-03-27 00:18:16, 51,, 8343,, 157.72
2025-03-27 00:18:26, 19,, 8343,, 74.57
2025-03-27 00:18:36, 37,, 8343,, 195.79
2025-03-27 00:18:46, 28,, 8343,, 174.49
2025-03-27 00:18:56, 52,, 8343,, 196.26
2025-03-27 00:19:06, 39,, 8343,, 98.11
2025-03-27 00:19:16, 55,, 8343,, 223.38
2025-03-27 00:19:26, 39,, 8343,, 198.18
2025-03-27 00:19:36, 26,, 8343,, 238.84
2025-03-27 00:19:46, 30,, 8343,, 135.39
2025-03-27 00:19:56, 28,, 8343,, 153.99
2025-03-27 00:20:06, 41,, 8343,, 166.35
2025-03-27 00:20:16, 28,, 8343,, 127.54
2025-03-27 00:20:27, 57,, 8343,, 225.14
2025-03-27 00:20:37, 38,, 8343,, 232.31
2025-03-27 00:20:47, 40,, 8343,, 151.02
2025-03-27 00:20:57, 50,, 8343,, 168.99
2025-03-27 00:21:07, 81,, 8343,, 105.79
2025-03-27 00:21:17, 28,, 8343,, 220.18
2025-03-27 00:21:27, 49,, 8343,, 111.41
2025-03-27 00:21:37, 29,, 8343,, 98.45
2025-03-27 00:21:47, 38,, 8343,, 203.71
2025-03-27 00:21:57, 42,, 8343,, 183.95
2025-03-27 00:22:07, 42,, 8343,, 165.98
2025-03-27 00:22:17, 32,, 8343,, 217.17
2025-03-27 00:22:27, 28,, 8343,, 92.88
2025-03-27 00:22:37, 26,, 8343,, 88.08
2025-03-27 00:22:47, 60,, 8343,, 137.60
2025-03-27 00:22:57, 34,, 8343,, 88.98
2025-03-27 00:23:07, 56,, 8343,, 209.38
2025-03-27 00:23:17, 28,, 8343,, 223.53
2025-03-27 00:23:27, 48,, 8343,, 244.26
2025-03-27 00:23:37, 39,, 8343,, 249.37
2025-03-27 00:23:47, 29,, 8343,, 212.53
2025-03-27 00:23:57, 59,, 8343,, 216.02
2025-03-27 00:24:07, 28,, 8343,, 77.02
2025-03-27 00:24:17, 38,, 8343,, 210.76
2025-03-27 00:24:27, 29,, 8343,, 81.35
2025-03-27 00:24:37, 23,, 8343,, 214.16
2025-03-27 00:24:48, 51,, 8343,, 92.76
2025-03-27 00:24:58, 28,, 8343,, 165.76
2025-03-27 00:25:08, 35,, 8343,, 154.47
2025-03-27 00:25:18, 8,, 8343,, 72.70
2025-03-27 00:25:28, 52,, 8343,, 95.10
2025-03-27 00:25:38, 45,, 8343,, 242.18
2025-03-27 00:25:48, 37,, 8343,, 220.85
2025-03-27 00:25:58, 48,, 8343,, 214.78
2025-03-27 00:26:08, 28,, 8343,, 161.71
2025-03-27 00:26:18, 43,, 8343,, 152.08
2025-03-27 00:26:28, 55,, 8343,, 156.29
2025-03-27 00:26:38, 24,, 8343,, 221.29
2025-03-27 00:26:48, 23,, 8343,, 93.18
2025-03-27 00:26:58, 64,, 8343,, 227.53
2025-03-27 00:27:08, 57,, 8343,, 155.06
2025-03-27 00:27:18, 52,, 8343,, 227.99
2025-03-27 00:27:28, 39,, 8343,, 212.53
2025-03-27 00:27:38, 37,, 8343,, 99.96
2025-03-27 00:27:48, 19,, 8343,, 88.02
2025-03-27 00:27:58, 36,, 8343,, 127.63
2025-03-27 00:28:08, 32,, 8343,, 91.80
2025-03-27 00:28:18, 29,, 8343,, 144.89
2025-03-27 00:28:28, 41,, 8343,, 182.51
2025-03-27 00:28:38, 29,, 8343,, 73.13
2025-03-27 00:28:48, 56,, 8343,, 116.68
2025-03-27 00:28:59, 31,, 8343,, 148.52
2025-03-27 00:29:09, 32,, 8343,, 121.88
2025-03-27 00:29:19, 29,, 8343,, 200.70
2025-03-27 00:29:29, 50,, 8343,, 73.66
2025-03-27 00:29:39, 27,, 8343,, 139.52
2025-03-27 00:29:49, 58,, 8343,, 176.41
2025-03-27 00:29:59, 44,, 8343,, 89.40
2025-03-27 00:30:09, 46,, 8343,, 130.90
2025-03-27 00:30:19, 18,, 8343,, 93.24
2025-03-27 00:30:29, 86,, 8343,, 77.93
2025-03-27 00:30:39, 33,, 8343,, 137.22
2025-03-27 00:30:49, 46,, 8343,, 191.26
2025-03-27 00:30:59, 62,, 8343,, 210.62
2025-03-27 00:31:09, 43,, 8343,, 237.57
2025-03-27 00:31:19, 47,, 8343,, 83.64
2025-03-27 00:31:29, 56,, 8343,, 190.04
2025-03-27 00:31:39, 34,, 8343,, 210.76
2025-03-27 00:31:49, 53,, 8343,, 182.99
2025-03-27 00:31:59, 38,, 8343,, 219.23
2025-03-27 00:32:09, 37,, 8343,, 86.58
2025-03-27 00:32:19, 28,, 8343,, 91.32
2025-03-27 00:32:29, 51,, 8343,, 209.18
2025-03-27 00:32:39, 30,, 8343,, 160.60
2025-03-27 00:32:49, 34,, 8343,, 168.99
2025-03-27 00:32:59, 41,, 8343,, 145.46
2025-03-27 00:33:10, 77,, 8343,, 96.47
2025-03-27 00:33:20, 63,, 8343,, 77.88
2025-03-27 00:33:30, 37,, 8343,, 105.10
2025-03-27 00:33:40, 38,, 8343,, 92.76
2025-03-27 00:33:50, 31,, 8343,, 189.57
2025-03-27 00:34:00, 36,, 8343,, 93.72
2025-03-27 00:34:10, 28,, 8343,, 123.79
2025-03-27 00:34:20, 38,, 8343,, 77.88
2025-03-27 00:34:30, 58,, 8343,, 206.45
2025-03-27 00:34:40, 25,, 8343,, 153.89
2025-03-27 00:34:50, 28,, 8343,, 155.33
2025-03-27 00:35:00, 36,, 8343,, 86.04
2025-03-27 00:35:10, 28,, 8343,, 223.38
2025-03-27 00:35:20, 30,, 8343,, 128.11
2025-03-27 00:35:30, 36,, 8343,, 74.09
2025-03-27 00:35:40, 52,, 8343,, 235.34
2025-03-27 00:35:50, 22,, 8343,, 85.08
2025-03-27 00:36:00, 36,, 8343,, 237.41
2025-03-27 00:36:10, 46,, 8343,, 97.97
2025-03-27 00:36:20, 37,, 8343,, 138.65
2025-03-27 00:36:30, 57,, 8343,, 235.81
2025-03-27 00:36:40, 53,, 8343,, 187.65
2025-03-27 00:36:50, 34,, 8343,, 140.09
2025-03-27 00:37:00, 28,, 8343,, 128.11
2025-03-27 00:37:10, 28,, 8343,, 75.53
2025-03-27 00:37:21, 37,, 8343,, 118.04
2025-03-27 00:37:31, 28,, 8343,, 205.01
2025-03-27 00:37:41, 61,, 8343,, 248.24
2025-03-27 00:37:51, 51,, 8343,, 259.07
2025-03-27 00:38:01, 31,, 8343,, 97.97
2025-03-27 00:38:11, 35,, 8343,, 83.70
2025-03-27 00:38:21, 40,, 8343,, 81.83
2025-03-27 00:38:31, 38,, 8343,, 113.80
2025-03-27 00:38:41, 33,, 8343,, 141.92
2025-03-27 00:38:51, 57,, 8343,, 105.17
2025-03-27 00:39:01, 29,, 8343,, 131.94
2025-03-27 00:39:11, 58,, 8343,, 92.70
2025-03-27 00:39:21, 29,, 8343,, 224.16
2025-03-27 00:39:31, 50,, 8343,, 91.32
2025-03-27 00:39:41, 48,, 8343,, 220.81
2025-03-27 00:39:51, 28,, 8343,, 112.77
2025-03-27 00:40:01, 41,, 8343,, 90.00
2025-03-27 00:40:11, 27,, 8343,, 99.00
2025-03-27 00:40:21, 50,, 8343,, 99.07
2025-03-27 00:40:31, 49,, 8343,, 223.71
2025-03-27 00:40:41, 59,, 8343,, 215.73
2025-03-27 00:40:51, 46,, 8343,, 88.92
2025-03-27 00:41:01, 63,, 8343,, 213.68
2025-03-27 00:41:11, 19,, 8343,, 110.93
2025-03-27 00:41:21, 28,, 8343,, 124.27
2025-03-27 00:41:31, 37,, 8343,, 221.77
2025-03-27 00:41:42, 37,, 8343,, 127.71
2025-03-27 00:41:52, 58,, 8343,, 194.22
2025-03-27 00:42:02, 25,, 8343,, 232.47
2025-03-27 00:42:12, 47,, 8343,, 189.21
2025-03-27 00:42:22, 43,, 8343,, 151.98
2025-03-27 00:42:32, 52,, 8343,, 213.49
2025-03-27 00:42:42, 29,, 8343,, 87.48
2025-03-27 00:42:52, 54,, 8343,, 207.88
2025-03-27 00:43:02, 21,, 8343,, 76.01
2025-03-27 00:43:12, 19,, 8343,, 106.20
2025-03-27 00:43:22, 55,, 8343,, 206.65
2025-03-27 00:43:32, 55,, 8343,, 101.40
2025-03-27 00:43:42, 28,, 8343,, 96.18
2025-03-27 00:43:52, 40,, 8343,, 206.65
2025-03-27 00:44:02, 54,, 8343,, 234.86
2025-03-27 00:44:12, 45,, 8343,, 129.55
2025-03-27 00:44:22, 48,, 8343,, 163.84
2025-03-27 00:44:32, 53,, 8343,, 243.30
2025-03-27 00:44:42, 44,, 8343,, 136.83
2025-03-27 00:44:52, 25,, 8343,, 141.92
2025-03-27 00:45:02, 38,, 8343,, 227.69
2025-03-27 00:45:12, 60,, 8343,, 197.70
2025-03-27 00:45:22, 46,, 8343,, 206.79
2025-03-27 00:45:32, 41,, 8343,, 184.43
2025-03-27 00:45:42, 32,, 8343,, 108.05
2025-03-27 00:45:53, 51,, 8343,, 87.00
2025-03-27 00:46:03, 61,, 8343,, 90.84
2025-03-27 00:46:13, 39,, 8343,, 246.48
2025-03-27 00:46:23, 60,, 8343,, 162.51
2025-03-27 00:46:33, 38,, 8343,, 93.24
2025-03-27 00:46:43, 28,, 8343,, 94.62
2025-03-27 00:46:53, 78,, 8343,, 77.88
2025-03-27 00:47:03, 64,, 8343,, 174.26
2025-03-27 00:47:13, 61,, 8343,, 171.02
2025-03-27 00:47:23, 28,, 8343,, 164.80
2025-03-27 00:47:33, 62,, 8343,, 116.20
2025-03-27 00:47:43, 63,, 8343,, 233.27
2025-03-27 00:47:53, 41,, 8343,, 163.95
2025-03-27 00:48:03, 21,, 8343,, 96.66
2025-03-27 00:48:13, 65,, 8343,, 164.91
2025-03-27 00:48:23, 21,, 8343,, 88.98
2025-03-27 00:48:33, 86,, 8343,, 218.75
2025-03-27 00:48:43, 37,, 8343,, 200.30
2025-03-27 00:48:53, 31,, 8343,, 195.05
2025-03-27 00:49:03, 40,, 8343,, 92.34
2025-03-27 00:49:13, 37,, 8343,, 216.21
2025-03-27 00:49:23, 19,, 8343,, 77.45
2025-03-27 00:49:33, 18,, 8343,, 169.36
2025-03-27 00:49:43, 37,, 8343,, 222.13
2025-03-27 00:49:53, 38,, 8343,, 158.68
2025-03-27 00:50:03, 79,, 8343,, 77.45
2025-03-27 00:50:14, 51,, 8343,, 221.29
2025-03-27 00:50:24, 35,, 8343,, 119.00
2025-03-27 00:50:34, 40,, 8343,, 226.25
2025-03-27 00:50:44, 54,, 8343,, 213.01
2025-03-27 00:50:54, 60,, 8343,, 91.32
2025-03-27 00:51:04, 48,, 8343,, 83.27
2025-03-27 00:51:14, 57,, 8343,, 164.91
2025-03-27 00:51:24, 39,, 8343,, 191.83
2025-03-27 00:51:34, 25,, 8343,, 228.01
2025-03-27 00:51:44, 38,, 8343,, 131.86
2025-03-27 00:51:54, 33,, 8343,, 185.62
2025-03-27 00:52:04, 33,, 8343,, 164.43
2025-03-27 00:52:14, 28,, 8343,, 195.31
2025-03-27 00:52:24, 26,, 8343,, 196.61
2025-03-27 00:52:34, 32,, 8343,, 245.21
2025-03-27 00:52:44, 31,, 8343,, 131.07
2025-03-27 00:52:54, 19,, 8343,, 196.74
2025-03-27 00:53:04, 19,, 8343,, 109.34
2025-03-27 00:53:14, 38,, 8343,, 150.74
2025-03-27 00:53:24, 38,, 8343,, 233.27
2025-03-27 00:53:34, 27,, 8343,, 74.14
2025-03-27 00:53:44, 22,, 8343,, 185.14
2025-03-27 00:53:54, 31,, 8343,, 147.18
2025-03-27 00:54:04, 39,, 8343,, 92.28
2025-03-27 00:54:14, 19,, 8343,, 90.84
2025-03-27 00:54:24, 30,, 8343,, 142.97
2025-03-27 00:54:35, 59,, 8343,, 170.18
2025-03-27 00:54:45, 30,, 8343,, 188.26
2025-03-27 00:54:55, 37,, 8343,, 157.62
2025-03-27 00:55:05, 29,, 8343,, 84.60
2025-03-27 00:55:15, 37,, 8343,, 154.85
2025-03-27 00:55:25, 44,, 8343,, 183.24
2025-03-27 00:55:35, 46,, 8343,, 91.80
2025-03-27 00:55:45, 29,, 8343,, 85.56
2025-03-27 00:55:55, 51,, 8343,, 131.55
2025-03-27 00:56:05, 42,, 8343,, 191.74
2025-03-27 00:56:15, 56,, 8343,, 220.85
2025-03-27 00:56:25, 32,, 8343,, 175.93
2025-03-27 00:56:35, 21,, 8343,, 134.34
2025-03-27 00:56:45, 31,, 8343,, 198.66
2025-03-27 00:56:55, 64,, 8343,, 79.43
2025-03-27 00:57:05, 41,, 8343,, 170.91
2025-03-27 00:57:15, 34,, 8343,, 90.30
2025-03-27 00:57:25, 0,, 8343,, 72.12
2025-03-27 00:57:35, 63,, 8343,, 236.45
2025-03-27 00:57:45, 57,, 8343,, 165.87
2025-03-27 00:57:55, 35,, 8343,, 184.78
2025-03-27 00:58:05, 34,, 8343,, 205.69
2025-03-27 00:58:15, 58,, 8343,, 95.16
2025-03-27 00:58:25, 48,, 8343,, 235.01
2025-03-27 00:58:35, 28,, 8343,, 120.44
2025-03-27 00:58:46, 19,, 8343,, 83.70
2025-03-27 00:58:56, 28,, 8343,, 74.57
2025-03-27 00:59:06, 57,, 8343,, 236.93
2025-03-27 00:59:16, 62,, 8343,, 244.57
2025-03-27 00:59:26, 57,, 8343,, 234.22
2025-03-27 00:59:36, 55,, 8343,, 112.29
2025-03-27 00:59:46, 62,, 8343,, 158.20
2025-03-27 00:59:56, 45,, 8343,, 91.86
2025-03-27 01:00:06, 38,, 8343,, 131.86
2025-03-27 01:00:16, 30,, 8343,, 77.45
2025-03-27 01:00:26, 38,, 8343,, 176.77
2025-03-27 01:00:36, 37,, 8343,, 206.85
2025-03-27 01:00:46, 29,, 8343,, 169.11
2025-03-27 01:00:56, 46,, 8343,, 179.52
2025-03-27 01:01:06, 22,, 8343,, 206.65
2025-03-27 01:01:16, 23,, 8343,, 105.65
2025-03-27 01:01:26, 30,, 8343,, 168.63
2025-03-27 01:01:36, 30,, 8343,, 169.59
2025-03-27 01:01:46, 26,, 8343,, 85.62
2025-03-27 01:01:56, 44,, 8343,, 125.32
2025-03-27 01:02:06, 77,, 8343,, 148.52
2025-03-27 01:02:16, 38,, 8343,, 98.59
2025-03-27 01:02:26, 29,, 8343,, 105.31
2025-03-27 01:02:36, 56,, 8343,, 87.00
2025-03-27 01:02:46, 35,, 8343,, 237.57
2025-03-27 01:02:57, 52,, 8343,, 241.23
2025-03-27 01:03:07, 61,, 8343,, 202.82
2025-03-27 01:03:17, 47,, 8343,, 175.33
2025-03-27 01:03:27, 47,, 8343,, 249.20
2025-03-27 01:03:37, 37,, 8343,, 98.45
2025-03-27 01:03:47, 31,, 8343,, 86.15
2025-03-27 01:03:57, 64,, 8343,, 198.18
2025-03-27 01:04:07, 47,, 8343,, 166.71
2025-03-27 01:04:17, 24,, 8343,, 192.69
2025-03-27 01:04:27, 32,, 8343,, 109.01
2025-03-27 01:04:37, 60,, 8343,, 246.31
2025-03-27 01:04:47, 28,, 8343,, 87.60
2025-03-27 01:04:57, 55,, 8343,, 79.43
2025-03-27 01:05:07, 35,, 8343,, 101.81
2025-03-27 01:05:17, 47,, 8343,, 117.24
2025-03-27 01:05:27, 21,, 8343,, 77.50
2025-03-27 01:05:37, 46,, 8343,, 175.57
2025-03-27 01:05:47, 40,, 8343,, 73.66
2025-03-27 01:05:57, 37,, 8343,, 169.33
2025-03-27 01:06:07, 50,, 8343,, 158.79
2025-03-27 01:06:17, 28,, 8343,, 77.02
2025-03-27 01:06:27, 38,, 8343,, 233.27
2025-03-27 01:06:37, 49,, 8343,, 206.79
2025-03-27 01:06:47, 45,, 8343,, 83.27
2025-03-27 01:06:57, 45,, 8343,, 103.87
2025-03-27 01:07:07, 26,, 8343,, 78.46
2025-03-27 01:07:18, 39,, 8343,, 186.57
2025-03-27 01:07:28, 22,, 8343,, 97.56
2025-03-27 01:07:38, 27,, 8343,, 232.14
2025-03-27 01:07:48, 43,, 8343,, 118.60
2025-03-27 01:07:58, 50,, 8343,, 172.71
2025-03-27 01:08:08, 37,, 8343,, 167.56
2025-03-27 01:08:18, 32,, 8343,, 72.70
2025-03-27 01:08:28, 50,, 8343,, 83.16
2025-03-27 01:08:38, 31,, 8343,, 129.07
2025-03-27 01:08:48, 38,, 8343,, 221.47
2025-03-27 01:08:58, 28,, 8343,, 168.04
2025-03-27 01:09:08, 38,, 8343,, 113.32
2025-03-27 01:09:18, 31,, 8343,, 176.17
2025-03-27 01:09:28, 48,, 8343,, 198.04
2025-03-27 01:09:38, 38,, 8343,, 93.18
2025-03-27 01:09:48, 26,, 8343,, 89.94
2025-03-27 01:09:58, 32,, 8343,, 181.55
2025-03-27 01:10:08, 25,, 8343,, 212.39
2025-03-27 01:10:18, 30,, 8343,, 119.16
2025-03-27 01:10:28, 54,, 8343,, 95.16
2025-03-27 01:10:38, 37,, 8343,, 192.31
2025-03-27 01:10:48, 28,, 8343,, 213.34
2025-03-27 01:10:58, 38,, 8343,, 171.02
2025-03-27 01:11:09, 36,, 8343,, 144.02
2025-03-27 01:11:19, 48,, 8343,, 140.57
2025-03-27 01:11:29, 48,, 8343,, 198.39
2025-03-27 01:11:39, 29,, 8343,, 213.01
2025-03-27 01:11:49, 47,, 8343,, 171.02
2025-03-27 01:11:59, 27,, 8343,, 175.21
2025-03-27 01:12:09, 61,, 8343,, 224.97
2025-03-27 01:12:19, 54,, 8343,, 109.49
2025-03-27 01:12:29, 45,, 8343,, 72.65
2025-03-27 01:12:39, 56,, 8343,, 233.11
2025-03-27 01:12:49, 54,, 8343,, 135.78
2025-03-27 01:12:59, 60,, 8343,, 161.56
2025-03-27 01:13:09, 36,, 8343,, 85.02
2025-03-27 01:13:19, 21,, 8343,, 76.44
2025-03-27 01:13:29, 32,, 8343,, 202.35
2025-03-27 01:13:39, 62,, 8343,, 203.78
2025-03-27 01:13:49, 28,, 8343,, 183.95
2025-03-27 01:13:59, 58,, 8343,, 177.61
2025-03-27 01:14:09, 18,, 8343,, 116.68
2025-03-27 01:14:19, 19,, 8343,, 195.44
2025-03-27 01:14:29, 40,, 8343,, 212.87
2025-03-27 01:14:39, 47,, 8343,, 190.40
2025-03-27 01:14:49, 51,, 8343,, 236.93
2025-03-27 01:14:59, 35,, 8343,, 178.56
2025-03-27 01:15:09, 27,, 8343,, 99.48
2025-03-27 01:15:19, 29,, 8343,, 84.12
2025-03-27 01:15:29, 56,, 8343,, 175.45
2025-03-27 01:15:40, 20,, 8343,, 157.04
2025-03-27 01:15:50, 37,, 8343,, 77.45
2025-03-27 01:16:00, 33,, 8343,, 146.32
2025-03-27 01:16:10, 30,, 8343,, 208.36
2025-03-27 01:16:20, 19,, 8343,, 208.42
2025-03-27 01:16:30, 37,, 8343,, 83.70
2025-03-27 01:16:40, 45,, 8343,, 82.31
2025-03-27 01:16:50, 47,, 8343,, 161.56
2025-03-27 01:17:00, 37,, 8343,, 89.82
2025-03-27 01:17:10, 18,, 8343,, 110.45
2025-03-27 01:17:20, 49,, 8343,, 225.29
2025-03-27 01:17:30, 36,, 8343,, 162.04
2025-03-27 01:17:40, 30,, 8343,, 78.84
2025-03-27 01:17:50, 63,, 8343,, 106.68
2025-03-27 01:18:00, 22,, 8343,, 88.98
2025-03-27 01:18:10, 28,, 8343,, 209.66
2025-03-27 01:18:20, 37,, 8343,, 220.99
2025-03-27 01:18:30, 28,, 8343,, 75.48
2025-03-27 01:18:40, 41,, 8343,, 133.29
2025-03-27 01:18:50, 27,, 8343,, 91.32
2025-03-27 01:19:00, 47,, 8343,, 222.90
2025-03-27 01:19:10, 27,, 8343,, 81.24
2025-03-27 01:19:20, 30,, 8343,, 174.01
2025-03-27 01:19:31, 43,, 8343,, 230.55
2025-03-27 01:19:41, 58,, 8343,, 187.30
2025-03-27 01:19:51, 38,, 8343,, 94.62
2025-03-27 01:20:01, 51,, 8343,, 188.74
2025-03-27 01:20:11, 15,, 8343,, 138.18
2025-03-27 01:20:21, 23,, 8343,, 86.04
2025-03-27 01:20:31, 37,, 8343,, 92.88
2025-03-27 01:20:41, 60,, 8343,, 223.38
2025-03-27 01:20:51, 60,, 8343,, 207.74
2025-03-27 01:21:01, 32,, 8343,, 201.26
2025-03-27 01:21:11, 48,, 8343,, 88.92
2025-03-27 01:21:21, 62,, 8343,, 217.46
2025-03-27 01:21:31, 70,, 8343,, 157.83
2025-03-27 01:21:41, 16,, 8343,, 140.09
2025-03-27 01:21:51, 32,, 8343,, 92.82
2025-03-27 01:22:01, 63,, 8343,, 179.76
2025-03-27 01:22:11, 47,, 8343,, 220.99
2025-03-27 01:22:21, 28,, 8343,, 75.10
2025-03-27 01:22:31, 37,, 8343,, 236.61
2025-03-27 01:22:41, 61,, 8343,, 181.55
2025-03-27 01:22:51, 21,, 8343,, 120.60
2025-03-27 01:23:01, 53,, 8343,, 224.01
2025-03-27 01:23:11, 43,, 8343,, 211.24
2025-03-27 01:23:21, 28,, 8343,, 97.62
2025-03-27 01:23:31, 24,, 8343,, 88.50
2025-03-27 01:23:41, 40,, 8343,, 99.55
2025-03-27 01:23:51, 42,, 8343,, 232.47
2025-03-27 01:24:02, 32,, 8343,, 188.13
2025-03-27 01:24:12, 36,, 8343,, 94.74
2025-03-27 01:24:22, 47,, 8343,, 169.33
2025-03-27 01:24:32, 28,, 8343,, 96.18
2025-03-27 01:24:42, 48,, 8343,, 130.20
2025-03-27 01:24:52, 29,, 8343,, 138.27
2025-03-27 01:25:02, 37,, 8343,, 221.62
2025-03-27 01:25:12, 38,, 8343,, 128.76
2025-03-27 01:25:22, 55,, 8343,, 164.32
2025-03-27 01:25:32, 48,, 8343,, 125.40
2025-03-27 01:25:42, 37,, 8343,, 225.62
2025-03-27 01:25:52, 54,, 8343,, 151.98
2025-03-27 01:26:02, 56,, 8343,, 149.10
2025-03-27 01:26:12, 62,, 8343,, 232.31
2025-03-27 01:26:22, 50,, 8343,, 231.35
2025-03-27 01:26:32, 60,, 8343,, 175.69
2025-03-27 01:26:42, 47,, 8343,, 165.28
2025-03-27 01:26:52, 29,, 8343,, 143.45
2025-03-27 01:27:02, 51,, 8343,, 206.79
