PORT: 12229
Mon Apr 21 13:20:16 2025       
+-----------------------------------------------------------------------------------------+
| NVIDIA-SMI 570.86.15              Driver Version: 570.86.15      CUDA Version: 12.8     |
|-----------------------------------------+------------------------+----------------------+
| GPU  Name                 Persistence-M | Bus-Id          Disp.A | Volatile Uncorr. ECC |
| Fan  Temp   Perf          Pwr:Usage/Cap |           Memory-Usage | GPU-Util  Compute M. |
|                                         |                        |               MIG M. |
|=========================================+========================+======================|
|   0  NVIDIA H100 PCIe               On  |   00000000:19:00.0 Off |                    0 |
| N/A   33C    P0             48W /  350W |      30MiB /  81559MiB |      0%      Default |
|                                         |                        |             Disabled |
+-----------------------------------------+------------------------+----------------------+
                                                                                         
+-----------------------------------------------------------------------------------------+
| Processes:                                                                              |
|  GPU   GI   CI              PID   Type   Process name                        GPU Memory |
|        ID   ID                                                               Usage      |
|=========================================================================================|
|    0   N/A  N/A            2671      G   /usr/libexec/Xorg                        17MiB |
+-----------------------------------------------------------------------------------------+
               total        used        free      shared  buff/cache   available
Mem:           503Gi        19Gi       476Gi        69Mi        14Gi       484Gi
Swap:           14Gi       5.0Mi        14Gi
folder created

============================= JOB FEEDBACK =============================

NodeName=uc2n906
Job ID: 32795
Cluster: uc3
User/Group: ma_ssiu/ma_ma
State: TIMEOUT (exit code 0)
Nodes: 1
Cores per node: 2
CPU Utilized: 00:00:02
CPU Efficiency: 0.02% of 03:00:44 core-walltime
Job Wall-clock time: 01:30:22
Memory Utilized: 15.51 GB
Memory Efficiency: 193.85% of 8.00 GB (8.00 GB/node)
