PORT: 11871
Sun Apr 20 01:22:39 2025       
+-----------------------------------------------------------------------------------------+
| NVIDIA-SMI 570.86.15              Driver Version: 570.86.15      CUDA Version: 12.8     |
|-----------------------------------------+------------------------+----------------------+
| GPU  Name                 Persistence-M | Bus-Id          Disp.A | Volatile Uncorr. ECC |
| Fan  Temp   Perf          Pwr:Usage/Cap |           Memory-Usage | GPU-Util  Compute M. |
|                                         |                        |               MIG M. |
|=========================================+========================+======================|
|   0  NVIDIA A100 80GB PCIe          On  |   00000000:1C:00.0 Off |                    0 |
| N/A   33C    P0             53W /  300W |      30MiB /  81920MiB |      0%      Default |
|                                         |                        |             Disabled |
+-----------------------------------------+------------------------+----------------------+
                                                                                         
+-----------------------------------------------------------------------------------------+
| Processes:                                                                              |
|  GPU   GI   CI              PID   Type   Process name                        GPU Memory |
|        ID   ID                                                               Usage      |
|=========================================================================================|
|    0   N/A  N/A            3006      G   /usr/libexec/Xorg                        17MiB |
+-----------------------------------------------------------------------------------------+
               total        used        free      shared  buff/cache   available
Mem:           503Gi        26Gi       423Gi       115Mi        61Gi       476Gi
Swap:           14Gi          0B        14Gi
folder created

============================= JOB FEEDBACK =============================

NodeName=uc2n910
Job ID: 29437
Cluster: uc3
User/Group: ma_ssiu/ma_ma
State: TIMEOUT (exit code 0)
Nodes: 1
Cores per node: 4
CPU Utilized: 00:00:02
CPU Efficiency: 0.05% of 01:01:56 core-walltime
Job Wall-clock time: 00:15:29
Memory Utilized: 1.14 GB
Memory Efficiency: 14.31% of 8.00 GB (8.00 GB/node)
