PORT: 11527
Wed Apr 23 15:15:29 2025       
+-----------------------------------------------------------------------------------------+
| NVIDIA-SMI 570.86.15              Driver Version: 570.86.15      CUDA Version: 12.8     |
|-----------------------------------------+------------------------+----------------------+
| GPU  Name                 Persistence-M | Bus-Id          Disp.A | Volatile Uncorr. ECC |
| Fan  Temp   Perf          Pwr:Usage/Cap |           Memory-Usage | GPU-Util  Compute M. |
|                                         |                        |               MIG M. |
|=========================================+========================+======================|
|   0  NVIDIA H100                    On  |   00000000:06:00.0 Off |                    0 |
| N/A   46C    P0             72W /  415W |      31MiB /  95830MiB |      0%      Default |
|                                         |                        |             Disabled |
+-----------------------------------------+------------------------+----------------------+
                                                                                         
+-----------------------------------------------------------------------------------------+
| Processes:                                                                              |
|  GPU   GI   CI              PID   Type   Process name                        GPU Memory |
|        ID   ID                                                               Usage      |
|=========================================================================================|
|    0   N/A  N/A            3489      G   /usr/libexec/Xorg                        17MiB |
+-----------------------------------------------------------------------------------------+
               total        used        free      shared  buff/cache   available
Mem:           755Gi        38Gi       718Gi       131Mi       5.6Gi       717Gi
Swap:          3.7Gi        61Mi       3.7Gi
folder created

============================= JOB FEEDBACK =============================

NodeName=uc3n076
Job ID: 43093
Cluster: uc3
User/Group: ma_ssiu/ma_ma
State: COMPLETED (exit code 0)
Nodes: 1
Cores per node: 2
CPU Utilized: 00:03:12
CPU Efficiency: 1.33% of 04:01:26 core-walltime
Job Wall-clock time: 02:00:43
Memory Utilized: 36.65 GB
Memory Efficiency: 91.62% of 40.00 GB (40.00 GB/node)
