Conda environment: test
Python version: Python 3.11.11
CUDA module loaded:   1) devel/cuda/12.4 (E)
Fri Mar 28 23:12:57 2025       
+-----------------------------------------------------------------------------------------+
| NVIDIA-SMI 550.54.15              Driver Version: 550.54.15      CUDA Version: 12.4     |
|-----------------------------------------+------------------------+----------------------+
| GPU  Name                 Persistence-M | Bus-Id          Disp.A | Volatile Uncorr. ECC |
| Fan  Temp   Perf          Pwr:Usage/Cap |           Memory-Usage | GPU-Util  Compute M. |
|                                         |                        |               MIG M. |
|=========================================+========================+======================|
|   0  Tesla V100-SXM2-32GB           On  |   00000000:89:00.0 Off |                    0 |
| N/A   38C    P0             68W /  300W |      17MiB /  32768MiB |      0%      Default |
|                                         |                        |                  N/A |
+-----------------------------------------+------------------------+----------------------+
                                                                                         
+-----------------------------------------------------------------------------------------+
| Processes:                                                                              |
|  GPU   GI   CI        PID   Type   Process name                              GPU Memory |
|        ID   ID                                                               Usage      |
|=========================================================================================|
|    0   N/A  N/A      2104      G   /usr/libexec/Xorg                              17MiB |
+-----------------------------------------------------------------------------------------+

============================= JOB FEEDBACK =============================

NodeName=uc2n515
Job ID: 25425220
Cluster: uc2
User/Group: ma_ssiu/ma_ma
State: COMPLETED (exit code 0)
Nodes: 1
Cores per node: 2
CPU Utilized: 00:07:29
CPU Efficiency: 43.34% of 00:17:16 core-walltime
Job Wall-clock time: 00:08:38
Memory Utilized: 2.76 GB
Memory Efficiency: 17.27% of 16.00 GB
