PORT: 11728
Wed Apr 23 01:48:44 2025       
+-----------------------------------------------------------------------------------------+
| NVIDIA-SMI 570.86.15              Driver Version: 570.86.15      CUDA Version: 12.8     |
|-----------------------------------------+------------------------+----------------------+
| GPU  Name                 Persistence-M | Bus-Id          Disp.A | Volatile Uncorr. ECC |
| Fan  Temp   Perf          Pwr:Usage/Cap |           Memory-Usage | GPU-Util  Compute M. |
|                                         |                        |               MIG M. |
|=========================================+========================+======================|
|   0  NVIDIA H100                    On  |   00000000:A6:00.0 Off |                    0 |
| N/A   45C    P0             71W /  415W |      31MiB /  95830MiB |      0%      Default |
|                                         |                        |             Disabled |
+-----------------------------------------+------------------------+----------------------+
                                                                                         
+-----------------------------------------------------------------------------------------+
| Processes:                                                                              |
|  GPU   GI   CI              PID   Type   Process name                        GPU Memory |
|        ID   ID                                                               Usage      |
|=========================================================================================|
|    0   N/A  N/A            3587      G   /usr/libexec/Xorg                        17MiB |
+-----------------------------------------------------------------------------------------+
               total        used        free      shared  buff/cache   available
Mem:           755Gi        32Gi       687Gi        60Mi        42Gi       722Gi
Swap:          3.7Gi       178Mi       3.6Gi
folder created

============================= JOB FEEDBACK =============================

NodeName=uc3n077
Job ID: 40294
Cluster: uc3
User/Group: ma_ssiu/ma_ma
State: COMPLETED (exit code 0)
Nodes: 1
Cores per node: 2
CPU Utilized: 00:02:07
CPU Efficiency: 1.43% of 02:27:32 core-walltime
Job Wall-clock time: 01:13:46
Memory Utilized: 22.25 GB
Memory Efficiency: 69.52% of 32.00 GB (32.00 GB/node)
