PORT: 12261
Tue Apr 22 23:47:00 2025       
+-----------------------------------------------------------------------------------------+
| NVIDIA-SMI 570.86.15              Driver Version: 570.86.15      CUDA Version: 12.8     |
|-----------------------------------------+------------------------+----------------------+
| GPU  Name                 Persistence-M | Bus-Id          Disp.A | Volatile Uncorr. ECC |
| Fan  Temp   Perf          Pwr:Usage/Cap |           Memory-Usage | GPU-Util  Compute M. |
|                                         |                        |               MIG M. |
|=========================================+========================+======================|
|   0  NVIDIA A100 80GB PCIe          On  |   00000000:19:00.0 Off |                    0 |
| N/A   36C    P0             50W /  300W |      30MiB /  81920MiB |      0%      Default |
|                                         |                        |             Disabled |
+-----------------------------------------+------------------------+----------------------+
                                                                                         
+-----------------------------------------------------------------------------------------+
| Processes:                                                                              |
|  GPU   GI   CI              PID   Type   Process name                        GPU Memory |
|        ID   ID                                                               Usage      |
|=========================================================================================|
|    0   N/A  N/A            2609      G   /usr/libexec/Xorg                        17MiB |
+-----------------------------------------------------------------------------------------+
               total        used        free      shared  buff/cache   available
Mem:           503Gi        23Gi       478Gi        41Mi       8.7Gi       479Gi
Swap:           14Gi       3.0Mi        14Gi
folder created

============================= JOB FEEDBACK =============================

NodeName=uc2n913
Job ID: 39827
Cluster: uc3
User/Group: ma_ssiu/ma_ma
State: CANCELLED (exit code 0)
Nodes: 1
Cores per node: 2
CPU Utilized: 00:00:02
CPU Efficiency: 0.02% of 03:03:44 core-walltime
Job Wall-clock time: 01:31:52
Memory Utilized: 32.36 GB
Memory Efficiency: 101.14% of 32.00 GB (32.00 GB/node)
