PORT: 11789
Sun Apr 27 18:03:03 2025       
+-----------------------------------------------------------------------------------------+
| NVIDIA-SMI 570.86.15              Driver Version: 570.86.15      CUDA Version: 12.8     |
|-----------------------------------------+------------------------+----------------------+
| GPU  Name                 Persistence-M | Bus-Id          Disp.A | Volatile Uncorr. ECC |
| Fan  Temp   Perf          Pwr:Usage/Cap |           Memory-Usage | GPU-Util  Compute M. |
|                                         |                        |               MIG M. |
|=========================================+========================+======================|
|   0  NVIDIA H100                    On  |   00000000:06:00.0 Off |                    0 |
| N/A   45C    P0             72W /  415W |      31MiB /  95830MiB |      0%      Default |
|                                         |                        |             Disabled |
+-----------------------------------------+------------------------+----------------------+
                                                                                         
+-----------------------------------------------------------------------------------------+
| Processes:                                                                              |
|  GPU   GI   CI              PID   Type   Process name                        GPU Memory |
|        ID   ID                                                               Usage      |
|=========================================================================================|
|    0   N/A  N/A            3489      G   /usr/libexec/Xorg                        17MiB |
+-----------------------------------------------------------------------------------------+
               total        used        free      shared  buff/cache   available
Mem:           755Gi        35Gi       709Gi        72Mi        18Gi       720Gi
Swap:          3.7Gi        77Mi       3.6Gi
folder created
