PORT: 11984
Sun Apr 27 19:53:45 2025       
+-----------------------------------------------------------------------------------------+
| NVIDIA-SMI 570.86.15              Driver Version: 570.86.15      CUDA Version: 12.8     |
|-----------------------------------------+------------------------+----------------------+
| GPU  Name                 Persistence-M | Bus-Id          Disp.A | Volatile Uncorr. ECC |
| Fan  Temp   Perf          Pwr:Usage/Cap |           Memory-Usage | GPU-Util  Compute M. |
|                                         |                        |               MIG M. |
|=========================================+========================+======================|
|   0  NVIDIA H100                    On  |   00000000:06:00.0 Off |                    0 |
| N/A   45C    P0             70W /  415W |      31MiB /  95830MiB |      0%      Default |
|                                         |                        |             Disabled |
+-----------------------------------------+------------------------+----------------------+
                                                                                         
+-----------------------------------------------------------------------------------------+
| Processes:                                                                              |
|  GPU   GI   CI              PID   Type   Process name                        GPU Memory |
|        ID   ID                                                               Usage      |
|=========================================================================================|
|    0   N/A  N/A            3536      G   /usr/libexec/Xorg                        17MiB |
+-----------------------------------------------------------------------------------------+
               total        used        free      shared  buff/cache   available
Mem:           755Gi        26Gi       719Gi        62Mi        17Gi       729Gi
Swap:          3.7Gi       429Mi       3.3Gi
folder created

============================= JOB FEEDBACK =============================

NodeName=uc3n080
Job ID: 77550
Cluster: uc3
User/Group: ma_ssiu/ma_ma
State: COMPLETED (exit code 0)
Nodes: 1
Cores per node: 2
CPU Utilized: 00:01:41
CPU Efficiency: 1.49% of 01:53:10 core-walltime
Job Wall-clock time: 00:56:35
Memory Utilized: 31.31 GB
Memory Efficiency: 78.27% of 40.00 GB (40.00 GB/node)
