PORT: 11478
Mon Apr 28 01:42:18 2025       
+-----------------------------------------------------------------------------------------+
| NVIDIA-SMI 570.86.15              Driver Version: 570.86.15      CUDA Version: 12.8     |
|-----------------------------------------+------------------------+----------------------+
| GPU  Name                 Persistence-M | Bus-Id          Disp.A | Volatile Uncorr. ECC |
| Fan  Temp   Perf          Pwr:Usage/Cap |           Memory-Usage | GPU-Util  Compute M. |
|                                         |                        |               MIG M. |
|=========================================+========================+======================|
|   0  NVIDIA A100 80GB PCIe          On  |   00000000:1C:00.0 Off |                    0 |
| N/A   35C    P0             55W /  300W |      30MiB /  81920MiB |      0%      Default |
|                                         |                        |             Disabled |
+-----------------------------------------+------------------------+----------------------+
                                                                                         
+-----------------------------------------------------------------------------------------+
| Processes:                                                                              |
|  GPU   GI   CI              PID   Type   Process name                        GPU Memory |
|        ID   ID                                                               Usage      |
|=========================================================================================|
|    0   N/A  N/A            2920      G   /usr/libexec/Xorg                        17MiB |
+-----------------------------------------------------------------------------------------+
               total        used        free      shared  buff/cache   available
Mem:           503Gi        50Gi       407Gi       576Mi        53Gi       452Gi
Swap:           14Gi        15Mi        14Gi
folder created

============================= JOB FEEDBACK =============================

NodeName=uc2n909
Job ID: 85044
Cluster: uc3
User/Group: ma_ssiu/ma_ma
State: COMPLETED (exit code 0)
Nodes: 1
Cores per node: 2
CPU Utilized: 00:04:02
CPU Efficiency: 3.10% of 02:09:58 core-walltime
Job Wall-clock time: 01:04:59
Memory Utilized: 2.10 GB
Memory Efficiency: 52.48% of 4.00 GB (4.00 GB/node)
