PORT: 11565
Sun Apr 27 21:18:22 2025       
+-----------------------------------------------------------------------------------------+
| NVIDIA-SMI 570.86.15              Driver Version: 570.86.15      CUDA Version: 12.8     |
|-----------------------------------------+------------------------+----------------------+
| GPU  Name                 Persistence-M | Bus-Id          Disp.A | Volatile Uncorr. ECC |
| Fan  Temp   Perf          Pwr:Usage/Cap |           Memory-Usage | GPU-Util  Compute M. |
|                                         |                        |               MIG M. |
|=========================================+========================+======================|
|   0  NVIDIA A100 80GB PCIe          On  |   00000000:19:00.0 Off |                    0 |
| N/A   30C    P0             53W /  300W |      30MiB /  81920MiB |      0%      Default |
|                                         |                        |             Disabled |
+-----------------------------------------+------------------------+----------------------+
                                                                                         
+-----------------------------------------------------------------------------------------+
| Processes:                                                                              |
|  GPU   GI   CI              PID   Type   Process name                        GPU Memory |
|        ID   ID                                                               Usage      |
|=========================================================================================|
|    0   N/A  N/A            2611      G   /usr/libexec/Xorg                        17MiB |
+-----------------------------------------------------------------------------------------+
               total        used        free      shared  buff/cache   available
Mem:           503Gi        37Gi       450Gi       301Mi        24Gi       466Gi
Swap:           14Gi        23Mi        14Gi
folder created

============================= JOB FEEDBACK =============================

NodeName=uc2n911
Job ID: 79131
Cluster: uc3
User/Group: ma_ssiu/ma_ma
State: CANCELLED (exit code 0)
Nodes: 1
Cores per node: 4
CPU Utilized: 00:00:02
CPU Efficiency: 0.13% of 00:26:24 core-walltime
Job Wall-clock time: 00:06:36
Memory Utilized: 1.74 GB
Memory Efficiency: 21.79% of 8.00 GB (8.00 GB/node)
