PORT: 11815
Thu Apr 24 01:26:52 2025       
+-----------------------------------------------------------------------------------------+
| NVIDIA-SMI 570.86.15              Driver Version: 570.86.15      CUDA Version: 12.8     |
|-----------------------------------------+------------------------+----------------------+
| GPU  Name                 Persistence-M | Bus-Id          Disp.A | Volatile Uncorr. ECC |
| Fan  Temp   Perf          Pwr:Usage/Cap |           Memory-Usage | GPU-Util  Compute M. |
|                                         |                        |               MIG M. |
|=========================================+========================+======================|
|   0  NVIDIA H100                    On  |   00000000:06:00.0 Off |                    0 |
| N/A   46C    P0             72W /  415W |      31MiB /  95830MiB |      0%      Default |
|                                         |                        |             Disabled |
+-----------------------------------------+------------------------+----------------------+
                                                                                         
+-----------------------------------------------------------------------------------------+
| Processes:                                                                              |
|  GPU   GI   CI              PID   Type   Process name                        GPU Memory |
|        ID   ID                                                               Usage      |
|=========================================================================================|
|    0   N/A  N/A            3489      G   /usr/libexec/Xorg                        17MiB |
+-----------------------------------------------------------------------------------------+
               total        used        free      shared  buff/cache   available
Mem:           755Gi        39Gi       715Gi       135Mi       9.1Gi       715Gi
Swap:          3.7Gi        61Mi       3.7Gi
folder created

============================= JOB FEEDBACK =============================

NodeName=uc3n076
Job ID: 44381
Cluster: uc3
User/Group: ma_ssiu/ma_ma
State: COMPLETED (exit code 0)
Nodes: 1
Cores per node: 2
CPU Utilized: 00:02:06
CPU Efficiency: 1.42% of 02:28:02 core-walltime
Job Wall-clock time: 01:14:01
Memory Utilized: 18.16 GB
Memory Efficiency: 45.41% of 40.00 GB (40.00 GB/node)
