PORT: 11903
Sun Apr 20 03:21:14 2025       
+-----------------------------------------------------------------------------------------+
| NVIDIA-SMI 570.86.15              Driver Version: 570.86.15      CUDA Version: 12.8     |
|-----------------------------------------+------------------------+----------------------+
| GPU  Name                 Persistence-M | Bus-Id          Disp.A | Volatile Uncorr. ECC |
| Fan  Temp   Perf          Pwr:Usage/Cap |           Memory-Usage | GPU-Util  Compute M. |
|                                         |                        |               MIG M. |
|=========================================+========================+======================|
|   0  NVIDIA H100                    On  |   00000000:26:00.0 Off |                    0 |
| N/A   46C    P0             74W /  415W |      31MiB /  95830MiB |      0%      Default |
|                                         |                        |             Disabled |
+-----------------------------------------+------------------------+----------------------+
                                                                                         
+-----------------------------------------------------------------------------------------+
| Processes:                                                                              |
|  GPU   GI   CI              PID   Type   Process name                        GPU Memory |
|        ID   ID                                                               Usage      |
|=========================================================================================|
|    0   N/A  N/A            3727      G   /usr/libexec/Xorg                        17MiB |
+-----------------------------------------------------------------------------------------+
               total        used        free      shared  buff/cache   available
Mem:           755Gi        33Gi       720Gi       116Mi       9.2Gi       722Gi
Swap:          3.7Gi       0.0Ki       3.7Gi
folder created

============================= JOB FEEDBACK =============================

NodeName=uc3n079
Job ID: 29469
Cluster: uc3
User/Group: ma_ssiu/ma_ma
State: CANCELLED (exit code 0)
Nodes: 1
Cores per node: 2
CPU Utilized: 00:00:01
CPU Efficiency: 0.03% of 01:00:54 core-walltime
Job Wall-clock time: 00:30:27
Memory Utilized: 2.75 GB
Memory Efficiency: 34.39% of 8.00 GB (8.00 GB/node)
